<?xml version="1.0" encoding="utf-8"?>
<test-run id="2" testcasecount="700" result="Failed(Child)" total="700" passed="699" failed="1"
    inconclusive="0" skipped="0" asserts="0" engine-version="3.5.0.0" clr-version="4.0.30319.42000"
    start-time="2023-08-08 03:17:53Z" end-time="2023-08-08 03:25:03Z" duration="430.3990006">
    <test-suite type="TestSuite" id="1868" name="unitystation" fullname="unitystation"
        runstate="Runnable" testcasecount="700" result="Failed" site="Child"
        start-time="2023-08-08 03:17:53Z" end-time="2023-08-08 03:25:03Z" duration="430.399001"
        total="700" passed="699" failed="1" inconclusive="0" skipped="0" asserts="0">
        <properties />
        <failure>
            <message><![CDATA[One or more child tests had errors]]></message>
        </failure>
        <test-suite type="Assembly" id="2723" name="Tests.dll"
            fullname="/github/workspace/UnityProject/Library/ScriptAssemblies/Tests.dll"
            runstate="Runnable" testcasecount="700" result="Failed" site="Child"
            start-time="2023-08-08 03:17:53Z" end-time="2023-08-08 03:25:03Z" duration="430.341013"
            total="700" passed="699" failed="1" inconclusive="0" skipped="0" asserts="0">
            <properties>
                <property name="_PID" value="90" />
                <property name="_APPDOMAIN" value="Unity Child Domain" />
                <property name="platform" value="EditMode" />
            </properties>
            <failure>
                <message><![CDATA[One or more child tests had errors]]></message>
            </failure>
            <test-suite type="TestSuite" id="2724" name="Tests" fullname="Tests" runstate="Runnable"
                testcasecount="700" result="Failed" site="Child" start-time="2023-08-08 03:17:53Z"
                end-time="2023-08-08 03:25:03Z" duration="430.339790" total="700" passed="699"
                failed="1" inconclusive="0" skipped="0" asserts="0">
                <properties />
                <failure>
                    <message><![CDATA[One or more child tests had errors]]></message>
                </failure>
                <test-suite type="TestSuite" id="2732" name="Asset" fullname="Tests.Asset"
                    runstate="Runnable" testcasecount="10" result="Passed"
                    start-time="2023-08-08 03:17:53Z" end-time="2023-08-08 03:18:53Z"
                    duration="60.351875" total="10" passed="10" failed="0" inconclusive="0"
                    skipped="0" asserts="0">
                    <properties />
                    <test-suite type="TestFixture" id="2709" name="HandleMissingSpells"
                        fullname="Tests.Asset.HandleMissingSpells"
                        classname="Tests.Asset.HandleMissingSpells" runstate="Runnable"
                        testcasecount="1" result="Passed" start-time="2023-08-08 03:17:53Z"
                        end-time="2023-08-08 03:17:57Z" duration="3.745811" total="1" passed="1"
                        failed="0" inconclusive="0" skipped="0" asserts="0">
                        <properties>
                            <property name="Category" value="Asset" />
                        </properties>
                        <test-case id="2710" name="SpellDataIsNotMissingImplementation"
                            fullname="Tests.Asset.HandleMissingSpells.SpellDataIsNotMissingImplementation"
                            methodname="SpellDataIsNotMissingImplementation"
                            classname="Tests.Asset.HandleMissingSpells" runstate="Runnable"
                            seed="420185814" result="Passed" start-time="2023-08-08 03:17:53Z"
                            end-time="2023-08-08 03:17:57Z" duration="3.726984" asserts="0">
                            <properties />
                        </test-case>
                    </test-suite>
                    <test-suite type="TestFixture" id="2711" name="MissingAssetReferences"
                        fullname="Tests.Asset.MissingAssetReferences"
                        classname="Tests.Asset.MissingAssetReferences" runstate="Runnable"
                        testcasecount="5" result="Passed" start-time="2023-08-08 03:17:57Z"
                        end-time="2023-08-08 03:18:32Z" duration="35.626499" total="5" passed="5"
                        failed="0" inconclusive="0" skipped="0" asserts="0">
                        <properties>
                            <property name="Category" value="Asset" />
                        </properties>
                        <test-case id="2712" name="CheckMissingComponentOnPrefabs"
                            fullname="Tests.Asset.MissingAssetReferences.CheckMissingComponentOnPrefabs"
                            methodname="CheckMissingComponentOnPrefabs"
                            classname="Tests.Asset.MissingAssetReferences" runstate="Runnable"
                            seed="468260493" result="Passed" start-time="2023-08-08 03:17:57Z"
                            end-time="2023-08-08 03:18:29Z" duration="32.497306" asserts="0">
                            <properties />
                            <output><![CDATA[ScriptableObjects.Atmospherics.GasesSingleton SO took 66 ms to find! Try to serialize a reference to this SO singleton instead!
]]></output>
                        </test-case>
                        <test-case id="2713" name="CheckMissingReferenceFieldsOnPrefabs"
                            fullname="Tests.Asset.MissingAssetReferences.CheckMissingReferenceFieldsOnPrefabs"
                            methodname="CheckMissingReferenceFieldsOnPrefabs"
                            classname="Tests.Asset.MissingAssetReferences" runstate="Runnable"
                            seed="1654801961" result="Passed" start-time="2023-08-08 03:18:29Z"
                            end-time="2023-08-08 03:18:31Z" duration="1.576622" asserts="0">
                            <properties />
                        </test-case>
                        <test-case id="2714" name="TestScriptableObjects"
                            fullname="Tests.Asset.MissingAssetReferences.TestScriptableObjects"
                            methodname="TestScriptableObjects"
                            classname="Tests.Asset.MissingAssetReferences" runstate="Runnable"
                            seed="1335567189" result="Passed" start-time="2023-08-08 03:18:31Z"
                            end-time="2023-08-08 03:18:32Z" duration="0.845766" asserts="0">
                            <properties />
                            <output><![CDATA[UIActionSOSingleton SO took 71 ms to find! Try to serialize a reference to this SO singleton instead!
]]></output>
                        </test-case>
                        <test-case id="2715" name="TestScriptableObjectsSprites"
                            fullname="Tests.Asset.MissingAssetReferences.TestScriptableObjectsSprites"
                            methodname="TestScriptableObjectsSprites"
                            classname="Tests.Asset.MissingAssetReferences" runstate="Runnable"
                            seed="1504670166" result="Passed" start-time="2023-08-08 03:18:32Z"
                            end-time="2023-08-08 03:18:32Z" duration="0.598723" asserts="0">
                            <properties />
                        </test-case>
                        <test-case id="2716" name="TestSingletonScriptableObjects"
                            fullname="Tests.Asset.MissingAssetReferences.TestSingletonScriptableObjects"
                            methodname="TestSingletonScriptableObjects"
                            classname="Tests.Asset.MissingAssetReferences" runstate="Runnable"
                            seed="1799062391" result="Passed" start-time="2023-08-08 03:18:32Z"
                            end-time="2023-08-08 03:18:32Z" duration="0.103200" asserts="0">
                            <properties />
                        </test-case>
                    </test-suite>
                    <test-suite type="TestFixture" id="2717" name="MissingSOListsTest"
                        fullname="Tests.Asset.MissingSOListsTest"
                        classname="Tests.Asset.MissingSOListsTest" runstate="Runnable"
                        testcasecount="3" result="Passed" start-time="2023-08-08 03:18:32Z"
                        end-time="2023-08-08 03:18:37Z" duration="5.187282" total="3" passed="3"
                        failed="0" inconclusive="0" skipped="0" asserts="0">
                        <properties />
                        <test-case id="2719" name="AlertSOsListHasAllAlertSOs"
                            fullname="Tests.Asset.MissingSOListsTest.AlertSOsListHasAllAlertSOs"
                            methodname="AlertSOsListHasAllAlertSOs"
                            classname="Tests.Asset.MissingSOListsTest" runstate="Runnable"
                            seed="427638207" result="Passed" start-time="2023-08-08 03:18:33Z"
                            end-time="2023-08-08 03:18:37Z" duration="4.067638" asserts="0">
                            <properties />
                            <output><![CDATA[AlertSOs SO took 3743 ms to find! Try to serialize a reference to this SO singleton instead!
]]></output>
                        </test-case>
                        <test-case id="2718" name="SpellListHasAllSpells"
                            fullname="Tests.Asset.MissingSOListsTest.SpellListHasAllSpells"
                            methodname="SpellListHasAllSpells"
                            classname="Tests.Asset.MissingSOListsTest" runstate="Runnable"
                            seed="1046615010" result="Passed" start-time="2023-08-08 03:18:37Z"
                            end-time="2023-08-08 03:18:37Z" duration="0.088836" asserts="0">
                            <properties />
                            <output><![CDATA[ScriptableObjects.Systems.Spells.SpellList SO took 36 ms to find! Try to serialize a reference to this SO singleton instead!
]]></output>
                        </test-case>
                        <test-case id="2720" name="SurgerySOsListHasAllSurgerySOs"
                            fullname="Tests.Asset.MissingSOListsTest.SurgerySOsListHasAllSurgerySOs"
                            methodname="SurgerySOsListHasAllSurgerySOs"
                            classname="Tests.Asset.MissingSOListsTest" runstate="Runnable"
                            seed="482381912" result="Passed" start-time="2023-08-08 03:18:37Z"
                            end-time="2023-08-08 03:18:37Z" duration="0.087971" asserts="0">
                            <properties />
                            <output><![CDATA[HealthV2.SurgeryProcedureBaseSingleton SO took 36 ms to find! Try to serialize a reference to this SO singleton instead!
]]></output>
                        </test-case>
                    </test-suite>
                    <test-suite type="TestFixture" id="2721" name="NetworkManagerTests"
                        fullname="Tests.Asset.NetworkManagerTests"
                        classname="Tests.Asset.NetworkManagerTests" runstate="Runnable"
                        testcasecount="1" result="Passed" start-time="2023-08-08 03:18:37Z"
                        end-time="2023-08-08 03:18:53Z" duration="15.786934" total="1" passed="1"
                        failed="0" inconclusive="0" skipped="0" asserts="0">
                        <properties>
                            <property name="Category" value="Asset" />
                        </properties>
                        <test-case id="2722" name="NetworkManagerHasSpawnListManager"
                            fullname="Tests.Asset.NetworkManagerTests.NetworkManagerHasSpawnListManager"
                            methodname="NetworkManagerHasSpawnListManager"
                            classname="Tests.Asset.NetworkManagerTests" runstate="Runnable"
                            seed="621837822" result="Passed" start-time="2023-08-08 03:18:37Z"
                            end-time="2023-08-08 03:18:53Z" duration="15.785068" asserts="0">
                            <properties />
                        </test-case>
                    </test-suite>
                </test-suite>
                <test-suite type="TestSuite" id="2731" name="Balance" fullname="Tests.Balance"
                    runstate="Runnable" testcasecount="2" result="Passed"
                    start-time="2023-08-08 03:18:53Z" end-time="2023-08-08 03:18:54Z"
                    duration="0.820651" total="2" passed="2" failed="0" inconclusive="0" skipped="0"
                    asserts="0">
                    <properties />
                    <test-suite type="TestFixture" id="2706" name="CargoTest"
                        fullname="Tests.Balance.CargoTest" classname="Tests.Balance.CargoTest"
                        runstate="Runnable" testcasecount="2" result="Passed"
                        start-time="2023-08-08 03:18:54Z" end-time="2023-08-08 03:18:54Z"
                        duration="0.419860" total="2" passed="2" failed="0" inconclusive="0"
                        skipped="0" asserts="0">
                        <properties>
                            <property name="Category" value="Balance" />
                        </properties>
                        <test-case id="2707" name="CargoOrdersHaveACrate"
                            fullname="Tests.Balance.CargoTest.CargoOrdersHaveACrate"
                            methodname="CargoOrdersHaveACrate" classname="Tests.Balance.CargoTest"
                            runstate="Runnable" seed="1424921904" result="Passed"
                            start-time="2023-08-08 03:18:54Z" end-time="2023-08-08 03:18:54Z"
                            duration="0.290475" asserts="0">
                            <properties />
                        </test-case>
                        <test-case id="2708" name="StonksTest"
                            fullname="Tests.Balance.CargoTest.StonksTest" methodname="StonksTest"
                            classname="Tests.Balance.CargoTest" runstate="Runnable" seed="28369309"
                            result="Passed" start-time="2023-08-08 03:18:54Z"
                            end-time="2023-08-08 03:18:54Z" duration="0.080312" asserts="0">
                            <properties />
                        </test-case>
                    </test-suite>
                </test-suite>
                <test-suite type="TestFixture" id="1869" name="BundleTest"
                    fullname="Tests.BundleTest" classname="Tests.BundleTest" runstate="Runnable"
                    testcasecount="1" result="Passed" start-time="2023-08-08 03:18:54Z"
                    end-time="2023-08-08 03:18:54Z" duration="0.012872" total="1" passed="1"
                    failed="0" inconclusive="0" skipped="0" asserts="0">
                    <properties />
                    <test-case id="1870" name="CheckBundleDuplication"
                        fullname="Tests.BundleTest.CheckBundleDuplication"
                        methodname="CheckBundleDuplication" classname="Tests.BundleTest"
                        runstate="Runnable" seed="1952456864" result="Passed"
                        start-time="2023-08-08 03:18:54Z" end-time="2023-08-08 03:18:54Z"
                        duration="0.004244" asserts="0">
                        <properties />
                    </test-case>
                </test-suite>
                <test-suite type="TestFixture" id="1871" name="ChatParseInputTests"
                    fullname="Tests.ChatParseInputTests" classname="Tests.ChatParseInputTests"
                    runstate="Runnable" testcasecount="16" result="Passed"
                    start-time="2023-08-08 03:18:54Z" end-time="2023-08-08 03:18:54Z"
                    duration="0.017282" total="16" passed="16" failed="0" inconclusive="0"
                    skipped="0" asserts="0">
                    <properties />
                    <test-suite type="ParameterizedMethod" id="1887"
                        name="CheckChannelAndClearMessage"
                        fullname="Tests.ChatParseInputTests.CheckChannelAndClearMessage"
                        classname="Tests.ChatParseInputTests" runstate="Runnable" testcasecount="15"
                        result="Passed" start-time="2023-08-08 03:18:54Z"
                        end-time="2023-08-08 03:18:54Z" duration="0.013921" total="15" passed="15"
                        failed="0" inconclusive="0" skipped="0" asserts="0">
                        <properties />
                        <test-case id="1872" name="CheckChannelAndClearMessage(null,None,null)"
                            fullname="Tests.ChatParseInputTests.CheckChannelAndClearMessage(null,None,null)"
                            methodname="CheckChannelAndClearMessage"
                            classname="Tests.ChatParseInputTests" runstate="Runnable"
                            seed="2034492539" result="Passed" start-time="2023-08-08 03:18:54Z"
                            end-time="2023-08-08 03:18:54Z" duration="0.004052" asserts="0">
                            <properties />
                        </test-case>
                        <test-case id="1873"
                            name="CheckChannelAndClearMessage(&quot;&quot;,None,&quot;&quot;)"
                            fullname="Tests.ChatParseInputTests.CheckChannelAndClearMessage(&quot;&quot;,None,&quot;&quot;)"
                            methodname="CheckChannelAndClearMessage"
                            classname="Tests.ChatParseInputTests" runstate="Runnable"
                            seed="1198349305" result="Passed" start-time="2023-08-08 03:18:54Z"
                            end-time="2023-08-08 03:18:54Z" duration="0.000173" asserts="0">
                            <properties />
                        </test-case>
                        <test-case id="1874"
                            name="CheckChannelAndClearMessage(&quot;:&quot;,None,&quot;:&quot;)"
                            fullname="Tests.ChatParseInputTests.CheckChannelAndClearMessage(&quot;:&quot;,None,&quot;:&quot;)"
                            methodname="CheckChannelAndClearMessage"
                            classname="Tests.ChatParseInputTests" runstate="Runnable"
                            seed="478132411" result="Passed" start-time="2023-08-08 03:18:54Z"
                            end-time="2023-08-08 03:18:54Z" duration="0.001244" asserts="0">
                            <properties />
                        </test-case>
                        <test-case id="1875"
                            name="CheckChannelAndClearMessage(&quot;.&quot;,None,&quot;.&quot;)"
                            fullname="Tests.ChatParseInputTests.CheckChannelAndClearMessage(&quot;.&quot;,None,&quot;.&quot;)"
                            methodname="CheckChannelAndClearMessage"
                            classname="Tests.ChatParseInputTests" runstate="Runnable"
                            seed="1375603628" result="Passed" start-time="2023-08-08 03:18:54Z"
                            end-time="2023-08-08 03:18:54Z" duration="0.000152" asserts="0">
                            <properties />
                        </test-case>
                        <test-case id="1876"
                            name="CheckChannelAndClearMessage(&quot;Hello World&quot;,None,&quot;Hello World&quot;)"
                            fullname="Tests.ChatParseInputTests.CheckChannelAndClearMessage(&quot;Hello World&quot;,None,&quot;Hello World&quot;)"
                            methodname="CheckChannelAndClearMessage"
                            classname="Tests.ChatParseInputTests" runstate="Runnable"
                            seed="467211220" result="Passed" start-time="2023-08-08 03:18:54Z"
                            end-time="2023-08-08 03:18:54Z" duration="0.000124" asserts="0">
                            <properties />
                        </test-case>
                        <test-case id="1877"
                            name="CheckChannelAndClearMessage(&quot;;&quot;,Common,&quot;&quot;)"
                            fullname="Tests.ChatParseInputTests.CheckChannelAndClearMessage(&quot;;&quot;,Common,&quot;&quot;)"
                            methodname="CheckChannelAndClearMessage"
                            classname="Tests.ChatParseInputTests" runstate="Runnable"
                            seed="1308082409" result="Passed" start-time="2023-08-08 03:18:54Z"
                            end-time="2023-08-08 03:18:54Z" duration="0.000122" asserts="0">
                            <properties />
                        </test-case>
                        <test-case id="1878"
                            name="CheckChannelAndClearMessage(&quot;;Hello World&quot;,Common,&quot;Hello World&quot;)"
                            fullname="Tests.ChatParseInputTests.CheckChannelAndClearMessage(&quot;;Hello World&quot;,Common,&quot;Hello World&quot;)"
                            methodname="CheckChannelAndClearMessage"
                            classname="Tests.ChatParseInputTests" runstate="Runnable"
                            seed="1320228002" result="Passed" start-time="2023-08-08 03:18:54Z"
                            end-time="2023-08-08 03:18:54Z" duration="0.000251" asserts="0">
                            <properties />
                        </test-case>
                        <test-case id="1879"
                            name="CheckChannelAndClearMessage(&quot;; Hello World&quot;,Common,&quot;Hello World&quot;)"
                            fullname="Tests.ChatParseInputTests.CheckChannelAndClearMessage(&quot;; Hello World&quot;,Common,&quot;Hello World&quot;)"
                            methodname="CheckChannelAndClearMessage"
                            classname="Tests.ChatParseInputTests" runstate="Runnable"
                            seed="1353478712" result="Passed" start-time="2023-08-08 03:18:54Z"
                            end-time="2023-08-08 03:18:54Z" duration="0.000142" asserts="0">
                            <properties />
                        </test-case>
                        <test-case id="1880"
                            name="CheckChannelAndClearMessage(&quot;Hello World;&quot;,None,&quot;Hello World;&quot;)"
                            fullname="Tests.ChatParseInputTests.CheckChannelAndClearMessage(&quot;Hello World;&quot;,None,&quot;Hello World;&quot;)"
                            methodname="CheckChannelAndClearMessage"
                            classname="Tests.ChatParseInputTests" runstate="Runnable"
                            seed="229210997" result="Passed" start-time="2023-08-08 03:18:54Z"
                            end-time="2023-08-08 03:18:54Z" duration="0.000125" asserts="0">
                            <properties />
                        </test-case>
                        <test-case id="1881"
                            name="CheckChannelAndClearMessage(&quot;:s&quot;,Security,&quot;&quot;)"
                            fullname="Tests.ChatParseInputTests.CheckChannelAndClearMessage(&quot;:s&quot;,Security,&quot;&quot;)"
                            methodname="CheckChannelAndClearMessage"
                            classname="Tests.ChatParseInputTests" runstate="Runnable"
                            seed="1650469896" result="Passed" start-time="2023-08-08 03:18:54Z"
                            end-time="2023-08-08 03:18:54Z" duration="0.000876" asserts="0">
                            <properties />
                        </test-case>
                        <test-case id="1882"
                            name="CheckChannelAndClearMessage(&quot;:sFind the clown!&quot;,Security,&quot;Find the clown!&quot;)"
                            fullname="Tests.ChatParseInputTests.CheckChannelAndClearMessage(&quot;:sFind the clown!&quot;,Security,&quot;Find the clown!&quot;)"
                            methodname="CheckChannelAndClearMessage"
                            classname="Tests.ChatParseInputTests" runstate="Runnable"
                            seed="1310816369" result="Passed" start-time="2023-08-08 03:18:54Z"
                            end-time="2023-08-08 03:18:54Z" duration="0.000153" asserts="0">
                            <properties />
                        </test-case>
                        <test-case id="1883"
                            name="CheckChannelAndClearMessage(&quot;:s Find the clown!&quot;,Security,&quot;Find the clown!&quot;)"
                            fullname="Tests.ChatParseInputTests.CheckChannelAndClearMessage(&quot;:s Find the clown!&quot;,Security,&quot;Find the clown!&quot;)"
                            methodname="CheckChannelAndClearMessage"
                            classname="Tests.ChatParseInputTests" runstate="Runnable"
                            seed="1090639174" result="Passed" start-time="2023-08-08 03:18:54Z"
                            end-time="2023-08-08 03:18:54Z" duration="0.000125" asserts="0">
                            <properties />
                        </test-case>
                        <test-case id="1884"
                            name="CheckChannelAndClearMessage(&quot;:sc Find the clown!&quot;,Security,&quot;c Find the clown!&quot;)"
                            fullname="Tests.ChatParseInputTests.CheckChannelAndClearMessage(&quot;:sc Find the clown!&quot;,Security,&quot;c Find the clown!&quot;)"
                            methodname="CheckChannelAndClearMessage"
                            classname="Tests.ChatParseInputTests" runstate="Runnable"
                            seed="859256477" result="Passed" start-time="2023-08-08 03:18:54Z"
                            end-time="2023-08-08 03:18:54Z" duration="0.000291" asserts="0">
                            <properties />
                        </test-case>
                        <test-case id="1885"
                            name="CheckChannelAndClearMessage(&quot;List: one and two&quot;,None,&quot;List: one and two&quot;)"
                            fullname="Tests.ChatParseInputTests.CheckChannelAndClearMessage(&quot;List: one and two&quot;,None,&quot;List: one and two&quot;)"
                            methodname="CheckChannelAndClearMessage"
                            classname="Tests.ChatParseInputTests" runstate="Runnable"
                            seed="456714399" result="Passed" start-time="2023-08-08 03:18:54Z"
                            end-time="2023-08-08 03:18:54Z" duration="0.000123" asserts="0">
                            <properties />
                        </test-case>
                        <test-case id="1886"
                            name="CheckChannelAndClearMessage(&quot;:h Heads, report!&quot;,Command,&quot;Heads, report!&quot;)"
                            fullname="Tests.ChatParseInputTests.CheckChannelAndClearMessage(&quot;:h Heads, report!&quot;,Command,&quot;Heads, report!&quot;)"
                            methodname="CheckChannelAndClearMessage"
                            classname="Tests.ChatParseInputTests" runstate="Runnable"
                            seed="41872606" result="Passed" start-time="2023-08-08 03:18:54Z"
                            end-time="2023-08-08 03:18:54Z" duration="0.000202" asserts="0">
                            <properties />
                        </test-case>
                    </test-suite>
                    <test-case id="1888" name="TestAllChannelsTag"
                        fullname="Tests.ChatParseInputTests.TestAllChannelsTag"
                        methodname="TestAllChannelsTag" classname="Tests.ChatParseInputTests"
                        runstate="Runnable" seed="664862909" result="Passed"
                        start-time="2023-08-08 03:18:54Z" end-time="2023-08-08 03:18:54Z"
                        duration="0.001463" asserts="0">
                        <properties />
                    </test-case>
                </test-suite>
                <test-suite type="TestSuite" id="2730" name="Chemistry" fullname="Tests.Chemistry"
                    runstate="Runnable" testcasecount="31" result="Passed"
                    start-time="2023-08-08 03:18:54Z" end-time="2023-08-08 03:18:54Z"
                    duration="0.425027" total="31" passed="31" failed="0" inconclusive="0"
                    skipped="0" asserts="0">
                    <properties />
                    <test-suite type="TestFixture" id="2669" name="ReactionTests"
                        fullname="Tests.Chemistry.ReactionTests"
                        classname="Tests.Chemistry.ReactionTests" runstate="Runnable"
                        testcasecount="6" result="Passed" start-time="2023-08-08 03:18:54Z"
                        end-time="2023-08-08 03:18:54Z" duration="0.013326" total="6" passed="6"
                        failed="0" inconclusive="0" skipped="0" asserts="0">
                        <properties>
                            <property name="Category" value="Chemistry" />
                        </properties>
                        <test-suite type="ParameterizedMethod" id="2676" name="SimpleReaction"
                            fullname="Tests.Chemistry.ReactionTests.SimpleReaction"
                            classname="Tests.Chemistry.ReactionTests" runstate="Runnable"
                            testcasecount="6" result="Passed" start-time="2023-08-08 03:18:54Z"
                            end-time="2023-08-08 03:18:54Z" duration="0.009036" total="6" passed="6"
                            failed="0" inconclusive="0" skipped="0" asserts="0">
                            <properties />
                            <test-case id="2670"
                                name="SimpleReaction(Temperature &gt; 273.15 reagents &gt; {a=1,b=1}, (Chemistry.Reaction),Temperature &gt; 273.15 reagents &gt; {c=1})"
                                fullname="Tests.Chemistry.ReactionTests.SimpleReaction(Temperature &gt; 273.15 reagents &gt; {a=1,b=1}, (Chemistry.Reaction),Temperature &gt; 273.15 reagents &gt; {c=1})"
                                methodname="SimpleReaction"
                                classname="Tests.Chemistry.ReactionTests" runstate="Runnable"
                                seed="1312172196" result="Passed" start-time="2023-08-08 03:18:54Z"
                                end-time="2023-08-08 03:18:54Z" duration="0.004454" asserts="0">
                                <properties />
                            </test-case>
                            <test-case id="2671"
                                name="SimpleReaction(Temperature &gt; 100 reagents &gt; {a=1,b=1}, (Chemistry.Reaction),Temperature &gt; 100 reagents &gt; {c=1})"
                                fullname="Tests.Chemistry.ReactionTests.SimpleReaction(Temperature &gt; 100 reagents &gt; {a=1,b=1}, (Chemistry.Reaction),Temperature &gt; 100 reagents &gt; {c=1})"
                                methodname="SimpleReaction"
                                classname="Tests.Chemistry.ReactionTests" runstate="Runnable"
                                seed="1839820050" result="Passed" start-time="2023-08-08 03:18:54Z"
                                end-time="2023-08-08 03:18:54Z" duration="0.000149" asserts="0">
                                <properties />
                            </test-case>
                            <test-case id="2672"
                                name="SimpleReaction(Temperature &gt; 300 reagents &gt; {a=1,b=1}, (Chemistry.Reaction),Temperature &gt; 300 reagents &gt; {c=1})"
                                fullname="Tests.Chemistry.ReactionTests.SimpleReaction(Temperature &gt; 300 reagents &gt; {a=1,b=1}, (Chemistry.Reaction),Temperature &gt; 300 reagents &gt; {c=1})"
                                methodname="SimpleReaction"
                                classname="Tests.Chemistry.ReactionTests" runstate="Runnable"
                                seed="1328951554" result="Passed" start-time="2023-08-08 03:18:54Z"
                                end-time="2023-08-08 03:18:54Z" duration="0.000118" asserts="0">
                                <properties />
                            </test-case>
                            <test-case id="2673"
                                name="SimpleReaction(Temperature &gt; 273.15 reagents &gt; {a=1,b=1}, (Chemistry.Reaction),Temperature &gt; 273.15 reagents &gt; {c=1})"
                                fullname="Tests.Chemistry.ReactionTests.SimpleReaction(Temperature &gt; 273.15 reagents &gt; {a=1,b=1}, (Chemistry.Reaction),Temperature &gt; 273.15 reagents &gt; {c=1})"
                                methodname="SimpleReaction"
                                classname="Tests.Chemistry.ReactionTests" runstate="Runnable"
                                seed="454977805" result="Passed" start-time="2023-08-08 03:18:54Z"
                                end-time="2023-08-08 03:18:54Z" duration="0.000223" asserts="0">
                                <properties>
                                    <property name="childIndex" value="2" />
                                </properties>
                            </test-case>
                            <test-case id="2674"
                                name="SimpleReaction(Temperature &gt; 100 reagents &gt; {a=1,b=1}, (Chemistry.Reaction),Temperature &gt; 100 reagents &gt; {a=1,b=1})"
                                fullname="Tests.Chemistry.ReactionTests.SimpleReaction(Temperature &gt; 100 reagents &gt; {a=1,b=1}, (Chemistry.Reaction),Temperature &gt; 100 reagents &gt; {a=1,b=1})"
                                methodname="SimpleReaction"
                                classname="Tests.Chemistry.ReactionTests" runstate="Runnable"
                                seed="93697862" result="Passed" start-time="2023-08-08 03:18:54Z"
                                end-time="2023-08-08 03:18:54Z" duration="0.000120" asserts="0">
                                <properties />
                            </test-case>
                            <test-case id="2675"
                                name="SimpleReaction(Temperature &gt; 300 reagents &gt; {a=1,b=1}, (Chemistry.Reaction),Temperature &gt; 300 reagents &gt; {a=1,b=1})"
                                fullname="Tests.Chemistry.ReactionTests.SimpleReaction(Temperature &gt; 300 reagents &gt; {a=1,b=1}, (Chemistry.Reaction),Temperature &gt; 300 reagents &gt; {a=1,b=1})"
                                methodname="SimpleReaction"
                                classname="Tests.Chemistry.ReactionTests" runstate="Runnable"
                                seed="883297169" result="Passed" start-time="2023-08-08 03:18:54Z"
                                end-time="2023-08-08 03:18:54Z" duration="0.000110" asserts="0">
                                <properties />
                            </test-case>
                        </test-suite>
                    </test-suite>
                    <test-suite type="TestFixture" id="2677" name="ReagentContainerTests"
                        fullname="Tests.Chemistry.ReagentContainerTests"
                        classname="Tests.Chemistry.ReagentContainerTests" runstate="Runnable"
                        testcasecount="22" result="Passed" start-time="2023-08-08 03:18:54Z"
                        end-time="2023-08-08 03:18:54Z" duration="0.028952" total="22" passed="22"
                        failed="0" inconclusive="0" skipped="0" asserts="0">
                        <properties>
                            <property name="Category" value="Chemistry" />
                        </properties>
                        <test-suite type="ParameterizedMethod" id="2687" name="AdditionTest"
                            fullname="Tests.Chemistry.ReagentContainerTests.AdditionTest"
                            classname="Tests.Chemistry.ReagentContainerTests" runstate="Runnable"
                            testcasecount="9" result="Passed" start-time="2023-08-08 03:18:54Z"
                            end-time="2023-08-08 03:18:54Z" duration="0.019329" total="9" passed="9"
                            failed="0" inconclusive="0" skipped="0" asserts="0">
                            <properties />
                            <test-case id="2678"
                                name="AdditionTest(50,Temperature &gt; 273.15 reagents &gt; {a=10},Temperature &gt; 273.15 reagents &gt; {a=10},Temperature &gt; 273.15 reagents &gt; {a=20})"
                                fullname="Tests.Chemistry.ReagentContainerTests.AdditionTest(50,Temperature &gt; 273.15 reagents &gt; {a=10},Temperature &gt; 273.15 reagents &gt; {a=10},Temperature &gt; 273.15 reagents &gt; {a=20})"
                                methodname="AdditionTest"
                                classname="Tests.Chemistry.ReagentContainerTests"
                                runstate="Runnable" seed="1493830589" result="Passed"
                                start-time="2023-08-08 03:18:54Z" end-time="2023-08-08 03:18:54Z"
                                duration="0.008008" asserts="0">
                                <properties />
                            </test-case>
                            <test-case id="2679"
                                name="AdditionTest(50,Temperature &gt; 273.15 reagents &gt; {a=10},Temperature &gt; 273.15 reagents &gt; {b=10},Temperature &gt; 273.15 reagents &gt; {a=10,b=10})"
                                fullname="Tests.Chemistry.ReagentContainerTests.AdditionTest(50,Temperature &gt; 273.15 reagents &gt; {a=10},Temperature &gt; 273.15 reagents &gt; {b=10},Temperature &gt; 273.15 reagents &gt; {a=10,b=10})"
                                methodname="AdditionTest"
                                classname="Tests.Chemistry.ReagentContainerTests"
                                runstate="Runnable" seed="1122268790" result="Passed"
                                start-time="2023-08-08 03:18:54Z" end-time="2023-08-08 03:18:54Z"
                                duration="0.000294" asserts="0">
                                <properties />
                            </test-case>
                            <test-case id="2680"
                                name="AdditionTest(50,Temperature &gt; 273.15 reagents &gt; {a=10,b=10},Temperature &gt; 273.15 reagents &gt; {a=5},Temperature &gt; 273.15 reagents &gt; {a=15,b=10})"
                                fullname="Tests.Chemistry.ReagentContainerTests.AdditionTest(50,Temperature &gt; 273.15 reagents &gt; {a=10,b=10},Temperature &gt; 273.15 reagents &gt; {a=5},Temperature &gt; 273.15 reagents &gt; {a=15,b=10})"
                                methodname="AdditionTest"
                                classname="Tests.Chemistry.ReagentContainerTests"
                                runstate="Runnable" seed="664216294" result="Passed"
                                start-time="2023-08-08 03:18:54Z" end-time="2023-08-08 03:18:54Z"
                                duration="0.000278" asserts="0">
                                <properties />
                            </test-case>
                            <test-case id="2681"
                                name="AdditionTest(50,Temperature &gt; 273.15 reagents &gt; {a=10,b=10},Temperature &gt; 273.15 reagents &gt; {a=5,b=20},Temperature &gt; 273.15 reagents &gt; {a=15,b=30})"
                                fullname="Tests.Chemistry.ReagentContainerTests.AdditionTest(50,Temperature &gt; 273.15 reagents &gt; {a=10,b=10},Temperature &gt; 273.15 reagents &gt; {a=5,b=20},Temperature &gt; 273.15 reagents &gt; {a=15,b=30})"
                                methodname="AdditionTest"
                                classname="Tests.Chemistry.ReagentContainerTests"
                                runstate="Runnable" seed="830635809" result="Passed"
                                start-time="2023-08-08 03:18:54Z" end-time="2023-08-08 03:18:54Z"
                                duration="0.000251" asserts="0">
                                <properties />
                            </test-case>
                            <test-case id="2682"
                                name="AdditionTest(50,Temperature &gt; 273.15 reagents &gt; {},Temperature &gt; 273.15 reagents &gt; {a=8,b=22},Temperature &gt; 273.15 reagents &gt; {a=8,b=22})"
                                fullname="Tests.Chemistry.ReagentContainerTests.AdditionTest(50,Temperature &gt; 273.15 reagents &gt; {},Temperature &gt; 273.15 reagents &gt; {a=8,b=22},Temperature &gt; 273.15 reagents &gt; {a=8,b=22})"
                                methodname="AdditionTest"
                                classname="Tests.Chemistry.ReagentContainerTests"
                                runstate="Runnable" seed="2022868445" result="Passed"
                                start-time="2023-08-08 03:18:54Z" end-time="2023-08-08 03:18:54Z"
                                duration="0.000233" asserts="0">
                                <properties />
                            </test-case>
                            <test-case id="2683"
                                name="AdditionTest(20,Temperature &gt; 273.15 reagents &gt; {a=10},Temperature &gt; 273.15 reagents &gt; {a=10},Temperature &gt; 273.15 reagents &gt; {a=20})"
                                fullname="Tests.Chemistry.ReagentContainerTests.AdditionTest(20,Temperature &gt; 273.15 reagents &gt; {a=10},Temperature &gt; 273.15 reagents &gt; {a=10},Temperature &gt; 273.15 reagents &gt; {a=20})"
                                methodname="AdditionTest"
                                classname="Tests.Chemistry.ReagentContainerTests"
                                runstate="Runnable" seed="1305845459" result="Passed"
                                start-time="2023-08-08 03:18:54Z" end-time="2023-08-08 03:18:54Z"
                                duration="0.000233" asserts="0">
                                <properties />
                            </test-case>
                            <test-case id="2684"
                                name="AdditionTest(20,Temperature &gt; 273.15 reagents &gt; {a=10},Temperature &gt; 273.15 reagents &gt; {a=15},Temperature &gt; 273.15 reagents &gt; {a=20})"
                                fullname="Tests.Chemistry.ReagentContainerTests.AdditionTest(20,Temperature &gt; 273.15 reagents &gt; {a=10},Temperature &gt; 273.15 reagents &gt; {a=15},Temperature &gt; 273.15 reagents &gt; {a=20})"
                                methodname="AdditionTest"
                                classname="Tests.Chemistry.ReagentContainerTests"
                                runstate="Runnable" seed="545918992" result="Passed"
                                start-time="2023-08-08 03:18:54Z" end-time="2023-08-08 03:18:54Z"
                                duration="0.001471" asserts="0">
                                <properties />
                            </test-case>
                            <test-case id="2685"
                                name="AdditionTest(20,Temperature &gt; 273.15 reagents &gt; {a=20},Temperature &gt; 273.15 reagents &gt; {a=10},Temperature &gt; 273.15 reagents &gt; {a=20})"
                                fullname="Tests.Chemistry.ReagentContainerTests.AdditionTest(20,Temperature &gt; 273.15 reagents &gt; {a=20},Temperature &gt; 273.15 reagents &gt; {a=10},Temperature &gt; 273.15 reagents &gt; {a=20})"
                                methodname="AdditionTest"
                                classname="Tests.Chemistry.ReagentContainerTests"
                                runstate="Runnable" seed="1958321720" result="Passed"
                                start-time="2023-08-08 03:18:54Z" end-time="2023-08-08 03:18:54Z"
                                duration="0.002557" asserts="0">
                                <properties />
                            </test-case>
                            <test-case id="2686"
                                name="AdditionTest(10,Temperature &gt; 273.15 reagents &gt; {},Temperature &gt; 273.15 reagents &gt; {a=60,b=10,c=30},Temperature &gt; 273.15 reagents &gt; {a=6,b=1,c=3})"
                                fullname="Tests.Chemistry.ReagentContainerTests.AdditionTest(10,Temperature &gt; 273.15 reagents &gt; {},Temperature &gt; 273.15 reagents &gt; {a=60,b=10,c=30},Temperature &gt; 273.15 reagents &gt; {a=6,b=1,c=3})"
                                methodname="AdditionTest"
                                classname="Tests.Chemistry.ReagentContainerTests"
                                runstate="Runnable" seed="1027600614" result="Passed"
                                start-time="2023-08-08 03:18:54Z" end-time="2023-08-08 03:18:54Z"
                                duration="0.000291" asserts="0">
                                <properties />
                            </test-case>
                        </test-suite>
                        <test-suite type="ParameterizedMethod" id="2701" name="RemovalTest"
                            fullname="Tests.Chemistry.ReagentContainerTests.RemovalTest"
                            classname="Tests.Chemistry.ReagentContainerTests" runstate="Runnable"
                            testcasecount="13" result="Passed" start-time="2023-08-08 03:18:54Z"
                            end-time="2023-08-08 03:18:54Z" duration="0.008054" total="13"
                            passed="13" failed="0" inconclusive="0" skipped="0" asserts="0">
                            <properties />
                            <test-case id="2688"
                                name="RemovalTest(50,Temperature &gt; 273.15 reagents &gt; {a=10},5,Temperature &gt; 273.15 reagents &gt; {a=5})"
                                fullname="Tests.Chemistry.ReagentContainerTests.RemovalTest(50,Temperature &gt; 273.15 reagents &gt; {a=10},5,Temperature &gt; 273.15 reagents &gt; {a=5})"
                                methodname="RemovalTest"
                                classname="Tests.Chemistry.ReagentContainerTests"
                                runstate="Runnable" seed="994777889" result="Passed"
                                start-time="2023-08-08 03:18:54Z" end-time="2023-08-08 03:18:54Z"
                                duration="0.001527" asserts="0">
                                <properties />
                            </test-case>
                            <test-case id="2689"
                                name="RemovalTest(50,Temperature &gt; 273.15 reagents &gt; {a=10},10,Temperature &gt; 273.15 reagents &gt; {})"
                                fullname="Tests.Chemistry.ReagentContainerTests.RemovalTest(50,Temperature &gt; 273.15 reagents &gt; {a=10},10,Temperature &gt; 273.15 reagents &gt; {})"
                                methodname="RemovalTest"
                                classname="Tests.Chemistry.ReagentContainerTests"
                                runstate="Runnable" seed="481680158" result="Passed"
                                start-time="2023-08-08 03:18:54Z" end-time="2023-08-08 03:18:54Z"
                                duration="0.000289" asserts="0">
                                <properties />
                            </test-case>
                            <test-case id="2690"
                                name="RemovalTest(50,Temperature &gt; 273.15 reagents &gt; {a=10},20,Temperature &gt; 273.15 reagents &gt; {})"
                                fullname="Tests.Chemistry.ReagentContainerTests.RemovalTest(50,Temperature &gt; 273.15 reagents &gt; {a=10},20,Temperature &gt; 273.15 reagents &gt; {})"
                                methodname="RemovalTest"
                                classname="Tests.Chemistry.ReagentContainerTests"
                                runstate="Runnable" seed="814117771" result="Passed"
                                start-time="2023-08-08 03:18:54Z" end-time="2023-08-08 03:18:54Z"
                                duration="0.000226" asserts="0">
                                <properties />
                            </test-case>
                            <test-case id="2691"
                                name="RemovalTest(50,Temperature &gt; 273.15 reagents &gt; {a=10,b=10},10,Temperature &gt; 273.15 reagents &gt; {a=5,b=5})"
                                fullname="Tests.Chemistry.ReagentContainerTests.RemovalTest(50,Temperature &gt; 273.15 reagents &gt; {a=10,b=10},10,Temperature &gt; 273.15 reagents &gt; {a=5,b=5})"
                                methodname="RemovalTest"
                                classname="Tests.Chemistry.ReagentContainerTests"
                                runstate="Runnable" seed="100602590" result="Passed"
                                start-time="2023-08-08 03:18:54Z" end-time="2023-08-08 03:18:54Z"
                                duration="0.000451" asserts="0">
                                <properties />
                            </test-case>
                            <test-case id="2692"
                                name="RemovalTest(50,Temperature &gt; 273.15 reagents &gt; {a=10,b=10},16,Temperature &gt; 273.15 reagents &gt; {a=2,b=2})"
                                fullname="Tests.Chemistry.ReagentContainerTests.RemovalTest(50,Temperature &gt; 273.15 reagents &gt; {a=10,b=10},16,Temperature &gt; 273.15 reagents &gt; {a=2,b=2})"
                                methodname="RemovalTest"
                                classname="Tests.Chemistry.ReagentContainerTests"
                                runstate="Runnable" seed="261793389" result="Passed"
                                start-time="2023-08-08 03:18:54Z" end-time="2023-08-08 03:18:54Z"
                                duration="0.000237" asserts="0">
                                <properties />
                            </test-case>
                            <test-case id="2693"
                                name="RemovalTest(50,Temperature &gt; 273.15 reagents &gt; {a=10,b=10},20,Temperature &gt; 273.15 reagents &gt; {})"
                                fullname="Tests.Chemistry.ReagentContainerTests.RemovalTest(50,Temperature &gt; 273.15 reagents &gt; {a=10,b=10},20,Temperature &gt; 273.15 reagents &gt; {})"
                                methodname="RemovalTest"
                                classname="Tests.Chemistry.ReagentContainerTests"
                                runstate="Runnable" seed="2141094296" result="Passed"
                                start-time="2023-08-08 03:18:54Z" end-time="2023-08-08 03:18:54Z"
                                duration="0.000223" asserts="0">
                                <properties />
                            </test-case>
                            <test-case id="2694"
                                name="RemovalTest(50,Temperature &gt; 273.15 reagents &gt; {a=10,b=10},30,Temperature &gt; 273.15 reagents &gt; {})"
                                fullname="Tests.Chemistry.ReagentContainerTests.RemovalTest(50,Temperature &gt; 273.15 reagents &gt; {a=10,b=10},30,Temperature &gt; 273.15 reagents &gt; {})"
                                methodname="RemovalTest"
                                classname="Tests.Chemistry.ReagentContainerTests"
                                runstate="Runnable" seed="231993527" result="Passed"
                                start-time="2023-08-08 03:18:54Z" end-time="2023-08-08 03:18:54Z"
                                duration="0.000252" asserts="0">
                                <properties />
                            </test-case>
                            <test-case id="2695"
                                name="RemovalTest(50,Temperature &gt; 273.15 reagents &gt; {a=10,b=10,c=10},15,Temperature &gt; 273.15 reagents &gt; {a=5,b=5,c=5})"
                                fullname="Tests.Chemistry.ReagentContainerTests.RemovalTest(50,Temperature &gt; 273.15 reagents &gt; {a=10,b=10,c=10},15,Temperature &gt; 273.15 reagents &gt; {a=5,b=5,c=5})"
                                methodname="RemovalTest"
                                classname="Tests.Chemistry.ReagentContainerTests"
                                runstate="Runnable" seed="1730505524" result="Passed"
                                start-time="2023-08-08 03:18:54Z" end-time="2023-08-08 03:18:54Z"
                                duration="0.000244" asserts="0">
                                <properties />
                            </test-case>
                            <test-case id="2696"
                                name="RemovalTest(50,Temperature &gt; 273.15 reagents &gt; {a=10,b=10,c=10},21,Temperature &gt; 273.15 reagents &gt; {a=3,b=3,c=3})"
                                fullname="Tests.Chemistry.ReagentContainerTests.RemovalTest(50,Temperature &gt; 273.15 reagents &gt; {a=10,b=10,c=10},21,Temperature &gt; 273.15 reagents &gt; {a=3,b=3,c=3})"
                                methodname="RemovalTest"
                                classname="Tests.Chemistry.ReagentContainerTests"
                                runstate="Runnable" seed="117301690" result="Passed"
                                start-time="2023-08-08 03:18:54Z" end-time="2023-08-08 03:18:54Z"
                                duration="0.000239" asserts="0">
                                <properties />
                            </test-case>
                            <test-case id="2697"
                                name="RemovalTest(50,Temperature &gt; 273.15 reagents &gt; {a=10,b=10,c=10},30,Temperature &gt; 273.15 reagents &gt; {})"
                                fullname="Tests.Chemistry.ReagentContainerTests.RemovalTest(50,Temperature &gt; 273.15 reagents &gt; {a=10,b=10,c=10},30,Temperature &gt; 273.15 reagents &gt; {})"
                                methodname="RemovalTest"
                                classname="Tests.Chemistry.ReagentContainerTests"
                                runstate="Runnable" seed="780233439" result="Passed"
                                start-time="2023-08-08 03:18:54Z" end-time="2023-08-08 03:18:54Z"
                                duration="0.000221" asserts="0">
                                <properties />
                            </test-case>
                            <test-case id="2698"
                                name="RemovalTest(50,Temperature &gt; 273.15 reagents &gt; {a=10,b=10,c=10},100,Temperature &gt; 273.15 reagents &gt; {})"
                                fullname="Tests.Chemistry.ReagentContainerTests.RemovalTest(50,Temperature &gt; 273.15 reagents &gt; {a=10,b=10,c=10},100,Temperature &gt; 273.15 reagents &gt; {})"
                                methodname="RemovalTest"
                                classname="Tests.Chemistry.ReagentContainerTests"
                                runstate="Runnable" seed="2105661130" result="Passed"
                                start-time="2023-08-08 03:18:54Z" end-time="2023-08-08 03:18:54Z"
                                duration="0.000218" asserts="0">
                                <properties />
                            </test-case>
                            <test-case id="2699"
                                name="RemovalTest(50,Temperature &gt; 273.15 reagents &gt; {a=10,b=20},6,Temperature &gt; 273.15 reagents &gt; {a=8,b=16})"
                                fullname="Tests.Chemistry.ReagentContainerTests.RemovalTest(50,Temperature &gt; 273.15 reagents &gt; {a=10,b=20},6,Temperature &gt; 273.15 reagents &gt; {a=8,b=16})"
                                methodname="RemovalTest"
                                classname="Tests.Chemistry.ReagentContainerTests"
                                runstate="Runnable" seed="1301303954" result="Passed"
                                start-time="2023-08-08 03:18:54Z" end-time="2023-08-08 03:18:54Z"
                                duration="0.000235" asserts="0">
                                <properties />
                            </test-case>
                            <test-case id="2700"
                                name="RemovalTest(50,Temperature &gt; 273.15 reagents &gt; {a=5,b=10,c=15},12,Temperature &gt; 273.15 reagents &gt; {a=3,b=6,c=9})"
                                fullname="Tests.Chemistry.ReagentContainerTests.RemovalTest(50,Temperature &gt; 273.15 reagents &gt; {a=5,b=10,c=15},12,Temperature &gt; 273.15 reagents &gt; {a=3,b=6,c=9})"
                                methodname="RemovalTest"
                                classname="Tests.Chemistry.ReagentContainerTests"
                                runstate="Runnable" seed="953243272" result="Passed"
                                start-time="2023-08-08 03:18:54Z" end-time="2023-08-08 03:18:54Z"
                                duration="0.000239" asserts="0">
                                <properties />
                            </test-case>
                        </test-suite>
                    </test-suite>
                    <test-suite type="TestFixture" id="2702" name="ReferenceTests"
                        fullname="Tests.Chemistry.ReferenceTests"
                        classname="Tests.Chemistry.ReferenceTests" runstate="Runnable"
                        testcasecount="3" result="Passed" start-time="2023-08-08 03:18:54Z"
                        end-time="2023-08-08 03:18:54Z" duration="0.381550" total="3" passed="3"
                        failed="0" inconclusive="0" skipped="0" asserts="0">
                        <properties>
                            <property name="Category" value="Chemistry" />
                        </properties>
                        <test-case id="2705" name="CheckForMissingReactions"
                            fullname="Tests.Chemistry.ReferenceTests.CheckForMissingReactions"
                            methodname="CheckForMissingReactions"
                            classname="Tests.Chemistry.ReferenceTests" runstate="Runnable"
                            seed="45226707" result="Passed" start-time="2023-08-08 03:18:54Z"
                            end-time="2023-08-08 03:18:54Z" duration="0.305220" asserts="0">
                            <properties />
                            <output><![CDATA[ScriptableObjects.ChemistryReagentsSO SO took 218 ms to find! Try to serialize a reference to this SO singleton instead!
]]></output>
                        </test-case>
                        <test-case id="2704" name="CheckForMissingReagents"
                            fullname="Tests.Chemistry.ReferenceTests.CheckForMissingReagents"
                            methodname="CheckForMissingReagents"
                            classname="Tests.Chemistry.ReferenceTests" runstate="Runnable"
                            seed="91797682" result="Passed" start-time="2023-08-08 03:18:54Z"
                            end-time="2023-08-08 03:18:54Z" duration="0.073938" asserts="0">
                            <properties />
                        </test-case>
                        <test-case id="2703" name="CheckIndexOnReagents"
                            fullname="Tests.Chemistry.ReferenceTests.CheckIndexOnReagents"
                            methodname="CheckIndexOnReagents"
                            classname="Tests.Chemistry.ReferenceTests" runstate="Runnable"
                            seed="917109225" result="Passed" start-time="2023-08-08 03:18:54Z"
                            end-time="2023-08-08 03:18:54Z" duration="0.000500" asserts="0">
                            <properties />
                        </test-case>
                    </test-suite>
                </test-suite>
                <test-suite type="TestSuite" id="2729" name="ClearanceFramework"
                    fullname="Tests.ClearanceFramework" runstate="Runnable" testcasecount="8"
                    result="Passed" start-time="2023-08-08 03:18:54Z"
                    end-time="2023-08-08 03:18:55Z" duration="0.069430" total="8" passed="8"
                    failed="0" inconclusive="0" skipped="0" asserts="0">
                    <properties />
                    <test-suite type="TestFixture" id="2660" name="HasClearanceTest"
                        fullname="Tests.ClearanceFramework.HasClearanceTest"
                        classname="Tests.ClearanceFramework.HasClearanceTest" runstate="Runnable"
                        testcasecount="8" result="Passed" start-time="2023-08-08 03:18:55Z"
                        end-time="2023-08-08 03:18:55Z" duration="0.017222" total="8" passed="8"
                        failed="0" inconclusive="0" skipped="0" asserts="0">
                        <properties />
                        <test-case id="2666"
                            name="GivenAllClearanceIssuedInDiffOrderWhenAllClearanceIsRequiredResultsTrue"
                            fullname="Tests.ClearanceFramework.HasClearanceTest.GivenAllClearanceIssuedInDiffOrderWhenAllClearanceIsRequiredResultsTrue"
                            methodname="GivenAllClearanceIssuedInDiffOrderWhenAllClearanceIsRequiredResultsTrue"
                            classname="Tests.ClearanceFramework.HasClearanceTest"
                            runstate="Runnable" seed="37623501" result="Passed"
                            start-time="2023-08-08 03:18:55Z" end-time="2023-08-08 03:18:55Z"
                            duration="0.006646" asserts="0">
                            <properties />
                        </test-case>
                        <test-case id="2665"
                            name="GivenAllClearanceWhenAllClearanceIsRequiredResultsTrue"
                            fullname="Tests.ClearanceFramework.HasClearanceTest.GivenAllClearanceWhenAllClearanceIsRequiredResultsTrue"
                            methodname="GivenAllClearanceWhenAllClearanceIsRequiredResultsTrue"
                            classname="Tests.ClearanceFramework.HasClearanceTest"
                            runstate="Runnable" seed="1682987919" result="Passed"
                            start-time="2023-08-08 03:18:55Z" end-time="2023-08-08 03:18:55Z"
                            duration="0.000533" asserts="0">
                            <properties />
                        </test-case>
                        <test-case id="2663"
                            name="GivenClearanceWhenAnyClearanceIsRequiredResultsTrue"
                            fullname="Tests.ClearanceFramework.HasClearanceTest.GivenClearanceWhenAnyClearanceIsRequiredResultsTrue"
                            methodname="GivenClearanceWhenAnyClearanceIsRequiredResultsTrue"
                            classname="Tests.ClearanceFramework.HasClearanceTest"
                            runstate="Runnable" seed="1208241142" result="Passed"
                            start-time="2023-08-08 03:18:55Z" end-time="2023-08-08 03:18:55Z"
                            duration="0.001324" asserts="0">
                            <properties />
                        </test-case>
                        <test-case id="2664"
                            name="GivenInsufficientClearanceWhenAllClearanceIsRequiredResultsFalse"
                            fullname="Tests.ClearanceFramework.HasClearanceTest.GivenInsufficientClearanceWhenAllClearanceIsRequiredResultsFalse"
                            methodname="GivenInsufficientClearanceWhenAllClearanceIsRequiredResultsFalse"
                            classname="Tests.ClearanceFramework.HasClearanceTest"
                            runstate="Runnable" seed="1370942768" result="Passed"
                            start-time="2023-08-08 03:18:55Z" end-time="2023-08-08 03:18:55Z"
                            duration="0.000510" asserts="0">
                            <properties />
                        </test-case>
                        <test-case id="2662"
                            name="GivenNoClearanceWhenClearanceIsRequiredResultsFalse"
                            fullname="Tests.ClearanceFramework.HasClearanceTest.GivenNoClearanceWhenClearanceIsRequiredResultsFalse"
                            methodname="GivenNoClearanceWhenClearanceIsRequiredResultsFalse"
                            classname="Tests.ClearanceFramework.HasClearanceTest"
                            runstate="Runnable" seed="1453781208" result="Passed"
                            start-time="2023-08-08 03:18:55Z" end-time="2023-08-08 03:18:55Z"
                            duration="0.000366" asserts="0">
                            <properties />
                        </test-case>
                        <test-case id="2661"
                            name="GivenNoClearanceWhenNoClearanceRequiredResultsTrue"
                            fullname="Tests.ClearanceFramework.HasClearanceTest.GivenNoClearanceWhenNoClearanceRequiredResultsTrue"
                            methodname="GivenNoClearanceWhenNoClearanceRequiredResultsTrue"
                            classname="Tests.ClearanceFramework.HasClearanceTest"
                            runstate="Runnable" seed="1111030976" result="Passed"
                            start-time="2023-08-08 03:18:55Z" end-time="2023-08-08 03:18:55Z"
                            duration="0.000320" asserts="0">
                            <properties />
                        </test-case>
                        <test-case id="2667"
                            name="GivenSufficientExtraClearanceWhenRoundIsLowPopResultsTrue"
                            fullname="Tests.ClearanceFramework.HasClearanceTest.GivenSufficientExtraClearanceWhenRoundIsLowPopResultsTrue"
                            methodname="GivenSufficientExtraClearanceWhenRoundIsLowPopResultsTrue"
                            classname="Tests.ClearanceFramework.HasClearanceTest"
                            runstate="Runnable" seed="750050612" result="Passed"
                            start-time="2023-08-08 03:18:55Z" end-time="2023-08-08 03:18:55Z"
                            duration="0.002093" asserts="0">
                            <properties />
                        </test-case>
                        <test-case id="2668"
                            name="GivenSufficientExtraClearanceWhenRoundIsNotLowPopResultsFalse"
                            fullname="Tests.ClearanceFramework.HasClearanceTest.GivenSufficientExtraClearanceWhenRoundIsNotLowPopResultsFalse"
                            methodname="GivenSufficientExtraClearanceWhenRoundIsNotLowPopResultsFalse"
                            classname="Tests.ClearanceFramework.HasClearanceTest"
                            runstate="Runnable" seed="1131022143" result="Passed"
                            start-time="2023-08-08 03:18:55Z" end-time="2023-08-08 03:18:55Z"
                            duration="0.000439" asserts="0">
                            <properties />
                        </test-case>
                    </test-suite>
                </test-suite>
                <test-suite type="TestFixture" id="1889" name="ComponentTests"
                    fullname="Tests.ComponentTests" classname="Tests.ComponentTests"
                    runstate="Runnable" testcasecount="1" result="Passed"
                    start-time="2023-08-08 03:18:55Z" end-time="2023-08-08 03:18:55Z"
                    duration="0.092990" total="1" passed="1" failed="0" inconclusive="0" skipped="0"
                    asserts="0">
                    <properties />
                    <test-case id="1890" name="PrefabsDoNotHaveNullItemTrait"
                        fullname="Tests.ComponentTests.PrefabsDoNotHaveNullItemTrait"
                        methodname="PrefabsDoNotHaveNullItemTrait" classname="Tests.ComponentTests"
                        runstate="Runnable" seed="1732055474" result="Passed"
                        start-time="2023-08-08 03:18:55Z" end-time="2023-08-08 03:18:55Z"
                        duration="0.091579" asserts="0">
                        <properties />
                    </test-case>
                </test-suite>
                <test-suite type="TestSuite" id="2728" name="Config" fullname="Tests.Config"
                    runstate="Runnable" testcasecount="1" result="Failed" site="Child"
                    start-time="2023-08-08 03:18:55Z" end-time="2023-08-08 03:18:55Z"
                    duration="0.062229" total="1" passed="0" failed="1" inconclusive="0" skipped="0"
                    asserts="0">
                    <properties />
                    <failure>
                        <message><![CDATA[One or more child tests had errors]]></message>
                    </failure>
                    <test-suite type="TestFixture" id="2658" name="GameManagerTest"
                        fullname="Tests.Config.GameManagerTest"
                        classname="Tests.Config.GameManagerTest" runstate="Runnable"
                        testcasecount="1" result="Failed" site="Child"
                        start-time="2023-08-08 03:18:55Z" end-time="2023-08-08 03:18:55Z"
                        duration="0.012642" total="1" passed="0" failed="1" inconclusive="0"
                        skipped="0" asserts="0">
                        <properties />
                        <failure>
                            <message><![CDATA[One or more child tests had errors]]></message>
                        </failure>
                        <test-case id="2659" name="CheckQuickLoad"
                            fullname="Tests.Config.GameManagerTest.CheckQuickLoad"
                            methodname="CheckQuickLoad" classname="Tests.Config.GameManagerTest"
                            runstate="Runnable" seed="2009710692" result="Failed"
                            start-time="2023-08-08 03:18:55Z" end-time="2023-08-08 03:18:55Z"
                            duration="0.008194" asserts="0">
                            <properties />
                            <failure>
                                <message><![CDATA[GameManager shouldn't have QuickLoad enabled!]]></message>
                                <stack-trace><![CDATA[at Tests.Config.GameManagerTest.CheckQuickLoad () [0x000a3] in /github/workspace/UnityProject/Assets/Tests/Config/GameManagerTest.cs:37
]]></stack-trace>
                            </failure>
                        </test-case>
                    </test-suite>
                </test-suite>
                <test-suite type="TestFixture" id="1891" name="CraftingTests"
                    fullname="Tests.CraftingTests" classname="Tests.CraftingTests"
                    runstate="Runnable" testcasecount="3" result="Passed"
                    start-time="2023-08-08 03:18:55Z" end-time="2023-08-08 03:18:55Z"
                    duration="0.307691" total="3" passed="3" failed="0" inconclusive="0" skipped="0"
                    asserts="0">
                    <properties />
                    <test-case id="1892" name="CheckCraftingIndex"
                        fullname="Tests.CraftingTests.CheckCraftingIndex"
                        methodname="CheckCraftingIndex" classname="Tests.CraftingTests"
                        runstate="Runnable" seed="1870440481" result="Passed"
                        start-time="2023-08-08 03:18:55Z" end-time="2023-08-08 03:18:55Z"
                        duration="0.112359" asserts="0">
                        <properties />
                    </test-case>
                    <test-case id="1893" name="CheckCraftingListTest"
                        fullname="Tests.CraftingTests.CheckCraftingListTest"
                        methodname="CheckCraftingListTest" classname="Tests.CraftingTests"
                        runstate="Runnable" seed="1614793586" result="Passed"
                        start-time="2023-08-08 03:18:55Z" end-time="2023-08-08 03:18:55Z"
                        duration="0.048272" asserts="0">
                        <properties />
                    </test-case>
                    <test-case id="1894" name="CheckIngredientCrossLinks"
                        fullname="Tests.CraftingTests.CheckIngredientCrossLinks"
                        methodname="CheckIngredientCrossLinks" classname="Tests.CraftingTests"
                        runstate="Runnable" seed="748444068" result="Passed"
                        start-time="2023-08-08 03:18:55Z" end-time="2023-08-08 03:18:55Z"
                        duration="0.145011" asserts="0">
                        <properties />
                    </test-case>
                </test-suite>
                <test-suite type="TestFixture" id="1895" name="EncryptionTest"
                    fullname="Tests.EncryptionTest" classname="Tests.EncryptionTest"
                    runstate="Runnable" testcasecount="42" result="Passed"
                    start-time="2023-08-08 03:18:55Z" end-time="2023-08-08 03:18:57Z"
                    duration="1.734375" total="42" passed="42" failed="0" inconclusive="0"
                    skipped="0" asserts="0">
                    <properties />
                    <test-suite type="ParameterizedMethod" id="1943"
                        name="DecryptingSafelyWithWrongKeyShouldNotThrowCryptographicException"
                        fullname="Tests.EncryptionTest.DecryptingSafelyWithWrongKeyShouldNotThrowCryptographicException"
                        classname="Tests.EncryptionTest" runstate="Runnable" testcasecount="7"
                        result="Passed" start-time="2023-08-08 03:18:55Z"
                        end-time="2023-08-08 03:18:55Z" duration="0.333402" total="7" passed="7"
                        failed="0" inconclusive="0" skipped="0" asserts="0">
                        <properties />
                        <test-case id="1936"
                            name="DecryptingSafelyWithWrongKeyShouldNotThrowCryptographicException(&quot;honk&quot;)"
                            fullname="Tests.EncryptionTest.DecryptingSafelyWithWrongKeyShouldNotThrowCryptographicException(&quot;honk&quot;)"
                            methodname="DecryptingSafelyWithWrongKeyShouldNotThrowCryptographicException"
                            classname="Tests.EncryptionTest" runstate="Runnable" seed="514625887"
                            result="Passed" start-time="2023-08-08 03:18:55Z"
                            end-time="2023-08-08 03:18:55Z" duration="0.072905" asserts="0">
                            <properties />
                        </test-case>
                        <test-case id="1937"
                            name="DecryptingSafelyWithWrongKeyShouldNotThrowCryptographicException(&quot;hello world&quot;)"
                            fullname="Tests.EncryptionTest.DecryptingSafelyWithWrongKeyShouldNotThrowCryptographicException(&quot;hello world&quot;)"
                            methodname="DecryptingSafelyWithWrongKeyShouldNotThrowCryptographicException"
                            classname="Tests.EncryptionTest" runstate="Runnable" seed="1137850244"
                            result="Passed" start-time="2023-08-08 03:18:55Z"
                            end-time="2023-08-08 03:18:55Z" duration="0.043304" asserts="0">
                            <properties />
                        </test-case>
                        <test-case id="1938"
                            name="DecryptingSafelyWithWrongKeyShouldNotThrowCryptographicException(&quot;123abc&quot;)"
                            fullname="Tests.EncryptionTest.DecryptingSafelyWithWrongKeyShouldNotThrowCryptographicException(&quot;123abc&quot;)"
                            methodname="DecryptingSafelyWithWrongKeyShouldNotThrowCryptographicException"
                            classname="Tests.EncryptionTest" runstate="Runnable" seed="1718723157"
                            result="Passed" start-time="2023-08-08 03:18:55Z"
                            end-time="2023-08-08 03:18:55Z" duration="0.041995" asserts="0">
                            <properties />
                        </test-case>
                        <test-case id="1939"
                            name="DecryptingSafelyWithWrongKeyShouldNotThrowCryptographicException(&quot;/\\|^$@&quot;)"
                            fullname="Tests.EncryptionTest.DecryptingSafelyWithWrongKeyShouldNotThrowCryptographicException(&quot;/\\|^$@&quot;)"
                            methodname="DecryptingSafelyWithWrongKeyShouldNotThrowCryptographicException"
                            classname="Tests.EncryptionTest" runstate="Runnable" seed="231412020"
                            result="Passed" start-time="2023-08-08 03:18:55Z"
                            end-time="2023-08-08 03:18:55Z" duration="0.043229" asserts="0">
                            <properties />
                        </test-case>
                        <test-case id="1940"
                            name="DecryptingSafelyWithWrongKeyShouldNotThrowCryptographicException(&quot;\&quot;a string\&quot;&quot;)"
                            fullname="Tests.EncryptionTest.DecryptingSafelyWithWrongKeyShouldNotThrowCryptographicException(&quot;\&quot;a string\&quot;&quot;)"
                            methodname="DecryptingSafelyWithWrongKeyShouldNotThrowCryptographicException"
                            classname="Tests.EncryptionTest" runstate="Runnable" seed="1535804332"
                            result="Passed" start-time="2023-08-08 03:18:55Z"
                            end-time="2023-08-08 03:18:55Z" duration="0.042129" asserts="0">
                            <properties />
                        </test-case>
                        <test-case id="1941"
                            name="DecryptingSafelyWithWrongKeyShouldNotThrowCryptographicException(&quot;\n\t\r&quot;)"
                            fullname="Tests.EncryptionTest.DecryptingSafelyWithWrongKeyShouldNotThrowCryptographicException(&quot;\n\t\r&quot;)"
                            methodname="DecryptingSafelyWithWrongKeyShouldNotThrowCryptographicException"
                            classname="Tests.EncryptionTest" runstate="Runnable" seed="1359614455"
                            result="Passed" start-time="2023-08-08 03:18:55Z"
                            end-time="2023-08-08 03:18:55Z" duration="0.042200" asserts="0">
                            <properties />
                        </test-case>
                        <test-case id="1942"
                            name="DecryptingSafelyWithWrongKeyShouldNotThrowCryptographicException(&quot; &quot;)"
                            fullname="Tests.EncryptionTest.DecryptingSafelyWithWrongKeyShouldNotThrowCryptographicException(&quot; &quot;)"
                            methodname="DecryptingSafelyWithWrongKeyShouldNotThrowCryptographicException"
                            classname="Tests.EncryptionTest" runstate="Runnable" seed="926578027"
                            result="Passed" start-time="2023-08-08 03:18:55Z"
                            end-time="2023-08-08 03:18:55Z" duration="0.043591" asserts="0">
                            <properties />
                        </test-case>
                    </test-suite>
                    <test-suite type="ParameterizedMethod" id="1911"
                        name="DecryptingWithRightKeyResultsInOriginalMessage"
                        fullname="Tests.EncryptionTest.DecryptingWithRightKeyResultsInOriginalMessage"
                        classname="Tests.EncryptionTest" runstate="Runnable" testcasecount="7"
                        result="Passed" start-time="2023-08-08 03:18:55Z"
                        end-time="2023-08-08 03:18:56Z" duration="0.307164" total="7" passed="7"
                        failed="0" inconclusive="0" skipped="0" asserts="0">
                        <properties />
                        <test-case id="1904"
                            name="DecryptingWithRightKeyResultsInOriginalMessage(&quot;honk&quot;)"
                            fullname="Tests.EncryptionTest.DecryptingWithRightKeyResultsInOriginalMessage(&quot;honk&quot;)"
                            methodname="DecryptingWithRightKeyResultsInOriginalMessage"
                            classname="Tests.EncryptionTest" runstate="Runnable" seed="1358182987"
                            result="Passed" start-time="2023-08-08 03:18:55Z"
                            end-time="2023-08-08 03:18:55Z" duration="0.044685" asserts="0">
                            <properties />
                        </test-case>
                        <test-case id="1905"
                            name="DecryptingWithRightKeyResultsInOriginalMessage(&quot;hello world&quot;)"
                            fullname="Tests.EncryptionTest.DecryptingWithRightKeyResultsInOriginalMessage(&quot;hello world&quot;)"
                            methodname="DecryptingWithRightKeyResultsInOriginalMessage"
                            classname="Tests.EncryptionTest" runstate="Runnable" seed="2017457146"
                            result="Passed" start-time="2023-08-08 03:18:55Z"
                            end-time="2023-08-08 03:18:55Z" duration="0.042322" asserts="0">
                            <properties />
                        </test-case>
                        <test-case id="1906"
                            name="DecryptingWithRightKeyResultsInOriginalMessage(&quot;123abc&quot;)"
                            fullname="Tests.EncryptionTest.DecryptingWithRightKeyResultsInOriginalMessage(&quot;123abc&quot;)"
                            methodname="DecryptingWithRightKeyResultsInOriginalMessage"
                            classname="Tests.EncryptionTest" runstate="Runnable" seed="1857580194"
                            result="Passed" start-time="2023-08-08 03:18:55Z"
                            end-time="2023-08-08 03:18:55Z" duration="0.042146" asserts="0">
                            <properties />
                        </test-case>
                        <test-case id="1907"
                            name="DecryptingWithRightKeyResultsInOriginalMessage(&quot;/\\|^$@&quot;)"
                            fullname="Tests.EncryptionTest.DecryptingWithRightKeyResultsInOriginalMessage(&quot;/\\|^$@&quot;)"
                            methodname="DecryptingWithRightKeyResultsInOriginalMessage"
                            classname="Tests.EncryptionTest" runstate="Runnable" seed="1515170089"
                            result="Passed" start-time="2023-08-08 03:18:55Z"
                            end-time="2023-08-08 03:18:56Z" duration="0.041854" asserts="0">
                            <properties />
                        </test-case>
                        <test-case id="1908"
                            name="DecryptingWithRightKeyResultsInOriginalMessage(&quot;\&quot;a string\&quot;&quot;)"
                            fullname="Tests.EncryptionTest.DecryptingWithRightKeyResultsInOriginalMessage(&quot;\&quot;a string\&quot;&quot;)"
                            methodname="DecryptingWithRightKeyResultsInOriginalMessage"
                            classname="Tests.EncryptionTest" runstate="Runnable" seed="978469881"
                            result="Passed" start-time="2023-08-08 03:18:56Z"
                            end-time="2023-08-08 03:18:56Z" duration="0.042361" asserts="0">
                            <properties />
                        </test-case>
                        <test-case id="1909"
                            name="DecryptingWithRightKeyResultsInOriginalMessage(&quot;\n\t\r&quot;)"
                            fullname="Tests.EncryptionTest.DecryptingWithRightKeyResultsInOriginalMessage(&quot;\n\t\r&quot;)"
                            methodname="DecryptingWithRightKeyResultsInOriginalMessage"
                            classname="Tests.EncryptionTest" runstate="Runnable" seed="895709853"
                            result="Passed" start-time="2023-08-08 03:18:56Z"
                            end-time="2023-08-08 03:18:56Z" duration="0.046594" asserts="0">
                            <properties />
                        </test-case>
                        <test-case id="1910"
                            name="DecryptingWithRightKeyResultsInOriginalMessage(&quot; &quot;)"
                            fullname="Tests.EncryptionTest.DecryptingWithRightKeyResultsInOriginalMessage(&quot; &quot;)"
                            methodname="DecryptingWithRightKeyResultsInOriginalMessage"
                            classname="Tests.EncryptionTest" runstate="Runnable" seed="2140288311"
                            result="Passed" start-time="2023-08-08 03:18:56Z"
                            end-time="2023-08-08 03:18:56Z" duration="0.044165" asserts="0">
                            <properties />
                        </test-case>
                    </test-suite>
                    <test-suite type="ParameterizedMethod" id="1919"
                        name="DecryptingWithWrongKeyResultsInCryptographicException"
                        fullname="Tests.EncryptionTest.DecryptingWithWrongKeyResultsInCryptographicException"
                        classname="Tests.EncryptionTest" runstate="Runnable" testcasecount="7"
                        result="Passed" start-time="2023-08-08 03:18:56Z"
                        end-time="2023-08-08 03:18:56Z" duration="0.342312" total="7" passed="7"
                        failed="0" inconclusive="0" skipped="0" asserts="0">
                        <properties />
                        <test-case id="1912"
                            name="DecryptingWithWrongKeyResultsInCryptographicException(&quot;honk&quot;)"
                            fullname="Tests.EncryptionTest.DecryptingWithWrongKeyResultsInCryptographicException(&quot;honk&quot;)"
                            methodname="DecryptingWithWrongKeyResultsInCryptographicException"
                            classname="Tests.EncryptionTest" runstate="Runnable" seed="1586423734"
                            result="Passed" start-time="2023-08-08 03:18:56Z"
                            end-time="2023-08-08 03:18:56Z" duration="0.062537" asserts="0">
                            <properties />
                        </test-case>
                        <test-case id="1913"
                            name="DecryptingWithWrongKeyResultsInCryptographicException(&quot;hello world&quot;)"
                            fullname="Tests.EncryptionTest.DecryptingWithWrongKeyResultsInCryptographicException(&quot;hello world&quot;)"
                            methodname="DecryptingWithWrongKeyResultsInCryptographicException"
                            classname="Tests.EncryptionTest" runstate="Runnable" seed="1061764202"
                            result="Passed" start-time="2023-08-08 03:18:56Z"
                            end-time="2023-08-08 03:18:56Z" duration="0.062885" asserts="0">
                            <properties />
                        </test-case>
                        <test-case id="1914"
                            name="DecryptingWithWrongKeyResultsInCryptographicException(&quot;123abc&quot;)"
                            fullname="Tests.EncryptionTest.DecryptingWithWrongKeyResultsInCryptographicException(&quot;123abc&quot;)"
                            methodname="DecryptingWithWrongKeyResultsInCryptographicException"
                            classname="Tests.EncryptionTest" runstate="Runnable" seed="636944747"
                            result="Passed" start-time="2023-08-08 03:18:56Z"
                            end-time="2023-08-08 03:18:56Z" duration="0.042757" asserts="0">
                            <properties />
                        </test-case>
                        <test-case id="1915"
                            name="DecryptingWithWrongKeyResultsInCryptographicException(&quot;/\\|^$@&quot;)"
                            fullname="Tests.EncryptionTest.DecryptingWithWrongKeyResultsInCryptographicException(&quot;/\\|^$@&quot;)"
                            methodname="DecryptingWithWrongKeyResultsInCryptographicException"
                            classname="Tests.EncryptionTest" runstate="Runnable" seed="779232927"
                            result="Passed" start-time="2023-08-08 03:18:56Z"
                            end-time="2023-08-08 03:18:56Z" duration="0.042558" asserts="0">
                            <properties />
                        </test-case>
                        <test-case id="1916"
                            name="DecryptingWithWrongKeyResultsInCryptographicException(&quot;\&quot;a string\&quot;&quot;)"
                            fullname="Tests.EncryptionTest.DecryptingWithWrongKeyResultsInCryptographicException(&quot;\&quot;a string\&quot;&quot;)"
                            methodname="DecryptingWithWrongKeyResultsInCryptographicException"
                            classname="Tests.EncryptionTest" runstate="Runnable" seed="639979462"
                            result="Passed" start-time="2023-08-08 03:18:56Z"
                            end-time="2023-08-08 03:18:56Z" duration="0.042374" asserts="0">
                            <properties />
                        </test-case>
                        <test-case id="1917"
                            name="DecryptingWithWrongKeyResultsInCryptographicException(&quot;\n\t\r&quot;)"
                            fullname="Tests.EncryptionTest.DecryptingWithWrongKeyResultsInCryptographicException(&quot;\n\t\r&quot;)"
                            methodname="DecryptingWithWrongKeyResultsInCryptographicException"
                            classname="Tests.EncryptionTest" runstate="Runnable" seed="1532003957"
                            result="Passed" start-time="2023-08-08 03:18:56Z"
                            end-time="2023-08-08 03:18:56Z" duration="0.042148" asserts="0">
                            <properties />
                        </test-case>
                        <test-case id="1918"
                            name="DecryptingWithWrongKeyResultsInCryptographicException(&quot; &quot;)"
                            fullname="Tests.EncryptionTest.DecryptingWithWrongKeyResultsInCryptographicException(&quot; &quot;)"
                            methodname="DecryptingWithWrongKeyResultsInCryptographicException"
                            classname="Tests.EncryptionTest" runstate="Runnable" seed="1429381208"
                            result="Passed" start-time="2023-08-08 03:18:56Z"
                            end-time="2023-08-08 03:18:56Z" duration="0.042842" asserts="0">
                            <properties />
                        </test-case>
                    </test-suite>
                    <test-suite type="ParameterizedMethod" id="1903"
                        name="EncryptedMessageShouldNotBeSameAsOriginal"
                        fullname="Tests.EncryptionTest.EncryptedMessageShouldNotBeSameAsOriginal"
                        classname="Tests.EncryptionTest" runstate="Runnable" testcasecount="7"
                        result="Passed" start-time="2023-08-08 03:18:56Z"
                        end-time="2023-08-08 03:18:56Z" duration="0.151008" total="7" passed="7"
                        failed="0" inconclusive="0" skipped="0" asserts="0">
                        <properties />
                        <test-case id="1896"
                            name="EncryptedMessageShouldNotBeSameAsOriginal(&quot;honk&quot;)"
                            fullname="Tests.EncryptionTest.EncryptedMessageShouldNotBeSameAsOriginal(&quot;honk&quot;)"
                            methodname="EncryptedMessageShouldNotBeSameAsOriginal"
                            classname="Tests.EncryptionTest" runstate="Runnable" seed="1288656676"
                            result="Passed" start-time="2023-08-08 03:18:56Z"
                            end-time="2023-08-08 03:18:56Z" duration="0.021716" asserts="0">
                            <properties />
                        </test-case>
                        <test-case id="1897"
                            name="EncryptedMessageShouldNotBeSameAsOriginal(&quot;hello world&quot;)"
                            fullname="Tests.EncryptionTest.EncryptedMessageShouldNotBeSameAsOriginal(&quot;hello world&quot;)"
                            methodname="EncryptedMessageShouldNotBeSameAsOriginal"
                            classname="Tests.EncryptionTest" runstate="Runnable" seed="716063292"
                            result="Passed" start-time="2023-08-08 03:18:56Z"
                            end-time="2023-08-08 03:18:56Z" duration="0.021289" asserts="0">
                            <properties />
                        </test-case>
                        <test-case id="1898"
                            name="EncryptedMessageShouldNotBeSameAsOriginal(&quot;123abc&quot;)"
                            fullname="Tests.EncryptionTest.EncryptedMessageShouldNotBeSameAsOriginal(&quot;123abc&quot;)"
                            methodname="EncryptedMessageShouldNotBeSameAsOriginal"
                            classname="Tests.EncryptionTest" runstate="Runnable" seed="466331769"
                            result="Passed" start-time="2023-08-08 03:18:56Z"
                            end-time="2023-08-08 03:18:56Z" duration="0.021250" asserts="0">
                            <properties />
                        </test-case>
                        <test-case id="1899"
                            name="EncryptedMessageShouldNotBeSameAsOriginal(&quot;/\\|^$@&quot;)"
                            fullname="Tests.EncryptionTest.EncryptedMessageShouldNotBeSameAsOriginal(&quot;/\\|^$@&quot;)"
                            methodname="EncryptedMessageShouldNotBeSameAsOriginal"
                            classname="Tests.EncryptionTest" runstate="Runnable" seed="537336428"
                            result="Passed" start-time="2023-08-08 03:18:56Z"
                            end-time="2023-08-08 03:18:56Z" duration="0.020927" asserts="0">
                            <properties />
                        </test-case>
                        <test-case id="1900"
                            name="EncryptedMessageShouldNotBeSameAsOriginal(&quot;\&quot;a string\&quot;&quot;)"
                            fullname="Tests.EncryptionTest.EncryptedMessageShouldNotBeSameAsOriginal(&quot;\&quot;a string\&quot;&quot;)"
                            methodname="EncryptedMessageShouldNotBeSameAsOriginal"
                            classname="Tests.EncryptionTest" runstate="Runnable" seed="575272143"
                            result="Passed" start-time="2023-08-08 03:18:56Z"
                            end-time="2023-08-08 03:18:56Z" duration="0.021551" asserts="0">
                            <properties />
                        </test-case>
                        <test-case id="1901"
                            name="EncryptedMessageShouldNotBeSameAsOriginal(&quot;\n\t\r&quot;)"
                            fullname="Tests.EncryptionTest.EncryptedMessageShouldNotBeSameAsOriginal(&quot;\n\t\r&quot;)"
                            methodname="EncryptedMessageShouldNotBeSameAsOriginal"
                            classname="Tests.EncryptionTest" runstate="Runnable" seed="1563737473"
                            result="Passed" start-time="2023-08-08 03:18:56Z"
                            end-time="2023-08-08 03:18:56Z" duration="0.020547" asserts="0">
                            <properties />
                        </test-case>
                        <test-case id="1902"
                            name="EncryptedMessageShouldNotBeSameAsOriginal(&quot; &quot;)"
                            fullname="Tests.EncryptionTest.EncryptedMessageShouldNotBeSameAsOriginal(&quot; &quot;)"
                            methodname="EncryptedMessageShouldNotBeSameAsOriginal"
                            classname="Tests.EncryptionTest" runstate="Runnable" seed="139938598"
                            result="Passed" start-time="2023-08-08 03:18:56Z"
                            end-time="2023-08-08 03:18:56Z" duration="0.020927" asserts="0">
                            <properties />
                        </test-case>
                    </test-suite>
                    <test-suite type="ParameterizedMethod" id="1935"
                        name="UsingDifferentKeyResultsInDifferentEncryptedMessage"
                        fullname="Tests.EncryptionTest.UsingDifferentKeyResultsInDifferentEncryptedMessage"
                        classname="Tests.EncryptionTest" runstate="Runnable" testcasecount="7"
                        result="Passed" start-time="2023-08-08 03:18:56Z"
                        end-time="2023-08-08 03:18:56Z" duration="0.297121" total="7" passed="7"
                        failed="0" inconclusive="0" skipped="0" asserts="0">
                        <properties />
                        <test-case id="1928"
                            name="UsingDifferentKeyResultsInDifferentEncryptedMessage(&quot;honk&quot;)"
                            fullname="Tests.EncryptionTest.UsingDifferentKeyResultsInDifferentEncryptedMessage(&quot;honk&quot;)"
                            methodname="UsingDifferentKeyResultsInDifferentEncryptedMessage"
                            classname="Tests.EncryptionTest" runstate="Runnable" seed="1976082352"
                            result="Passed" start-time="2023-08-08 03:18:56Z"
                            end-time="2023-08-08 03:18:56Z" duration="0.041819" asserts="0">
                            <properties />
                        </test-case>
                        <test-case id="1929"
                            name="UsingDifferentKeyResultsInDifferentEncryptedMessage(&quot;hello world&quot;)"
                            fullname="Tests.EncryptionTest.UsingDifferentKeyResultsInDifferentEncryptedMessage(&quot;hello world&quot;)"
                            methodname="UsingDifferentKeyResultsInDifferentEncryptedMessage"
                            classname="Tests.EncryptionTest" runstate="Runnable" seed="571315311"
                            result="Passed" start-time="2023-08-08 03:18:56Z"
                            end-time="2023-08-08 03:18:56Z" duration="0.042096" asserts="0">
                            <properties />
                        </test-case>
                        <test-case id="1930"
                            name="UsingDifferentKeyResultsInDifferentEncryptedMessage(&quot;123abc&quot;)"
                            fullname="Tests.EncryptionTest.UsingDifferentKeyResultsInDifferentEncryptedMessage(&quot;123abc&quot;)"
                            methodname="UsingDifferentKeyResultsInDifferentEncryptedMessage"
                            classname="Tests.EncryptionTest" runstate="Runnable" seed="352635073"
                            result="Passed" start-time="2023-08-08 03:18:56Z"
                            end-time="2023-08-08 03:18:56Z" duration="0.041870" asserts="0">
                            <properties />
                        </test-case>
                        <test-case id="1931"
                            name="UsingDifferentKeyResultsInDifferentEncryptedMessage(&quot;/\\|^$@&quot;)"
                            fullname="Tests.EncryptionTest.UsingDifferentKeyResultsInDifferentEncryptedMessage(&quot;/\\|^$@&quot;)"
                            methodname="UsingDifferentKeyResultsInDifferentEncryptedMessage"
                            classname="Tests.EncryptionTest" runstate="Runnable" seed="721889822"
                            result="Passed" start-time="2023-08-08 03:18:56Z"
                            end-time="2023-08-08 03:18:56Z" duration="0.042664" asserts="0">
                            <properties />
                        </test-case>
                        <test-case id="1932"
                            name="UsingDifferentKeyResultsInDifferentEncryptedMessage(&quot;\&quot;a string\&quot;&quot;)"
                            fullname="Tests.EncryptionTest.UsingDifferentKeyResultsInDifferentEncryptedMessage(&quot;\&quot;a string\&quot;&quot;)"
                            methodname="UsingDifferentKeyResultsInDifferentEncryptedMessage"
                            classname="Tests.EncryptionTest" runstate="Runnable" seed="1189609349"
                            result="Passed" start-time="2023-08-08 03:18:56Z"
                            end-time="2023-08-08 03:18:56Z" duration="0.041929" asserts="0">
                            <properties />
                        </test-case>
                        <test-case id="1933"
                            name="UsingDifferentKeyResultsInDifferentEncryptedMessage(&quot;\n\t\r&quot;)"
                            fullname="Tests.EncryptionTest.UsingDifferentKeyResultsInDifferentEncryptedMessage(&quot;\n\t\r&quot;)"
                            methodname="UsingDifferentKeyResultsInDifferentEncryptedMessage"
                            classname="Tests.EncryptionTest" runstate="Runnable" seed="778969918"
                            result="Passed" start-time="2023-08-08 03:18:56Z"
                            end-time="2023-08-08 03:18:56Z" duration="0.041740" asserts="0">
                            <properties />
                        </test-case>
                        <test-case id="1934"
                            name="UsingDifferentKeyResultsInDifferentEncryptedMessage(&quot; &quot;)"
                            fullname="Tests.EncryptionTest.UsingDifferentKeyResultsInDifferentEncryptedMessage(&quot; &quot;)"
                            methodname="UsingDifferentKeyResultsInDifferentEncryptedMessage"
                            classname="Tests.EncryptionTest" runstate="Runnable" seed="589255256"
                            result="Passed" start-time="2023-08-08 03:18:56Z"
                            end-time="2023-08-08 03:18:56Z" duration="0.042382" asserts="0">
                            <properties />
                        </test-case>
                    </test-suite>
                    <test-suite type="ParameterizedMethod" id="1927"
                        name="UsingSameKeyTwiceResultsInSameEncryptedMessage"
                        fullname="Tests.EncryptionTest.UsingSameKeyTwiceResultsInSameEncryptedMessage"
                        classname="Tests.EncryptionTest" runstate="Runnable" testcasecount="7"
                        result="Passed" start-time="2023-08-08 03:18:56Z"
                        end-time="2023-08-08 03:18:57Z" duration="0.300069" total="7" passed="7"
                        failed="0" inconclusive="0" skipped="0" asserts="0">
                        <properties />
                        <test-case id="1920"
                            name="UsingSameKeyTwiceResultsInSameEncryptedMessage(&quot;honk&quot;)"
                            fullname="Tests.EncryptionTest.UsingSameKeyTwiceResultsInSameEncryptedMessage(&quot;honk&quot;)"
                            methodname="UsingSameKeyTwiceResultsInSameEncryptedMessage"
                            classname="Tests.EncryptionTest" runstate="Runnable" seed="985988340"
                            result="Passed" start-time="2023-08-08 03:18:56Z"
                            end-time="2023-08-08 03:18:56Z" duration="0.042693" asserts="0">
                            <properties />
                        </test-case>
                        <test-case id="1921"
                            name="UsingSameKeyTwiceResultsInSameEncryptedMessage(&quot;hello world&quot;)"
                            fullname="Tests.EncryptionTest.UsingSameKeyTwiceResultsInSameEncryptedMessage(&quot;hello world&quot;)"
                            methodname="UsingSameKeyTwiceResultsInSameEncryptedMessage"
                            classname="Tests.EncryptionTest" runstate="Runnable" seed="1553736428"
                            result="Passed" start-time="2023-08-08 03:18:56Z"
                            end-time="2023-08-08 03:18:57Z" duration="0.042694" asserts="0">
                            <properties />
                        </test-case>
                        <test-case id="1922"
                            name="UsingSameKeyTwiceResultsInSameEncryptedMessage(&quot;123abc&quot;)"
                            fullname="Tests.EncryptionTest.UsingSameKeyTwiceResultsInSameEncryptedMessage(&quot;123abc&quot;)"
                            methodname="UsingSameKeyTwiceResultsInSameEncryptedMessage"
                            classname="Tests.EncryptionTest" runstate="Runnable" seed="1673644828"
                            result="Passed" start-time="2023-08-08 03:18:57Z"
                            end-time="2023-08-08 03:18:57Z" duration="0.042546" asserts="0">
                            <properties />
                        </test-case>
                        <test-case id="1923"
                            name="UsingSameKeyTwiceResultsInSameEncryptedMessage(&quot;/\\|^$@&quot;)"
                            fullname="Tests.EncryptionTest.UsingSameKeyTwiceResultsInSameEncryptedMessage(&quot;/\\|^$@&quot;)"
                            methodname="UsingSameKeyTwiceResultsInSameEncryptedMessage"
                            classname="Tests.EncryptionTest" runstate="Runnable" seed="1848898626"
                            result="Passed" start-time="2023-08-08 03:18:57Z"
                            end-time="2023-08-08 03:18:57Z" duration="0.042893" asserts="0">
                            <properties />
                        </test-case>
                        <test-case id="1924"
                            name="UsingSameKeyTwiceResultsInSameEncryptedMessage(&quot;\&quot;a string\&quot;&quot;)"
                            fullname="Tests.EncryptionTest.UsingSameKeyTwiceResultsInSameEncryptedMessage(&quot;\&quot;a string\&quot;&quot;)"
                            methodname="UsingSameKeyTwiceResultsInSameEncryptedMessage"
                            classname="Tests.EncryptionTest" runstate="Runnable" seed="2006561183"
                            result="Passed" start-time="2023-08-08 03:18:57Z"
                            end-time="2023-08-08 03:18:57Z" duration="0.041861" asserts="0">
                            <properties />
                        </test-case>
                        <test-case id="1925"
                            name="UsingSameKeyTwiceResultsInSameEncryptedMessage(&quot;\n\t\r&quot;)"
                            fullname="Tests.EncryptionTest.UsingSameKeyTwiceResultsInSameEncryptedMessage(&quot;\n\t\r&quot;)"
                            methodname="UsingSameKeyTwiceResultsInSameEncryptedMessage"
                            classname="Tests.EncryptionTest" runstate="Runnable" seed="91437299"
                            result="Passed" start-time="2023-08-08 03:18:57Z"
                            end-time="2023-08-08 03:18:57Z" duration="0.043644" asserts="0">
                            <properties />
                        </test-case>
                        <test-case id="1926"
                            name="UsingSameKeyTwiceResultsInSameEncryptedMessage(&quot; &quot;)"
                            fullname="Tests.EncryptionTest.UsingSameKeyTwiceResultsInSameEncryptedMessage(&quot; &quot;)"
                            methodname="UsingSameKeyTwiceResultsInSameEncryptedMessage"
                            classname="Tests.EncryptionTest" runstate="Runnable" seed="432110866"
                            result="Passed" start-time="2023-08-08 03:18:57Z"
                            end-time="2023-08-08 03:18:57Z" duration="0.041086" asserts="0">
                            <properties />
                        </test-case>
                    </test-suite>
                </test-suite>
                <test-suite type="TestFixture" id="1944" name="LanguageTests"
                    fullname="Tests.LanguageTests" classname="Tests.LanguageTests"
                    runstate="Runnable" testcasecount="2" result="Passed"
                    start-time="2023-08-08 03:18:57Z" end-time="2023-08-08 03:18:57Z"
                    duration="0.183326" total="2" passed="2" failed="0" inconclusive="0" skipped="0"
                    asserts="0">
                    <properties />
                    <test-case id="1946" name="CheckLanguageScramble"
                        fullname="Tests.LanguageTests.CheckLanguageScramble"
                        methodname="CheckLanguageScramble" classname="Tests.LanguageTests"
                        runstate="Runnable" seed="1680835670" result="Passed"
                        start-time="2023-08-08 03:18:57Z" end-time="2023-08-08 03:18:57Z"
                        duration="0.128413" asserts="0">
                        <properties />
                    </test-case>
                    <test-case id="1945" name="CheckLanguageSOs"
                        fullname="Tests.LanguageTests.CheckLanguageSOs"
                        methodname="CheckLanguageSOs" classname="Tests.LanguageTests"
                        runstate="Runnable" seed="1517803600" result="Passed"
                        start-time="2023-08-08 03:18:57Z" end-time="2023-08-08 03:18:57Z"
                        duration="0.052615" asserts="0">
                        <properties />
                    </test-case>
                </test-suite>
                <test-suite type="TestSuite" id="2727" name="Permissions"
                    fullname="Tests.Permissions" runstate="Runnable" testcasecount="20"
                    result="Passed" start-time="2023-08-08 03:18:57Z"
                    end-time="2023-08-08 03:18:57Z" duration="0.130838" total="20" passed="20"
                    failed="0" inconclusive="0" skipped="0" asserts="0">
                    <properties />
                    <test-suite type="TestFixture" id="2634" name="PermissionsManagerTests"
                        fullname="Tests.Permissions.PermissionsManagerTests"
                        classname="Tests.Permissions.PermissionsManagerTests" runstate="Runnable"
                        testcasecount="20" result="Passed" start-time="2023-08-08 03:18:57Z"
                        end-time="2023-08-08 03:18:57Z" duration="0.129437" total="20" passed="20"
                        failed="0" inconclusive="0" skipped="0" asserts="0">
                        <properties />
                        <test-case id="2657"
                            name="GivenAUserThatDoesNotExist_WhenCheckingPermission_ThenPermissionIsNotGranted"
                            fullname="Tests.Permissions.PermissionsManagerTests.GivenAUserThatDoesNotExist_WhenCheckingPermission_ThenPermissionIsNotGranted"
                            methodname="GivenAUserThatDoesNotExist_WhenCheckingPermission_ThenPermissionIsNotGranted"
                            classname="Tests.Permissions.PermissionsManagerTests"
                            runstate="Runnable" seed="1285418938" result="Passed"
                            start-time="2023-08-08 03:18:57Z" end-time="2023-08-08 03:18:57Z"
                            duration="0.080332" asserts="0">
                            <properties />
                        </test-case>
                        <test-suite type="ParameterizedMethod" id="2650"
                            name="GivenAUserWhoDoesNotHavePermission_WhenCheckingPermission_ThenPermissionIsNotGranted"
                            fullname="Tests.Permissions.PermissionsManagerTests.GivenAUserWhoDoesNotHavePermission_WhenCheckingPermission_ThenPermissionIsNotGranted"
                            classname="Tests.Permissions.PermissionsManagerTests"
                            runstate="Runnable" testcasecount="7" result="Passed"
                            start-time="2023-08-08 03:18:57Z" end-time="2023-08-08 03:18:57Z"
                            duration="0.016926" total="7" passed="7" failed="0" inconclusive="0"
                            skipped="0" asserts="0">
                            <properties />
                            <test-case id="2643"
                                name="GivenAUserWhoDoesNotHavePermission_WhenCheckingPermission_ThenPermissionIsNotGranted(&quot;player_abc&quot;,&quot;perm_d&quot;)"
                                fullname="Tests.Permissions.PermissionsManagerTests.GivenAUserWhoDoesNotHavePermission_WhenCheckingPermission_ThenPermissionIsNotGranted(&quot;player_abc&quot;,&quot;perm_d&quot;)"
                                methodname="GivenAUserWhoDoesNotHavePermission_WhenCheckingPermission_ThenPermissionIsNotGranted"
                                classname="Tests.Permissions.PermissionsManagerTests"
                                runstate="Runnable" seed="274822306" result="Passed"
                                start-time="2023-08-08 03:18:57Z" end-time="2023-08-08 03:18:57Z"
                                duration="0.002435" asserts="0">
                                <properties />
                            </test-case>
                            <test-case id="2644"
                                name="GivenAUserWhoDoesNotHavePermission_WhenCheckingPermission_ThenPermissionIsNotGranted(&quot;player_bcd&quot;,&quot;perm_a&quot;)"
                                fullname="Tests.Permissions.PermissionsManagerTests.GivenAUserWhoDoesNotHavePermission_WhenCheckingPermission_ThenPermissionIsNotGranted(&quot;player_bcd&quot;,&quot;perm_a&quot;)"
                                methodname="GivenAUserWhoDoesNotHavePermission_WhenCheckingPermission_ThenPermissionIsNotGranted"
                                classname="Tests.Permissions.PermissionsManagerTests"
                                runstate="Runnable" seed="1506601972" result="Passed"
                                start-time="2023-08-08 03:18:57Z" end-time="2023-08-08 03:18:57Z"
                                duration="0.002023" asserts="0">
                                <properties />
                            </test-case>
                            <test-case id="2645"
                                name="GivenAUserWhoDoesNotHavePermission_WhenCheckingPermission_ThenPermissionIsNotGranted(&quot;player_no_perms&quot;,&quot;perm_a&quot;)"
                                fullname="Tests.Permissions.PermissionsManagerTests.GivenAUserWhoDoesNotHavePermission_WhenCheckingPermission_ThenPermissionIsNotGranted(&quot;player_no_perms&quot;,&quot;perm_a&quot;)"
                                methodname="GivenAUserWhoDoesNotHavePermission_WhenCheckingPermission_ThenPermissionIsNotGranted"
                                classname="Tests.Permissions.PermissionsManagerTests"
                                runstate="Runnable" seed="1012596048" result="Passed"
                                start-time="2023-08-08 03:18:57Z" end-time="2023-08-08 03:18:57Z"
                                duration="0.001977" asserts="0">
                                <properties />
                            </test-case>
                            <test-case id="2646"
                                name="GivenAUserWhoDoesNotHavePermission_WhenCheckingPermission_ThenPermissionIsNotGranted(&quot;player_no_perms&quot;,&quot;perm_a&quot;)"
                                fullname="Tests.Permissions.PermissionsManagerTests.GivenAUserWhoDoesNotHavePermission_WhenCheckingPermission_ThenPermissionIsNotGranted(&quot;player_no_perms&quot;,&quot;perm_a&quot;)"
                                methodname="GivenAUserWhoDoesNotHavePermission_WhenCheckingPermission_ThenPermissionIsNotGranted"
                                classname="Tests.Permissions.PermissionsManagerTests"
                                runstate="Runnable" seed="1244246271" result="Passed"
                                start-time="2023-08-08 03:18:57Z" end-time="2023-08-08 03:18:57Z"
                                duration="0.001852" asserts="0">
                                <properties>
                                    <property name="childIndex" value="2" />
                                </properties>
                            </test-case>
                            <test-case id="2647"
                                name="GivenAUserWhoDoesNotHavePermission_WhenCheckingPermission_ThenPermissionIsNotGranted(&quot;player_no_perms&quot;,&quot;perm_b&quot;)"
                                fullname="Tests.Permissions.PermissionsManagerTests.GivenAUserWhoDoesNotHavePermission_WhenCheckingPermission_ThenPermissionIsNotGranted(&quot;player_no_perms&quot;,&quot;perm_b&quot;)"
                                methodname="GivenAUserWhoDoesNotHavePermission_WhenCheckingPermission_ThenPermissionIsNotGranted"
                                classname="Tests.Permissions.PermissionsManagerTests"
                                runstate="Runnable" seed="1497612131" result="Passed"
                                start-time="2023-08-08 03:18:57Z" end-time="2023-08-08 03:18:57Z"
                                duration="0.001921" asserts="0">
                                <properties />
                            </test-case>
                            <test-case id="2648"
                                name="GivenAUserWhoDoesNotHavePermission_WhenCheckingPermission_ThenPermissionIsNotGranted(&quot;player_no_perms&quot;,&quot;perm_c&quot;)"
                                fullname="Tests.Permissions.PermissionsManagerTests.GivenAUserWhoDoesNotHavePermission_WhenCheckingPermission_ThenPermissionIsNotGranted(&quot;player_no_perms&quot;,&quot;perm_c&quot;)"
                                methodname="GivenAUserWhoDoesNotHavePermission_WhenCheckingPermission_ThenPermissionIsNotGranted"
                                classname="Tests.Permissions.PermissionsManagerTests"
                                runstate="Runnable" seed="826753814" result="Passed"
                                start-time="2023-08-08 03:18:57Z" end-time="2023-08-08 03:18:57Z"
                                duration="0.001885" asserts="0">
                                <properties />
                            </test-case>
                            <test-case id="2649"
                                name="GivenAUserWhoDoesNotHavePermission_WhenCheckingPermission_ThenPermissionIsNotGranted(&quot;player_no_perms&quot;,&quot;perm_d&quot;)"
                                fullname="Tests.Permissions.PermissionsManagerTests.GivenAUserWhoDoesNotHavePermission_WhenCheckingPermission_ThenPermissionIsNotGranted(&quot;player_no_perms&quot;,&quot;perm_d&quot;)"
                                methodname="GivenAUserWhoDoesNotHavePermission_WhenCheckingPermission_ThenPermissionIsNotGranted"
                                classname="Tests.Permissions.PermissionsManagerTests"
                                runstate="Runnable" seed="1626580332" result="Passed"
                                start-time="2023-08-08 03:18:57Z" end-time="2023-08-08 03:18:57Z"
                                duration="0.001963" asserts="0">
                                <properties />
                            </test-case>
                        </test-suite>
                        <test-suite type="ParameterizedMethod" id="2642"
                            name="GivenAUserWhoHasPermission_WhenCheckingPermission_ThenPermissionIsGranted"
                            fullname="Tests.Permissions.PermissionsManagerTests.GivenAUserWhoHasPermission_WhenCheckingPermission_ThenPermissionIsGranted"
                            classname="Tests.Permissions.PermissionsManagerTests"
                            runstate="Runnable" testcasecount="6" result="Passed"
                            start-time="2023-08-08 03:18:57Z" end-time="2023-08-08 03:18:57Z"
                            duration="0.014143" total="6" passed="6" failed="0" inconclusive="0"
                            skipped="0" asserts="0">
                            <properties />
                            <test-case id="2636"
                                name="GivenAUserWhoHasPermission_WhenCheckingPermission_ThenPermissionIsGranted(&quot;player_abc&quot;,&quot;perm_a&quot;)"
                                fullname="Tests.Permissions.PermissionsManagerTests.GivenAUserWhoHasPermission_WhenCheckingPermission_ThenPermissionIsGranted(&quot;player_abc&quot;,&quot;perm_a&quot;)"
                                methodname="GivenAUserWhoHasPermission_WhenCheckingPermission_ThenPermissionIsGranted"
                                classname="Tests.Permissions.PermissionsManagerTests"
                                runstate="Runnable" seed="544734420" result="Passed"
                                start-time="2023-08-08 03:18:57Z" end-time="2023-08-08 03:18:57Z"
                                duration="0.002064" asserts="0">
                                <properties />
                            </test-case>
                            <test-case id="2637"
                                name="GivenAUserWhoHasPermission_WhenCheckingPermission_ThenPermissionIsGranted(&quot;player_abc&quot;,&quot;perm_b&quot;)"
                                fullname="Tests.Permissions.PermissionsManagerTests.GivenAUserWhoHasPermission_WhenCheckingPermission_ThenPermissionIsGranted(&quot;player_abc&quot;,&quot;perm_b&quot;)"
                                methodname="GivenAUserWhoHasPermission_WhenCheckingPermission_ThenPermissionIsGranted"
                                classname="Tests.Permissions.PermissionsManagerTests"
                                runstate="Runnable" seed="61587525" result="Passed"
                                start-time="2023-08-08 03:18:57Z" end-time="2023-08-08 03:18:57Z"
                                duration="0.001914" asserts="0">
                                <properties />
                            </test-case>
                            <test-case id="2638"
                                name="GivenAUserWhoHasPermission_WhenCheckingPermission_ThenPermissionIsGranted(&quot;player_abc&quot;,&quot;perm_c&quot;)"
                                fullname="Tests.Permissions.PermissionsManagerTests.GivenAUserWhoHasPermission_WhenCheckingPermission_ThenPermissionIsGranted(&quot;player_abc&quot;,&quot;perm_c&quot;)"
                                methodname="GivenAUserWhoHasPermission_WhenCheckingPermission_ThenPermissionIsGranted"
                                classname="Tests.Permissions.PermissionsManagerTests"
                                runstate="Runnable" seed="2072128918" result="Passed"
                                start-time="2023-08-08 03:18:57Z" end-time="2023-08-08 03:18:57Z"
                                duration="0.001904" asserts="0">
                                <properties />
                            </test-case>
                            <test-case id="2639"
                                name="GivenAUserWhoHasPermission_WhenCheckingPermission_ThenPermissionIsGranted(&quot;player_bcd&quot;,&quot;perm_b&quot;)"
                                fullname="Tests.Permissions.PermissionsManagerTests.GivenAUserWhoHasPermission_WhenCheckingPermission_ThenPermissionIsGranted(&quot;player_bcd&quot;,&quot;perm_b&quot;)"
                                methodname="GivenAUserWhoHasPermission_WhenCheckingPermission_ThenPermissionIsGranted"
                                classname="Tests.Permissions.PermissionsManagerTests"
                                runstate="Runnable" seed="1219653981" result="Passed"
                                start-time="2023-08-08 03:18:57Z" end-time="2023-08-08 03:18:57Z"
                                duration="0.001923" asserts="0">
                                <properties />
                            </test-case>
                            <test-case id="2640"
                                name="GivenAUserWhoHasPermission_WhenCheckingPermission_ThenPermissionIsGranted(&quot;player_bcd&quot;,&quot;perm_c&quot;)"
                                fullname="Tests.Permissions.PermissionsManagerTests.GivenAUserWhoHasPermission_WhenCheckingPermission_ThenPermissionIsGranted(&quot;player_bcd&quot;,&quot;perm_c&quot;)"
                                methodname="GivenAUserWhoHasPermission_WhenCheckingPermission_ThenPermissionIsGranted"
                                classname="Tests.Permissions.PermissionsManagerTests"
                                runstate="Runnable" seed="1459382427" result="Passed"
                                start-time="2023-08-08 03:18:57Z" end-time="2023-08-08 03:18:57Z"
                                duration="0.002198" asserts="0">
                                <properties />
                            </test-case>
                            <test-case id="2641"
                                name="GivenAUserWhoHasPermission_WhenCheckingPermission_ThenPermissionIsGranted(&quot;player_bcd&quot;,&quot;perm_d&quot;)"
                                fullname="Tests.Permissions.PermissionsManagerTests.GivenAUserWhoHasPermission_WhenCheckingPermission_ThenPermissionIsGranted(&quot;player_bcd&quot;,&quot;perm_d&quot;)"
                                methodname="GivenAUserWhoHasPermission_WhenCheckingPermission_ThenPermissionIsGranted"
                                classname="Tests.Permissions.PermissionsManagerTests"
                                runstate="Runnable" seed="1293251982" result="Passed"
                                start-time="2023-08-08 03:18:57Z" end-time="2023-08-08 03:18:57Z"
                                duration="0.001900" asserts="0">
                                <properties />
                            </test-case>
                        </test-suite>
                        <test-suite type="ParameterizedMethod" id="2656"
                            name="GivenAUserWithWildcardPermission_WhenCheckingPermission_ThenPermissionIsGranted"
                            fullname="Tests.Permissions.PermissionsManagerTests.GivenAUserWithWildcardPermission_WhenCheckingPermission_ThenPermissionIsGranted"
                            classname="Tests.Permissions.PermissionsManagerTests"
                            runstate="Runnable" testcasecount="5" result="Passed"
                            start-time="2023-08-08 03:18:57Z" end-time="2023-08-08 03:18:57Z"
                            duration="0.011541" total="5" passed="5" failed="0" inconclusive="0"
                            skipped="0" asserts="0">
                            <properties />
                            <test-case id="2651"
                                name="GivenAUserWithWildcardPermission_WhenCheckingPermission_ThenPermissionIsGranted(&quot;player_god&quot;,&quot;perm_a&quot;)"
                                fullname="Tests.Permissions.PermissionsManagerTests.GivenAUserWithWildcardPermission_WhenCheckingPermission_ThenPermissionIsGranted(&quot;player_god&quot;,&quot;perm_a&quot;)"
                                methodname="GivenAUserWithWildcardPermission_WhenCheckingPermission_ThenPermissionIsGranted"
                                classname="Tests.Permissions.PermissionsManagerTests"
                                runstate="Runnable" seed="377073369" result="Passed"
                                start-time="2023-08-08 03:18:57Z" end-time="2023-08-08 03:18:57Z"
                                duration="0.002046" asserts="0">
                                <properties />
                            </test-case>
                            <test-case id="2652"
                                name="GivenAUserWithWildcardPermission_WhenCheckingPermission_ThenPermissionIsGranted(&quot;player_god&quot;,&quot;perm_b&quot;)"
                                fullname="Tests.Permissions.PermissionsManagerTests.GivenAUserWithWildcardPermission_WhenCheckingPermission_ThenPermissionIsGranted(&quot;player_god&quot;,&quot;perm_b&quot;)"
                                methodname="GivenAUserWithWildcardPermission_WhenCheckingPermission_ThenPermissionIsGranted"
                                classname="Tests.Permissions.PermissionsManagerTests"
                                runstate="Runnable" seed="1099571092" result="Passed"
                                start-time="2023-08-08 03:18:57Z" end-time="2023-08-08 03:18:57Z"
                                duration="0.001966" asserts="0">
                                <properties />
                            </test-case>
                            <test-case id="2653"
                                name="GivenAUserWithWildcardPermission_WhenCheckingPermission_ThenPermissionIsGranted(&quot;player_god&quot;,&quot;perm_c&quot;)"
                                fullname="Tests.Permissions.PermissionsManagerTests.GivenAUserWithWildcardPermission_WhenCheckingPermission_ThenPermissionIsGranted(&quot;player_god&quot;,&quot;perm_c&quot;)"
                                methodname="GivenAUserWithWildcardPermission_WhenCheckingPermission_ThenPermissionIsGranted"
                                classname="Tests.Permissions.PermissionsManagerTests"
                                runstate="Runnable" seed="1692294292" result="Passed"
                                start-time="2023-08-08 03:18:57Z" end-time="2023-08-08 03:18:57Z"
                                duration="0.001877" asserts="0">
                                <properties />
                            </test-case>
                            <test-case id="2654"
                                name="GivenAUserWithWildcardPermission_WhenCheckingPermission_ThenPermissionIsGranted(&quot;player_god&quot;,&quot;perm_d&quot;)"
                                fullname="Tests.Permissions.PermissionsManagerTests.GivenAUserWithWildcardPermission_WhenCheckingPermission_ThenPermissionIsGranted(&quot;player_god&quot;,&quot;perm_d&quot;)"
                                methodname="GivenAUserWithWildcardPermission_WhenCheckingPermission_ThenPermissionIsGranted"
                                classname="Tests.Permissions.PermissionsManagerTests"
                                runstate="Runnable" seed="335444068" result="Passed"
                                start-time="2023-08-08 03:18:57Z" end-time="2023-08-08 03:18:57Z"
                                duration="0.001870" asserts="0">
                                <properties />
                            </test-case>
                            <test-case id="2655"
                                name="GivenAUserWithWildcardPermission_WhenCheckingPermission_ThenPermissionIsGranted(&quot;player_god&quot;,&quot;perm_not_listed&quot;)"
                                fullname="Tests.Permissions.PermissionsManagerTests.GivenAUserWithWildcardPermission_WhenCheckingPermission_ThenPermissionIsGranted(&quot;player_god&quot;,&quot;perm_not_listed&quot;)"
                                methodname="GivenAUserWithWildcardPermission_WhenCheckingPermission_ThenPermissionIsGranted"
                                classname="Tests.Permissions.PermissionsManagerTests"
                                runstate="Runnable" seed="792157770" result="Passed"
                                start-time="2023-08-08 03:18:57Z" end-time="2023-08-08 03:18:57Z"
                                duration="0.001896" asserts="0">
                                <properties />
                            </test-case>
                        </test-suite>
                        <test-case id="2635"
                            name="GivenValidConfig_WhenLoadingConfig_ThenConfigIsLoaded"
                            fullname="Tests.Permissions.PermissionsManagerTests.GivenValidConfig_WhenLoadingConfig_ThenConfigIsLoaded"
                            methodname="GivenValidConfig_WhenLoadingConfig_ThenConfigIsLoaded"
                            classname="Tests.Permissions.PermissionsManagerTests"
                            runstate="Runnable" seed="670997689" result="Passed"
                            start-time="2023-08-08 03:18:57Z" end-time="2023-08-08 03:18:57Z"
                            duration="0.002121" asserts="0">
                            <properties />
                        </test-case>
                    </test-suite>
                </test-suite>
                <test-suite type="TestSuite" id="2726" name="Scenes" fullname="Tests.Scenes"
                    runstate="Runnable" testcasecount="546" result="Passed"
                    start-time="2023-08-08 03:18:57Z" end-time="2023-08-08 03:24:32Z"
                    duration="334.938837" total="546" passed="546" failed="0" inconclusive="0"
                    skipped="0" asserts="0">
                    <properties />
                    <test-suite type="ParameterizedFixture" id="2319" name="GeneralSceneTests"
                        fullname="Tests.Scenes.GeneralSceneTests" runstate="Runnable"
                        testcasecount="312" result="Passed" start-time="2023-08-08 03:18:57Z"
                        end-time="2023-08-08 03:20:50Z" duration="112.914448" total="312"
                        passed="312" failed="0" inconclusive="0" skipped="0" asserts="0">
                        <properties />
                        <test-suite type="TestFixture" id="1968"
                            name="GeneralSceneTests(AncientStation)"
                            fullname="Tests.Scenes.GeneralSceneTests(AncientStation)"
                            classname="Tests.Scenes.GeneralSceneTests" runstate="Runnable"
                            testcasecount="8" result="Passed" start-time="2023-08-08 03:18:57Z"
                            end-time="2023-08-08 03:18:59Z" duration="1.995462" total="8" passed="8"
                            failed="0" inconclusive="0" skipped="0" asserts="0">
                            <properties>
                                <property name="Category" value="Scenes" />
                            </properties>
                            <test-case id="1976" name="GameObjectsDoNotHaveMissingReferences"
                                fullname="Tests.Scenes.GeneralSceneTests(AncientStation).GameObjectsDoNotHaveMissingReferences"
                                methodname="GameObjectsDoNotHaveMissingReferences"
                                classname="Tests.Scenes.GeneralSceneTests" runstate="Runnable"
                                seed="563536876" result="Passed" start-time="2023-08-08 03:18:59Z"
                                end-time="2023-08-08 03:18:59Z" duration="0.376081" asserts="0">
                                <properties />
                            </test-case>
                            <test-case id="1974" name="ItemStorageHasForcesSpawn"
                                fullname="Tests.Scenes.GeneralSceneTests(AncientStation).ItemStorageHasForcesSpawn"
                                methodname="ItemStorageHasForcesSpawn"
                                classname="Tests.Scenes.GeneralSceneTests" runstate="Runnable"
                                seed="1392520111" result="Passed" start-time="2023-08-08 03:18:59Z"
                                end-time="2023-08-08 03:18:59Z" duration="0.011159" asserts="0">
                                <properties />
                            </test-case>
                            <test-case id="1972" name="LayersHaveCorrectParentAndAreNotDuplicated"
                                fullname="Tests.Scenes.GeneralSceneTests(AncientStation).LayersHaveCorrectParentAndAreNotDuplicated"
                                methodname="LayersHaveCorrectParentAndAreNotDuplicated"
                                classname="Tests.Scenes.GeneralSceneTests" runstate="Runnable"
                                seed="835233206" result="Passed" start-time="2023-08-08 03:18:59Z"
                                end-time="2023-08-08 03:18:59Z" duration="0.008826" asserts="0">
                                <properties />
                            </test-case>
                            <test-case id="1973" name="MatrixHasAllLayers"
                                fullname="Tests.Scenes.GeneralSceneTests(AncientStation).MatrixHasAllLayers"
                                methodname="MatrixHasAllLayers"
                                classname="Tests.Scenes.GeneralSceneTests" runstate="Runnable"
                                seed="877785670" result="Passed" start-time="2023-08-08 03:18:59Z"
                                end-time="2023-08-08 03:18:59Z" duration="0.002427" asserts="0">
                                <properties />
                            </test-case>
                            <test-case id="1970" name="MatrixHasMatrixSyncAndIsCorrectParent"
                                fullname="Tests.Scenes.GeneralSceneTests(AncientStation).MatrixHasMatrixSyncAndIsCorrectParent"
                                methodname="MatrixHasMatrixSyncAndIsCorrectParent"
                                classname="Tests.Scenes.GeneralSceneTests" runstate="Runnable"
                                seed="2012162836" result="Passed" start-time="2023-08-08 03:18:59Z"
                                end-time="2023-08-08 03:18:59Z" duration="0.003286" asserts="0">
                                <properties />
                            </test-case>
                            <test-case id="1971" name="OffSetIsPresent0Dot5"
                                fullname="Tests.Scenes.GeneralSceneTests(AncientStation).OffSetIsPresent0Dot5"
                                methodname="OffSetIsPresent0Dot5"
                                classname="Tests.Scenes.GeneralSceneTests" runstate="Runnable"
                                seed="82034671" result="Passed" start-time="2023-08-08 03:18:59Z"
                                end-time="2023-08-08 03:18:59Z" duration="0.000932" asserts="0">
                                <properties />
                            </test-case>
                            <test-case id="1975" name="PipesAndCablesAreNotOverlappingOrDuplicate"
                                fullname="Tests.Scenes.GeneralSceneTests(AncientStation).PipesAndCablesAreNotOverlappingOrDuplicate"
                                methodname="PipesAndCablesAreNotOverlappingOrDuplicate"
                                classname="Tests.Scenes.GeneralSceneTests" runstate="Runnable"
                                seed="510848610" result="Passed" start-time="2023-08-08 03:18:59Z"
                                end-time="2023-08-08 03:18:59Z" duration="0.043756" asserts="0">
                                <properties />
                            </test-case>
                            <test-case id="1969" name="PrefabsAreNotAt00"
                                fullname="Tests.Scenes.GeneralSceneTests(AncientStation).PrefabsAreNotAt00"
                                methodname="PrefabsAreNotAt00"
                                classname="Tests.Scenes.GeneralSceneTests" runstate="Runnable"
                                seed="1570800063" result="Passed" start-time="2023-08-08 03:18:59Z"
                                end-time="2023-08-08 03:18:59Z" duration="0.009829" asserts="0">
                                <properties />
                            </test-case>
                        </test-suite>
                        <test-suite type="TestFixture" id="2184"
                            name="GeneralSceneTests(AncientTemple)"
                            fullname="Tests.Scenes.GeneralSceneTests(AncientTemple)"
                            classname="Tests.Scenes.GeneralSceneTests" runstate="Runnable"
                            testcasecount="8" result="Passed" start-time="2023-08-08 03:18:59Z"
                            end-time="2023-08-08 03:19:00Z" duration="1.023997" total="8" passed="8"
                            failed="0" inconclusive="0" skipped="0" asserts="0">
                            <properties>
                                <property name="Category" value="Scenes" />
                            </properties>
                            <test-case id="2192" name="GameObjectsDoNotHaveMissingReferences"
                                fullname="Tests.Scenes.GeneralSceneTests(AncientTemple).GameObjectsDoNotHaveMissingReferences"
                                methodname="GameObjectsDoNotHaveMissingReferences"
                                classname="Tests.Scenes.GeneralSceneTests" runstate="Runnable"
                                seed="455564809" result="Passed" start-time="2023-08-08 03:19:00Z"
                                end-time="2023-08-08 03:19:00Z" duration="0.112298" asserts="0">
                                <properties />
                            </test-case>
                            <test-case id="2190" name="ItemStorageHasForcesSpawn"
                                fullname="Tests.Scenes.GeneralSceneTests(AncientTemple).ItemStorageHasForcesSpawn"
                                methodname="ItemStorageHasForcesSpawn"
                                classname="Tests.Scenes.GeneralSceneTests" runstate="Runnable"
                                seed="1768016157" result="Passed" start-time="2023-08-08 03:19:00Z"
                                end-time="2023-08-08 03:19:00Z" duration="0.001277" asserts="0">
                                <properties />
                            </test-case>
                            <test-case id="2188" name="LayersHaveCorrectParentAndAreNotDuplicated"
                                fullname="Tests.Scenes.GeneralSceneTests(AncientTemple).LayersHaveCorrectParentAndAreNotDuplicated"
                                methodname="LayersHaveCorrectParentAndAreNotDuplicated"
                                classname="Tests.Scenes.GeneralSceneTests" runstate="Runnable"
                                seed="476191102" result="Passed" start-time="2023-08-08 03:19:00Z"
                                end-time="2023-08-08 03:19:00Z" duration="0.000839" asserts="0">
                                <properties />
                            </test-case>
                            <test-case id="2189" name="MatrixHasAllLayers"
                                fullname="Tests.Scenes.GeneralSceneTests(AncientTemple).MatrixHasAllLayers"
                                methodname="MatrixHasAllLayers"
                                classname="Tests.Scenes.GeneralSceneTests" runstate="Runnable"
                                seed="1737114546" result="Passed" start-time="2023-08-08 03:19:00Z"
                                end-time="2023-08-08 03:19:00Z" duration="0.000500" asserts="0">
                                <properties />
                            </test-case>
                            <test-case id="2186" name="MatrixHasMatrixSyncAndIsCorrectParent"
                                fullname="Tests.Scenes.GeneralSceneTests(AncientTemple).MatrixHasMatrixSyncAndIsCorrectParent"
                                methodname="MatrixHasMatrixSyncAndIsCorrectParent"
                                classname="Tests.Scenes.GeneralSceneTests" runstate="Runnable"
                                seed="1210921866" result="Passed" start-time="2023-08-08 03:19:00Z"
                                end-time="2023-08-08 03:19:00Z" duration="0.000567" asserts="0">
                                <properties />
                            </test-case>
                            <test-case id="2187" name="OffSetIsPresent0Dot5"
                                fullname="Tests.Scenes.GeneralSceneTests(AncientTemple).OffSetIsPresent0Dot5"
                                methodname="OffSetIsPresent0Dot5"
                                classname="Tests.Scenes.GeneralSceneTests" runstate="Runnable"
                                seed="1510624481" result="Passed" start-time="2023-08-08 03:19:00Z"
                                end-time="2023-08-08 03:19:00Z" duration="0.000161" asserts="0">
                                <properties />
                            </test-case>
                            <test-case id="2191" name="PipesAndCablesAreNotOverlappingOrDuplicate"
                                fullname="Tests.Scenes.GeneralSceneTests(AncientTemple).PipesAndCablesAreNotOverlappingOrDuplicate"
                                methodname="PipesAndCablesAreNotOverlappingOrDuplicate"
                                classname="Tests.Scenes.GeneralSceneTests" runstate="Runnable"
                                seed="327799270" result="Passed" start-time="2023-08-08 03:19:00Z"
                                end-time="2023-08-08 03:19:00Z" duration="0.013298" asserts="0">
                                <properties />
                            </test-case>
                            <test-case id="2185" name="PrefabsAreNotAt00"
                                fullname="Tests.Scenes.GeneralSceneTests(AncientTemple).PrefabsAreNotAt00"
                                methodname="PrefabsAreNotAt00"
                                classname="Tests.Scenes.GeneralSceneTests" runstate="Runnable"
                                seed="278393871" result="Passed" start-time="2023-08-08 03:19:00Z"
                                end-time="2023-08-08 03:19:00Z" duration="0.002766" asserts="0">
                                <properties />
                            </test-case>
                        </test-suite>
                        <test-suite type="TestFixture" id="2058"
                            name="GeneralSceneTests(Asteroid01)"
                            fullname="Tests.Scenes.GeneralSceneTests(Asteroid01)"
                            classname="Tests.Scenes.GeneralSceneTests" runstate="Runnable"
                            testcasecount="8" result="Passed" start-time="2023-08-08 03:19:00Z"
                            end-time="2023-08-08 03:19:01Z" duration="0.806599" total="8" passed="8"
                            failed="0" inconclusive="0" skipped="0" asserts="0">
                            <properties>
                                <property name="Category" value="Scenes" />
                            </properties>
                            <test-case id="2066" name="GameObjectsDoNotHaveMissingReferences"
                                fullname="Tests.Scenes.GeneralSceneTests(Asteroid01).GameObjectsDoNotHaveMissingReferences"
                                methodname="GameObjectsDoNotHaveMissingReferences"
                                classname="Tests.Scenes.GeneralSceneTests" runstate="Runnable"
                                seed="860494947" result="Passed" start-time="2023-08-08 03:19:01Z"
                                end-time="2023-08-08 03:19:01Z" duration="0.008375" asserts="0">
                                <properties />
                            </test-case>
                            <test-case id="2064" name="ItemStorageHasForcesSpawn"
                                fullname="Tests.Scenes.GeneralSceneTests(Asteroid01).ItemStorageHasForcesSpawn"
                                methodname="ItemStorageHasForcesSpawn"
                                classname="Tests.Scenes.GeneralSceneTests" runstate="Runnable"
                                seed="231377128" result="Passed" start-time="2023-08-08 03:19:01Z"
                                end-time="2023-08-08 03:19:01Z" duration="0.000270" asserts="0">
                                <properties />
                            </test-case>
                            <test-case id="2062" name="LayersHaveCorrectParentAndAreNotDuplicated"
                                fullname="Tests.Scenes.GeneralSceneTests(Asteroid01).LayersHaveCorrectParentAndAreNotDuplicated"
                                methodname="LayersHaveCorrectParentAndAreNotDuplicated"
                                classname="Tests.Scenes.GeneralSceneTests" runstate="Runnable"
                                seed="2120488998" result="Passed" start-time="2023-08-08 03:19:01Z"
                                end-time="2023-08-08 03:19:01Z" duration="0.000351" asserts="0">
                                <properties />
                            </test-case>
                            <test-case id="2063" name="MatrixHasAllLayers"
                                fullname="Tests.Scenes.GeneralSceneTests(Asteroid01).MatrixHasAllLayers"
                                methodname="MatrixHasAllLayers"
                                classname="Tests.Scenes.GeneralSceneTests" runstate="Runnable"
                                seed="929768865" result="Passed" start-time="2023-08-08 03:19:01Z"
                                end-time="2023-08-08 03:19:01Z" duration="0.000200" asserts="0">
                                <properties />
                            </test-case>
                            <test-case id="2060" name="MatrixHasMatrixSyncAndIsCorrectParent"
                                fullname="Tests.Scenes.GeneralSceneTests(Asteroid01).MatrixHasMatrixSyncAndIsCorrectParent"
                                methodname="MatrixHasMatrixSyncAndIsCorrectParent"
                                classname="Tests.Scenes.GeneralSceneTests" runstate="Runnable"
                                seed="1560660175" result="Passed" start-time="2023-08-08 03:19:01Z"
                                end-time="2023-08-08 03:19:01Z" duration="0.000255" asserts="0">
                                <properties />
                            </test-case>
                            <test-case id="2061" name="OffSetIsPresent0Dot5"
                                fullname="Tests.Scenes.GeneralSceneTests(Asteroid01).OffSetIsPresent0Dot5"
                                methodname="OffSetIsPresent0Dot5"
                                classname="Tests.Scenes.GeneralSceneTests" runstate="Runnable"
                                seed="1439916659" result="Passed" start-time="2023-08-08 03:19:01Z"
                                end-time="2023-08-08 03:19:01Z" duration="0.000157" asserts="0">
                                <properties />
                            </test-case>
                            <test-case id="2065" name="PipesAndCablesAreNotOverlappingOrDuplicate"
                                fullname="Tests.Scenes.GeneralSceneTests(Asteroid01).PipesAndCablesAreNotOverlappingOrDuplicate"
                                methodname="PipesAndCablesAreNotOverlappingOrDuplicate"
                                classname="Tests.Scenes.GeneralSceneTests" runstate="Runnable"
                                seed="1427210945" result="Passed" start-time="2023-08-08 03:19:01Z"
                                end-time="2023-08-08 03:19:01Z" duration="0.000198" asserts="0">
                                <properties />
                            </test-case>
                            <test-case id="2059" name="PrefabsAreNotAt00"
                                fullname="Tests.Scenes.GeneralSceneTests(Asteroid01).PrefabsAreNotAt00"
                                methodname="PrefabsAreNotAt00"
                                classname="Tests.Scenes.GeneralSceneTests" runstate="Runnable"
                                seed="442896803" result="Passed" start-time="2023-08-08 03:19:01Z"
                                end-time="2023-08-08 03:19:01Z" duration="0.000252" asserts="0">
                                <properties />
                            </test-case>
                        </test-suite>
                        <test-suite type="TestFixture" id="2067"
                            name="GeneralSceneTests(Asteroid02)"
                            fullname="Tests.Scenes.GeneralSceneTests(Asteroid02)"
                            classname="Tests.Scenes.GeneralSceneTests" runstate="Runnable"
                            testcasecount="8" result="Passed" start-time="2023-08-08 03:19:01Z"
                            end-time="2023-08-08 03:19:01Z" duration="0.283802" total="8" passed="8"
                            failed="0" inconclusive="0" skipped="0" asserts="0">
                            <properties>
                                <property name="Category" value="Scenes" />
                            </properties>
                            <test-case id="2075" name="GameObjectsDoNotHaveMissingReferences"
                                fullname="Tests.Scenes.GeneralSceneTests(Asteroid02).GameObjectsDoNotHaveMissingReferences"
                                methodname="GameObjectsDoNotHaveMissingReferences"
                                classname="Tests.Scenes.GeneralSceneTests" runstate="Runnable"
                                seed="1729283915" result="Passed" start-time="2023-08-08 03:19:01Z"
                                end-time="2023-08-08 03:19:01Z" duration="0.007803" asserts="0">
                                <properties />
                            </test-case>
                            <test-case id="2073" name="ItemStorageHasForcesSpawn"
                                fullname="Tests.Scenes.GeneralSceneTests(Asteroid02).ItemStorageHasForcesSpawn"
                                methodname="ItemStorageHasForcesSpawn"
                                classname="Tests.Scenes.GeneralSceneTests" runstate="Runnable"
                                seed="20145651" result="Passed" start-time="2023-08-08 03:19:01Z"
                                end-time="2023-08-08 03:19:01Z" duration="0.000268" asserts="0">
                                <properties />
                            </test-case>
                            <test-case id="2071" name="LayersHaveCorrectParentAndAreNotDuplicated"
                                fullname="Tests.Scenes.GeneralSceneTests(Asteroid02).LayersHaveCorrectParentAndAreNotDuplicated"
                                methodname="LayersHaveCorrectParentAndAreNotDuplicated"
                                classname="Tests.Scenes.GeneralSceneTests" runstate="Runnable"
                                seed="77676652" result="Passed" start-time="2023-08-08 03:19:01Z"
                                end-time="2023-08-08 03:19:01Z" duration="0.000377" asserts="0">
                                <properties />
                            </test-case>
                            <test-case id="2072" name="MatrixHasAllLayers"
                                fullname="Tests.Scenes.GeneralSceneTests(Asteroid02).MatrixHasAllLayers"
                                methodname="MatrixHasAllLayers"
                                classname="Tests.Scenes.GeneralSceneTests" runstate="Runnable"
                                seed="657389512" result="Passed" start-time="2023-08-08 03:19:01Z"
                                end-time="2023-08-08 03:19:01Z" duration="0.000196" asserts="0">
                                <properties />
                            </test-case>
                            <test-case id="2069" name="MatrixHasMatrixSyncAndIsCorrectParent"
                                fullname="Tests.Scenes.GeneralSceneTests(Asteroid02).MatrixHasMatrixSyncAndIsCorrectParent"
                                methodname="MatrixHasMatrixSyncAndIsCorrectParent"
                                classname="Tests.Scenes.GeneralSceneTests" runstate="Runnable"
                                seed="400506992" result="Passed" start-time="2023-08-08 03:19:01Z"
                                end-time="2023-08-08 03:19:01Z" duration="0.000255" asserts="0">
                                <properties />
                            </test-case>
                            <test-case id="2070" name="OffSetIsPresent0Dot5"
                                fullname="Tests.Scenes.GeneralSceneTests(Asteroid02).OffSetIsPresent0Dot5"
                                methodname="OffSetIsPresent0Dot5"
                                classname="Tests.Scenes.GeneralSceneTests" runstate="Runnable"
                                seed="545373832" result="Passed" start-time="2023-08-08 03:19:01Z"
                                end-time="2023-08-08 03:19:01Z" duration="0.000158" asserts="0">
                                <properties />
                            </test-case>
                            <test-case id="2074" name="PipesAndCablesAreNotOverlappingOrDuplicate"
                                fullname="Tests.Scenes.GeneralSceneTests(Asteroid02).PipesAndCablesAreNotOverlappingOrDuplicate"
                                methodname="PipesAndCablesAreNotOverlappingOrDuplicate"
                                classname="Tests.Scenes.GeneralSceneTests" runstate="Runnable"
                                seed="1623299433" result="Passed" start-time="2023-08-08 03:19:01Z"
                                end-time="2023-08-08 03:19:01Z" duration="0.000202" asserts="0">
                                <properties />
                            </test-case>
                            <test-case id="2068" name="PrefabsAreNotAt00"
                                fullname="Tests.Scenes.GeneralSceneTests(Asteroid02).PrefabsAreNotAt00"
                                methodname="PrefabsAreNotAt00"
                                classname="Tests.Scenes.GeneralSceneTests" runstate="Runnable"
                                seed="874143158" result="Passed" start-time="2023-08-08 03:19:01Z"
                                end-time="2023-08-08 03:19:01Z" duration="0.000250" asserts="0">
                                <properties />
                            </test-case>
                        </test-suite>
                        <test-suite type="TestFixture" id="2076"
                            name="GeneralSceneTests(Asteroid03)"
                            fullname="Tests.Scenes.GeneralSceneTests(Asteroid03)"
                            classname="Tests.Scenes.GeneralSceneTests" runstate="Runnable"
                            testcasecount="8" result="Passed" start-time="2023-08-08 03:19:01Z"
                            end-time="2023-08-08 03:19:02Z" duration="0.332083" total="8" passed="8"
                            failed="0" inconclusive="0" skipped="0" asserts="0">
                            <properties>
                                <property name="Category" value="Scenes" />
                            </properties>
                            <test-case id="2084" name="GameObjectsDoNotHaveMissingReferences"
                                fullname="Tests.Scenes.GeneralSceneTests(Asteroid03).GameObjectsDoNotHaveMissingReferences"
                                methodname="GameObjectsDoNotHaveMissingReferences"
                                classname="Tests.Scenes.GeneralSceneTests" runstate="Runnable"
                                seed="1162264962" result="Passed" start-time="2023-08-08 03:19:01Z"
                                end-time="2023-08-08 03:19:02Z" duration="0.012856" asserts="0">
                                <properties />
                            </test-case>
                            <test-case id="2082" name="ItemStorageHasForcesSpawn"
                                fullname="Tests.Scenes.GeneralSceneTests(Asteroid03).ItemStorageHasForcesSpawn"
                                methodname="ItemStorageHasForcesSpawn"
                                classname="Tests.Scenes.GeneralSceneTests" runstate="Runnable"
                                seed="450966251" result="Passed" start-time="2023-08-08 03:19:02Z"
                                end-time="2023-08-08 03:19:02Z" duration="0.000288" asserts="0">
                                <properties />
                            </test-case>
                            <test-case id="2080" name="LayersHaveCorrectParentAndAreNotDuplicated"
                                fullname="Tests.Scenes.GeneralSceneTests(Asteroid03).LayersHaveCorrectParentAndAreNotDuplicated"
                                methodname="LayersHaveCorrectParentAndAreNotDuplicated"
                                classname="Tests.Scenes.GeneralSceneTests" runstate="Runnable"
                                seed="148058467" result="Passed" start-time="2023-08-08 03:19:02Z"
                                end-time="2023-08-08 03:19:02Z" duration="0.000387" asserts="0">
                                <properties />
                            </test-case>
                            <test-case id="2081" name="MatrixHasAllLayers"
                                fullname="Tests.Scenes.GeneralSceneTests(Asteroid03).MatrixHasAllLayers"
                                methodname="MatrixHasAllLayers"
                                classname="Tests.Scenes.GeneralSceneTests" runstate="Runnable"
                                seed="723990277" result="Passed" start-time="2023-08-08 03:19:02Z"
                                end-time="2023-08-08 03:19:02Z" duration="0.000216" asserts="0">
                                <properties />
                            </test-case>
                            <test-case id="2078" name="MatrixHasMatrixSyncAndIsCorrectParent"
                                fullname="Tests.Scenes.GeneralSceneTests(Asteroid03).MatrixHasMatrixSyncAndIsCorrectParent"
                                methodname="MatrixHasMatrixSyncAndIsCorrectParent"
                                classname="Tests.Scenes.GeneralSceneTests" runstate="Runnable"
                                seed="2054179654" result="Passed" start-time="2023-08-08 03:19:02Z"
                                end-time="2023-08-08 03:19:02Z" duration="0.000279" asserts="0">
                                <properties />
                            </test-case>
                            <test-case id="2079" name="OffSetIsPresent0Dot5"
                                fullname="Tests.Scenes.GeneralSceneTests(Asteroid03).OffSetIsPresent0Dot5"
                                methodname="OffSetIsPresent0Dot5"
                                classname="Tests.Scenes.GeneralSceneTests" runstate="Runnable"
                                seed="1810409591" result="Passed" start-time="2023-08-08 03:19:02Z"
                                end-time="2023-08-08 03:19:02Z" duration="0.000157" asserts="0">
                                <properties />
                            </test-case>
                            <test-case id="2083" name="PipesAndCablesAreNotOverlappingOrDuplicate"
                                fullname="Tests.Scenes.GeneralSceneTests(Asteroid03).PipesAndCablesAreNotOverlappingOrDuplicate"
                                methodname="PipesAndCablesAreNotOverlappingOrDuplicate"
                                classname="Tests.Scenes.GeneralSceneTests" runstate="Runnable"
                                seed="1427732188" result="Passed" start-time="2023-08-08 03:19:02Z"
                                end-time="2023-08-08 03:19:02Z" duration="0.000246" asserts="0">
                                <properties />
                            </test-case>
                            <test-case id="2077" name="PrefabsAreNotAt00"
                                fullname="Tests.Scenes.GeneralSceneTests(Asteroid03).PrefabsAreNotAt00"
                                methodname="PrefabsAreNotAt00"
                                classname="Tests.Scenes.GeneralSceneTests" runstate="Runnable"
                                seed="1160962588" result="Passed" start-time="2023-08-08 03:19:02Z"
                                end-time="2023-08-08 03:19:02Z" duration="0.000357" asserts="0">
                                <properties />
                            </test-case>
                        </test-suite>
                        <test-suite type="TestFixture" id="2085"
                            name="GeneralSceneTests(Asteroid04)"
                            fullname="Tests.Scenes.GeneralSceneTests(Asteroid04)"
                            classname="Tests.Scenes.GeneralSceneTests" runstate="Runnable"
                            testcasecount="8" result="Passed" start-time="2023-08-08 03:19:02Z"
                            end-time="2023-08-08 03:19:02Z" duration="0.385820" total="8" passed="8"
                            failed="0" inconclusive="0" skipped="0" asserts="0">
                            <properties>
                                <property name="Category" value="Scenes" />
                            </properties>
                            <test-case id="2093" name="GameObjectsDoNotHaveMissingReferences"
                                fullname="Tests.Scenes.GeneralSceneTests(Asteroid04).GameObjectsDoNotHaveMissingReferences"
                                methodname="GameObjectsDoNotHaveMissingReferences"
                                classname="Tests.Scenes.GeneralSceneTests" runstate="Runnable"
                                seed="2078278628" result="Passed" start-time="2023-08-08 03:19:02Z"
                                end-time="2023-08-08 03:19:02Z" duration="0.011664" asserts="0">
                                <properties />
                            </test-case>
                            <test-case id="2091" name="ItemStorageHasForcesSpawn"
                                fullname="Tests.Scenes.GeneralSceneTests(Asteroid04).ItemStorageHasForcesSpawn"
                                methodname="ItemStorageHasForcesSpawn"
                                classname="Tests.Scenes.GeneralSceneTests" runstate="Runnable"
                                seed="1358950886" result="Passed" start-time="2023-08-08 03:19:02Z"
                                end-time="2023-08-08 03:19:02Z" duration="0.000282" asserts="0">
                                <properties />
                            </test-case>
                            <test-case id="2089" name="LayersHaveCorrectParentAndAreNotDuplicated"
                                fullname="Tests.Scenes.GeneralSceneTests(Asteroid04).LayersHaveCorrectParentAndAreNotDuplicated"
                                methodname="LayersHaveCorrectParentAndAreNotDuplicated"
                                classname="Tests.Scenes.GeneralSceneTests" runstate="Runnable"
                                seed="1811637124" result="Passed" start-time="2023-08-08 03:19:02Z"
                                end-time="2023-08-08 03:19:02Z" duration="0.000375" asserts="0">
                                <properties />
                            </test-case>
                            <test-case id="2090" name="MatrixHasAllLayers"
                                fullname="Tests.Scenes.GeneralSceneTests(Asteroid04).MatrixHasAllLayers"
                                methodname="MatrixHasAllLayers"
                                classname="Tests.Scenes.GeneralSceneTests" runstate="Runnable"
                                seed="470009982" result="Passed" start-time="2023-08-08 03:19:02Z"
                                end-time="2023-08-08 03:19:02Z" duration="0.000206" asserts="0">
                                <properties />
                            </test-case>
                            <test-case id="2087" name="MatrixHasMatrixSyncAndIsCorrectParent"
                                fullname="Tests.Scenes.GeneralSceneTests(Asteroid04).MatrixHasMatrixSyncAndIsCorrectParent"
                                methodname="MatrixHasMatrixSyncAndIsCorrectParent"
                                classname="Tests.Scenes.GeneralSceneTests" runstate="Runnable"
                                seed="1888000800" result="Passed" start-time="2023-08-08 03:19:02Z"
                                end-time="2023-08-08 03:19:02Z" duration="0.000262" asserts="0">
                                <properties />
                            </test-case>
                            <test-case id="2088" name="OffSetIsPresent0Dot5"
                                fullname="Tests.Scenes.GeneralSceneTests(Asteroid04).OffSetIsPresent0Dot5"
                                methodname="OffSetIsPresent0Dot5"
                                classname="Tests.Scenes.GeneralSceneTests" runstate="Runnable"
                                seed="1286180053" result="Passed" start-time="2023-08-08 03:19:02Z"
                                end-time="2023-08-08 03:19:02Z" duration="0.000159" asserts="0">
                                <properties />
                            </test-case>
                            <test-case id="2092" name="PipesAndCablesAreNotOverlappingOrDuplicate"
                                fullname="Tests.Scenes.GeneralSceneTests(Asteroid04).PipesAndCablesAreNotOverlappingOrDuplicate"
                                methodname="PipesAndCablesAreNotOverlappingOrDuplicate"
                                classname="Tests.Scenes.GeneralSceneTests" runstate="Runnable"
                                seed="773320652" result="Passed" start-time="2023-08-08 03:19:02Z"
                                end-time="2023-08-08 03:19:02Z" duration="0.000228" asserts="0">
                                <properties />
                            </test-case>
                            <test-case id="2086" name="PrefabsAreNotAt00"
                                fullname="Tests.Scenes.GeneralSceneTests(Asteroid04).PrefabsAreNotAt00"
                                methodname="PrefabsAreNotAt00"
                                classname="Tests.Scenes.GeneralSceneTests" runstate="Runnable"
                                seed="857711038" result="Passed" start-time="2023-08-08 03:19:02Z"
                                end-time="2023-08-08 03:19:02Z" duration="0.000342" asserts="0">
                                <properties />
                            </test-case>
                        </test-suite>
                        <test-suite type="TestFixture" id="2094"
                            name="GeneralSceneTests(Asteroid05)"
                            fullname="Tests.Scenes.GeneralSceneTests(Asteroid05)"
                            classname="Tests.Scenes.GeneralSceneTests" runstate="Runnable"
                            testcasecount="8" result="Passed" start-time="2023-08-08 03:19:02Z"
                            end-time="2023-08-08 03:19:02Z" duration="0.286672" total="8" passed="8"
                            failed="0" inconclusive="0" skipped="0" asserts="0">
                            <properties>
                                <property name="Category" value="Scenes" />
                            </properties>
                            <test-case id="2102" name="GameObjectsDoNotHaveMissingReferences"
                                fullname="Tests.Scenes.GeneralSceneTests(Asteroid05).GameObjectsDoNotHaveMissingReferences"
                                methodname="GameObjectsDoNotHaveMissingReferences"
                                classname="Tests.Scenes.GeneralSceneTests" runstate="Runnable"
                                seed="1074150397" result="Passed" start-time="2023-08-08 03:19:02Z"
                                end-time="2023-08-08 03:19:02Z" duration="0.006213" asserts="0">
                                <properties />
                            </test-case>
                            <test-case id="2100" name="ItemStorageHasForcesSpawn"
                                fullname="Tests.Scenes.GeneralSceneTests(Asteroid05).ItemStorageHasForcesSpawn"
                                methodname="ItemStorageHasForcesSpawn"
                                classname="Tests.Scenes.GeneralSceneTests" runstate="Runnable"
                                seed="661770468" result="Passed" start-time="2023-08-08 03:19:02Z"
                                end-time="2023-08-08 03:19:02Z" duration="0.000251" asserts="0">
                                <properties />
                            </test-case>
                            <test-case id="2098" name="LayersHaveCorrectParentAndAreNotDuplicated"
                                fullname="Tests.Scenes.GeneralSceneTests(Asteroid05).LayersHaveCorrectParentAndAreNotDuplicated"
                                methodname="LayersHaveCorrectParentAndAreNotDuplicated"
                                classname="Tests.Scenes.GeneralSceneTests" runstate="Runnable"
                                seed="1375871698" result="Passed" start-time="2023-08-08 03:19:02Z"
                                end-time="2023-08-08 03:19:02Z" duration="0.000356" asserts="0">
                                <properties />
                            </test-case>
                            <test-case id="2099" name="MatrixHasAllLayers"
                                fullname="Tests.Scenes.GeneralSceneTests(Asteroid05).MatrixHasAllLayers"
                                methodname="MatrixHasAllLayers"
                                classname="Tests.Scenes.GeneralSceneTests" runstate="Runnable"
                                seed="1590981003" result="Passed" start-time="2023-08-08 03:19:02Z"
                                end-time="2023-08-08 03:19:02Z" duration="0.000193" asserts="0">
                                <properties />
                            </test-case>
                            <test-case id="2096" name="MatrixHasMatrixSyncAndIsCorrectParent"
                                fullname="Tests.Scenes.GeneralSceneTests(Asteroid05).MatrixHasMatrixSyncAndIsCorrectParent"
                                methodname="MatrixHasMatrixSyncAndIsCorrectParent"
                                classname="Tests.Scenes.GeneralSceneTests" runstate="Runnable"
                                seed="1335832450" result="Passed" start-time="2023-08-08 03:19:02Z"
                                end-time="2023-08-08 03:19:02Z" duration="0.000252" asserts="0">
                                <properties />
                            </test-case>
                            <test-case id="2097" name="OffSetIsPresent0Dot5"
                                fullname="Tests.Scenes.GeneralSceneTests(Asteroid05).OffSetIsPresent0Dot5"
                                methodname="OffSetIsPresent0Dot5"
                                classname="Tests.Scenes.GeneralSceneTests" runstate="Runnable"
                                seed="1738757342" result="Passed" start-time="2023-08-08 03:19:02Z"
                                end-time="2023-08-08 03:19:02Z" duration="0.000165" asserts="0">
                                <properties />
                            </test-case>
                            <test-case id="2101" name="PipesAndCablesAreNotOverlappingOrDuplicate"
                                fullname="Tests.Scenes.GeneralSceneTests(Asteroid05).PipesAndCablesAreNotOverlappingOrDuplicate"
                                methodname="PipesAndCablesAreNotOverlappingOrDuplicate"
                                classname="Tests.Scenes.GeneralSceneTests" runstate="Runnable"
                                seed="751273025" result="Passed" start-time="2023-08-08 03:19:02Z"
                                end-time="2023-08-08 03:19:02Z" duration="0.000198" asserts="0">
                                <properties />
                            </test-case>
                            <test-case id="2095" name="PrefabsAreNotAt00"
                                fullname="Tests.Scenes.GeneralSceneTests(Asteroid05).PrefabsAreNotAt00"
                                methodname="PrefabsAreNotAt00"
                                classname="Tests.Scenes.GeneralSceneTests" runstate="Runnable"
                                seed="1106738131" result="Passed" start-time="2023-08-08 03:19:02Z"
                                end-time="2023-08-08 03:19:02Z" duration="0.000214" asserts="0">
                                <properties />
                            </test-case>
                        </test-suite>
                        <test-suite type="TestFixture" id="2103"
                            name="GeneralSceneTests(Asteroid06)"
                            fullname="Tests.Scenes.GeneralSceneTests(Asteroid06)"
                            classname="Tests.Scenes.GeneralSceneTests" runstate="Runnable"
                            testcasecount="8" result="Passed" start-time="2023-08-08 03:19:02Z"
                            end-time="2023-08-08 03:19:03Z" duration="0.668796" total="8" passed="8"
                            failed="0" inconclusive="0" skipped="0" asserts="0">
                            <properties>
                                <property name="Category" value="Scenes" />
                            </properties>
                            <test-case id="2111" name="GameObjectsDoNotHaveMissingReferences"
                                fullname="Tests.Scenes.GeneralSceneTests(Asteroid06).GameObjectsDoNotHaveMissingReferences"
                                methodname="GameObjectsDoNotHaveMissingReferences"
                                classname="Tests.Scenes.GeneralSceneTests" runstate="Runnable"
                                seed="1902198278" result="Passed" start-time="2023-08-08 03:19:03Z"
                                end-time="2023-08-08 03:19:03Z" duration="0.006580" asserts="0">
                                <properties />
                            </test-case>
                            <test-case id="2109" name="ItemStorageHasForcesSpawn"
                                fullname="Tests.Scenes.GeneralSceneTests(Asteroid06).ItemStorageHasForcesSpawn"
                                methodname="ItemStorageHasForcesSpawn"
                                classname="Tests.Scenes.GeneralSceneTests" runstate="Runnable"
                                seed="1280254287" result="Passed" start-time="2023-08-08 03:19:03Z"
                                end-time="2023-08-08 03:19:03Z" duration="0.000273" asserts="0">
                                <properties />
                            </test-case>
                            <test-case id="2107" name="LayersHaveCorrectParentAndAreNotDuplicated"
                                fullname="Tests.Scenes.GeneralSceneTests(Asteroid06).LayersHaveCorrectParentAndAreNotDuplicated"
                                methodname="LayersHaveCorrectParentAndAreNotDuplicated"
                                classname="Tests.Scenes.GeneralSceneTests" runstate="Runnable"
                                seed="1946052309" result="Passed" start-time="2023-08-08 03:19:03Z"
                                end-time="2023-08-08 03:19:03Z" duration="0.000353" asserts="0">
                                <properties />
                            </test-case>
                            <test-case id="2108" name="MatrixHasAllLayers"
                                fullname="Tests.Scenes.GeneralSceneTests(Asteroid06).MatrixHasAllLayers"
                                methodname="MatrixHasAllLayers"
                                classname="Tests.Scenes.GeneralSceneTests" runstate="Runnable"
                                seed="31080713" result="Passed" start-time="2023-08-08 03:19:03Z"
                                end-time="2023-08-08 03:19:03Z" duration="0.000190" asserts="0">
                                <properties />
                            </test-case>
                            <test-case id="2105" name="MatrixHasMatrixSyncAndIsCorrectParent"
                                fullname="Tests.Scenes.GeneralSceneTests(Asteroid06).MatrixHasMatrixSyncAndIsCorrectParent"
                                methodname="MatrixHasMatrixSyncAndIsCorrectParent"
                                classname="Tests.Scenes.GeneralSceneTests" runstate="Runnable"
                                seed="651369685" result="Passed" start-time="2023-08-08 03:19:03Z"
                                end-time="2023-08-08 03:19:03Z" duration="0.000248" asserts="0">
                                <properties />
                            </test-case>
                            <test-case id="2106" name="OffSetIsPresent0Dot5"
                                fullname="Tests.Scenes.GeneralSceneTests(Asteroid06).OffSetIsPresent0Dot5"
                                methodname="OffSetIsPresent0Dot5"
                                classname="Tests.Scenes.GeneralSceneTests" runstate="Runnable"
                                seed="1646874377" result="Passed" start-time="2023-08-08 03:19:03Z"
                                end-time="2023-08-08 03:19:03Z" duration="0.000160" asserts="0">
                                <properties />
                            </test-case>
                            <test-case id="2110" name="PipesAndCablesAreNotOverlappingOrDuplicate"
                                fullname="Tests.Scenes.GeneralSceneTests(Asteroid06).PipesAndCablesAreNotOverlappingOrDuplicate"
                                methodname="PipesAndCablesAreNotOverlappingOrDuplicate"
                                classname="Tests.Scenes.GeneralSceneTests" runstate="Runnable"
                                seed="2082506181" result="Passed" start-time="2023-08-08 03:19:03Z"
                                end-time="2023-08-08 03:19:03Z" duration="0.000210" asserts="0">
                                <properties />
                            </test-case>
                            <test-case id="2104" name="PrefabsAreNotAt00"
                                fullname="Tests.Scenes.GeneralSceneTests(Asteroid06).PrefabsAreNotAt00"
                                methodname="PrefabsAreNotAt00"
                                classname="Tests.Scenes.GeneralSceneTests" runstate="Runnable"
                                seed="374976069" result="Passed" start-time="2023-08-08 03:19:03Z"
                                end-time="2023-08-08 03:19:03Z" duration="0.000220" asserts="0">
                                <properties />
                            </test-case>
                        </test-suite>
                        <test-suite type="TestFixture" id="2112"
                            name="GeneralSceneTests(Asteroid07)"
                            fullname="Tests.Scenes.GeneralSceneTests(Asteroid07)"
                            classname="Tests.Scenes.GeneralSceneTests" runstate="Runnable"
                            testcasecount="8" result="Passed" start-time="2023-08-08 03:19:03Z"
                            end-time="2023-08-08 03:19:03Z" duration="0.304094" total="8" passed="8"
                            failed="0" inconclusive="0" skipped="0" asserts="0">
                            <properties>
                                <property name="Category" value="Scenes" />
                            </properties>
                            <test-case id="2120" name="GameObjectsDoNotHaveMissingReferences"
                                fullname="Tests.Scenes.GeneralSceneTests(Asteroid07).GameObjectsDoNotHaveMissingReferences"
                                methodname="GameObjectsDoNotHaveMissingReferences"
                                classname="Tests.Scenes.GeneralSceneTests" runstate="Runnable"
                                seed="1692455909" result="Passed" start-time="2023-08-08 03:19:03Z"
                                end-time="2023-08-08 03:19:03Z" duration="0.007389" asserts="0">
                                <properties />
                            </test-case>
                            <test-case id="2118" name="ItemStorageHasForcesSpawn"
                                fullname="Tests.Scenes.GeneralSceneTests(Asteroid07).ItemStorageHasForcesSpawn"
                                methodname="ItemStorageHasForcesSpawn"
                                classname="Tests.Scenes.GeneralSceneTests" runstate="Runnable"
                                seed="1087125233" result="Passed" start-time="2023-08-08 03:19:03Z"
                                end-time="2023-08-08 03:19:03Z" duration="0.000264" asserts="0">
                                <properties />
                            </test-case>
                            <test-case id="2116" name="LayersHaveCorrectParentAndAreNotDuplicated"
                                fullname="Tests.Scenes.GeneralSceneTests(Asteroid07).LayersHaveCorrectParentAndAreNotDuplicated"
                                methodname="LayersHaveCorrectParentAndAreNotDuplicated"
                                classname="Tests.Scenes.GeneralSceneTests" runstate="Runnable"
                                seed="196054608" result="Passed" start-time="2023-08-08 03:19:03Z"
                                end-time="2023-08-08 03:19:03Z" duration="0.000350" asserts="0">
                                <properties />
                            </test-case>
                            <test-case id="2117" name="MatrixHasAllLayers"
                                fullname="Tests.Scenes.GeneralSceneTests(Asteroid07).MatrixHasAllLayers"
                                methodname="MatrixHasAllLayers"
                                classname="Tests.Scenes.GeneralSceneTests" runstate="Runnable"
                                seed="663507653" result="Passed" start-time="2023-08-08 03:19:03Z"
                                end-time="2023-08-08 03:19:03Z" duration="0.000206" asserts="0">
                                <properties />
                            </test-case>
                            <test-case id="2114" name="MatrixHasMatrixSyncAndIsCorrectParent"
                                fullname="Tests.Scenes.GeneralSceneTests(Asteroid07).MatrixHasMatrixSyncAndIsCorrectParent"
                                methodname="MatrixHasMatrixSyncAndIsCorrectParent"
                                classname="Tests.Scenes.GeneralSceneTests" runstate="Runnable"
                                seed="966598929" result="Passed" start-time="2023-08-08 03:19:03Z"
                                end-time="2023-08-08 03:19:03Z" duration="0.000254" asserts="0">
                                <properties />
                            </test-case>
                            <test-case id="2115" name="OffSetIsPresent0Dot5"
                                fullname="Tests.Scenes.GeneralSceneTests(Asteroid07).OffSetIsPresent0Dot5"
                                methodname="OffSetIsPresent0Dot5"
                                classname="Tests.Scenes.GeneralSceneTests" runstate="Runnable"
                                seed="1844397765" result="Passed" start-time="2023-08-08 03:19:03Z"
                                end-time="2023-08-08 03:19:03Z" duration="0.000157" asserts="0">
                                <properties />
                            </test-case>
                            <test-case id="2119" name="PipesAndCablesAreNotOverlappingOrDuplicate"
                                fullname="Tests.Scenes.GeneralSceneTests(Asteroid07).PipesAndCablesAreNotOverlappingOrDuplicate"
                                methodname="PipesAndCablesAreNotOverlappingOrDuplicate"
                                classname="Tests.Scenes.GeneralSceneTests" runstate="Runnable"
                                seed="235453194" result="Passed" start-time="2023-08-08 03:19:03Z"
                                end-time="2023-08-08 03:19:03Z" duration="0.000214" asserts="0">
                                <properties />
                            </test-case>
                            <test-case id="2113" name="PrefabsAreNotAt00"
                                fullname="Tests.Scenes.GeneralSceneTests(Asteroid07).PrefabsAreNotAt00"
                                methodname="PrefabsAreNotAt00"
                                classname="Tests.Scenes.GeneralSceneTests" runstate="Runnable"
                                seed="2070928266" result="Passed" start-time="2023-08-08 03:19:03Z"
                                end-time="2023-08-08 03:19:03Z" duration="0.000238" asserts="0">
                                <properties />
                            </test-case>
                        </test-suite>
                        <test-suite type="TestFixture" id="2121"
                            name="GeneralSceneTests(Asteroid08)"
                            fullname="Tests.Scenes.GeneralSceneTests(Asteroid08)"
                            classname="Tests.Scenes.GeneralSceneTests" runstate="Runnable"
                            testcasecount="8" result="Passed" start-time="2023-08-08 03:19:03Z"
                            end-time="2023-08-08 03:19:03Z" duration="0.318876" total="8" passed="8"
                            failed="0" inconclusive="0" skipped="0" asserts="0">
                            <properties>
                                <property name="Category" value="Scenes" />
                            </properties>
                            <test-case id="2129" name="GameObjectsDoNotHaveMissingReferences"
                                fullname="Tests.Scenes.GeneralSceneTests(Asteroid08).GameObjectsDoNotHaveMissingReferences"
                                methodname="GameObjectsDoNotHaveMissingReferences"
                                classname="Tests.Scenes.GeneralSceneTests" runstate="Runnable"
                                seed="170132637" result="Passed" start-time="2023-08-08 03:19:03Z"
                                end-time="2023-08-08 03:19:03Z" duration="0.007834" asserts="0">
                                <properties />
                            </test-case>
                            <test-case id="2127" name="ItemStorageHasForcesSpawn"
                                fullname="Tests.Scenes.GeneralSceneTests(Asteroid08).ItemStorageHasForcesSpawn"
                                methodname="ItemStorageHasForcesSpawn"
                                classname="Tests.Scenes.GeneralSceneTests" runstate="Runnable"
                                seed="1139219598" result="Passed" start-time="2023-08-08 03:19:03Z"
                                end-time="2023-08-08 03:19:03Z" duration="0.000267" asserts="0">
                                <properties />
                            </test-case>
                            <test-case id="2125" name="LayersHaveCorrectParentAndAreNotDuplicated"
                                fullname="Tests.Scenes.GeneralSceneTests(Asteroid08).LayersHaveCorrectParentAndAreNotDuplicated"
                                methodname="LayersHaveCorrectParentAndAreNotDuplicated"
                                classname="Tests.Scenes.GeneralSceneTests" runstate="Runnable"
                                seed="1504595134" result="Passed" start-time="2023-08-08 03:19:03Z"
                                end-time="2023-08-08 03:19:03Z" duration="0.000361" asserts="0">
                                <properties />
                            </test-case>
                            <test-case id="2126" name="MatrixHasAllLayers"
                                fullname="Tests.Scenes.GeneralSceneTests(Asteroid08).MatrixHasAllLayers"
                                methodname="MatrixHasAllLayers"
                                classname="Tests.Scenes.GeneralSceneTests" runstate="Runnable"
                                seed="1124283133" result="Passed" start-time="2023-08-08 03:19:03Z"
                                end-time="2023-08-08 03:19:03Z" duration="0.000198" asserts="0">
                                <properties />
                            </test-case>
                            <test-case id="2123" name="MatrixHasMatrixSyncAndIsCorrectParent"
                                fullname="Tests.Scenes.GeneralSceneTests(Asteroid08).MatrixHasMatrixSyncAndIsCorrectParent"
                                methodname="MatrixHasMatrixSyncAndIsCorrectParent"
                                classname="Tests.Scenes.GeneralSceneTests" runstate="Runnable"
                                seed="1971130384" result="Passed" start-time="2023-08-08 03:19:03Z"
                                end-time="2023-08-08 03:19:03Z" duration="0.000259" asserts="0">
                                <properties />
                            </test-case>
                            <test-case id="2124" name="OffSetIsPresent0Dot5"
                                fullname="Tests.Scenes.GeneralSceneTests(Asteroid08).OffSetIsPresent0Dot5"
                                methodname="OffSetIsPresent0Dot5"
                                classname="Tests.Scenes.GeneralSceneTests" runstate="Runnable"
                                seed="906340031" result="Passed" start-time="2023-08-08 03:19:03Z"
                                end-time="2023-08-08 03:19:03Z" duration="0.000157" asserts="0">
                                <properties />
                            </test-case>
                            <test-case id="2128" name="PipesAndCablesAreNotOverlappingOrDuplicate"
                                fullname="Tests.Scenes.GeneralSceneTests(Asteroid08).PipesAndCablesAreNotOverlappingOrDuplicate"
                                methodname="PipesAndCablesAreNotOverlappingOrDuplicate"
                                classname="Tests.Scenes.GeneralSceneTests" runstate="Runnable"
                                seed="580564612" result="Passed" start-time="2023-08-08 03:19:03Z"
                                end-time="2023-08-08 03:19:03Z" duration="0.000205" asserts="0">
                                <properties />
                            </test-case>
                            <test-case id="2122" name="PrefabsAreNotAt00"
                                fullname="Tests.Scenes.GeneralSceneTests(Asteroid08).PrefabsAreNotAt00"
                                methodname="PrefabsAreNotAt00"
                                classname="Tests.Scenes.GeneralSceneTests" runstate="Runnable"
                                seed="2110462157" result="Passed" start-time="2023-08-08 03:19:03Z"
                                end-time="2023-08-08 03:19:03Z" duration="0.000250" asserts="0">
                                <properties />
                            </test-case>
                        </test-suite>
                        <test-suite type="TestFixture" id="2130"
                            name="GeneralSceneTests(Asteroid09)"
                            fullname="Tests.Scenes.GeneralSceneTests(Asteroid09)"
                            classname="Tests.Scenes.GeneralSceneTests" runstate="Runnable"
                            testcasecount="8" result="Passed" start-time="2023-08-08 03:19:03Z"
                            end-time="2023-08-08 03:19:04Z" duration="0.276653" total="8" passed="8"
                            failed="0" inconclusive="0" skipped="0" asserts="0">
                            <properties>
                                <property name="Category" value="Scenes" />
                            </properties>
                            <test-case id="2138" name="GameObjectsDoNotHaveMissingReferences"
                                fullname="Tests.Scenes.GeneralSceneTests(Asteroid09).GameObjectsDoNotHaveMissingReferences"
                                methodname="GameObjectsDoNotHaveMissingReferences"
                                classname="Tests.Scenes.GeneralSceneTests" runstate="Runnable"
                                seed="891954736" result="Passed" start-time="2023-08-08 03:19:04Z"
                                end-time="2023-08-08 03:19:04Z" duration="0.005261" asserts="0">
                                <properties />
                            </test-case>
                            <test-case id="2136" name="ItemStorageHasForcesSpawn"
                                fullname="Tests.Scenes.GeneralSceneTests(Asteroid09).ItemStorageHasForcesSpawn"
                                methodname="ItemStorageHasForcesSpawn"
                                classname="Tests.Scenes.GeneralSceneTests" runstate="Runnable"
                                seed="1864154474" result="Passed" start-time="2023-08-08 03:19:04Z"
                                end-time="2023-08-08 03:19:04Z" duration="0.000242" asserts="0">
                                <properties />
                            </test-case>
                            <test-case id="2134" name="LayersHaveCorrectParentAndAreNotDuplicated"
                                fullname="Tests.Scenes.GeneralSceneTests(Asteroid09).LayersHaveCorrectParentAndAreNotDuplicated"
                                methodname="LayersHaveCorrectParentAndAreNotDuplicated"
                                classname="Tests.Scenes.GeneralSceneTests" runstate="Runnable"
                                seed="550072" result="Passed" start-time="2023-08-08 03:19:04Z"
                                end-time="2023-08-08 03:19:04Z" duration="0.000351" asserts="0">
                                <properties />
                            </test-case>
                            <test-case id="2135" name="MatrixHasAllLayers"
                                fullname="Tests.Scenes.GeneralSceneTests(Asteroid09).MatrixHasAllLayers"
                                methodname="MatrixHasAllLayers"
                                classname="Tests.Scenes.GeneralSceneTests" runstate="Runnable"
                                seed="956440749" result="Passed" start-time="2023-08-08 03:19:04Z"
                                end-time="2023-08-08 03:19:04Z" duration="0.000187" asserts="0">
                                <properties />
                            </test-case>
                            <test-case id="2132" name="MatrixHasMatrixSyncAndIsCorrectParent"
                                fullname="Tests.Scenes.GeneralSceneTests(Asteroid09).MatrixHasMatrixSyncAndIsCorrectParent"
                                methodname="MatrixHasMatrixSyncAndIsCorrectParent"
                                classname="Tests.Scenes.GeneralSceneTests" runstate="Runnable"
                                seed="732252196" result="Passed" start-time="2023-08-08 03:19:04Z"
                                end-time="2023-08-08 03:19:04Z" duration="0.000248" asserts="0">
                                <properties />
                            </test-case>
                            <test-case id="2133" name="OffSetIsPresent0Dot5"
                                fullname="Tests.Scenes.GeneralSceneTests(Asteroid09).OffSetIsPresent0Dot5"
                                methodname="OffSetIsPresent0Dot5"
                                classname="Tests.Scenes.GeneralSceneTests" runstate="Runnable"
                                seed="763307694" result="Passed" start-time="2023-08-08 03:19:04Z"
                                end-time="2023-08-08 03:19:04Z" duration="0.000179" asserts="0">
                                <properties />
                            </test-case>
                            <test-case id="2137" name="PipesAndCablesAreNotOverlappingOrDuplicate"
                                fullname="Tests.Scenes.GeneralSceneTests(Asteroid09).PipesAndCablesAreNotOverlappingOrDuplicate"
                                methodname="PipesAndCablesAreNotOverlappingOrDuplicate"
                                classname="Tests.Scenes.GeneralSceneTests" runstate="Runnable"
                                seed="1491554552" result="Passed" start-time="2023-08-08 03:19:04Z"
                                end-time="2023-08-08 03:19:04Z" duration="0.000190" asserts="0">
                                <properties />
                            </test-case>
                            <test-case id="2131" name="PrefabsAreNotAt00"
                                fullname="Tests.Scenes.GeneralSceneTests(Asteroid09).PrefabsAreNotAt00"
                                methodname="PrefabsAreNotAt00"
                                classname="Tests.Scenes.GeneralSceneTests" runstate="Runnable"
                                seed="1190689008" result="Passed" start-time="2023-08-08 03:19:04Z"
                                end-time="2023-08-08 03:19:04Z" duration="0.000193" asserts="0">
                                <properties />
                            </test-case>
                        </test-suite>
                        <test-suite type="TestFixture" id="2139"
                            name="GeneralSceneTests(Asteroid10)"
                            fullname="Tests.Scenes.GeneralSceneTests(Asteroid10)"
                            classname="Tests.Scenes.GeneralSceneTests" runstate="Runnable"
                            testcasecount="8" result="Passed" start-time="2023-08-08 03:19:04Z"
                            end-time="2023-08-08 03:19:04Z" duration="0.587757" total="8" passed="8"
                            failed="0" inconclusive="0" skipped="0" asserts="0">
                            <properties>
                                <property name="Category" value="Scenes" />
                            </properties>
                            <test-case id="2147" name="GameObjectsDoNotHaveMissingReferences"
                                fullname="Tests.Scenes.GeneralSceneTests(Asteroid10).GameObjectsDoNotHaveMissingReferences"
                                methodname="GameObjectsDoNotHaveMissingReferences"
                                classname="Tests.Scenes.GeneralSceneTests" runstate="Runnable"
                                seed="1451002782" result="Passed" start-time="2023-08-08 03:19:04Z"
                                end-time="2023-08-08 03:19:04Z" duration="0.006574" asserts="0">
                                <properties />
                            </test-case>
                            <test-case id="2145" name="ItemStorageHasForcesSpawn"
                                fullname="Tests.Scenes.GeneralSceneTests(Asteroid10).ItemStorageHasForcesSpawn"
                                methodname="ItemStorageHasForcesSpawn"
                                classname="Tests.Scenes.GeneralSceneTests" runstate="Runnable"
                                seed="1737365776" result="Passed" start-time="2023-08-08 03:19:04Z"
                                end-time="2023-08-08 03:19:04Z" duration="0.000263" asserts="0">
                                <properties />
                            </test-case>
                            <test-case id="2143" name="LayersHaveCorrectParentAndAreNotDuplicated"
                                fullname="Tests.Scenes.GeneralSceneTests(Asteroid10).LayersHaveCorrectParentAndAreNotDuplicated"
                                methodname="LayersHaveCorrectParentAndAreNotDuplicated"
                                classname="Tests.Scenes.GeneralSceneTests" runstate="Runnable"
                                seed="1413576792" result="Passed" start-time="2023-08-08 03:19:04Z"
                                end-time="2023-08-08 03:19:04Z" duration="0.000655" asserts="0">
                                <properties />
                            </test-case>
                            <test-case id="2144" name="MatrixHasAllLayers"
                                fullname="Tests.Scenes.GeneralSceneTests(Asteroid10).MatrixHasAllLayers"
                                methodname="MatrixHasAllLayers"
                                classname="Tests.Scenes.GeneralSceneTests" runstate="Runnable"
                                seed="933788921" result="Passed" start-time="2023-08-08 03:19:04Z"
                                end-time="2023-08-08 03:19:04Z" duration="0.000205" asserts="0">
                                <properties />
                            </test-case>
                            <test-case id="2141" name="MatrixHasMatrixSyncAndIsCorrectParent"
                                fullname="Tests.Scenes.GeneralSceneTests(Asteroid10).MatrixHasMatrixSyncAndIsCorrectParent"
                                methodname="MatrixHasMatrixSyncAndIsCorrectParent"
                                classname="Tests.Scenes.GeneralSceneTests" runstate="Runnable"
                                seed="2099550380" result="Passed" start-time="2023-08-08 03:19:04Z"
                                end-time="2023-08-08 03:19:04Z" duration="0.000251" asserts="0">
                                <properties />
                            </test-case>
                            <test-case id="2142" name="OffSetIsPresent0Dot5"
                                fullname="Tests.Scenes.GeneralSceneTests(Asteroid10).OffSetIsPresent0Dot5"
                                methodname="OffSetIsPresent0Dot5"
                                classname="Tests.Scenes.GeneralSceneTests" runstate="Runnable"
                                seed="1481635135" result="Passed" start-time="2023-08-08 03:19:04Z"
                                end-time="2023-08-08 03:19:04Z" duration="0.000184" asserts="0">
                                <properties />
                            </test-case>
                            <test-case id="2146" name="PipesAndCablesAreNotOverlappingOrDuplicate"
                                fullname="Tests.Scenes.GeneralSceneTests(Asteroid10).PipesAndCablesAreNotOverlappingOrDuplicate"
                                methodname="PipesAndCablesAreNotOverlappingOrDuplicate"
                                classname="Tests.Scenes.GeneralSceneTests" runstate="Runnable"
                                seed="208645596" result="Passed" start-time="2023-08-08 03:19:04Z"
                                end-time="2023-08-08 03:19:04Z" duration="0.000197" asserts="0">
                                <properties />
                            </test-case>
                            <test-case id="2140" name="PrefabsAreNotAt00"
                                fullname="Tests.Scenes.GeneralSceneTests(Asteroid10).PrefabsAreNotAt00"
                                methodname="PrefabsAreNotAt00"
                                classname="Tests.Scenes.GeneralSceneTests" runstate="Runnable"
                                seed="81754004" result="Passed" start-time="2023-08-08 03:19:04Z"
                                end-time="2023-08-08 03:19:04Z" duration="0.000212" asserts="0">
                                <properties />
                            </test-case>
                        </test-suite>
                        <test-suite type="TestFixture" id="2148"
                            name="GeneralSceneTests(Asteroid11)"
                            fullname="Tests.Scenes.GeneralSceneTests(Asteroid11)"
                            classname="Tests.Scenes.GeneralSceneTests" runstate="Runnable"
                            testcasecount="8" result="Passed" start-time="2023-08-08 03:19:04Z"
                            end-time="2023-08-08 03:19:05Z" duration="0.278935" total="8" passed="8"
                            failed="0" inconclusive="0" skipped="0" asserts="0">
                            <properties>
                                <property name="Category" value="Scenes" />
                            </properties>
                            <test-case id="2156" name="GameObjectsDoNotHaveMissingReferences"
                                fullname="Tests.Scenes.GeneralSceneTests(Asteroid11).GameObjectsDoNotHaveMissingReferences"
                                methodname="GameObjectsDoNotHaveMissingReferences"
                                classname="Tests.Scenes.GeneralSceneTests" runstate="Runnable"
                                seed="309308502" result="Passed" start-time="2023-08-08 03:19:05Z"
                                end-time="2023-08-08 03:19:05Z" duration="0.006477" asserts="0">
                                <properties />
                            </test-case>
                            <test-case id="2154" name="ItemStorageHasForcesSpawn"
                                fullname="Tests.Scenes.GeneralSceneTests(Asteroid11).ItemStorageHasForcesSpawn"
                                methodname="ItemStorageHasForcesSpawn"
                                classname="Tests.Scenes.GeneralSceneTests" runstate="Runnable"
                                seed="244792325" result="Passed" start-time="2023-08-08 03:19:05Z"
                                end-time="2023-08-08 03:19:05Z" duration="0.000257" asserts="0">
                                <properties />
                            </test-case>
                            <test-case id="2152" name="LayersHaveCorrectParentAndAreNotDuplicated"
                                fullname="Tests.Scenes.GeneralSceneTests(Asteroid11).LayersHaveCorrectParentAndAreNotDuplicated"
                                methodname="LayersHaveCorrectParentAndAreNotDuplicated"
                                classname="Tests.Scenes.GeneralSceneTests" runstate="Runnable"
                                seed="1876014636" result="Passed" start-time="2023-08-08 03:19:05Z"
                                end-time="2023-08-08 03:19:05Z" duration="0.000344" asserts="0">
                                <properties />
                            </test-case>
                            <test-case id="2153" name="MatrixHasAllLayers"
                                fullname="Tests.Scenes.GeneralSceneTests(Asteroid11).MatrixHasAllLayers"
                                methodname="MatrixHasAllLayers"
                                classname="Tests.Scenes.GeneralSceneTests" runstate="Runnable"
                                seed="2139362585" result="Passed" start-time="2023-08-08 03:19:05Z"
                                end-time="2023-08-08 03:19:05Z" duration="0.000194" asserts="0">
                                <properties />
                            </test-case>
                            <test-case id="2150" name="MatrixHasMatrixSyncAndIsCorrectParent"
                                fullname="Tests.Scenes.GeneralSceneTests(Asteroid11).MatrixHasMatrixSyncAndIsCorrectParent"
                                methodname="MatrixHasMatrixSyncAndIsCorrectParent"
                                classname="Tests.Scenes.GeneralSceneTests" runstate="Runnable"
                                seed="208491825" result="Passed" start-time="2023-08-08 03:19:05Z"
                                end-time="2023-08-08 03:19:05Z" duration="0.000251" asserts="0">
                                <properties />
                            </test-case>
                            <test-case id="2151" name="OffSetIsPresent0Dot5"
                                fullname="Tests.Scenes.GeneralSceneTests(Asteroid11).OffSetIsPresent0Dot5"
                                methodname="OffSetIsPresent0Dot5"
                                classname="Tests.Scenes.GeneralSceneTests" runstate="Runnable"
                                seed="185625080" result="Passed" start-time="2023-08-08 03:19:05Z"
                                end-time="2023-08-08 03:19:05Z" duration="0.000158" asserts="0">
                                <properties />
                            </test-case>
                            <test-case id="2155" name="PipesAndCablesAreNotOverlappingOrDuplicate"
                                fullname="Tests.Scenes.GeneralSceneTests(Asteroid11).PipesAndCablesAreNotOverlappingOrDuplicate"
                                methodname="PipesAndCablesAreNotOverlappingOrDuplicate"
                                classname="Tests.Scenes.GeneralSceneTests" runstate="Runnable"
                                seed="266343013" result="Passed" start-time="2023-08-08 03:19:05Z"
                                end-time="2023-08-08 03:19:05Z" duration="0.000195" asserts="0">
                                <properties />
                            </test-case>
                            <test-case id="2149" name="PrefabsAreNotAt00"
                                fullname="Tests.Scenes.GeneralSceneTests(Asteroid11).PrefabsAreNotAt00"
                                methodname="PrefabsAreNotAt00"
                                classname="Tests.Scenes.GeneralSceneTests" runstate="Runnable"
                                seed="1267326963" result="Passed" start-time="2023-08-08 03:19:05Z"
                                end-time="2023-08-08 03:19:05Z" duration="0.000247" asserts="0">
                                <properties />
                            </test-case>
                        </test-suite>
                        <test-suite type="TestFixture" id="2157"
                            name="GeneralSceneTests(Asteroid12)"
                            fullname="Tests.Scenes.GeneralSceneTests(Asteroid12)"
                            classname="Tests.Scenes.GeneralSceneTests" runstate="Runnable"
                            testcasecount="8" result="Passed" start-time="2023-08-08 03:19:05Z"
                            end-time="2023-08-08 03:19:05Z" duration="0.286555" total="8" passed="8"
                            failed="0" inconclusive="0" skipped="0" asserts="0">
                            <properties>
                                <property name="Category" value="Scenes" />
                            </properties>
                            <test-case id="2165" name="GameObjectsDoNotHaveMissingReferences"
                                fullname="Tests.Scenes.GeneralSceneTests(Asteroid12).GameObjectsDoNotHaveMissingReferences"
                                methodname="GameObjectsDoNotHaveMissingReferences"
                                classname="Tests.Scenes.GeneralSceneTests" runstate="Runnable"
                                seed="90084059" result="Passed" start-time="2023-08-08 03:19:05Z"
                                end-time="2023-08-08 03:19:05Z" duration="0.005209" asserts="0">
                                <properties />
                            </test-case>
                            <test-case id="2163" name="ItemStorageHasForcesSpawn"
                                fullname="Tests.Scenes.GeneralSceneTests(Asteroid12).ItemStorageHasForcesSpawn"
                                methodname="ItemStorageHasForcesSpawn"
                                classname="Tests.Scenes.GeneralSceneTests" runstate="Runnable"
                                seed="1103517182" result="Passed" start-time="2023-08-08 03:19:05Z"
                                end-time="2023-08-08 03:19:05Z" duration="0.000252" asserts="0">
                                <properties />
                            </test-case>
                            <test-case id="2161" name="LayersHaveCorrectParentAndAreNotDuplicated"
                                fullname="Tests.Scenes.GeneralSceneTests(Asteroid12).LayersHaveCorrectParentAndAreNotDuplicated"
                                methodname="LayersHaveCorrectParentAndAreNotDuplicated"
                                classname="Tests.Scenes.GeneralSceneTests" runstate="Runnable"
                                seed="874482533" result="Passed" start-time="2023-08-08 03:19:05Z"
                                end-time="2023-08-08 03:19:05Z" duration="0.000355" asserts="0">
                                <properties />
                            </test-case>
                            <test-case id="2162" name="MatrixHasAllLayers"
                                fullname="Tests.Scenes.GeneralSceneTests(Asteroid12).MatrixHasAllLayers"
                                methodname="MatrixHasAllLayers"
                                classname="Tests.Scenes.GeneralSceneTests" runstate="Runnable"
                                seed="1809947668" result="Passed" start-time="2023-08-08 03:19:05Z"
                                end-time="2023-08-08 03:19:05Z" duration="0.000189" asserts="0">
                                <properties />
                            </test-case>
                            <test-case id="2159" name="MatrixHasMatrixSyncAndIsCorrectParent"
                                fullname="Tests.Scenes.GeneralSceneTests(Asteroid12).MatrixHasMatrixSyncAndIsCorrectParent"
                                methodname="MatrixHasMatrixSyncAndIsCorrectParent"
                                classname="Tests.Scenes.GeneralSceneTests" runstate="Runnable"
                                seed="1569605428" result="Passed" start-time="2023-08-08 03:19:05Z"
                                end-time="2023-08-08 03:19:05Z" duration="0.000244" asserts="0">
                                <properties />
                            </test-case>
                            <test-case id="2160" name="OffSetIsPresent0Dot5"
                                fullname="Tests.Scenes.GeneralSceneTests(Asteroid12).OffSetIsPresent0Dot5"
                                methodname="OffSetIsPresent0Dot5"
                                classname="Tests.Scenes.GeneralSceneTests" runstate="Runnable"
                                seed="931662390" result="Passed" start-time="2023-08-08 03:19:05Z"
                                end-time="2023-08-08 03:19:05Z" duration="0.000160" asserts="0">
                                <properties />
                            </test-case>
                            <test-case id="2164" name="PipesAndCablesAreNotOverlappingOrDuplicate"
                                fullname="Tests.Scenes.GeneralSceneTests(Asteroid12).PipesAndCablesAreNotOverlappingOrDuplicate"
                                methodname="PipesAndCablesAreNotOverlappingOrDuplicate"
                                classname="Tests.Scenes.GeneralSceneTests" runstate="Runnable"
                                seed="670803613" result="Passed" start-time="2023-08-08 03:19:05Z"
                                end-time="2023-08-08 03:19:05Z" duration="0.000187" asserts="0">
                                <properties />
                            </test-case>
                            <test-case id="2158" name="PrefabsAreNotAt00"
                                fullname="Tests.Scenes.GeneralSceneTests(Asteroid12).PrefabsAreNotAt00"
                                methodname="PrefabsAreNotAt00"
                                classname="Tests.Scenes.GeneralSceneTests" runstate="Runnable"
                                seed="799190488" result="Passed" start-time="2023-08-08 03:19:05Z"
                                end-time="2023-08-08 03:19:05Z" duration="0.000196" asserts="0">
                                <properties />
                            </test-case>
                        </test-suite>
                        <test-suite type="TestFixture" id="2193" name="GeneralSceneTests(Backrooms)"
                            fullname="Tests.Scenes.GeneralSceneTests(Backrooms)"
                            classname="Tests.Scenes.GeneralSceneTests" runstate="Runnable"
                            testcasecount="8" result="Passed" start-time="2023-08-08 03:19:05Z"
                            end-time="2023-08-08 03:19:08Z" duration="2.764401" total="8" passed="8"
                            failed="0" inconclusive="0" skipped="0" asserts="0">
                            <properties>
                                <property name="Category" value="Scenes" />
                            </properties>
                            <test-case id="2201" name="GameObjectsDoNotHaveMissingReferences"
                                fullname="Tests.Scenes.GeneralSceneTests(Backrooms).GameObjectsDoNotHaveMissingReferences"
                                methodname="GameObjectsDoNotHaveMissingReferences"
                                classname="Tests.Scenes.GeneralSceneTests" runstate="Runnable"
                                seed="1278820355" result="Passed" start-time="2023-08-08 03:19:07Z"
                                end-time="2023-08-08 03:19:08Z" duration="0.175388" asserts="0">
                                <properties />
                            </test-case>
                            <test-case id="2199" name="ItemStorageHasForcesSpawn"
                                fullname="Tests.Scenes.GeneralSceneTests(Backrooms).ItemStorageHasForcesSpawn"
                                methodname="ItemStorageHasForcesSpawn"
                                classname="Tests.Scenes.GeneralSceneTests" runstate="Runnable"
                                seed="1235174345" result="Passed" start-time="2023-08-08 03:19:08Z"
                                end-time="2023-08-08 03:19:08Z" duration="0.001502" asserts="0">
                                <properties />
                            </test-case>
                            <test-case id="2197" name="LayersHaveCorrectParentAndAreNotDuplicated"
                                fullname="Tests.Scenes.GeneralSceneTests(Backrooms).LayersHaveCorrectParentAndAreNotDuplicated"
                                methodname="LayersHaveCorrectParentAndAreNotDuplicated"
                                classname="Tests.Scenes.GeneralSceneTests" runstate="Runnable"
                                seed="1557543025" result="Passed" start-time="2023-08-08 03:19:08Z"
                                end-time="2023-08-08 03:19:08Z" duration="0.000893" asserts="0">
                                <properties />
                            </test-case>
                            <test-case id="2198" name="MatrixHasAllLayers"
                                fullname="Tests.Scenes.GeneralSceneTests(Backrooms).MatrixHasAllLayers"
                                methodname="MatrixHasAllLayers"
                                classname="Tests.Scenes.GeneralSceneTests" runstate="Runnable"
                                seed="1023797481" result="Passed" start-time="2023-08-08 03:19:08Z"
                                end-time="2023-08-08 03:19:08Z" duration="0.000559" asserts="0">
                                <properties />
                            </test-case>
                            <test-case id="2195" name="MatrixHasMatrixSyncAndIsCorrectParent"
                                fullname="Tests.Scenes.GeneralSceneTests(Backrooms).MatrixHasMatrixSyncAndIsCorrectParent"
                                methodname="MatrixHasMatrixSyncAndIsCorrectParent"
                                classname="Tests.Scenes.GeneralSceneTests" runstate="Runnable"
                                seed="1664408134" result="Passed" start-time="2023-08-08 03:19:08Z"
                                end-time="2023-08-08 03:19:08Z" duration="0.000582" asserts="0">
                                <properties />
                            </test-case>
                            <test-case id="2196" name="OffSetIsPresent0Dot5"
                                fullname="Tests.Scenes.GeneralSceneTests(Backrooms).OffSetIsPresent0Dot5"
                                methodname="OffSetIsPresent0Dot5"
                                classname="Tests.Scenes.GeneralSceneTests" runstate="Runnable"
                                seed="1236492494" result="Passed" start-time="2023-08-08 03:19:08Z"
                                end-time="2023-08-08 03:19:08Z" duration="0.000174" asserts="0">
                                <properties />
                            </test-case>
                            <test-case id="2200" name="PipesAndCablesAreNotOverlappingOrDuplicate"
                                fullname="Tests.Scenes.GeneralSceneTests(Backrooms).PipesAndCablesAreNotOverlappingOrDuplicate"
                                methodname="PipesAndCablesAreNotOverlappingOrDuplicate"
                                classname="Tests.Scenes.GeneralSceneTests" runstate="Runnable"
                                seed="750042801" result="Passed" start-time="2023-08-08 03:19:08Z"
                                end-time="2023-08-08 03:19:08Z" duration="0.001344" asserts="0">
                                <properties />
                            </test-case>
                            <test-case id="2194" name="PrefabsAreNotAt00"
                                fullname="Tests.Scenes.GeneralSceneTests(Backrooms).PrefabsAreNotAt00"
                                methodname="PrefabsAreNotAt00"
                                classname="Tests.Scenes.GeneralSceneTests" runstate="Runnable"
                                seed="1838283769" result="Passed" start-time="2023-08-08 03:19:08Z"
                                end-time="2023-08-08 03:19:08Z" duration="0.002946" asserts="0">
                                <properties />
                            </test-case>
                        </test-suite>
                        <test-suite type="TestFixture" id="2238"
                            name="GeneralSceneTests(BoxStationV1)"
                            fullname="Tests.Scenes.GeneralSceneTests(BoxStationV1)"
                            classname="Tests.Scenes.GeneralSceneTests" runstate="Runnable"
                            testcasecount="8" result="Passed" start-time="2023-08-08 03:19:08Z"
                            end-time="2023-08-08 03:19:22Z" duration="14.658686" total="8"
                            passed="8" failed="0" inconclusive="0" skipped="0" asserts="0">
                            <properties>
                                <property name="Category" value="Scenes" />
                            </properties>
                            <test-case id="2246" name="GameObjectsDoNotHaveMissingReferences"
                                fullname="Tests.Scenes.GeneralSceneTests(BoxStationV1).GameObjectsDoNotHaveMissingReferences"
                                methodname="GameObjectsDoNotHaveMissingReferences"
                                classname="Tests.Scenes.GeneralSceneTests" runstate="Runnable"
                                seed="1394480201" result="Passed" start-time="2023-08-08 03:19:18Z"
                                end-time="2023-08-08 03:19:21Z" duration="3.298102" asserts="0">
                                <properties />
                            </test-case>
                            <test-case id="2244" name="ItemStorageHasForcesSpawn"
                                fullname="Tests.Scenes.GeneralSceneTests(BoxStationV1).ItemStorageHasForcesSpawn"
                                methodname="ItemStorageHasForcesSpawn"
                                classname="Tests.Scenes.GeneralSceneTests" runstate="Runnable"
                                seed="1566152644" result="Passed" start-time="2023-08-08 03:19:21Z"
                                end-time="2023-08-08 03:19:21Z" duration="0.040861" asserts="0">
                                <properties />
                            </test-case>
                            <test-case id="2242" name="LayersHaveCorrectParentAndAreNotDuplicated"
                                fullname="Tests.Scenes.GeneralSceneTests(BoxStationV1).LayersHaveCorrectParentAndAreNotDuplicated"
                                methodname="LayersHaveCorrectParentAndAreNotDuplicated"
                                classname="Tests.Scenes.GeneralSceneTests" runstate="Runnable"
                                seed="1206110866" result="Passed" start-time="2023-08-08 03:19:21Z"
                                end-time="2023-08-08 03:19:21Z" duration="0.017317" asserts="0">
                                <properties />
                            </test-case>
                            <test-case id="2243" name="MatrixHasAllLayers"
                                fullname="Tests.Scenes.GeneralSceneTests(BoxStationV1).MatrixHasAllLayers"
                                methodname="MatrixHasAllLayers"
                                classname="Tests.Scenes.GeneralSceneTests" runstate="Runnable"
                                seed="666337491" result="Passed" start-time="2023-08-08 03:19:21Z"
                                end-time="2023-08-08 03:19:21Z" duration="0.015394" asserts="0">
                                <properties />
                            </test-case>
                            <test-case id="2240" name="MatrixHasMatrixSyncAndIsCorrectParent"
                                fullname="Tests.Scenes.GeneralSceneTests(BoxStationV1).MatrixHasMatrixSyncAndIsCorrectParent"
                                methodname="MatrixHasMatrixSyncAndIsCorrectParent"
                                classname="Tests.Scenes.GeneralSceneTests" runstate="Runnable"
                                seed="1167009898" result="Passed" start-time="2023-08-08 03:19:21Z"
                                end-time="2023-08-08 03:19:21Z" duration="0.015500" asserts="0">
                                <properties />
                            </test-case>
                            <test-case id="2241" name="OffSetIsPresent0Dot5"
                                fullname="Tests.Scenes.GeneralSceneTests(BoxStationV1).OffSetIsPresent0Dot5"
                                methodname="OffSetIsPresent0Dot5"
                                classname="Tests.Scenes.GeneralSceneTests" runstate="Runnable"
                                seed="1953833721" result="Passed" start-time="2023-08-08 03:19:21Z"
                                end-time="2023-08-08 03:19:21Z" duration="0.000231" asserts="0">
                                <properties />
                            </test-case>
                            <test-case id="2245" name="PipesAndCablesAreNotOverlappingOrDuplicate"
                                fullname="Tests.Scenes.GeneralSceneTests(BoxStationV1).PipesAndCablesAreNotOverlappingOrDuplicate"
                                methodname="PipesAndCablesAreNotOverlappingOrDuplicate"
                                classname="Tests.Scenes.GeneralSceneTests" runstate="Runnable"
                                seed="486612099" result="Passed" start-time="2023-08-08 03:19:21Z"
                                end-time="2023-08-08 03:19:22Z" duration="1.143927" asserts="0">
                                <properties />
                            </test-case>
                            <test-case id="2239" name="PrefabsAreNotAt00"
                                fullname="Tests.Scenes.GeneralSceneTests(BoxStationV1).PrefabsAreNotAt00"
                                methodname="PrefabsAreNotAt00"
                                classname="Tests.Scenes.GeneralSceneTests" runstate="Runnable"
                                seed="1511780006" result="Passed" start-time="2023-08-08 03:19:22Z"
                                end-time="2023-08-08 03:19:22Z" duration="0.073215" asserts="0">
                                <properties />
                            </test-case>
                        </test-suite>
                        <test-suite type="TestFixture" id="2202" name="GeneralSceneTests(Caverna)"
                            fullname="Tests.Scenes.GeneralSceneTests(Caverna)"
                            classname="Tests.Scenes.GeneralSceneTests" runstate="Runnable"
                            testcasecount="8" result="Passed" start-time="2023-08-08 03:19:22Z"
                            end-time="2023-08-08 03:19:24Z" duration="1.977319" total="8" passed="8"
                            failed="0" inconclusive="0" skipped="0" asserts="0">
                            <properties>
                                <property name="Category" value="Scenes" />
                            </properties>
                            <test-case id="2210" name="GameObjectsDoNotHaveMissingReferences"
                                fullname="Tests.Scenes.GeneralSceneTests(Caverna).GameObjectsDoNotHaveMissingReferences"
                                methodname="GameObjectsDoNotHaveMissingReferences"
                                classname="Tests.Scenes.GeneralSceneTests" runstate="Runnable"
                                seed="158382487" result="Passed" start-time="2023-08-08 03:19:24Z"
                                end-time="2023-08-08 03:19:24Z" duration="0.044607" asserts="0">
                                <properties />
                            </test-case>
                            <test-case id="2208" name="ItemStorageHasForcesSpawn"
                                fullname="Tests.Scenes.GeneralSceneTests(Caverna).ItemStorageHasForcesSpawn"
                                methodname="ItemStorageHasForcesSpawn"
                                classname="Tests.Scenes.GeneralSceneTests" runstate="Runnable"
                                seed="1326943192" result="Passed" start-time="2023-08-08 03:19:24Z"
                                end-time="2023-08-08 03:19:24Z" duration="0.000662" asserts="0">
                                <properties />
                            </test-case>
                            <test-case id="2206" name="LayersHaveCorrectParentAndAreNotDuplicated"
                                fullname="Tests.Scenes.GeneralSceneTests(Caverna).LayersHaveCorrectParentAndAreNotDuplicated"
                                methodname="LayersHaveCorrectParentAndAreNotDuplicated"
                                classname="Tests.Scenes.GeneralSceneTests" runstate="Runnable"
                                seed="1782335347" result="Passed" start-time="2023-08-08 03:19:24Z"
                                end-time="2023-08-08 03:19:24Z" duration="0.000504" asserts="0">
                                <properties />
                            </test-case>
                            <test-case id="2207" name="MatrixHasAllLayers"
                                fullname="Tests.Scenes.GeneralSceneTests(Caverna).MatrixHasAllLayers"
                                methodname="MatrixHasAllLayers"
                                classname="Tests.Scenes.GeneralSceneTests" runstate="Runnable"
                                seed="1102131756" result="Passed" start-time="2023-08-08 03:19:24Z"
                                end-time="2023-08-08 03:19:24Z" duration="0.000330" asserts="0">
                                <properties />
                            </test-case>
                            <test-case id="2204" name="MatrixHasMatrixSyncAndIsCorrectParent"
                                fullname="Tests.Scenes.GeneralSceneTests(Caverna).MatrixHasMatrixSyncAndIsCorrectParent"
                                methodname="MatrixHasMatrixSyncAndIsCorrectParent"
                                classname="Tests.Scenes.GeneralSceneTests" runstate="Runnable"
                                seed="428275317" result="Passed" start-time="2023-08-08 03:19:24Z"
                                end-time="2023-08-08 03:19:24Z" duration="0.000367" asserts="0">
                                <properties />
                            </test-case>
                            <test-case id="2205" name="OffSetIsPresent0Dot5"
                                fullname="Tests.Scenes.GeneralSceneTests(Caverna).OffSetIsPresent0Dot5"
                                methodname="OffSetIsPresent0Dot5"
                                classname="Tests.Scenes.GeneralSceneTests" runstate="Runnable"
                                seed="187678893" result="Passed" start-time="2023-08-08 03:19:24Z"
                                end-time="2023-08-08 03:19:24Z" duration="0.000165" asserts="0">
                                <properties />
                            </test-case>
                            <test-case id="2209" name="PipesAndCablesAreNotOverlappingOrDuplicate"
                                fullname="Tests.Scenes.GeneralSceneTests(Caverna).PipesAndCablesAreNotOverlappingOrDuplicate"
                                methodname="PipesAndCablesAreNotOverlappingOrDuplicate"
                                classname="Tests.Scenes.GeneralSceneTests" runstate="Runnable"
                                seed="922316253" result="Passed" start-time="2023-08-08 03:19:24Z"
                                end-time="2023-08-08 03:19:24Z" duration="0.000468" asserts="0">
                                <properties />
                            </test-case>
                            <test-case id="2203" name="PrefabsAreNotAt00"
                                fullname="Tests.Scenes.GeneralSceneTests(Caverna).PrefabsAreNotAt00"
                                methodname="PrefabsAreNotAt00"
                                classname="Tests.Scenes.GeneralSceneTests" runstate="Runnable"
                                seed="114286930" result="Passed" start-time="2023-08-08 03:19:24Z"
                                end-time="2023-08-08 03:19:24Z" duration="0.001165" asserts="0">
                                <properties />
                            </test-case>
                        </test-suite>
                        <test-suite type="TestFixture" id="1977" name="GeneralSceneTests(CentCom)"
                            fullname="Tests.Scenes.GeneralSceneTests(CentCom)"
                            classname="Tests.Scenes.GeneralSceneTests" runstate="Runnable"
                            testcasecount="8" result="Passed" start-time="2023-08-08 03:19:24Z"
                            end-time="2023-08-08 03:19:26Z" duration="1.715713" total="8" passed="8"
                            failed="0" inconclusive="0" skipped="0" asserts="0">
                            <properties>
                                <property name="Category" value="Scenes" />
                            </properties>
                            <test-case id="1985" name="GameObjectsDoNotHaveMissingReferences"
                                fullname="Tests.Scenes.GeneralSceneTests(CentCom).GameObjectsDoNotHaveMissingReferences"
                                methodname="GameObjectsDoNotHaveMissingReferences"
                                classname="Tests.Scenes.GeneralSceneTests" runstate="Runnable"
                                seed="1470597568" result="Passed" start-time="2023-08-08 03:19:26Z"
                                end-time="2023-08-08 03:19:26Z" duration="0.397394" asserts="0">
                                <properties />
                            </test-case>
                            <test-case id="1983" name="ItemStorageHasForcesSpawn"
                                fullname="Tests.Scenes.GeneralSceneTests(CentCom).ItemStorageHasForcesSpawn"
                                methodname="ItemStorageHasForcesSpawn"
                                classname="Tests.Scenes.GeneralSceneTests" runstate="Runnable"
                                seed="1827211499" result="Passed" start-time="2023-08-08 03:19:26Z"
                                end-time="2023-08-08 03:19:26Z" duration="0.005808" asserts="0">
                                <properties />
                            </test-case>
                            <test-case id="1981" name="LayersHaveCorrectParentAndAreNotDuplicated"
                                fullname="Tests.Scenes.GeneralSceneTests(CentCom).LayersHaveCorrectParentAndAreNotDuplicated"
                                methodname="LayersHaveCorrectParentAndAreNotDuplicated"
                                classname="Tests.Scenes.GeneralSceneTests" runstate="Runnable"
                                seed="1951556418" result="Passed" start-time="2023-08-08 03:19:26Z"
                                end-time="2023-08-08 03:19:26Z" duration="0.002213" asserts="0">
                                <properties />
                            </test-case>
                            <test-case id="1982" name="MatrixHasAllLayers"
                                fullname="Tests.Scenes.GeneralSceneTests(CentCom).MatrixHasAllLayers"
                                methodname="MatrixHasAllLayers"
                                classname="Tests.Scenes.GeneralSceneTests" runstate="Runnable"
                                seed="1950816376" result="Passed" start-time="2023-08-08 03:19:26Z"
                                end-time="2023-08-08 03:19:26Z" duration="0.001234" asserts="0">
                                <properties />
                            </test-case>
                            <test-case id="1979" name="MatrixHasMatrixSyncAndIsCorrectParent"
                                fullname="Tests.Scenes.GeneralSceneTests(CentCom).MatrixHasMatrixSyncAndIsCorrectParent"
                                methodname="MatrixHasMatrixSyncAndIsCorrectParent"
                                classname="Tests.Scenes.GeneralSceneTests" runstate="Runnable"
                                seed="1513109872" result="Passed" start-time="2023-08-08 03:19:26Z"
                                end-time="2023-08-08 03:19:26Z" duration="0.001351" asserts="0">
                                <properties />
                            </test-case>
                            <test-case id="1980" name="OffSetIsPresent0Dot5"
                                fullname="Tests.Scenes.GeneralSceneTests(CentCom).OffSetIsPresent0Dot5"
                                methodname="OffSetIsPresent0Dot5"
                                classname="Tests.Scenes.GeneralSceneTests" runstate="Runnable"
                                seed="487914792" result="Passed" start-time="2023-08-08 03:19:26Z"
                                end-time="2023-08-08 03:19:26Z" duration="0.000165" asserts="0">
                                <properties />
                            </test-case>
                            <test-case id="1984" name="PipesAndCablesAreNotOverlappingOrDuplicate"
                                fullname="Tests.Scenes.GeneralSceneTests(CentCom).PipesAndCablesAreNotOverlappingOrDuplicate"
                                methodname="PipesAndCablesAreNotOverlappingOrDuplicate"
                                classname="Tests.Scenes.GeneralSceneTests" runstate="Runnable"
                                seed="542749815" result="Passed" start-time="2023-08-08 03:19:26Z"
                                end-time="2023-08-08 03:19:26Z" duration="0.004105" asserts="0">
                                <properties />
                            </test-case>
                            <test-case id="1978" name="PrefabsAreNotAt00"
                                fullname="Tests.Scenes.GeneralSceneTests(CentCom).PrefabsAreNotAt00"
                                methodname="PrefabsAreNotAt00"
                                classname="Tests.Scenes.GeneralSceneTests" runstate="Runnable"
                                seed="243719384" result="Passed" start-time="2023-08-08 03:19:26Z"
                                end-time="2023-08-08 03:19:26Z" duration="0.007805" asserts="0">
                                <properties />
                            </test-case>
                        </test-suite>
                        <test-suite type="TestFixture" id="2211"
                            name="GeneralSceneTests(DarkJungle)"
                            fullname="Tests.Scenes.GeneralSceneTests(DarkJungle)"
                            classname="Tests.Scenes.GeneralSceneTests" runstate="Runnable"
                            testcasecount="8" result="Passed" start-time="2023-08-08 03:19:26Z"
                            end-time="2023-08-08 03:19:29Z" duration="2.855643" total="8" passed="8"
                            failed="0" inconclusive="0" skipped="0" asserts="0">
                            <properties>
                                <property name="Category" value="Scenes" />
                            </properties>
                            <test-case id="2219" name="GameObjectsDoNotHaveMissingReferences"
                                fullname="Tests.Scenes.GeneralSceneTests(DarkJungle).GameObjectsDoNotHaveMissingReferences"
                                methodname="GameObjectsDoNotHaveMissingReferences"
                                classname="Tests.Scenes.GeneralSceneTests" runstate="Runnable"
                                seed="725486141" result="Passed" start-time="2023-08-08 03:19:28Z"
                                end-time="2023-08-08 03:19:29Z" duration="0.606089" asserts="0">
                                <properties />
                            </test-case>
                            <test-case id="2217" name="ItemStorageHasForcesSpawn"
                                fullname="Tests.Scenes.GeneralSceneTests(DarkJungle).ItemStorageHasForcesSpawn"
                                methodname="ItemStorageHasForcesSpawn"
                                classname="Tests.Scenes.GeneralSceneTests" runstate="Runnable"
                                seed="1530208378" result="Passed" start-time="2023-08-08 03:19:29Z"
                                end-time="2023-08-08 03:19:29Z" duration="0.004599" asserts="0">
                                <properties />
                            </test-case>
                            <test-case id="2215" name="LayersHaveCorrectParentAndAreNotDuplicated"
                                fullname="Tests.Scenes.GeneralSceneTests(DarkJungle).LayersHaveCorrectParentAndAreNotDuplicated"
                                methodname="LayersHaveCorrectParentAndAreNotDuplicated"
                                classname="Tests.Scenes.GeneralSceneTests" runstate="Runnable"
                                seed="400331609" result="Passed" start-time="2023-08-08 03:19:29Z"
                                end-time="2023-08-08 03:19:29Z" duration="0.003558" asserts="0">
                                <properties />
                            </test-case>
                            <test-case id="2216" name="MatrixHasAllLayers"
                                fullname="Tests.Scenes.GeneralSceneTests(DarkJungle).MatrixHasAllLayers"
                                methodname="MatrixHasAllLayers"
                                classname="Tests.Scenes.GeneralSceneTests" runstate="Runnable"
                                seed="2043269571" result="Passed" start-time="2023-08-08 03:19:29Z"
                                end-time="2023-08-08 03:19:29Z" duration="0.001884" asserts="0">
                                <properties />
                            </test-case>
                            <test-case id="2213" name="MatrixHasMatrixSyncAndIsCorrectParent"
                                fullname="Tests.Scenes.GeneralSceneTests(DarkJungle).MatrixHasMatrixSyncAndIsCorrectParent"
                                methodname="MatrixHasMatrixSyncAndIsCorrectParent"
                                classname="Tests.Scenes.GeneralSceneTests" runstate="Runnable"
                                seed="90659539" result="Passed" start-time="2023-08-08 03:19:29Z"
                                end-time="2023-08-08 03:19:29Z" duration="0.001910" asserts="0">
                                <properties />
                            </test-case>
                            <test-case id="2214" name="OffSetIsPresent0Dot5"
                                fullname="Tests.Scenes.GeneralSceneTests(DarkJungle).OffSetIsPresent0Dot5"
                                methodname="OffSetIsPresent0Dot5"
                                classname="Tests.Scenes.GeneralSceneTests" runstate="Runnable"
                                seed="1208432442" result="Passed" start-time="2023-08-08 03:19:29Z"
                                end-time="2023-08-08 03:19:29Z" duration="0.000176" asserts="0">
                                <properties />
                            </test-case>
                            <test-case id="2218" name="PipesAndCablesAreNotOverlappingOrDuplicate"
                                fullname="Tests.Scenes.GeneralSceneTests(DarkJungle).PipesAndCablesAreNotOverlappingOrDuplicate"
                                methodname="PipesAndCablesAreNotOverlappingOrDuplicate"
                                classname="Tests.Scenes.GeneralSceneTests" runstate="Runnable"
                                seed="436780931" result="Passed" start-time="2023-08-08 03:19:29Z"
                                end-time="2023-08-08 03:19:29Z" duration="0.006385" asserts="0">
                                <properties />
                            </test-case>
                            <test-case id="2212" name="PrefabsAreNotAt00"
                                fullname="Tests.Scenes.GeneralSceneTests(DarkJungle).PrefabsAreNotAt00"
                                methodname="PrefabsAreNotAt00"
                                classname="Tests.Scenes.GeneralSceneTests" runstate="Runnable"
                                seed="866566738" result="Passed" start-time="2023-08-08 03:19:29Z"
                                end-time="2023-08-08 03:19:29Z" duration="0.007408" asserts="0">
                                <properties />
                            </test-case>
                        </test-suite>
                        <test-suite type="TestFixture" id="1986"
                            name="GeneralSceneTests(Fallstation Centcom)"
                            fullname="Tests.Scenes.GeneralSceneTests(Fallstation Centcom)"
                            classname="Tests.Scenes.GeneralSceneTests" runstate="Runnable"
                            testcasecount="8" result="Passed" start-time="2023-08-08 03:19:29Z"
                            end-time="2023-08-08 03:19:30Z" duration="1.301574" total="8" passed="8"
                            failed="0" inconclusive="0" skipped="0" asserts="0">
                            <properties>
                                <property name="Category" value="Scenes" />
                            </properties>
                            <test-case id="1994" name="GameObjectsDoNotHaveMissingReferences"
                                fullname="Tests.Scenes.GeneralSceneTests(Fallstation Centcom).GameObjectsDoNotHaveMissingReferences"
                                methodname="GameObjectsDoNotHaveMissingReferences"
                                classname="Tests.Scenes.GeneralSceneTests" runstate="Runnable"
                                seed="1774062532" result="Passed" start-time="2023-08-08 03:19:30Z"
                                end-time="2023-08-08 03:19:30Z" duration="0.213621" asserts="0">
                                <properties />
                            </test-case>
                            <test-case id="1992" name="ItemStorageHasForcesSpawn"
                                fullname="Tests.Scenes.GeneralSceneTests(Fallstation Centcom).ItemStorageHasForcesSpawn"
                                methodname="ItemStorageHasForcesSpawn"
                                classname="Tests.Scenes.GeneralSceneTests" runstate="Runnable"
                                seed="831541625" result="Passed" start-time="2023-08-08 03:19:30Z"
                                end-time="2023-08-08 03:19:30Z" duration="0.003024" asserts="0">
                                <properties />
                            </test-case>
                            <test-case id="1990" name="LayersHaveCorrectParentAndAreNotDuplicated"
                                fullname="Tests.Scenes.GeneralSceneTests(Fallstation Centcom).LayersHaveCorrectParentAndAreNotDuplicated"
                                methodname="LayersHaveCorrectParentAndAreNotDuplicated"
                                classname="Tests.Scenes.GeneralSceneTests" runstate="Runnable"
                                seed="758844794" result="Passed" start-time="2023-08-08 03:19:30Z"
                                end-time="2023-08-08 03:19:30Z" duration="0.001673" asserts="0">
                                <properties />
                            </test-case>
                            <test-case id="1991" name="MatrixHasAllLayers"
                                fullname="Tests.Scenes.GeneralSceneTests(Fallstation Centcom).MatrixHasAllLayers"
                                methodname="MatrixHasAllLayers"
                                classname="Tests.Scenes.GeneralSceneTests" runstate="Runnable"
                                seed="2108113556" result="Passed" start-time="2023-08-08 03:19:30Z"
                                end-time="2023-08-08 03:19:30Z" duration="0.000779" asserts="0">
                                <properties />
                            </test-case>
                            <test-case id="1988" name="MatrixHasMatrixSyncAndIsCorrectParent"
                                fullname="Tests.Scenes.GeneralSceneTests(Fallstation Centcom).MatrixHasMatrixSyncAndIsCorrectParent"
                                methodname="MatrixHasMatrixSyncAndIsCorrectParent"
                                classname="Tests.Scenes.GeneralSceneTests" runstate="Runnable"
                                seed="2130605283" result="Passed" start-time="2023-08-08 03:19:30Z"
                                end-time="2023-08-08 03:19:30Z" duration="0.001358" asserts="0">
                                <properties />
                            </test-case>
                            <test-case id="1989" name="OffSetIsPresent0Dot5"
                                fullname="Tests.Scenes.GeneralSceneTests(Fallstation Centcom).OffSetIsPresent0Dot5"
                                methodname="OffSetIsPresent0Dot5"
                                classname="Tests.Scenes.GeneralSceneTests" runstate="Runnable"
                                seed="1330680518" result="Passed" start-time="2023-08-08 03:19:30Z"
                                end-time="2023-08-08 03:19:30Z" duration="0.000170" asserts="0">
                                <properties />
                            </test-case>
                            <test-case id="1993" name="PipesAndCablesAreNotOverlappingOrDuplicate"
                                fullname="Tests.Scenes.GeneralSceneTests(Fallstation Centcom).PipesAndCablesAreNotOverlappingOrDuplicate"
                                methodname="PipesAndCablesAreNotOverlappingOrDuplicate"
                                classname="Tests.Scenes.GeneralSceneTests" runstate="Runnable"
                                seed="346632897" result="Passed" start-time="2023-08-08 03:19:30Z"
                                end-time="2023-08-08 03:19:30Z" duration="0.005354" asserts="0">
                                <properties />
                            </test-case>
                            <test-case id="1987" name="PrefabsAreNotAt00"
                                fullname="Tests.Scenes.GeneralSceneTests(Fallstation Centcom).PrefabsAreNotAt00"
                                methodname="PrefabsAreNotAt00"
                                classname="Tests.Scenes.GeneralSceneTests" runstate="Runnable"
                                seed="362213762" result="Passed" start-time="2023-08-08 03:19:30Z"
                                end-time="2023-08-08 03:19:30Z" duration="0.004337" asserts="0">
                                <properties />
                            </test-case>
                        </test-suite>
                        <test-suite type="TestFixture" id="1995"
                            name="GeneralSceneTests(Fallstation Syndicate)"
                            fullname="Tests.Scenes.GeneralSceneTests(Fallstation Syndicate)"
                            classname="Tests.Scenes.GeneralSceneTests" runstate="Runnable"
                            testcasecount="8" result="Passed" start-time="2023-08-08 03:19:30Z"
                            end-time="2023-08-08 03:19:31Z" duration="0.945098" total="8" passed="8"
                            failed="0" inconclusive="0" skipped="0" asserts="0">
                            <properties>
                                <property name="Category" value="Scenes" />
                            </properties>
                            <test-case id="2003" name="GameObjectsDoNotHaveMissingReferences"
                                fullname="Tests.Scenes.GeneralSceneTests(Fallstation Syndicate).GameObjectsDoNotHaveMissingReferences"
                                methodname="GameObjectsDoNotHaveMissingReferences"
                                classname="Tests.Scenes.GeneralSceneTests" runstate="Runnable"
                                seed="21020917" result="Passed" start-time="2023-08-08 03:19:31Z"
                                end-time="2023-08-08 03:19:31Z" duration="0.101424" asserts="0">
                                <properties />
                            </test-case>
                            <test-case id="2001" name="ItemStorageHasForcesSpawn"
                                fullname="Tests.Scenes.GeneralSceneTests(Fallstation Syndicate).ItemStorageHasForcesSpawn"
                                methodname="ItemStorageHasForcesSpawn"
                                classname="Tests.Scenes.GeneralSceneTests" runstate="Runnable"
                                seed="1491683686" result="Passed" start-time="2023-08-08 03:19:31Z"
                                end-time="2023-08-08 03:19:31Z" duration="0.001481" asserts="0">
                                <properties />
                            </test-case>
                            <test-case id="1999" name="LayersHaveCorrectParentAndAreNotDuplicated"
                                fullname="Tests.Scenes.GeneralSceneTests(Fallstation Syndicate).LayersHaveCorrectParentAndAreNotDuplicated"
                                methodname="LayersHaveCorrectParentAndAreNotDuplicated"
                                classname="Tests.Scenes.GeneralSceneTests" runstate="Runnable"
                                seed="1836113205" result="Passed" start-time="2023-08-08 03:19:31Z"
                                end-time="2023-08-08 03:19:31Z" duration="0.000856" asserts="0">
                                <properties />
                            </test-case>
                            <test-case id="2000" name="MatrixHasAllLayers"
                                fullname="Tests.Scenes.GeneralSceneTests(Fallstation Syndicate).MatrixHasAllLayers"
                                methodname="MatrixHasAllLayers"
                                classname="Tests.Scenes.GeneralSceneTests" runstate="Runnable"
                                seed="2042180868" result="Passed" start-time="2023-08-08 03:19:31Z"
                                end-time="2023-08-08 03:19:31Z" duration="0.000490" asserts="0">
                                <properties />
                            </test-case>
                            <test-case id="1997" name="MatrixHasMatrixSyncAndIsCorrectParent"
                                fullname="Tests.Scenes.GeneralSceneTests(Fallstation Syndicate).MatrixHasMatrixSyncAndIsCorrectParent"
                                methodname="MatrixHasMatrixSyncAndIsCorrectParent"
                                classname="Tests.Scenes.GeneralSceneTests" runstate="Runnable"
                                seed="938416207" result="Passed" start-time="2023-08-08 03:19:31Z"
                                end-time="2023-08-08 03:19:31Z" duration="0.000590" asserts="0">
                                <properties />
                            </test-case>
                            <test-case id="1998" name="OffSetIsPresent0Dot5"
                                fullname="Tests.Scenes.GeneralSceneTests(Fallstation Syndicate).OffSetIsPresent0Dot5"
                                methodname="OffSetIsPresent0Dot5"
                                classname="Tests.Scenes.GeneralSceneTests" runstate="Runnable"
                                seed="723328333" result="Passed" start-time="2023-08-08 03:19:31Z"
                                end-time="2023-08-08 03:19:31Z" duration="0.000173" asserts="0">
                                <properties />
                            </test-case>
                            <test-case id="2002" name="PipesAndCablesAreNotOverlappingOrDuplicate"
                                fullname="Tests.Scenes.GeneralSceneTests(Fallstation Syndicate).PipesAndCablesAreNotOverlappingOrDuplicate"
                                methodname="PipesAndCablesAreNotOverlappingOrDuplicate"
                                classname="Tests.Scenes.GeneralSceneTests" runstate="Runnable"
                                seed="686121919" result="Passed" start-time="2023-08-08 03:19:31Z"
                                end-time="2023-08-08 03:19:31Z" duration="0.001100" asserts="0">
                                <properties />
                            </test-case>
                            <test-case id="1996" name="PrefabsAreNotAt00"
                                fullname="Tests.Scenes.GeneralSceneTests(Fallstation Syndicate).PrefabsAreNotAt00"
                                methodname="PrefabsAreNotAt00"
                                classname="Tests.Scenes.GeneralSceneTests" runstate="Runnable"
                                seed="564208500" result="Passed" start-time="2023-08-08 03:19:31Z"
                                end-time="2023-08-08 03:19:31Z" duration="0.001970" asserts="0">
                                <properties />
                            </test-case>
                        </test-suite>
                        <test-suite type="TestFixture" id="2247"
                            name="GeneralSceneTests(FallStation)"
                            fullname="Tests.Scenes.GeneralSceneTests(FallStation)"
                            classname="Tests.Scenes.GeneralSceneTests" runstate="Runnable"
                            testcasecount="8" result="Passed" start-time="2023-08-08 03:19:31Z"
                            end-time="2023-08-08 03:19:39Z" duration="8.263021" total="8" passed="8"
                            failed="0" inconclusive="0" skipped="0" asserts="0">
                            <properties>
                                <property name="Category" value="Scenes" />
                            </properties>
                            <test-case id="2255" name="GameObjectsDoNotHaveMissingReferences"
                                fullname="Tests.Scenes.GeneralSceneTests(FallStation).GameObjectsDoNotHaveMissingReferences"
                                methodname="GameObjectsDoNotHaveMissingReferences"
                                classname="Tests.Scenes.GeneralSceneTests" runstate="Runnable"
                                seed="798158631" result="Passed" start-time="2023-08-08 03:19:37Z"
                                end-time="2023-08-08 03:19:39Z" duration="1.510135" asserts="0">
                                <properties />
                            </test-case>
                            <test-case id="2253" name="ItemStorageHasForcesSpawn"
                                fullname="Tests.Scenes.GeneralSceneTests(FallStation).ItemStorageHasForcesSpawn"
                                methodname="ItemStorageHasForcesSpawn"
                                classname="Tests.Scenes.GeneralSceneTests" runstate="Runnable"
                                seed="1087935440" result="Passed" start-time="2023-08-08 03:19:39Z"
                                end-time="2023-08-08 03:19:39Z" duration="0.019159" asserts="0">
                                <properties />
                            </test-case>
                            <test-case id="2251" name="LayersHaveCorrectParentAndAreNotDuplicated"
                                fullname="Tests.Scenes.GeneralSceneTests(FallStation).LayersHaveCorrectParentAndAreNotDuplicated"
                                methodname="LayersHaveCorrectParentAndAreNotDuplicated"
                                classname="Tests.Scenes.GeneralSceneTests" runstate="Runnable"
                                seed="1243941804" result="Passed" start-time="2023-08-08 03:19:39Z"
                                end-time="2023-08-08 03:19:39Z" duration="0.008695" asserts="0">
                                <properties />
                            </test-case>
                            <test-case id="2252" name="MatrixHasAllLayers"
                                fullname="Tests.Scenes.GeneralSceneTests(FallStation).MatrixHasAllLayers"
                                methodname="MatrixHasAllLayers"
                                classname="Tests.Scenes.GeneralSceneTests" runstate="Runnable"
                                seed="99825565" result="Passed" start-time="2023-08-08 03:19:39Z"
                                end-time="2023-08-08 03:19:39Z" duration="0.005804" asserts="0">
                                <properties />
                            </test-case>
                            <test-case id="2249" name="MatrixHasMatrixSyncAndIsCorrectParent"
                                fullname="Tests.Scenes.GeneralSceneTests(FallStation).MatrixHasMatrixSyncAndIsCorrectParent"
                                methodname="MatrixHasMatrixSyncAndIsCorrectParent"
                                classname="Tests.Scenes.GeneralSceneTests" runstate="Runnable"
                                seed="408957575" result="Passed" start-time="2023-08-08 03:19:39Z"
                                end-time="2023-08-08 03:19:39Z" duration="0.005288" asserts="0">
                                <properties />
                            </test-case>
                            <test-case id="2250" name="OffSetIsPresent0Dot5"
                                fullname="Tests.Scenes.GeneralSceneTests(FallStation).OffSetIsPresent0Dot5"
                                methodname="OffSetIsPresent0Dot5"
                                classname="Tests.Scenes.GeneralSceneTests" runstate="Runnable"
                                seed="892052026" result="Passed" start-time="2023-08-08 03:19:39Z"
                                end-time="2023-08-08 03:19:39Z" duration="0.000199" asserts="0">
                                <properties />
                            </test-case>
                            <test-case id="2254" name="PipesAndCablesAreNotOverlappingOrDuplicate"
                                fullname="Tests.Scenes.GeneralSceneTests(FallStation).PipesAndCablesAreNotOverlappingOrDuplicate"
                                methodname="PipesAndCablesAreNotOverlappingOrDuplicate"
                                classname="Tests.Scenes.GeneralSceneTests" runstate="Runnable"
                                seed="1702591957" result="Passed" start-time="2023-08-08 03:19:39Z"
                                end-time="2023-08-08 03:19:39Z" duration="0.379548" asserts="0">
                                <properties />
                            </test-case>
                            <test-case id="2248" name="PrefabsAreNotAt00"
                                fullname="Tests.Scenes.GeneralSceneTests(FallStation).PrefabsAreNotAt00"
                                methodname="PrefabsAreNotAt00"
                                classname="Tests.Scenes.GeneralSceneTests" runstate="Runnable"
                                seed="169810917" result="Passed" start-time="2023-08-08 03:19:39Z"
                                end-time="2023-08-08 03:19:39Z" duration="0.033987" asserts="0">
                                <properties />
                            </test-case>
                        </test-suite>
                        <test-suite type="TestFixture" id="2004" name="GeneralSceneTests(LavaLand)"
                            fullname="Tests.Scenes.GeneralSceneTests(LavaLand)"
                            classname="Tests.Scenes.GeneralSceneTests" runstate="Runnable"
                            testcasecount="8" result="Passed" start-time="2023-08-08 03:19:39Z"
                            end-time="2023-08-08 03:19:43Z" duration="3.946681" total="8" passed="8"
                            failed="0" inconclusive="0" skipped="0" asserts="0">
                            <properties>
                                <property name="Category" value="Scenes" />
                            </properties>
                            <test-case id="2012" name="GameObjectsDoNotHaveMissingReferences"
                                fullname="Tests.Scenes.GeneralSceneTests(LavaLand).GameObjectsDoNotHaveMissingReferences"
                                methodname="GameObjectsDoNotHaveMissingReferences"
                                classname="Tests.Scenes.GeneralSceneTests" runstate="Runnable"
                                seed="241507648" result="Passed" start-time="2023-08-08 03:19:43Z"
                                end-time="2023-08-08 03:19:43Z" duration="0.290264" asserts="0">
                                <properties />
                            </test-case>
                            <test-case id="2010" name="ItemStorageHasForcesSpawn"
                                fullname="Tests.Scenes.GeneralSceneTests(LavaLand).ItemStorageHasForcesSpawn"
                                methodname="ItemStorageHasForcesSpawn"
                                classname="Tests.Scenes.GeneralSceneTests" runstate="Runnable"
                                seed="831682053" result="Passed" start-time="2023-08-08 03:19:43Z"
                                end-time="2023-08-08 03:19:43Z" duration="0.003598" asserts="0">
                                <properties />
                            </test-case>
                            <test-case id="2008" name="LayersHaveCorrectParentAndAreNotDuplicated"
                                fullname="Tests.Scenes.GeneralSceneTests(LavaLand).LayersHaveCorrectParentAndAreNotDuplicated"
                                methodname="LayersHaveCorrectParentAndAreNotDuplicated"
                                classname="Tests.Scenes.GeneralSceneTests" runstate="Runnable"
                                seed="1125885737" result="Passed" start-time="2023-08-08 03:19:43Z"
                                end-time="2023-08-08 03:19:43Z" duration="0.001575" asserts="0">
                                <properties />
                            </test-case>
                            <test-case id="2009" name="MatrixHasAllLayers"
                                fullname="Tests.Scenes.GeneralSceneTests(LavaLand).MatrixHasAllLayers"
                                methodname="MatrixHasAllLayers"
                                classname="Tests.Scenes.GeneralSceneTests" runstate="Runnable"
                                seed="1192005319" result="Passed" start-time="2023-08-08 03:19:43Z"
                                end-time="2023-08-08 03:19:43Z" duration="0.000922" asserts="0">
                                <properties />
                            </test-case>
                            <test-case id="2006" name="MatrixHasMatrixSyncAndIsCorrectParent"
                                fullname="Tests.Scenes.GeneralSceneTests(LavaLand).MatrixHasMatrixSyncAndIsCorrectParent"
                                methodname="MatrixHasMatrixSyncAndIsCorrectParent"
                                classname="Tests.Scenes.GeneralSceneTests" runstate="Runnable"
                                seed="1831873322" result="Passed" start-time="2023-08-08 03:19:43Z"
                                end-time="2023-08-08 03:19:43Z" duration="0.000996" asserts="0">
                                <properties />
                            </test-case>
                            <test-case id="2007" name="OffSetIsPresent0Dot5"
                                fullname="Tests.Scenes.GeneralSceneTests(LavaLand).OffSetIsPresent0Dot5"
                                methodname="OffSetIsPresent0Dot5"
                                classname="Tests.Scenes.GeneralSceneTests" runstate="Runnable"
                                seed="1001545378" result="Passed" start-time="2023-08-08 03:19:43Z"
                                end-time="2023-08-08 03:19:43Z" duration="0.000189" asserts="0">
                                <properties />
                            </test-case>
                            <test-case id="2011" name="PipesAndCablesAreNotOverlappingOrDuplicate"
                                fullname="Tests.Scenes.GeneralSceneTests(LavaLand).PipesAndCablesAreNotOverlappingOrDuplicate"
                                methodname="PipesAndCablesAreNotOverlappingOrDuplicate"
                                classname="Tests.Scenes.GeneralSceneTests" runstate="Runnable"
                                seed="1558842052" result="Passed" start-time="2023-08-08 03:19:43Z"
                                end-time="2023-08-08 03:19:43Z" duration="0.454423" asserts="0">
                                <properties />
                            </test-case>
                            <test-case id="2005" name="PrefabsAreNotAt00"
                                fullname="Tests.Scenes.GeneralSceneTests(LavaLand).PrefabsAreNotAt00"
                                methodname="PrefabsAreNotAt00"
                                classname="Tests.Scenes.GeneralSceneTests" runstate="Runnable"
                                seed="1065267191" result="Passed" start-time="2023-08-08 03:19:43Z"
                                end-time="2023-08-08 03:19:43Z" duration="0.006578" asserts="0">
                                <properties />
                            </test-case>
                        </test-suite>
                        <test-suite type="TestFixture" id="2013"
                            name="GeneralSceneTests(Ministation Syndicate)"
                            fullname="Tests.Scenes.GeneralSceneTests(Ministation Syndicate)"
                            classname="Tests.Scenes.GeneralSceneTests" runstate="Runnable"
                            testcasecount="8" result="Passed" start-time="2023-08-08 03:19:43Z"
                            end-time="2023-08-08 03:19:44Z" duration="1.061252" total="8" passed="8"
                            failed="0" inconclusive="0" skipped="0" asserts="0">
                            <properties>
                                <property name="Category" value="Scenes" />
                            </properties>
                            <test-case id="2021" name="GameObjectsDoNotHaveMissingReferences"
                                fullname="Tests.Scenes.GeneralSceneTests(Ministation Syndicate).GameObjectsDoNotHaveMissingReferences"
                                methodname="GameObjectsDoNotHaveMissingReferences"
                                classname="Tests.Scenes.GeneralSceneTests" runstate="Runnable"
                                seed="423870965" result="Passed" start-time="2023-08-08 03:19:44Z"
                                end-time="2023-08-08 03:19:44Z" duration="0.098024" asserts="0">
                                <properties />
                            </test-case>
                            <test-case id="2019" name="ItemStorageHasForcesSpawn"
                                fullname="Tests.Scenes.GeneralSceneTests(Ministation Syndicate).ItemStorageHasForcesSpawn"
                                methodname="ItemStorageHasForcesSpawn"
                                classname="Tests.Scenes.GeneralSceneTests" runstate="Runnable"
                                seed="968739997" result="Passed" start-time="2023-08-08 03:19:44Z"
                                end-time="2023-08-08 03:19:44Z" duration="0.001438" asserts="0">
                                <properties />
                            </test-case>
                            <test-case id="2017" name="LayersHaveCorrectParentAndAreNotDuplicated"
                                fullname="Tests.Scenes.GeneralSceneTests(Ministation Syndicate).LayersHaveCorrectParentAndAreNotDuplicated"
                                methodname="LayersHaveCorrectParentAndAreNotDuplicated"
                                classname="Tests.Scenes.GeneralSceneTests" runstate="Runnable"
                                seed="1831562299" result="Passed" start-time="2023-08-08 03:19:44Z"
                                end-time="2023-08-08 03:19:44Z" duration="0.000885" asserts="0">
                                <properties />
                            </test-case>
                            <test-case id="2018" name="MatrixHasAllLayers"
                                fullname="Tests.Scenes.GeneralSceneTests(Ministation Syndicate).MatrixHasAllLayers"
                                methodname="MatrixHasAllLayers"
                                classname="Tests.Scenes.GeneralSceneTests" runstate="Runnable"
                                seed="1077820184" result="Passed" start-time="2023-08-08 03:19:44Z"
                                end-time="2023-08-08 03:19:44Z" duration="0.000928" asserts="0">
                                <properties />
                            </test-case>
                            <test-case id="2015" name="MatrixHasMatrixSyncAndIsCorrectParent"
                                fullname="Tests.Scenes.GeneralSceneTests(Ministation Syndicate).MatrixHasMatrixSyncAndIsCorrectParent"
                                methodname="MatrixHasMatrixSyncAndIsCorrectParent"
                                classname="Tests.Scenes.GeneralSceneTests" runstate="Runnable"
                                seed="894979107" result="Passed" start-time="2023-08-08 03:19:44Z"
                                end-time="2023-08-08 03:19:44Z" duration="0.000588" asserts="0">
                                <properties />
                            </test-case>
                            <test-case id="2016" name="OffSetIsPresent0Dot5"
                                fullname="Tests.Scenes.GeneralSceneTests(Ministation Syndicate).OffSetIsPresent0Dot5"
                                methodname="OffSetIsPresent0Dot5"
                                classname="Tests.Scenes.GeneralSceneTests" runstate="Runnable"
                                seed="668718505" result="Passed" start-time="2023-08-08 03:19:44Z"
                                end-time="2023-08-08 03:19:44Z" duration="0.000164" asserts="0">
                                <properties />
                            </test-case>
                            <test-case id="2020" name="PipesAndCablesAreNotOverlappingOrDuplicate"
                                fullname="Tests.Scenes.GeneralSceneTests(Ministation Syndicate).PipesAndCablesAreNotOverlappingOrDuplicate"
                                methodname="PipesAndCablesAreNotOverlappingOrDuplicate"
                                classname="Tests.Scenes.GeneralSceneTests" runstate="Runnable"
                                seed="1731319968" result="Passed" start-time="2023-08-08 03:19:44Z"
                                end-time="2023-08-08 03:19:44Z" duration="0.001005" asserts="0">
                                <properties />
                            </test-case>
                            <test-case id="2014" name="PrefabsAreNotAt00"
                                fullname="Tests.Scenes.GeneralSceneTests(Ministation Syndicate).PrefabsAreNotAt00"
                                methodname="PrefabsAreNotAt00"
                                classname="Tests.Scenes.GeneralSceneTests" runstate="Runnable"
                                seed="300753311" result="Passed" start-time="2023-08-08 03:19:44Z"
                                end-time="2023-08-08 03:19:44Z" duration="0.002031" asserts="0">
                                <properties />
                            </test-case>
                        </test-suite>
                        <test-suite type="TestFixture" id="2256"
                            name="GeneralSceneTests(MiniStation)"
                            fullname="Tests.Scenes.GeneralSceneTests(MiniStation)"
                            classname="Tests.Scenes.GeneralSceneTests" runstate="Runnable"
                            testcasecount="8" result="Passed" start-time="2023-08-08 03:19:44Z"
                            end-time="2023-08-08 03:19:53Z" duration="8.833819" total="8" passed="8"
                            failed="0" inconclusive="0" skipped="0" asserts="0">
                            <properties>
                                <property name="Category" value="Scenes" />
                            </properties>
                            <test-case id="2264" name="GameObjectsDoNotHaveMissingReferences"
                                fullname="Tests.Scenes.GeneralSceneTests(MiniStation).GameObjectsDoNotHaveMissingReferences"
                                methodname="GameObjectsDoNotHaveMissingReferences"
                                classname="Tests.Scenes.GeneralSceneTests" runstate="Runnable"
                                seed="1452417257" result="Passed" start-time="2023-08-08 03:19:51Z"
                                end-time="2023-08-08 03:19:53Z" duration="1.752419" asserts="0">
                                <properties />
                            </test-case>
                            <test-case id="2262" name="ItemStorageHasForcesSpawn"
                                fullname="Tests.Scenes.GeneralSceneTests(MiniStation).ItemStorageHasForcesSpawn"
                                methodname="ItemStorageHasForcesSpawn"
                                classname="Tests.Scenes.GeneralSceneTests" runstate="Runnable"
                                seed="1370488256" result="Passed" start-time="2023-08-08 03:19:53Z"
                                end-time="2023-08-08 03:19:53Z" duration="0.021230" asserts="0">
                                <properties />
                            </test-case>
                            <test-case id="2260" name="LayersHaveCorrectParentAndAreNotDuplicated"
                                fullname="Tests.Scenes.GeneralSceneTests(MiniStation).LayersHaveCorrectParentAndAreNotDuplicated"
                                methodname="LayersHaveCorrectParentAndAreNotDuplicated"
                                classname="Tests.Scenes.GeneralSceneTests" runstate="Runnable"
                                seed="1522988870" result="Passed" start-time="2023-08-08 03:19:53Z"
                                end-time="2023-08-08 03:19:53Z" duration="0.009181" asserts="0">
                                <properties />
                            </test-case>
                            <test-case id="2261" name="MatrixHasAllLayers"
                                fullname="Tests.Scenes.GeneralSceneTests(MiniStation).MatrixHasAllLayers"
                                methodname="MatrixHasAllLayers"
                                classname="Tests.Scenes.GeneralSceneTests" runstate="Runnable"
                                seed="1812044719" result="Passed" start-time="2023-08-08 03:19:53Z"
                                end-time="2023-08-08 03:19:53Z" duration="0.005707" asserts="0">
                                <properties />
                            </test-case>
                            <test-case id="2258" name="MatrixHasMatrixSyncAndIsCorrectParent"
                                fullname="Tests.Scenes.GeneralSceneTests(MiniStation).MatrixHasMatrixSyncAndIsCorrectParent"
                                methodname="MatrixHasMatrixSyncAndIsCorrectParent"
                                classname="Tests.Scenes.GeneralSceneTests" runstate="Runnable"
                                seed="1237992515" result="Passed" start-time="2023-08-08 03:19:53Z"
                                end-time="2023-08-08 03:19:53Z" duration="0.005134" asserts="0">
                                <properties />
                            </test-case>
                            <test-case id="2259" name="OffSetIsPresent0Dot5"
                                fullname="Tests.Scenes.GeneralSceneTests(MiniStation).OffSetIsPresent0Dot5"
                                methodname="OffSetIsPresent0Dot5"
                                classname="Tests.Scenes.GeneralSceneTests" runstate="Runnable"
                                seed="1321357723" result="Passed" start-time="2023-08-08 03:19:53Z"
                                end-time="2023-08-08 03:19:53Z" duration="0.000207" asserts="0">
                                <properties />
                            </test-case>
                            <test-case id="2263" name="PipesAndCablesAreNotOverlappingOrDuplicate"
                                fullname="Tests.Scenes.GeneralSceneTests(MiniStation).PipesAndCablesAreNotOverlappingOrDuplicate"
                                methodname="PipesAndCablesAreNotOverlappingOrDuplicate"
                                classname="Tests.Scenes.GeneralSceneTests" runstate="Runnable"
                                seed="2135109808" result="Passed" start-time="2023-08-08 03:19:53Z"
                                end-time="2023-08-08 03:19:53Z" duration="0.345623" asserts="0">
                                <properties />
                            </test-case>
                            <test-case id="2257" name="PrefabsAreNotAt00"
                                fullname="Tests.Scenes.GeneralSceneTests(MiniStation).PrefabsAreNotAt00"
                                methodname="PrefabsAreNotAt00"
                                classname="Tests.Scenes.GeneralSceneTests" runstate="Runnable"
                                seed="772025773" result="Passed" start-time="2023-08-08 03:19:53Z"
                                end-time="2023-08-08 03:19:53Z" duration="0.038935" asserts="0">
                                <properties />
                            </test-case>
                        </test-suite>
                        <test-suite type="TestFixture" id="2265"
                            name="GeneralSceneTests(OutpostStation)"
                            fullname="Tests.Scenes.GeneralSceneTests(OutpostStation)"
                            classname="Tests.Scenes.GeneralSceneTests" runstate="Runnable"
                            testcasecount="8" result="Passed" start-time="2023-08-08 03:19:53Z"
                            end-time="2023-08-08 03:20:03Z" duration="9.795303" total="8" passed="8"
                            failed="0" inconclusive="0" skipped="0" asserts="0">
                            <properties>
                                <property name="Category" value="Scenes" />
                            </properties>
                            <test-case id="2273" name="GameObjectsDoNotHaveMissingReferences"
                                fullname="Tests.Scenes.GeneralSceneTests(OutpostStation).GameObjectsDoNotHaveMissingReferences"
                                methodname="GameObjectsDoNotHaveMissingReferences"
                                classname="Tests.Scenes.GeneralSceneTests" runstate="Runnable"
                                seed="734646937" result="Passed" start-time="2023-08-08 03:19:59Z"
                                end-time="2023-08-08 03:20:02Z" duration="2.942192" asserts="0">
                                <properties />
                            </test-case>
                            <test-case id="2271" name="ItemStorageHasForcesSpawn"
                                fullname="Tests.Scenes.GeneralSceneTests(OutpostStation).ItemStorageHasForcesSpawn"
                                methodname="ItemStorageHasForcesSpawn"
                                classname="Tests.Scenes.GeneralSceneTests" runstate="Runnable"
                                seed="881858364" result="Passed" start-time="2023-08-08 03:20:02Z"
                                end-time="2023-08-08 03:20:02Z" duration="0.051364" asserts="0">
                                <properties />
                            </test-case>
                            <test-case id="2269" name="LayersHaveCorrectParentAndAreNotDuplicated"
                                fullname="Tests.Scenes.GeneralSceneTests(OutpostStation).LayersHaveCorrectParentAndAreNotDuplicated"
                                methodname="LayersHaveCorrectParentAndAreNotDuplicated"
                                classname="Tests.Scenes.GeneralSceneTests" runstate="Runnable"
                                seed="412931896" result="Passed" start-time="2023-08-08 03:20:02Z"
                                end-time="2023-08-08 03:20:02Z" duration="0.018386" asserts="0">
                                <properties />
                            </test-case>
                            <test-case id="2270" name="MatrixHasAllLayers"
                                fullname="Tests.Scenes.GeneralSceneTests(OutpostStation).MatrixHasAllLayers"
                                methodname="MatrixHasAllLayers"
                                classname="Tests.Scenes.GeneralSceneTests" runstate="Runnable"
                                seed="985174290" result="Passed" start-time="2023-08-08 03:20:02Z"
                                end-time="2023-08-08 03:20:02Z" duration="0.014696" asserts="0">
                                <properties />
                            </test-case>
                            <test-case id="2267" name="MatrixHasMatrixSyncAndIsCorrectParent"
                                fullname="Tests.Scenes.GeneralSceneTests(OutpostStation).MatrixHasMatrixSyncAndIsCorrectParent"
                                methodname="MatrixHasMatrixSyncAndIsCorrectParent"
                                classname="Tests.Scenes.GeneralSceneTests" runstate="Runnable"
                                seed="1815244047" result="Passed" start-time="2023-08-08 03:20:02Z"
                                end-time="2023-08-08 03:20:02Z" duration="0.015083" asserts="0">
                                <properties />
                            </test-case>
                            <test-case id="2268" name="OffSetIsPresent0Dot5"
                                fullname="Tests.Scenes.GeneralSceneTests(OutpostStation).OffSetIsPresent0Dot5"
                                methodname="OffSetIsPresent0Dot5"
                                classname="Tests.Scenes.GeneralSceneTests" runstate="Runnable"
                                seed="932750660" result="Passed" start-time="2023-08-08 03:20:02Z"
                                end-time="2023-08-08 03:20:02Z" duration="0.000307" asserts="0">
                                <properties />
                            </test-case>
                            <test-case id="2272" name="PipesAndCablesAreNotOverlappingOrDuplicate"
                                fullname="Tests.Scenes.GeneralSceneTests(OutpostStation).PipesAndCablesAreNotOverlappingOrDuplicate"
                                methodname="PipesAndCablesAreNotOverlappingOrDuplicate"
                                classname="Tests.Scenes.GeneralSceneTests" runstate="Runnable"
                                seed="44509151" result="Passed" start-time="2023-08-08 03:20:02Z"
                                end-time="2023-08-08 03:20:03Z" duration="0.605517" asserts="0">
                                <properties />
                            </test-case>
                            <test-case id="2266" name="PrefabsAreNotAt00"
                                fullname="Tests.Scenes.GeneralSceneTests(OutpostStation).PrefabsAreNotAt00"
                                methodname="PrefabsAreNotAt00"
                                classname="Tests.Scenes.GeneralSceneTests" runstate="Runnable"
                                seed="622745495" result="Passed" start-time="2023-08-08 03:20:03Z"
                                end-time="2023-08-08 03:20:03Z" duration="0.117531" asserts="0">
                                <properties />
                            </test-case>
                        </test-suite>
                        <test-suite type="TestFixture" id="2220" name="GeneralSceneTests(Palace)"
                            fullname="Tests.Scenes.GeneralSceneTests(Palace)"
                            classname="Tests.Scenes.GeneralSceneTests" runstate="Runnable"
                            testcasecount="8" result="Passed" start-time="2023-08-08 03:20:03Z"
                            end-time="2023-08-08 03:20:05Z" duration="1.763135" total="8" passed="8"
                            failed="0" inconclusive="0" skipped="0" asserts="0">
                            <properties>
                                <property name="Category" value="Scenes" />
                            </properties>
                            <test-case id="2228" name="GameObjectsDoNotHaveMissingReferences"
                                fullname="Tests.Scenes.GeneralSceneTests(Palace).GameObjectsDoNotHaveMissingReferences"
                                methodname="GameObjectsDoNotHaveMissingReferences"
                                classname="Tests.Scenes.GeneralSceneTests" runstate="Runnable"
                                seed="2026736486" result="Passed" start-time="2023-08-08 03:20:05Z"
                                end-time="2023-08-08 03:20:05Z" duration="0.104358" asserts="0">
                                <properties />
                            </test-case>
                            <test-case id="2226" name="ItemStorageHasForcesSpawn"
                                fullname="Tests.Scenes.GeneralSceneTests(Palace).ItemStorageHasForcesSpawn"
                                methodname="ItemStorageHasForcesSpawn"
                                classname="Tests.Scenes.GeneralSceneTests" runstate="Runnable"
                                seed="1056660551" result="Passed" start-time="2023-08-08 03:20:05Z"
                                end-time="2023-08-08 03:20:05Z" duration="0.000952" asserts="0">
                                <properties />
                            </test-case>
                            <test-case id="2224" name="LayersHaveCorrectParentAndAreNotDuplicated"
                                fullname="Tests.Scenes.GeneralSceneTests(Palace).LayersHaveCorrectParentAndAreNotDuplicated"
                                methodname="LayersHaveCorrectParentAndAreNotDuplicated"
                                classname="Tests.Scenes.GeneralSceneTests" runstate="Runnable"
                                seed="940645581" result="Passed" start-time="2023-08-08 03:20:05Z"
                                end-time="2023-08-08 03:20:05Z" duration="0.000739" asserts="0">
                                <properties />
                            </test-case>
                            <test-case id="2225" name="MatrixHasAllLayers"
                                fullname="Tests.Scenes.GeneralSceneTests(Palace).MatrixHasAllLayers"
                                methodname="MatrixHasAllLayers"
                                classname="Tests.Scenes.GeneralSceneTests" runstate="Runnable"
                                seed="379498821" result="Passed" start-time="2023-08-08 03:20:05Z"
                                end-time="2023-08-08 03:20:05Z" duration="0.000520" asserts="0">
                                <properties />
                            </test-case>
                            <test-case id="2222" name="MatrixHasMatrixSyncAndIsCorrectParent"
                                fullname="Tests.Scenes.GeneralSceneTests(Palace).MatrixHasMatrixSyncAndIsCorrectParent"
                                methodname="MatrixHasMatrixSyncAndIsCorrectParent"
                                classname="Tests.Scenes.GeneralSceneTests" runstate="Runnable"
                                seed="1486179089" result="Passed" start-time="2023-08-08 03:20:05Z"
                                end-time="2023-08-08 03:20:05Z" duration="0.000520" asserts="0">
                                <properties />
                            </test-case>
                            <test-case id="2223" name="OffSetIsPresent0Dot5"
                                fullname="Tests.Scenes.GeneralSceneTests(Palace).OffSetIsPresent0Dot5"
                                methodname="OffSetIsPresent0Dot5"
                                classname="Tests.Scenes.GeneralSceneTests" runstate="Runnable"
                                seed="1024808378" result="Passed" start-time="2023-08-08 03:20:05Z"
                                end-time="2023-08-08 03:20:05Z" duration="0.000184" asserts="0">
                                <properties />
                            </test-case>
                            <test-case id="2227" name="PipesAndCablesAreNotOverlappingOrDuplicate"
                                fullname="Tests.Scenes.GeneralSceneTests(Palace).PipesAndCablesAreNotOverlappingOrDuplicate"
                                methodname="PipesAndCablesAreNotOverlappingOrDuplicate"
                                classname="Tests.Scenes.GeneralSceneTests" runstate="Runnable"
                                seed="941883577" result="Passed" start-time="2023-08-08 03:20:05Z"
                                end-time="2023-08-08 03:20:05Z" duration="0.001060" asserts="0">
                                <properties />
                            </test-case>
                            <test-case id="2221" name="PrefabsAreNotAt00"
                                fullname="Tests.Scenes.GeneralSceneTests(Palace).PrefabsAreNotAt00"
                                methodname="PrefabsAreNotAt00"
                                classname="Tests.Scenes.GeneralSceneTests" runstate="Runnable"
                                seed="1504722786" result="Passed" start-time="2023-08-08 03:20:05Z"
                                end-time="2023-08-08 03:20:05Z" duration="0.002604" asserts="0">
                                <properties />
                            </test-case>
                        </test-suite>
                        <test-suite type="TestFixture" id="2274"
                            name="GeneralSceneTests(PogStation)"
                            fullname="Tests.Scenes.GeneralSceneTests(PogStation)"
                            classname="Tests.Scenes.GeneralSceneTests" runstate="Runnable"
                            testcasecount="8" result="Passed" start-time="2023-08-08 03:20:05Z"
                            end-time="2023-08-08 03:20:18Z" duration="13.443535" total="8"
                            passed="8" failed="0" inconclusive="0" skipped="0" asserts="0">
                            <properties>
                                <property name="Category" value="Scenes" />
                            </properties>
                            <test-case id="2282" name="GameObjectsDoNotHaveMissingReferences"
                                fullname="Tests.Scenes.GeneralSceneTests(PogStation).GameObjectsDoNotHaveMissingReferences"
                                methodname="GameObjectsDoNotHaveMissingReferences"
                                classname="Tests.Scenes.GeneralSceneTests" runstate="Runnable"
                                seed="2100416980" result="Passed" start-time="2023-08-08 03:20:14Z"
                                end-time="2023-08-08 03:20:17Z" duration="2.924366" asserts="0">
                                <properties />
                            </test-case>
                            <test-case id="2280" name="ItemStorageHasForcesSpawn"
                                fullname="Tests.Scenes.GeneralSceneTests(PogStation).ItemStorageHasForcesSpawn"
                                methodname="ItemStorageHasForcesSpawn"
                                classname="Tests.Scenes.GeneralSceneTests" runstate="Runnable"
                                seed="1777156243" result="Passed" start-time="2023-08-08 03:20:17Z"
                                end-time="2023-08-08 03:20:17Z" duration="0.045717" asserts="0">
                                <properties />
                            </test-case>
                            <test-case id="2278" name="LayersHaveCorrectParentAndAreNotDuplicated"
                                fullname="Tests.Scenes.GeneralSceneTests(PogStation).LayersHaveCorrectParentAndAreNotDuplicated"
                                methodname="LayersHaveCorrectParentAndAreNotDuplicated"
                                classname="Tests.Scenes.GeneralSceneTests" runstate="Runnable"
                                seed="1836846851" result="Passed" start-time="2023-08-08 03:20:17Z"
                                end-time="2023-08-08 03:20:17Z" duration="0.016314" asserts="0">
                                <properties />
                            </test-case>
                            <test-case id="2279" name="MatrixHasAllLayers"
                                fullname="Tests.Scenes.GeneralSceneTests(PogStation).MatrixHasAllLayers"
                                methodname="MatrixHasAllLayers"
                                classname="Tests.Scenes.GeneralSceneTests" runstate="Runnable"
                                seed="883698973" result="Passed" start-time="2023-08-08 03:20:17Z"
                                end-time="2023-08-08 03:20:17Z" duration="0.014231" asserts="0">
                                <properties />
                            </test-case>
                            <test-case id="2276" name="MatrixHasMatrixSyncAndIsCorrectParent"
                                fullname="Tests.Scenes.GeneralSceneTests(PogStation).MatrixHasMatrixSyncAndIsCorrectParent"
                                methodname="MatrixHasMatrixSyncAndIsCorrectParent"
                                classname="Tests.Scenes.GeneralSceneTests" runstate="Runnable"
                                seed="1288866474" result="Passed" start-time="2023-08-08 03:20:17Z"
                                end-time="2023-08-08 03:20:17Z" duration="0.013295" asserts="0">
                                <properties />
                            </test-case>
                            <test-case id="2277" name="OffSetIsPresent0Dot5"
                                fullname="Tests.Scenes.GeneralSceneTests(PogStation).OffSetIsPresent0Dot5"
                                methodname="OffSetIsPresent0Dot5"
                                classname="Tests.Scenes.GeneralSceneTests" runstate="Runnable"
                                seed="1150464566" result="Passed" start-time="2023-08-08 03:20:17Z"
                                end-time="2023-08-08 03:20:17Z" duration="0.000311" asserts="0">
                                <properties />
                            </test-case>
                            <test-case id="2281" name="PipesAndCablesAreNotOverlappingOrDuplicate"
                                fullname="Tests.Scenes.GeneralSceneTests(PogStation).PipesAndCablesAreNotOverlappingOrDuplicate"
                                methodname="PipesAndCablesAreNotOverlappingOrDuplicate"
                                classname="Tests.Scenes.GeneralSceneTests" runstate="Runnable"
                                seed="1520249136" result="Passed" start-time="2023-08-08 03:20:17Z"
                                end-time="2023-08-08 03:20:18Z" duration="1.217196" asserts="0">
                                <properties />
                            </test-case>
                            <test-case id="2275" name="PrefabsAreNotAt00"
                                fullname="Tests.Scenes.GeneralSceneTests(PogStation).PrefabsAreNotAt00"
                                methodname="PrefabsAreNotAt00"
                                classname="Tests.Scenes.GeneralSceneTests" runstate="Runnable"
                                seed="272981386" result="Passed" start-time="2023-08-08 03:20:18Z"
                                end-time="2023-08-08 03:20:18Z" duration="0.110105" asserts="0">
                                <properties />
                            </test-case>
                        </test-suite>
                        <test-suite type="TestFixture" id="2229" name="GeneralSceneTests(Relicta)"
                            fullname="Tests.Scenes.GeneralSceneTests(Relicta)"
                            classname="Tests.Scenes.GeneralSceneTests" runstate="Runnable"
                            testcasecount="8" result="Passed" start-time="2023-08-08 03:20:18Z"
                            end-time="2023-08-08 03:20:21Z" duration="2.426909" total="8" passed="8"
                            failed="0" inconclusive="0" skipped="0" asserts="0">
                            <properties>
                                <property name="Category" value="Scenes" />
                            </properties>
                            <test-case id="2237" name="GameObjectsDoNotHaveMissingReferences"
                                fullname="Tests.Scenes.GeneralSceneTests(Relicta).GameObjectsDoNotHaveMissingReferences"
                                methodname="GameObjectsDoNotHaveMissingReferences"
                                classname="Tests.Scenes.GeneralSceneTests" runstate="Runnable"
                                seed="305433828" result="Passed" start-time="2023-08-08 03:20:20Z"
                                end-time="2023-08-08 03:20:21Z" duration="0.322049" asserts="0">
                                <properties />
                            </test-case>
                            <test-case id="2235" name="ItemStorageHasForcesSpawn"
                                fullname="Tests.Scenes.GeneralSceneTests(Relicta).ItemStorageHasForcesSpawn"
                                methodname="ItemStorageHasForcesSpawn"
                                classname="Tests.Scenes.GeneralSceneTests" runstate="Runnable"
                                seed="193224008" result="Passed" start-time="2023-08-08 03:20:21Z"
                                end-time="2023-08-08 03:20:21Z" duration="0.005134" asserts="0">
                                <properties />
                            </test-case>
                            <test-case id="2233" name="LayersHaveCorrectParentAndAreNotDuplicated"
                                fullname="Tests.Scenes.GeneralSceneTests(Relicta).LayersHaveCorrectParentAndAreNotDuplicated"
                                methodname="LayersHaveCorrectParentAndAreNotDuplicated"
                                classname="Tests.Scenes.GeneralSceneTests" runstate="Runnable"
                                seed="295408411" result="Passed" start-time="2023-08-08 03:20:21Z"
                                end-time="2023-08-08 03:20:21Z" duration="0.001813" asserts="0">
                                <properties />
                            </test-case>
                            <test-case id="2234" name="MatrixHasAllLayers"
                                fullname="Tests.Scenes.GeneralSceneTests(Relicta).MatrixHasAllLayers"
                                methodname="MatrixHasAllLayers"
                                classname="Tests.Scenes.GeneralSceneTests" runstate="Runnable"
                                seed="1385624095" result="Passed" start-time="2023-08-08 03:20:21Z"
                                end-time="2023-08-08 03:20:21Z" duration="0.001078" asserts="0">
                                <properties />
                            </test-case>
                            <test-case id="2231" name="MatrixHasMatrixSyncAndIsCorrectParent"
                                fullname="Tests.Scenes.GeneralSceneTests(Relicta).MatrixHasMatrixSyncAndIsCorrectParent"
                                methodname="MatrixHasMatrixSyncAndIsCorrectParent"
                                classname="Tests.Scenes.GeneralSceneTests" runstate="Runnable"
                                seed="1974742066" result="Passed" start-time="2023-08-08 03:20:21Z"
                                end-time="2023-08-08 03:20:21Z" duration="0.001149" asserts="0">
                                <properties />
                            </test-case>
                            <test-case id="2232" name="OffSetIsPresent0Dot5"
                                fullname="Tests.Scenes.GeneralSceneTests(Relicta).OffSetIsPresent0Dot5"
                                methodname="OffSetIsPresent0Dot5"
                                classname="Tests.Scenes.GeneralSceneTests" runstate="Runnable"
                                seed="740976125" result="Passed" start-time="2023-08-08 03:20:21Z"
                                end-time="2023-08-08 03:20:21Z" duration="0.000170" asserts="0">
                                <properties />
                            </test-case>
                            <test-case id="2236" name="PipesAndCablesAreNotOverlappingOrDuplicate"
                                fullname="Tests.Scenes.GeneralSceneTests(Relicta).PipesAndCablesAreNotOverlappingOrDuplicate"
                                methodname="PipesAndCablesAreNotOverlappingOrDuplicate"
                                classname="Tests.Scenes.GeneralSceneTests" runstate="Runnable"
                                seed="795831152" result="Passed" start-time="2023-08-08 03:20:21Z"
                                end-time="2023-08-08 03:20:21Z" duration="0.043805" asserts="0">
                                <properties />
                            </test-case>
                            <test-case id="2230" name="PrefabsAreNotAt00"
                                fullname="Tests.Scenes.GeneralSceneTests(Relicta).PrefabsAreNotAt00"
                                methodname="PrefabsAreNotAt00"
                                classname="Tests.Scenes.GeneralSceneTests" runstate="Runnable"
                                seed="1094936527" result="Passed" start-time="2023-08-08 03:20:21Z"
                                end-time="2023-08-08 03:20:21Z" duration="0.005779" asserts="0">
                                <properties />
                            </test-case>
                        </test-suite>
                        <test-suite type="TestFixture" id="2166" name="GeneralSceneTests(Ruin01)"
                            fullname="Tests.Scenes.GeneralSceneTests(Ruin01)"
                            classname="Tests.Scenes.GeneralSceneTests" runstate="Runnable"
                            testcasecount="8" result="Passed" start-time="2023-08-08 03:20:21Z"
                            end-time="2023-08-08 03:20:21Z" duration="0.827145" total="8" passed="8"
                            failed="0" inconclusive="0" skipped="0" asserts="0">
                            <properties>
                                <property name="Category" value="Scenes" />
                            </properties>
                            <test-case id="2174" name="GameObjectsDoNotHaveMissingReferences"
                                fullname="Tests.Scenes.GeneralSceneTests(Ruin01).GameObjectsDoNotHaveMissingReferences"
                                methodname="GameObjectsDoNotHaveMissingReferences"
                                classname="Tests.Scenes.GeneralSceneTests" runstate="Runnable"
                                seed="578179094" result="Passed" start-time="2023-08-08 03:20:21Z"
                                end-time="2023-08-08 03:20:21Z" duration="0.034403" asserts="0">
                                <properties />
                            </test-case>
                            <test-case id="2172" name="ItemStorageHasForcesSpawn"
                                fullname="Tests.Scenes.GeneralSceneTests(Ruin01).ItemStorageHasForcesSpawn"
                                methodname="ItemStorageHasForcesSpawn"
                                classname="Tests.Scenes.GeneralSceneTests" runstate="Runnable"
                                seed="1605541708" result="Passed" start-time="2023-08-08 03:20:21Z"
                                end-time="2023-08-08 03:20:21Z" duration="0.000608" asserts="0">
                                <properties />
                            </test-case>
                            <test-case id="2170" name="LayersHaveCorrectParentAndAreNotDuplicated"
                                fullname="Tests.Scenes.GeneralSceneTests(Ruin01).LayersHaveCorrectParentAndAreNotDuplicated"
                                methodname="LayersHaveCorrectParentAndAreNotDuplicated"
                                classname="Tests.Scenes.GeneralSceneTests" runstate="Runnable"
                                seed="841796685" result="Passed" start-time="2023-08-08 03:20:21Z"
                                end-time="2023-08-08 03:20:21Z" duration="0.000469" asserts="0">
                                <properties />
                            </test-case>
                            <test-case id="2171" name="MatrixHasAllLayers"
                                fullname="Tests.Scenes.GeneralSceneTests(Ruin01).MatrixHasAllLayers"
                                methodname="MatrixHasAllLayers"
                                classname="Tests.Scenes.GeneralSceneTests" runstate="Runnable"
                                seed="304837288" result="Passed" start-time="2023-08-08 03:20:21Z"
                                end-time="2023-08-08 03:20:21Z" duration="0.000286" asserts="0">
                                <properties />
                            </test-case>
                            <test-case id="2168" name="MatrixHasMatrixSyncAndIsCorrectParent"
                                fullname="Tests.Scenes.GeneralSceneTests(Ruin01).MatrixHasMatrixSyncAndIsCorrectParent"
                                methodname="MatrixHasMatrixSyncAndIsCorrectParent"
                                classname="Tests.Scenes.GeneralSceneTests" runstate="Runnable"
                                seed="25476029" result="Passed" start-time="2023-08-08 03:20:21Z"
                                end-time="2023-08-08 03:20:21Z" duration="0.000355" asserts="0">
                                <properties />
                            </test-case>
                            <test-case id="2169" name="OffSetIsPresent0Dot5"
                                fullname="Tests.Scenes.GeneralSceneTests(Ruin01).OffSetIsPresent0Dot5"
                                methodname="OffSetIsPresent0Dot5"
                                classname="Tests.Scenes.GeneralSceneTests" runstate="Runnable"
                                seed="547673057" result="Passed" start-time="2023-08-08 03:20:21Z"
                                end-time="2023-08-08 03:20:21Z" duration="0.000166" asserts="0">
                                <properties />
                            </test-case>
                            <test-case id="2173" name="PipesAndCablesAreNotOverlappingOrDuplicate"
                                fullname="Tests.Scenes.GeneralSceneTests(Ruin01).PipesAndCablesAreNotOverlappingOrDuplicate"
                                methodname="PipesAndCablesAreNotOverlappingOrDuplicate"
                                classname="Tests.Scenes.GeneralSceneTests" runstate="Runnable"
                                seed="921684993" result="Passed" start-time="2023-08-08 03:20:21Z"
                                end-time="2023-08-08 03:20:21Z" duration="0.001554" asserts="0">
                                <properties />
                            </test-case>
                            <test-case id="2167" name="PrefabsAreNotAt00"
                                fullname="Tests.Scenes.GeneralSceneTests(Ruin01).PrefabsAreNotAt00"
                                methodname="PrefabsAreNotAt00"
                                classname="Tests.Scenes.GeneralSceneTests" runstate="Runnable"
                                seed="494983548" result="Passed" start-time="2023-08-08 03:20:21Z"
                                end-time="2023-08-08 03:20:21Z" duration="0.000720" asserts="0">
                                <properties />
                            </test-case>
                        </test-suite>
                        <test-suite type="TestFixture" id="2175" name="GeneralSceneTests(Ruin02)"
                            fullname="Tests.Scenes.GeneralSceneTests(Ruin02)"
                            classname="Tests.Scenes.GeneralSceneTests" runstate="Runnable"
                            testcasecount="8" result="Passed" start-time="2023-08-08 03:20:21Z"
                            end-time="2023-08-08 03:20:23Z" duration="1.105685" total="8" passed="8"
                            failed="0" inconclusive="0" skipped="0" asserts="0">
                            <properties>
                                <property name="Category" value="Scenes" />
                            </properties>
                            <test-case id="2183" name="GameObjectsDoNotHaveMissingReferences"
                                fullname="Tests.Scenes.GeneralSceneTests(Ruin02).GameObjectsDoNotHaveMissingReferences"
                                methodname="GameObjectsDoNotHaveMissingReferences"
                                classname="Tests.Scenes.GeneralSceneTests" runstate="Runnable"
                                seed="1601990378" result="Passed" start-time="2023-08-08 03:20:23Z"
                                end-time="2023-08-08 03:20:23Z" duration="0.056661" asserts="0">
                                <properties />
                            </test-case>
                            <test-case id="2181" name="ItemStorageHasForcesSpawn"
                                fullname="Tests.Scenes.GeneralSceneTests(Ruin02).ItemStorageHasForcesSpawn"
                                methodname="ItemStorageHasForcesSpawn"
                                classname="Tests.Scenes.GeneralSceneTests" runstate="Runnable"
                                seed="1980619048" result="Passed" start-time="2023-08-08 03:20:23Z"
                                end-time="2023-08-08 03:20:23Z" duration="0.000905" asserts="0">
                                <properties />
                            </test-case>
                            <test-case id="2179" name="LayersHaveCorrectParentAndAreNotDuplicated"
                                fullname="Tests.Scenes.GeneralSceneTests(Ruin02).LayersHaveCorrectParentAndAreNotDuplicated"
                                methodname="LayersHaveCorrectParentAndAreNotDuplicated"
                                classname="Tests.Scenes.GeneralSceneTests" runstate="Runnable"
                                seed="47174146" result="Passed" start-time="2023-08-08 03:20:23Z"
                                end-time="2023-08-08 03:20:23Z" duration="0.000586" asserts="0">
                                <properties />
                            </test-case>
                            <test-case id="2180" name="MatrixHasAllLayers"
                                fullname="Tests.Scenes.GeneralSceneTests(Ruin02).MatrixHasAllLayers"
                                methodname="MatrixHasAllLayers"
                                classname="Tests.Scenes.GeneralSceneTests" runstate="Runnable"
                                seed="2088853755" result="Passed" start-time="2023-08-08 03:20:23Z"
                                end-time="2023-08-08 03:20:23Z" duration="0.000361" asserts="0">
                                <properties />
                            </test-case>
                            <test-case id="2177" name="MatrixHasMatrixSyncAndIsCorrectParent"
                                fullname="Tests.Scenes.GeneralSceneTests(Ruin02).MatrixHasMatrixSyncAndIsCorrectParent"
                                methodname="MatrixHasMatrixSyncAndIsCorrectParent"
                                classname="Tests.Scenes.GeneralSceneTests" runstate="Runnable"
                                seed="170714447" result="Passed" start-time="2023-08-08 03:20:23Z"
                                end-time="2023-08-08 03:20:23Z" duration="0.000415" asserts="0">
                                <properties />
                            </test-case>
                            <test-case id="2178" name="OffSetIsPresent0Dot5"
                                fullname="Tests.Scenes.GeneralSceneTests(Ruin02).OffSetIsPresent0Dot5"
                                methodname="OffSetIsPresent0Dot5"
                                classname="Tests.Scenes.GeneralSceneTests" runstate="Runnable"
                                seed="1151632645" result="Passed" start-time="2023-08-08 03:20:23Z"
                                end-time="2023-08-08 03:20:23Z" duration="0.000172" asserts="0">
                                <properties />
                            </test-case>
                            <test-case id="2182" name="PipesAndCablesAreNotOverlappingOrDuplicate"
                                fullname="Tests.Scenes.GeneralSceneTests(Ruin02).PipesAndCablesAreNotOverlappingOrDuplicate"
                                methodname="PipesAndCablesAreNotOverlappingOrDuplicate"
                                classname="Tests.Scenes.GeneralSceneTests" runstate="Runnable"
                                seed="1874064826" result="Passed" start-time="2023-08-08 03:20:23Z"
                                end-time="2023-08-08 03:20:23Z" duration="0.000587" asserts="0">
                                <properties />
                            </test-case>
                            <test-case id="2176" name="PrefabsAreNotAt00"
                                fullname="Tests.Scenes.GeneralSceneTests(Ruin02).PrefabsAreNotAt00"
                                methodname="PrefabsAreNotAt00"
                                classname="Tests.Scenes.GeneralSceneTests" runstate="Runnable"
                                seed="1656102304" result="Passed" start-time="2023-08-08 03:20:23Z"
                                end-time="2023-08-08 03:20:23Z" duration="0.001309" asserts="0">
                                <properties />
                            </test-case>
                        </test-suite>
                        <test-suite type="TestFixture" id="2310"
                            name="GeneralSceneTests(SpaceScene)"
                            fullname="Tests.Scenes.GeneralSceneTests(SpaceScene)"
                            classname="Tests.Scenes.GeneralSceneTests" runstate="Runnable"
                            testcasecount="8" result="Passed" start-time="2023-08-08 03:20:23Z"
                            end-time="2023-08-08 03:20:23Z" duration="0.669162" total="8" passed="8"
                            failed="0" inconclusive="0" skipped="0" asserts="0">
                            <properties>
                                <property name="Category" value="Scenes" />
                            </properties>
                            <test-case id="2318" name="GameObjectsDoNotHaveMissingReferences"
                                fullname="Tests.Scenes.GeneralSceneTests(SpaceScene).GameObjectsDoNotHaveMissingReferences"
                                methodname="GameObjectsDoNotHaveMissingReferences"
                                classname="Tests.Scenes.GeneralSceneTests" runstate="Runnable"
                                seed="625708052" result="Passed" start-time="2023-08-08 03:20:23Z"
                                end-time="2023-08-08 03:20:23Z" duration="0.003489" asserts="0">
                                <properties />
                            </test-case>
                            <test-case id="2316" name="ItemStorageHasForcesSpawn"
                                fullname="Tests.Scenes.GeneralSceneTests(SpaceScene).ItemStorageHasForcesSpawn"
                                methodname="ItemStorageHasForcesSpawn"
                                classname="Tests.Scenes.GeneralSceneTests" runstate="Runnable"
                                seed="269398754" result="Passed" start-time="2023-08-08 03:20:23Z"
                                end-time="2023-08-08 03:20:23Z" duration="0.000255" asserts="0">
                                <properties />
                            </test-case>
                            <test-case id="2314" name="LayersHaveCorrectParentAndAreNotDuplicated"
                                fullname="Tests.Scenes.GeneralSceneTests(SpaceScene).LayersHaveCorrectParentAndAreNotDuplicated"
                                methodname="LayersHaveCorrectParentAndAreNotDuplicated"
                                classname="Tests.Scenes.GeneralSceneTests" runstate="Runnable"
                                seed="747323654" result="Passed" start-time="2023-08-08 03:20:23Z"
                                end-time="2023-08-08 03:20:23Z" duration="0.000375" asserts="0">
                                <properties />
                            </test-case>
                            <test-case id="2315" name="MatrixHasAllLayers"
                                fullname="Tests.Scenes.GeneralSceneTests(SpaceScene).MatrixHasAllLayers"
                                methodname="MatrixHasAllLayers"
                                classname="Tests.Scenes.GeneralSceneTests" runstate="Runnable"
                                seed="1594695245" result="Passed" start-time="2023-08-08 03:20:23Z"
                                end-time="2023-08-08 03:20:23Z" duration="0.000202" asserts="0">
                                <properties />
                            </test-case>
                            <test-case id="2312" name="MatrixHasMatrixSyncAndIsCorrectParent"
                                fullname="Tests.Scenes.GeneralSceneTests(SpaceScene).MatrixHasMatrixSyncAndIsCorrectParent"
                                methodname="MatrixHasMatrixSyncAndIsCorrectParent"
                                classname="Tests.Scenes.GeneralSceneTests" runstate="Runnable"
                                seed="2018743222" result="Passed" start-time="2023-08-08 03:20:23Z"
                                end-time="2023-08-08 03:20:23Z" duration="0.000271" asserts="0">
                                <properties />
                            </test-case>
                            <test-case id="2313" name="OffSetIsPresent0Dot5"
                                fullname="Tests.Scenes.GeneralSceneTests(SpaceScene).OffSetIsPresent0Dot5"
                                methodname="OffSetIsPresent0Dot5"
                                classname="Tests.Scenes.GeneralSceneTests" runstate="Runnable"
                                seed="1864731289" result="Passed" start-time="2023-08-08 03:20:23Z"
                                end-time="2023-08-08 03:20:23Z" duration="0.000200" asserts="0">
                                <properties />
                            </test-case>
                            <test-case id="2317" name="PipesAndCablesAreNotOverlappingOrDuplicate"
                                fullname="Tests.Scenes.GeneralSceneTests(SpaceScene).PipesAndCablesAreNotOverlappingOrDuplicate"
                                methodname="PipesAndCablesAreNotOverlappingOrDuplicate"
                                classname="Tests.Scenes.GeneralSceneTests" runstate="Runnable"
                                seed="2009268166" result="Passed" start-time="2023-08-08 03:20:23Z"
                                end-time="2023-08-08 03:20:23Z" duration="0.000190" asserts="0">
                                <properties />
                            </test-case>
                            <test-case id="2311" name="PrefabsAreNotAt00"
                                fullname="Tests.Scenes.GeneralSceneTests(SpaceScene).PrefabsAreNotAt00"
                                methodname="PrefabsAreNotAt00"
                                classname="Tests.Scenes.GeneralSceneTests" runstate="Runnable"
                                seed="1817734775" result="Passed" start-time="2023-08-08 03:20:23Z"
                                end-time="2023-08-08 03:20:23Z" duration="0.000178" asserts="0">
                                <properties />
                            </test-case>
                        </test-suite>
                        <test-suite type="TestFixture" id="2283"
                            name="GeneralSceneTests(SquareStation)"
                            fullname="Tests.Scenes.GeneralSceneTests(SquareStation)"
                            classname="Tests.Scenes.GeneralSceneTests" runstate="Runnable"
                            testcasecount="8" result="Passed" start-time="2023-08-08 03:20:23Z"
                            end-time="2023-08-08 03:20:34Z" duration="10.833411" total="8"
                            passed="8" failed="0" inconclusive="0" skipped="0" asserts="0">
                            <properties>
                                <property name="Category" value="Scenes" />
                            </properties>
                            <test-case id="2291" name="GameObjectsDoNotHaveMissingReferences"
                                fullname="Tests.Scenes.GeneralSceneTests(SquareStation).GameObjectsDoNotHaveMissingReferences"
                                methodname="GameObjectsDoNotHaveMissingReferences"
                                classname="Tests.Scenes.GeneralSceneTests" runstate="Runnable"
                                seed="2110131446" result="Passed" start-time="2023-08-08 03:20:31Z"
                                end-time="2023-08-08 03:20:33Z" duration="2.048754" asserts="0">
                                <properties />
                            </test-case>
                            <test-case id="2289" name="ItemStorageHasForcesSpawn"
                                fullname="Tests.Scenes.GeneralSceneTests(SquareStation).ItemStorageHasForcesSpawn"
                                methodname="ItemStorageHasForcesSpawn"
                                classname="Tests.Scenes.GeneralSceneTests" runstate="Runnable"
                                seed="529394121" result="Passed" start-time="2023-08-08 03:20:33Z"
                                end-time="2023-08-08 03:20:33Z" duration="0.026312" asserts="0">
                                <properties />
                            </test-case>
                            <test-case id="2287" name="LayersHaveCorrectParentAndAreNotDuplicated"
                                fullname="Tests.Scenes.GeneralSceneTests(SquareStation).LayersHaveCorrectParentAndAreNotDuplicated"
                                methodname="LayersHaveCorrectParentAndAreNotDuplicated"
                                classname="Tests.Scenes.GeneralSceneTests" runstate="Runnable"
                                seed="62961781" result="Passed" start-time="2023-08-08 03:20:33Z"
                                end-time="2023-08-08 03:20:33Z" duration="0.011066" asserts="0">
                                <properties />
                            </test-case>
                            <test-case id="2288" name="MatrixHasAllLayers"
                                fullname="Tests.Scenes.GeneralSceneTests(SquareStation).MatrixHasAllLayers"
                                methodname="MatrixHasAllLayers"
                                classname="Tests.Scenes.GeneralSceneTests" runstate="Runnable"
                                seed="1185664384" result="Passed" start-time="2023-08-08 03:20:33Z"
                                end-time="2023-08-08 03:20:33Z" duration="0.008059" asserts="0">
                                <properties />
                            </test-case>
                            <test-case id="2285" name="MatrixHasMatrixSyncAndIsCorrectParent"
                                fullname="Tests.Scenes.GeneralSceneTests(SquareStation).MatrixHasMatrixSyncAndIsCorrectParent"
                                methodname="MatrixHasMatrixSyncAndIsCorrectParent"
                                classname="Tests.Scenes.GeneralSceneTests" runstate="Runnable"
                                seed="1948521190" result="Passed" start-time="2023-08-08 03:20:33Z"
                                end-time="2023-08-08 03:20:33Z" duration="0.007667" asserts="0">
                                <properties />
                            </test-case>
                            <test-case id="2286" name="OffSetIsPresent0Dot5"
                                fullname="Tests.Scenes.GeneralSceneTests(SquareStation).OffSetIsPresent0Dot5"
                                methodname="OffSetIsPresent0Dot5"
                                classname="Tests.Scenes.GeneralSceneTests" runstate="Runnable"
                                seed="1461047882" result="Passed" start-time="2023-08-08 03:20:33Z"
                                end-time="2023-08-08 03:20:33Z" duration="0.000210" asserts="0">
                                <properties />
                            </test-case>
                            <test-case id="2290" name="PipesAndCablesAreNotOverlappingOrDuplicate"
                                fullname="Tests.Scenes.GeneralSceneTests(SquareStation).PipesAndCablesAreNotOverlappingOrDuplicate"
                                methodname="PipesAndCablesAreNotOverlappingOrDuplicate"
                                classname="Tests.Scenes.GeneralSceneTests" runstate="Runnable"
                                seed="1502503649" result="Passed" start-time="2023-08-08 03:20:33Z"
                                end-time="2023-08-08 03:20:34Z" duration="0.872975" asserts="0">
                                <properties />
                            </test-case>
                            <test-case id="2284" name="PrefabsAreNotAt00"
                                fullname="Tests.Scenes.GeneralSceneTests(SquareStation).PrefabsAreNotAt00"
                                methodname="PrefabsAreNotAt00"
                                classname="Tests.Scenes.GeneralSceneTests" runstate="Runnable"
                                seed="190654439" result="Passed" start-time="2023-08-08 03:20:34Z"
                                end-time="2023-08-08 03:20:34Z" duration="0.045826" asserts="0">
                                <properties />
                            </test-case>
                        </test-suite>
                        <test-suite type="TestFixture" id="2022"
                            name="GeneralSceneTests(SyndicateOutpost)"
                            fullname="Tests.Scenes.GeneralSceneTests(SyndicateOutpost)"
                            classname="Tests.Scenes.GeneralSceneTests" runstate="Runnable"
                            testcasecount="8" result="Passed" start-time="2023-08-08 03:20:34Z"
                            end-time="2023-08-08 03:20:36Z" duration="2.195988" total="8" passed="8"
                            failed="0" inconclusive="0" skipped="0" asserts="0">
                            <properties>
                                <property name="Category" value="Scenes" />
                            </properties>
                            <test-case id="2030" name="GameObjectsDoNotHaveMissingReferences"
                                fullname="Tests.Scenes.GeneralSceneTests(SyndicateOutpost).GameObjectsDoNotHaveMissingReferences"
                                methodname="GameObjectsDoNotHaveMissingReferences"
                                classname="Tests.Scenes.GeneralSceneTests" runstate="Runnable"
                                seed="89009154" result="Passed" start-time="2023-08-08 03:20:36Z"
                                end-time="2023-08-08 03:20:36Z" duration="0.239485" asserts="0">
                                <properties />
                            </test-case>
                            <test-case id="2028" name="ItemStorageHasForcesSpawn"
                                fullname="Tests.Scenes.GeneralSceneTests(SyndicateOutpost).ItemStorageHasForcesSpawn"
                                methodname="ItemStorageHasForcesSpawn"
                                classname="Tests.Scenes.GeneralSceneTests" runstate="Runnable"
                                seed="1938837456" result="Passed" start-time="2023-08-08 03:20:36Z"
                                end-time="2023-08-08 03:20:36Z" duration="0.003348" asserts="0">
                                <properties />
                            </test-case>
                            <test-case id="2026" name="LayersHaveCorrectParentAndAreNotDuplicated"
                                fullname="Tests.Scenes.GeneralSceneTests(SyndicateOutpost).LayersHaveCorrectParentAndAreNotDuplicated"
                                methodname="LayersHaveCorrectParentAndAreNotDuplicated"
                                classname="Tests.Scenes.GeneralSceneTests" runstate="Runnable"
                                seed="605271083" result="Passed" start-time="2023-08-08 03:20:36Z"
                                end-time="2023-08-08 03:20:36Z" duration="0.001393" asserts="0">
                                <properties />
                            </test-case>
                            <test-case id="2027" name="MatrixHasAllLayers"
                                fullname="Tests.Scenes.GeneralSceneTests(SyndicateOutpost).MatrixHasAllLayers"
                                methodname="MatrixHasAllLayers"
                                classname="Tests.Scenes.GeneralSceneTests" runstate="Runnable"
                                seed="530583000" result="Passed" start-time="2023-08-08 03:20:36Z"
                                end-time="2023-08-08 03:20:36Z" duration="0.000833" asserts="0">
                                <properties />
                            </test-case>
                            <test-case id="2024" name="MatrixHasMatrixSyncAndIsCorrectParent"
                                fullname="Tests.Scenes.GeneralSceneTests(SyndicateOutpost).MatrixHasMatrixSyncAndIsCorrectParent"
                                methodname="MatrixHasMatrixSyncAndIsCorrectParent"
                                classname="Tests.Scenes.GeneralSceneTests" runstate="Runnable"
                                seed="109785720" result="Passed" start-time="2023-08-08 03:20:36Z"
                                end-time="2023-08-08 03:20:36Z" duration="0.000952" asserts="0">
                                <properties />
                            </test-case>
                            <test-case id="2025" name="OffSetIsPresent0Dot5"
                                fullname="Tests.Scenes.GeneralSceneTests(SyndicateOutpost).OffSetIsPresent0Dot5"
                                methodname="OffSetIsPresent0Dot5"
                                classname="Tests.Scenes.GeneralSceneTests" runstate="Runnable"
                                seed="1892697660" result="Passed" start-time="2023-08-08 03:20:36Z"
                                end-time="2023-08-08 03:20:36Z" duration="0.000172" asserts="0">
                                <properties />
                            </test-case>
                            <test-case id="2029" name="PipesAndCablesAreNotOverlappingOrDuplicate"
                                fullname="Tests.Scenes.GeneralSceneTests(SyndicateOutpost).PipesAndCablesAreNotOverlappingOrDuplicate"
                                methodname="PipesAndCablesAreNotOverlappingOrDuplicate"
                                classname="Tests.Scenes.GeneralSceneTests" runstate="Runnable"
                                seed="739195025" result="Passed" start-time="2023-08-08 03:20:36Z"
                                end-time="2023-08-08 03:20:36Z" duration="0.021210" asserts="0">
                                <properties />
                            </test-case>
                            <test-case id="2023" name="PrefabsAreNotAt00"
                                fullname="Tests.Scenes.GeneralSceneTests(SyndicateOutpost).PrefabsAreNotAt00"
                                methodname="PrefabsAreNotAt00"
                                classname="Tests.Scenes.GeneralSceneTests" runstate="Runnable"
                                seed="1636093279" result="Passed" start-time="2023-08-08 03:20:36Z"
                                end-time="2023-08-08 03:20:36Z" duration="0.004974" asserts="0">
                                <properties />
                            </test-case>
                        </test-suite>
                        <test-suite type="TestFixture" id="2031"
                            name="GeneralSceneTests(SyndicatePog)"
                            fullname="Tests.Scenes.GeneralSceneTests(SyndicatePog)"
                            classname="Tests.Scenes.GeneralSceneTests" runstate="Runnable"
                            testcasecount="8" result="Passed" start-time="2023-08-08 03:20:36Z"
                            end-time="2023-08-08 03:20:37Z" duration="0.990200" total="8" passed="8"
                            failed="0" inconclusive="0" skipped="0" asserts="0">
                            <properties>
                                <property name="Category" value="Scenes" />
                            </properties>
                            <test-case id="2039" name="GameObjectsDoNotHaveMissingReferences"
                                fullname="Tests.Scenes.GeneralSceneTests(SyndicatePog).GameObjectsDoNotHaveMissingReferences"
                                methodname="GameObjectsDoNotHaveMissingReferences"
                                classname="Tests.Scenes.GeneralSceneTests" runstate="Runnable"
                                seed="1234704525" result="Passed" start-time="2023-08-08 03:20:37Z"
                                end-time="2023-08-08 03:20:37Z" duration="0.089396" asserts="0">
                                <properties />
                            </test-case>
                            <test-case id="2037" name="ItemStorageHasForcesSpawn"
                                fullname="Tests.Scenes.GeneralSceneTests(SyndicatePog).ItemStorageHasForcesSpawn"
                                methodname="ItemStorageHasForcesSpawn"
                                classname="Tests.Scenes.GeneralSceneTests" runstate="Runnable"
                                seed="1077037122" result="Passed" start-time="2023-08-08 03:20:37Z"
                                end-time="2023-08-08 03:20:37Z" duration="0.001389" asserts="0">
                                <properties />
                            </test-case>
                            <test-case id="2035" name="LayersHaveCorrectParentAndAreNotDuplicated"
                                fullname="Tests.Scenes.GeneralSceneTests(SyndicatePog).LayersHaveCorrectParentAndAreNotDuplicated"
                                methodname="LayersHaveCorrectParentAndAreNotDuplicated"
                                classname="Tests.Scenes.GeneralSceneTests" runstate="Runnable"
                                seed="1783820956" result="Passed" start-time="2023-08-08 03:20:37Z"
                                end-time="2023-08-08 03:20:37Z" duration="0.000666" asserts="0">
                                <properties />
                            </test-case>
                            <test-case id="2036" name="MatrixHasAllLayers"
                                fullname="Tests.Scenes.GeneralSceneTests(SyndicatePog).MatrixHasAllLayers"
                                methodname="MatrixHasAllLayers"
                                classname="Tests.Scenes.GeneralSceneTests" runstate="Runnable"
                                seed="800356225" result="Passed" start-time="2023-08-08 03:20:37Z"
                                end-time="2023-08-08 03:20:37Z" duration="0.000442" asserts="0">
                                <properties />
                            </test-case>
                            <test-case id="2033" name="MatrixHasMatrixSyncAndIsCorrectParent"
                                fullname="Tests.Scenes.GeneralSceneTests(SyndicatePog).MatrixHasMatrixSyncAndIsCorrectParent"
                                methodname="MatrixHasMatrixSyncAndIsCorrectParent"
                                classname="Tests.Scenes.GeneralSceneTests" runstate="Runnable"
                                seed="709846649" result="Passed" start-time="2023-08-08 03:20:37Z"
                                end-time="2023-08-08 03:20:37Z" duration="0.000515" asserts="0">
                                <properties />
                            </test-case>
                            <test-case id="2034" name="OffSetIsPresent0Dot5"
                                fullname="Tests.Scenes.GeneralSceneTests(SyndicatePog).OffSetIsPresent0Dot5"
                                methodname="OffSetIsPresent0Dot5"
                                classname="Tests.Scenes.GeneralSceneTests" runstate="Runnable"
                                seed="316240784" result="Passed" start-time="2023-08-08 03:20:37Z"
                                end-time="2023-08-08 03:20:37Z" duration="0.000170" asserts="0">
                                <properties />
                            </test-case>
                            <test-case id="2038" name="PipesAndCablesAreNotOverlappingOrDuplicate"
                                fullname="Tests.Scenes.GeneralSceneTests(SyndicatePog).PipesAndCablesAreNotOverlappingOrDuplicate"
                                methodname="PipesAndCablesAreNotOverlappingOrDuplicate"
                                classname="Tests.Scenes.GeneralSceneTests" runstate="Runnable"
                                seed="947326984" result="Passed" start-time="2023-08-08 03:20:37Z"
                                end-time="2023-08-08 03:20:37Z" duration="0.000935" asserts="0">
                                <properties />
                            </test-case>
                            <test-case id="2032" name="PrefabsAreNotAt00"
                                fullname="Tests.Scenes.GeneralSceneTests(SyndicatePog).PrefabsAreNotAt00"
                                methodname="PrefabsAreNotAt00"
                                classname="Tests.Scenes.GeneralSceneTests" runstate="Runnable"
                                seed="463309096" result="Passed" start-time="2023-08-08 03:20:37Z"
                                end-time="2023-08-08 03:20:37Z" duration="0.001884" asserts="0">
                                <properties />
                            </test-case>
                        </test-suite>
                        <test-suite type="TestFixture" id="2292"
                            name="GeneralSceneTests(TestStation)"
                            fullname="Tests.Scenes.GeneralSceneTests(TestStation)"
                            classname="Tests.Scenes.GeneralSceneTests" runstate="Runnable"
                            testcasecount="8" result="Passed" start-time="2023-08-08 03:20:37Z"
                            end-time="2023-08-08 03:20:42Z" duration="5.077971" total="8" passed="8"
                            failed="0" inconclusive="0" skipped="0" asserts="0">
                            <properties>
                                <property name="Category" value="Scenes" />
                            </properties>
                            <test-case id="2300" name="GameObjectsDoNotHaveMissingReferences"
                                fullname="Tests.Scenes.GeneralSceneTests(TestStation).GameObjectsDoNotHaveMissingReferences"
                                methodname="GameObjectsDoNotHaveMissingReferences"
                                classname="Tests.Scenes.GeneralSceneTests" runstate="Runnable"
                                seed="477738917" result="Passed" start-time="2023-08-08 03:20:42Z"
                                end-time="2023-08-08 03:20:42Z" duration="0.605225" asserts="0">
                                <properties />
                            </test-case>
                            <test-case id="2298" name="ItemStorageHasForcesSpawn"
                                fullname="Tests.Scenes.GeneralSceneTests(TestStation).ItemStorageHasForcesSpawn"
                                methodname="ItemStorageHasForcesSpawn"
                                classname="Tests.Scenes.GeneralSceneTests" runstate="Runnable"
                                seed="728423885" result="Passed" start-time="2023-08-08 03:20:42Z"
                                end-time="2023-08-08 03:20:42Z" duration="0.008444" asserts="0">
                                <properties />
                            </test-case>
                            <test-case id="2296" name="LayersHaveCorrectParentAndAreNotDuplicated"
                                fullname="Tests.Scenes.GeneralSceneTests(TestStation).LayersHaveCorrectParentAndAreNotDuplicated"
                                methodname="LayersHaveCorrectParentAndAreNotDuplicated"
                                classname="Tests.Scenes.GeneralSceneTests" runstate="Runnable"
                                seed="765050606" result="Passed" start-time="2023-08-08 03:20:42Z"
                                end-time="2023-08-08 03:20:42Z" duration="0.004422" asserts="0">
                                <properties />
                            </test-case>
                            <test-case id="2297" name="MatrixHasAllLayers"
                                fullname="Tests.Scenes.GeneralSceneTests(TestStation).MatrixHasAllLayers"
                                methodname="MatrixHasAllLayers"
                                classname="Tests.Scenes.GeneralSceneTests" runstate="Runnable"
                                seed="16791123" result="Passed" start-time="2023-08-08 03:20:42Z"
                                end-time="2023-08-08 03:20:42Z" duration="0.002038" asserts="0">
                                <properties />
                            </test-case>
                            <test-case id="2294" name="MatrixHasMatrixSyncAndIsCorrectParent"
                                fullname="Tests.Scenes.GeneralSceneTests(TestStation).MatrixHasMatrixSyncAndIsCorrectParent"
                                methodname="MatrixHasMatrixSyncAndIsCorrectParent"
                                classname="Tests.Scenes.GeneralSceneTests" runstate="Runnable"
                                seed="658299744" result="Passed" start-time="2023-08-08 03:20:42Z"
                                end-time="2023-08-08 03:20:42Z" duration="0.002216" asserts="0">
                                <properties />
                            </test-case>
                            <test-case id="2295" name="OffSetIsPresent0Dot5"
                                fullname="Tests.Scenes.GeneralSceneTests(TestStation).OffSetIsPresent0Dot5"
                                methodname="OffSetIsPresent0Dot5"
                                classname="Tests.Scenes.GeneralSceneTests" runstate="Runnable"
                                seed="743317040" result="Passed" start-time="2023-08-08 03:20:42Z"
                                end-time="2023-08-08 03:20:42Z" duration="0.000189" asserts="0">
                                <properties />
                            </test-case>
                            <test-case id="2299" name="PipesAndCablesAreNotOverlappingOrDuplicate"
                                fullname="Tests.Scenes.GeneralSceneTests(TestStation).PipesAndCablesAreNotOverlappingOrDuplicate"
                                methodname="PipesAndCablesAreNotOverlappingOrDuplicate"
                                classname="Tests.Scenes.GeneralSceneTests" runstate="Runnable"
                                seed="1856954678" result="Passed" start-time="2023-08-08 03:20:42Z"
                                end-time="2023-08-08 03:20:42Z" duration="0.181569" asserts="0">
                                <properties />
                            </test-case>
                            <test-case id="2293" name="PrefabsAreNotAt00"
                                fullname="Tests.Scenes.GeneralSceneTests(TestStation).PrefabsAreNotAt00"
                                methodname="PrefabsAreNotAt00"
                                classname="Tests.Scenes.GeneralSceneTests" runstate="Runnable"
                                seed="1479846240" result="Passed" start-time="2023-08-08 03:20:42Z"
                                end-time="2023-08-08 03:20:42Z" duration="0.012344" asserts="0">
                                <properties />
                            </test-case>
                        </test-suite>
                        <test-suite type="TestFixture" id="2301"
                            name="GeneralSceneTests(UnRealStation)"
                            fullname="Tests.Scenes.GeneralSceneTests(UnRealStation)"
                            classname="Tests.Scenes.GeneralSceneTests" runstate="Runnable"
                            testcasecount="8" result="Passed" start-time="2023-08-08 03:20:42Z"
                            end-time="2023-08-08 03:20:48Z" duration="5.522465" total="8" passed="8"
                            failed="0" inconclusive="0" skipped="0" asserts="0">
                            <properties>
                                <property name="Category" value="Scenes" />
                            </properties>
                            <test-case id="2309" name="GameObjectsDoNotHaveMissingReferences"
                                fullname="Tests.Scenes.GeneralSceneTests(UnRealStation).GameObjectsDoNotHaveMissingReferences"
                                methodname="GameObjectsDoNotHaveMissingReferences"
                                classname="Tests.Scenes.GeneralSceneTests" runstate="Runnable"
                                seed="563434336" result="Passed" start-time="2023-08-08 03:20:46Z"
                                end-time="2023-08-08 03:20:47Z" duration="1.332254" asserts="0">
                                <properties />
                            </test-case>
                            <test-case id="2307" name="ItemStorageHasForcesSpawn"
                                fullname="Tests.Scenes.GeneralSceneTests(UnRealStation).ItemStorageHasForcesSpawn"
                                methodname="ItemStorageHasForcesSpawn"
                                classname="Tests.Scenes.GeneralSceneTests" runstate="Runnable"
                                seed="1658119939" result="Passed" start-time="2023-08-08 03:20:47Z"
                                end-time="2023-08-08 03:20:47Z" duration="0.026936" asserts="0">
                                <properties />
                            </test-case>
                            <test-case id="2305" name="LayersHaveCorrectParentAndAreNotDuplicated"
                                fullname="Tests.Scenes.GeneralSceneTests(UnRealStation).LayersHaveCorrectParentAndAreNotDuplicated"
                                methodname="LayersHaveCorrectParentAndAreNotDuplicated"
                                classname="Tests.Scenes.GeneralSceneTests" runstate="Runnable"
                                seed="642936747" result="Passed" start-time="2023-08-08 03:20:47Z"
                                end-time="2023-08-08 03:20:47Z" duration="0.010272" asserts="0">
                                <properties />
                            </test-case>
                            <test-case id="2306" name="MatrixHasAllLayers"
                                fullname="Tests.Scenes.GeneralSceneTests(UnRealStation).MatrixHasAllLayers"
                                methodname="MatrixHasAllLayers"
                                classname="Tests.Scenes.GeneralSceneTests" runstate="Runnable"
                                seed="20036504" result="Passed" start-time="2023-08-08 03:20:47Z"
                                end-time="2023-08-08 03:20:47Z" duration="0.007134" asserts="0">
                                <properties />
                            </test-case>
                            <test-case id="2303" name="MatrixHasMatrixSyncAndIsCorrectParent"
                                fullname="Tests.Scenes.GeneralSceneTests(UnRealStation).MatrixHasMatrixSyncAndIsCorrectParent"
                                methodname="MatrixHasMatrixSyncAndIsCorrectParent"
                                classname="Tests.Scenes.GeneralSceneTests" runstate="Runnable"
                                seed="1002732957" result="Passed" start-time="2023-08-08 03:20:47Z"
                                end-time="2023-08-08 03:20:47Z" duration="0.006953" asserts="0">
                                <properties />
                            </test-case>
                            <test-case id="2304" name="OffSetIsPresent0Dot5"
                                fullname="Tests.Scenes.GeneralSceneTests(UnRealStation).OffSetIsPresent0Dot5"
                                methodname="OffSetIsPresent0Dot5"
                                classname="Tests.Scenes.GeneralSceneTests" runstate="Runnable"
                                seed="1033298737" result="Passed" start-time="2023-08-08 03:20:47Z"
                                end-time="2023-08-08 03:20:47Z" duration="0.000342" asserts="0">
                                <properties />
                            </test-case>
                            <test-case id="2308" name="PipesAndCablesAreNotOverlappingOrDuplicate"
                                fullname="Tests.Scenes.GeneralSceneTests(UnRealStation).PipesAndCablesAreNotOverlappingOrDuplicate"
                                methodname="PipesAndCablesAreNotOverlappingOrDuplicate"
                                classname="Tests.Scenes.GeneralSceneTests" runstate="Runnable"
                                seed="972590354" result="Passed" start-time="2023-08-08 03:20:47Z"
                                end-time="2023-08-08 03:20:48Z" duration="0.397745" asserts="0">
                                <properties />
                            </test-case>
                            <test-case id="2302" name="PrefabsAreNotAt00"
                                fullname="Tests.Scenes.GeneralSceneTests(UnRealStation).PrefabsAreNotAt00"
                                methodname="PrefabsAreNotAt00"
                                classname="Tests.Scenes.GeneralSceneTests" runstate="Runnable"
                                seed="329055131" result="Passed" start-time="2023-08-08 03:20:48Z"
                                end-time="2023-08-08 03:20:48Z" duration="0.069153" asserts="0">
                                <properties />
                            </test-case>
                        </test-suite>
                        <test-suite type="TestFixture" id="2040"
                            name="GeneralSceneTests(WizardAsteroid)"
                            fullname="Tests.Scenes.GeneralSceneTests(WizardAsteroid)"
                            classname="Tests.Scenes.GeneralSceneTests" runstate="Runnable"
                            testcasecount="8" result="Passed" start-time="2023-08-08 03:20:48Z"
                            end-time="2023-08-08 03:20:49Z" duration="1.235438" total="8" passed="8"
                            failed="0" inconclusive="0" skipped="0" asserts="0">
                            <properties>
                                <property name="Category" value="Scenes" />
                            </properties>
                            <test-case id="2048" name="GameObjectsDoNotHaveMissingReferences"
                                fullname="Tests.Scenes.GeneralSceneTests(WizardAsteroid).GameObjectsDoNotHaveMissingReferences"
                                methodname="GameObjectsDoNotHaveMissingReferences"
                                classname="Tests.Scenes.GeneralSceneTests" runstate="Runnable"
                                seed="2121272710" result="Passed" start-time="2023-08-08 03:20:49Z"
                                end-time="2023-08-08 03:20:49Z" duration="0.032424" asserts="0">
                                <properties />
                            </test-case>
                            <test-case id="2046" name="ItemStorageHasForcesSpawn"
                                fullname="Tests.Scenes.GeneralSceneTests(WizardAsteroid).ItemStorageHasForcesSpawn"
                                methodname="ItemStorageHasForcesSpawn"
                                classname="Tests.Scenes.GeneralSceneTests" runstate="Runnable"
                                seed="313410059" result="Passed" start-time="2023-08-08 03:20:49Z"
                                end-time="2023-08-08 03:20:49Z" duration="0.000515" asserts="0">
                                <properties />
                            </test-case>
                            <test-case id="2044" name="LayersHaveCorrectParentAndAreNotDuplicated"
                                fullname="Tests.Scenes.GeneralSceneTests(WizardAsteroid).LayersHaveCorrectParentAndAreNotDuplicated"
                                methodname="LayersHaveCorrectParentAndAreNotDuplicated"
                                classname="Tests.Scenes.GeneralSceneTests" runstate="Runnable"
                                seed="1571989217" result="Passed" start-time="2023-08-08 03:20:49Z"
                                end-time="2023-08-08 03:20:49Z" duration="0.000480" asserts="0">
                                <properties />
                            </test-case>
                            <test-case id="2045" name="MatrixHasAllLayers"
                                fullname="Tests.Scenes.GeneralSceneTests(WizardAsteroid).MatrixHasAllLayers"
                                methodname="MatrixHasAllLayers"
                                classname="Tests.Scenes.GeneralSceneTests" runstate="Runnable"
                                seed="1569260614" result="Passed" start-time="2023-08-08 03:20:49Z"
                                end-time="2023-08-08 03:20:49Z" duration="0.000279" asserts="0">
                                <properties />
                            </test-case>
                            <test-case id="2042" name="MatrixHasMatrixSyncAndIsCorrectParent"
                                fullname="Tests.Scenes.GeneralSceneTests(WizardAsteroid).MatrixHasMatrixSyncAndIsCorrectParent"
                                methodname="MatrixHasMatrixSyncAndIsCorrectParent"
                                classname="Tests.Scenes.GeneralSceneTests" runstate="Runnable"
                                seed="1622266366" result="Passed" start-time="2023-08-08 03:20:49Z"
                                end-time="2023-08-08 03:20:49Z" duration="0.000340" asserts="0">
                                <properties />
                            </test-case>
                            <test-case id="2043" name="OffSetIsPresent0Dot5"
                                fullname="Tests.Scenes.GeneralSceneTests(WizardAsteroid).OffSetIsPresent0Dot5"
                                methodname="OffSetIsPresent0Dot5"
                                classname="Tests.Scenes.GeneralSceneTests" runstate="Runnable"
                                seed="1269091840" result="Passed" start-time="2023-08-08 03:20:49Z"
                                end-time="2023-08-08 03:20:49Z" duration="0.000168" asserts="0">
                                <properties />
                            </test-case>
                            <test-case id="2047" name="PipesAndCablesAreNotOverlappingOrDuplicate"
                                fullname="Tests.Scenes.GeneralSceneTests(WizardAsteroid).PipesAndCablesAreNotOverlappingOrDuplicate"
                                methodname="PipesAndCablesAreNotOverlappingOrDuplicate"
                                classname="Tests.Scenes.GeneralSceneTests" runstate="Runnable"
                                seed="978372868" result="Passed" start-time="2023-08-08 03:20:49Z"
                                end-time="2023-08-08 03:20:49Z" duration="0.000384" asserts="0">
                                <properties />
                            </test-case>
                            <test-case id="2041" name="PrefabsAreNotAt00"
                                fullname="Tests.Scenes.GeneralSceneTests(WizardAsteroid).PrefabsAreNotAt00"
                                methodname="PrefabsAreNotAt00"
                                classname="Tests.Scenes.GeneralSceneTests" runstate="Runnable"
                                seed="179678868" result="Passed" start-time="2023-08-08 03:20:49Z"
                                end-time="2023-08-08 03:20:49Z" duration="0.000717" asserts="0">
                                <properties />
                            </test-case>
                        </test-suite>
                        <test-suite type="TestFixture" id="2049"
                            name="GeneralSceneTests(WizardShip)"
                            fullname="Tests.Scenes.GeneralSceneTests(WizardShip)"
                            classname="Tests.Scenes.GeneralSceneTests" runstate="Runnable"
                            testcasecount="8" result="Passed" start-time="2023-08-08 03:20:49Z"
                            end-time="2023-08-08 03:20:50Z" duration="0.854380" total="8" passed="8"
                            failed="0" inconclusive="0" skipped="0" asserts="0">
                            <properties>
                                <property name="Category" value="Scenes" />
                            </properties>
                            <test-case id="2057" name="GameObjectsDoNotHaveMissingReferences"
                                fullname="Tests.Scenes.GeneralSceneTests(WizardShip).GameObjectsDoNotHaveMissingReferences"
                                methodname="GameObjectsDoNotHaveMissingReferences"
                                classname="Tests.Scenes.GeneralSceneTests" runstate="Runnable"
                                seed="1473560160" result="Passed" start-time="2023-08-08 03:20:50Z"
                                end-time="2023-08-08 03:20:50Z" duration="0.061062" asserts="0">
                                <properties />
                            </test-case>
                            <test-case id="2055" name="ItemStorageHasForcesSpawn"
                                fullname="Tests.Scenes.GeneralSceneTests(WizardShip).ItemStorageHasForcesSpawn"
                                methodname="ItemStorageHasForcesSpawn"
                                classname="Tests.Scenes.GeneralSceneTests" runstate="Runnable"
                                seed="1323114690" result="Passed" start-time="2023-08-08 03:20:50Z"
                                end-time="2023-08-08 03:20:50Z" duration="0.001130" asserts="0">
                                <properties />
                            </test-case>
                            <test-case id="2053" name="LayersHaveCorrectParentAndAreNotDuplicated"
                                fullname="Tests.Scenes.GeneralSceneTests(WizardShip).LayersHaveCorrectParentAndAreNotDuplicated"
                                methodname="LayersHaveCorrectParentAndAreNotDuplicated"
                                classname="Tests.Scenes.GeneralSceneTests" runstate="Runnable"
                                seed="269026514" result="Passed" start-time="2023-08-08 03:20:50Z"
                                end-time="2023-08-08 03:20:50Z" duration="0.000615" asserts="0">
                                <properties />
                            </test-case>
                            <test-case id="2054" name="MatrixHasAllLayers"
                                fullname="Tests.Scenes.GeneralSceneTests(WizardShip).MatrixHasAllLayers"
                                methodname="MatrixHasAllLayers"
                                classname="Tests.Scenes.GeneralSceneTests" runstate="Runnable"
                                seed="1121016920" result="Passed" start-time="2023-08-08 03:20:50Z"
                                end-time="2023-08-08 03:20:50Z" duration="0.000369" asserts="0">
                                <properties />
                            </test-case>
                            <test-case id="2051" name="MatrixHasMatrixSyncAndIsCorrectParent"
                                fullname="Tests.Scenes.GeneralSceneTests(WizardShip).MatrixHasMatrixSyncAndIsCorrectParent"
                                methodname="MatrixHasMatrixSyncAndIsCorrectParent"
                                classname="Tests.Scenes.GeneralSceneTests" runstate="Runnable"
                                seed="881837721" result="Passed" start-time="2023-08-08 03:20:50Z"
                                end-time="2023-08-08 03:20:50Z" duration="0.000441" asserts="0">
                                <properties />
                            </test-case>
                            <test-case id="2052" name="OffSetIsPresent0Dot5"
                                fullname="Tests.Scenes.GeneralSceneTests(WizardShip).OffSetIsPresent0Dot5"
                                methodname="OffSetIsPresent0Dot5"
                                classname="Tests.Scenes.GeneralSceneTests" runstate="Runnable"
                                seed="1048354702" result="Passed" start-time="2023-08-08 03:20:50Z"
                                end-time="2023-08-08 03:20:50Z" duration="0.000175" asserts="0">
                                <properties />
                            </test-case>
                            <test-case id="2056" name="PipesAndCablesAreNotOverlappingOrDuplicate"
                                fullname="Tests.Scenes.GeneralSceneTests(WizardShip).PipesAndCablesAreNotOverlappingOrDuplicate"
                                methodname="PipesAndCablesAreNotOverlappingOrDuplicate"
                                classname="Tests.Scenes.GeneralSceneTests" runstate="Runnable"
                                seed="545034649" result="Passed" start-time="2023-08-08 03:20:50Z"
                                end-time="2023-08-08 03:20:50Z" duration="0.000630" asserts="0">
                                <properties />
                            </test-case>
                            <test-case id="2050" name="PrefabsAreNotAt00"
                                fullname="Tests.Scenes.GeneralSceneTests(WizardShip).PrefabsAreNotAt00"
                                methodname="PrefabsAreNotAt00"
                                classname="Tests.Scenes.GeneralSceneTests" runstate="Runnable"
                                seed="501796028" result="Passed" start-time="2023-08-08 03:20:50Z"
                                end-time="2023-08-08 03:20:50Z" duration="0.001136" asserts="0">
                                <properties />
                            </test-case>
                        </test-suite>
                    </test-suite>
                    <test-suite type="ParameterizedFixture" id="2398" name="PipeTests"
                        fullname="Tests.Scenes.PipeTests" runstate="Runnable" testcasecount="39"
                        result="Passed" start-time="2023-08-08 03:20:50Z"
                        end-time="2023-08-08 03:22:42Z" duration="112.100135" total="39" passed="39"
                        failed="0" inconclusive="0" skipped="0" asserts="0">
                        <properties />
                        <test-suite type="TestFixture" id="2320" name="PipeTests(AncientStation)"
                            fullname="Tests.Scenes.PipeTests(AncientStation)"
                            classname="Tests.Scenes.PipeTests" runstate="Runnable" testcasecount="1"
                            result="Passed" start-time="2023-08-08 03:20:50Z"
                            end-time="2023-08-08 03:20:52Z" duration="2.264864" total="1" passed="1"
                            failed="0" inconclusive="0" skipped="0" asserts="0">
                            <properties>
                                <property name="Category" value="Scenes" />
                            </properties>
                            <test-case id="2321" name="MonoPipeConnectedToNet"
                                fullname="Tests.Scenes.PipeTests(AncientStation).MonoPipeConnectedToNet"
                                methodname="MonoPipeConnectedToNet"
                                classname="Tests.Scenes.PipeTests" runstate="Runnable"
                                seed="1758430285" result="Passed" start-time="2023-08-08 03:20:52Z"
                                end-time="2023-08-08 03:20:52Z" duration="0.022488" asserts="0">
                                <properties />
                            </test-case>
                        </test-suite>
                        <test-suite type="TestFixture" id="2368" name="PipeTests(AncientTemple)"
                            fullname="Tests.Scenes.PipeTests(AncientTemple)"
                            classname="Tests.Scenes.PipeTests" runstate="Runnable" testcasecount="1"
                            result="Passed" start-time="2023-08-08 03:20:52Z"
                            end-time="2023-08-08 03:20:53Z" duration="1.149637" total="1" passed="1"
                            failed="0" inconclusive="0" skipped="0" asserts="0">
                            <properties>
                                <property name="Category" value="Scenes" />
                            </properties>
                            <test-case id="2369" name="MonoPipeConnectedToNet"
                                fullname="Tests.Scenes.PipeTests(AncientTemple).MonoPipeConnectedToNet"
                                methodname="MonoPipeConnectedToNet"
                                classname="Tests.Scenes.PipeTests" runstate="Runnable"
                                seed="929372139" result="Passed" start-time="2023-08-08 03:20:53Z"
                                end-time="2023-08-08 03:20:53Z" duration="0.001407" asserts="0">
                                <properties />
                            </test-case>
                        </test-suite>
                        <test-suite type="TestFixture" id="2340" name="PipeTests(Asteroid01)"
                            fullname="Tests.Scenes.PipeTests(Asteroid01)"
                            classname="Tests.Scenes.PipeTests" runstate="Runnable" testcasecount="1"
                            result="Passed" start-time="2023-08-08 03:20:53Z"
                            end-time="2023-08-08 03:20:54Z" duration="0.981541" total="1" passed="1"
                            failed="0" inconclusive="0" skipped="0" asserts="0">
                            <properties>
                                <property name="Category" value="Scenes" />
                            </properties>
                            <test-case id="2341" name="MonoPipeConnectedToNet"
                                fullname="Tests.Scenes.PipeTests(Asteroid01).MonoPipeConnectedToNet"
                                methodname="MonoPipeConnectedToNet"
                                classname="Tests.Scenes.PipeTests" runstate="Runnable"
                                seed="604138622" result="Passed" start-time="2023-08-08 03:20:54Z"
                                end-time="2023-08-08 03:20:54Z" duration="0.000363" asserts="0">
                                <properties />
                            </test-case>
                        </test-suite>
                        <test-suite type="TestFixture" id="2342" name="PipeTests(Asteroid02)"
                            fullname="Tests.Scenes.PipeTests(Asteroid02)"
                            classname="Tests.Scenes.PipeTests" runstate="Runnable" testcasecount="1"
                            result="Passed" start-time="2023-08-08 03:20:54Z"
                            end-time="2023-08-08 03:20:55Z" duration="0.648069" total="1" passed="1"
                            failed="0" inconclusive="0" skipped="0" asserts="0">
                            <properties>
                                <property name="Category" value="Scenes" />
                            </properties>
                            <test-case id="2343" name="MonoPipeConnectedToNet"
                                fullname="Tests.Scenes.PipeTests(Asteroid02).MonoPipeConnectedToNet"
                                methodname="MonoPipeConnectedToNet"
                                classname="Tests.Scenes.PipeTests" runstate="Runnable"
                                seed="1965295517" result="Passed" start-time="2023-08-08 03:20:55Z"
                                end-time="2023-08-08 03:20:55Z" duration="0.000396" asserts="0">
                                <properties />
                            </test-case>
                        </test-suite>
                        <test-suite type="TestFixture" id="2344" name="PipeTests(Asteroid03)"
                            fullname="Tests.Scenes.PipeTests(Asteroid03)"
                            classname="Tests.Scenes.PipeTests" runstate="Runnable" testcasecount="1"
                            result="Passed" start-time="2023-08-08 03:20:55Z"
                            end-time="2023-08-08 03:20:56Z" duration="0.713580" total="1" passed="1"
                            failed="0" inconclusive="0" skipped="0" asserts="0">
                            <properties>
                                <property name="Category" value="Scenes" />
                            </properties>
                            <test-case id="2345" name="MonoPipeConnectedToNet"
                                fullname="Tests.Scenes.PipeTests(Asteroid03).MonoPipeConnectedToNet"
                                methodname="MonoPipeConnectedToNet"
                                classname="Tests.Scenes.PipeTests" runstate="Runnable"
                                seed="828127588" result="Passed" start-time="2023-08-08 03:20:56Z"
                                end-time="2023-08-08 03:20:56Z" duration="0.000363" asserts="0">
                                <properties />
                            </test-case>
                        </test-suite>
                        <test-suite type="TestFixture" id="2346" name="PipeTests(Asteroid04)"
                            fullname="Tests.Scenes.PipeTests(Asteroid04)"
                            classname="Tests.Scenes.PipeTests" runstate="Runnable" testcasecount="1"
                            result="Passed" start-time="2023-08-08 03:20:56Z"
                            end-time="2023-08-08 03:20:57Z" duration="0.768834" total="1" passed="1"
                            failed="0" inconclusive="0" skipped="0" asserts="0">
                            <properties>
                                <property name="Category" value="Scenes" />
                            </properties>
                            <test-case id="2347" name="MonoPipeConnectedToNet"
                                fullname="Tests.Scenes.PipeTests(Asteroid04).MonoPipeConnectedToNet"
                                methodname="MonoPipeConnectedToNet"
                                classname="Tests.Scenes.PipeTests" runstate="Runnable"
                                seed="494125428" result="Passed" start-time="2023-08-08 03:20:57Z"
                                end-time="2023-08-08 03:20:57Z" duration="0.000410" asserts="0">
                                <properties />
                            </test-case>
                        </test-suite>
                        <test-suite type="TestFixture" id="2348" name="PipeTests(Asteroid05)"
                            fullname="Tests.Scenes.PipeTests(Asteroid05)"
                            classname="Tests.Scenes.PipeTests" runstate="Runnable" testcasecount="1"
                            result="Passed" start-time="2023-08-08 03:20:57Z"
                            end-time="2023-08-08 03:20:57Z" duration="0.719705" total="1" passed="1"
                            failed="0" inconclusive="0" skipped="0" asserts="0">
                            <properties>
                                <property name="Category" value="Scenes" />
                            </properties>
                            <test-case id="2349" name="MonoPipeConnectedToNet"
                                fullname="Tests.Scenes.PipeTests(Asteroid05).MonoPipeConnectedToNet"
                                methodname="MonoPipeConnectedToNet"
                                classname="Tests.Scenes.PipeTests" runstate="Runnable"
                                seed="1666057353" result="Passed" start-time="2023-08-08 03:20:57Z"
                                end-time="2023-08-08 03:20:57Z" duration="0.000323" asserts="0">
                                <properties />
                            </test-case>
                        </test-suite>
                        <test-suite type="TestFixture" id="2350" name="PipeTests(Asteroid06)"
                            fullname="Tests.Scenes.PipeTests(Asteroid06)"
                            classname="Tests.Scenes.PipeTests" runstate="Runnable" testcasecount="1"
                            result="Passed" start-time="2023-08-08 03:20:57Z"
                            end-time="2023-08-08 03:20:58Z" duration="1.012592" total="1" passed="1"
                            failed="0" inconclusive="0" skipped="0" asserts="0">
                            <properties>
                                <property name="Category" value="Scenes" />
                            </properties>
                            <test-case id="2351" name="MonoPipeConnectedToNet"
                                fullname="Tests.Scenes.PipeTests(Asteroid06).MonoPipeConnectedToNet"
                                methodname="MonoPipeConnectedToNet"
                                classname="Tests.Scenes.PipeTests" runstate="Runnable"
                                seed="2099907991" result="Passed" start-time="2023-08-08 03:20:58Z"
                                end-time="2023-08-08 03:20:58Z" duration="0.000319" asserts="0">
                                <properties />
                            </test-case>
                        </test-suite>
                        <test-suite type="TestFixture" id="2352" name="PipeTests(Asteroid07)"
                            fullname="Tests.Scenes.PipeTests(Asteroid07)"
                            classname="Tests.Scenes.PipeTests" runstate="Runnable" testcasecount="1"
                            result="Passed" start-time="2023-08-08 03:20:58Z"
                            end-time="2023-08-08 03:20:59Z" duration="0.704664" total="1" passed="1"
                            failed="0" inconclusive="0" skipped="0" asserts="0">
                            <properties>
                                <property name="Category" value="Scenes" />
                            </properties>
                            <test-case id="2353" name="MonoPipeConnectedToNet"
                                fullname="Tests.Scenes.PipeTests(Asteroid07).MonoPipeConnectedToNet"
                                methodname="MonoPipeConnectedToNet"
                                classname="Tests.Scenes.PipeTests" runstate="Runnable"
                                seed="2079081959" result="Passed" start-time="2023-08-08 03:20:59Z"
                                end-time="2023-08-08 03:20:59Z" duration="0.000333" asserts="0">
                                <properties />
                            </test-case>
                        </test-suite>
                        <test-suite type="TestFixture" id="2354" name="PipeTests(Asteroid08)"
                            fullname="Tests.Scenes.PipeTests(Asteroid08)"
                            classname="Tests.Scenes.PipeTests" runstate="Runnable" testcasecount="1"
                            result="Passed" start-time="2023-08-08 03:20:59Z"
                            end-time="2023-08-08 03:21:00Z" duration="0.748158" total="1" passed="1"
                            failed="0" inconclusive="0" skipped="0" asserts="0">
                            <properties>
                                <property name="Category" value="Scenes" />
                            </properties>
                            <test-case id="2355" name="MonoPipeConnectedToNet"
                                fullname="Tests.Scenes.PipeTests(Asteroid08).MonoPipeConnectedToNet"
                                methodname="MonoPipeConnectedToNet"
                                classname="Tests.Scenes.PipeTests" runstate="Runnable"
                                seed="1603464844" result="Passed" start-time="2023-08-08 03:21:00Z"
                                end-time="2023-08-08 03:21:00Z" duration="0.000338" asserts="0">
                                <properties />
                            </test-case>
                        </test-suite>
                        <test-suite type="TestFixture" id="2356" name="PipeTests(Asteroid09)"
                            fullname="Tests.Scenes.PipeTests(Asteroid09)"
                            classname="Tests.Scenes.PipeTests" runstate="Runnable" testcasecount="1"
                            result="Passed" start-time="2023-08-08 03:21:00Z"
                            end-time="2023-08-08 03:21:00Z" duration="0.717314" total="1" passed="1"
                            failed="0" inconclusive="0" skipped="0" asserts="0">
                            <properties>
                                <property name="Category" value="Scenes" />
                            </properties>
                            <test-case id="2357" name="MonoPipeConnectedToNet"
                                fullname="Tests.Scenes.PipeTests(Asteroid09).MonoPipeConnectedToNet"
                                methodname="MonoPipeConnectedToNet"
                                classname="Tests.Scenes.PipeTests" runstate="Runnable"
                                seed="1310368927" result="Passed" start-time="2023-08-08 03:21:00Z"
                                end-time="2023-08-08 03:21:00Z" duration="0.000322" asserts="0">
                                <properties />
                            </test-case>
                        </test-suite>
                        <test-suite type="TestFixture" id="2358" name="PipeTests(Asteroid10)"
                            fullname="Tests.Scenes.PipeTests(Asteroid10)"
                            classname="Tests.Scenes.PipeTests" runstate="Runnable" testcasecount="1"
                            result="Passed" start-time="2023-08-08 03:21:00Z"
                            end-time="2023-08-08 03:21:01Z" duration="1.045182" total="1" passed="1"
                            failed="0" inconclusive="0" skipped="0" asserts="0">
                            <properties>
                                <property name="Category" value="Scenes" />
                            </properties>
                            <test-case id="2359" name="MonoPipeConnectedToNet"
                                fullname="Tests.Scenes.PipeTests(Asteroid10).MonoPipeConnectedToNet"
                                methodname="MonoPipeConnectedToNet"
                                classname="Tests.Scenes.PipeTests" runstate="Runnable"
                                seed="1096119361" result="Passed" start-time="2023-08-08 03:21:01Z"
                                end-time="2023-08-08 03:21:01Z" duration="0.000326" asserts="0">
                                <properties />
                            </test-case>
                        </test-suite>
                        <test-suite type="TestFixture" id="2360" name="PipeTests(Asteroid11)"
                            fullname="Tests.Scenes.PipeTests(Asteroid11)"
                            classname="Tests.Scenes.PipeTests" runstate="Runnable" testcasecount="1"
                            result="Passed" start-time="2023-08-08 03:21:01Z"
                            end-time="2023-08-08 03:21:02Z" duration="0.710757" total="1" passed="1"
                            failed="0" inconclusive="0" skipped="0" asserts="0">
                            <properties>
                                <property name="Category" value="Scenes" />
                            </properties>
                            <test-case id="2361" name="MonoPipeConnectedToNet"
                                fullname="Tests.Scenes.PipeTests(Asteroid11).MonoPipeConnectedToNet"
                                methodname="MonoPipeConnectedToNet"
                                classname="Tests.Scenes.PipeTests" runstate="Runnable"
                                seed="1989843369" result="Passed" start-time="2023-08-08 03:21:02Z"
                                end-time="2023-08-08 03:21:02Z" duration="0.000326" asserts="0">
                                <properties />
                            </test-case>
                        </test-suite>
                        <test-suite type="TestFixture" id="2362" name="PipeTests(Asteroid12)"
                            fullname="Tests.Scenes.PipeTests(Asteroid12)"
                            classname="Tests.Scenes.PipeTests" runstate="Runnable" testcasecount="1"
                            result="Passed" start-time="2023-08-08 03:21:02Z"
                            end-time="2023-08-08 03:21:03Z" duration="0.687291" total="1" passed="1"
                            failed="0" inconclusive="0" skipped="0" asserts="0">
                            <properties>
                                <property name="Category" value="Scenes" />
                            </properties>
                            <test-case id="2363" name="MonoPipeConnectedToNet"
                                fullname="Tests.Scenes.PipeTests(Asteroid12).MonoPipeConnectedToNet"
                                methodname="MonoPipeConnectedToNet"
                                classname="Tests.Scenes.PipeTests" runstate="Runnable"
                                seed="160977910" result="Passed" start-time="2023-08-08 03:21:03Z"
                                end-time="2023-08-08 03:21:03Z" duration="0.000340" asserts="0">
                                <properties />
                            </test-case>
                        </test-suite>
                        <test-suite type="TestFixture" id="2370" name="PipeTests(Backrooms)"
                            fullname="Tests.Scenes.PipeTests(Backrooms)"
                            classname="Tests.Scenes.PipeTests" runstate="Runnable" testcasecount="1"
                            result="Passed" start-time="2023-08-08 03:21:03Z"
                            end-time="2023-08-08 03:21:05Z" duration="2.224547" total="1" passed="1"
                            failed="0" inconclusive="0" skipped="0" asserts="0">
                            <properties>
                                <property name="Category" value="Scenes" />
                            </properties>
                            <test-case id="2371" name="MonoPipeConnectedToNet"
                                fullname="Tests.Scenes.PipeTests(Backrooms).MonoPipeConnectedToNet"
                                methodname="MonoPipeConnectedToNet"
                                classname="Tests.Scenes.PipeTests" runstate="Runnable"
                                seed="1969495454" result="Passed" start-time="2023-08-08 03:21:05Z"
                                end-time="2023-08-08 03:21:05Z" duration="0.001017" asserts="0">
                                <properties />
                            </test-case>
                        </test-suite>
                        <test-suite type="TestFixture" id="2380" name="PipeTests(BoxStationV1)"
                            fullname="Tests.Scenes.PipeTests(BoxStationV1)"
                            classname="Tests.Scenes.PipeTests" runstate="Runnable" testcasecount="1"
                            result="Passed" start-time="2023-08-08 03:21:05Z"
                            end-time="2023-08-08 03:21:21Z" duration="15.504397" total="1"
                            passed="1" failed="0" inconclusive="0" skipped="0" asserts="0">
                            <properties>
                                <property name="Category" value="Scenes" />
                            </properties>
                            <test-case id="2381" name="MonoPipeConnectedToNet"
                                fullname="Tests.Scenes.PipeTests(BoxStationV1).MonoPipeConnectedToNet"
                                methodname="MonoPipeConnectedToNet"
                                classname="Tests.Scenes.PipeTests" runstate="Runnable"
                                seed="1608860795" result="Passed" start-time="2023-08-08 03:21:14Z"
                                end-time="2023-08-08 03:21:21Z" duration="6.105765" asserts="0">
                                <properties />
                            </test-case>
                        </test-suite>
                        <test-suite type="TestFixture" id="2372" name="PipeTests(Caverna)"
                            fullname="Tests.Scenes.PipeTests(Caverna)"
                            classname="Tests.Scenes.PipeTests" runstate="Runnable" testcasecount="1"
                            result="Passed" start-time="2023-08-08 03:21:21Z"
                            end-time="2023-08-08 03:21:23Z" duration="2.085966" total="1" passed="1"
                            failed="0" inconclusive="0" skipped="0" asserts="0">
                            <properties>
                                <property name="Category" value="Scenes" />
                            </properties>
                            <test-case id="2373" name="MonoPipeConnectedToNet"
                                fullname="Tests.Scenes.PipeTests(Caverna).MonoPipeConnectedToNet"
                                methodname="MonoPipeConnectedToNet"
                                classname="Tests.Scenes.PipeTests" runstate="Runnable"
                                seed="1013890630" result="Passed" start-time="2023-08-08 03:21:23Z"
                                end-time="2023-08-08 03:21:23Z" duration="0.001116" asserts="0">
                                <properties />
                            </test-case>
                        </test-suite>
                        <test-suite type="TestFixture" id="2322" name="PipeTests(CentCom)"
                            fullname="Tests.Scenes.PipeTests(CentCom)"
                            classname="Tests.Scenes.PipeTests" runstate="Runnable" testcasecount="1"
                            result="Passed" start-time="2023-08-08 03:21:23Z"
                            end-time="2023-08-08 03:21:24Z" duration="1.638752" total="1" passed="1"
                            failed="0" inconclusive="0" skipped="0" asserts="0">
                            <properties>
                                <property name="Category" value="Scenes" />
                            </properties>
                            <test-case id="2323" name="MonoPipeConnectedToNet"
                                fullname="Tests.Scenes.PipeTests(CentCom).MonoPipeConnectedToNet"
                                methodname="MonoPipeConnectedToNet"
                                classname="Tests.Scenes.PipeTests" runstate="Runnable"
                                seed="1064744109" result="Passed" start-time="2023-08-08 03:21:24Z"
                                end-time="2023-08-08 03:21:24Z" duration="0.002620" asserts="0">
                                <properties />
                            </test-case>
                        </test-suite>
                        <test-suite type="TestFixture" id="2374" name="PipeTests(DarkJungle)"
                            fullname="Tests.Scenes.PipeTests(DarkJungle)"
                            classname="Tests.Scenes.PipeTests" runstate="Runnable" testcasecount="1"
                            result="Passed" start-time="2023-08-08 03:21:24Z"
                            end-time="2023-08-08 03:21:27Z" duration="2.407766" total="1" passed="1"
                            failed="0" inconclusive="0" skipped="0" asserts="0">
                            <properties>
                                <property name="Category" value="Scenes" />
                            </properties>
                            <test-case id="2375" name="MonoPipeConnectedToNet"
                                fullname="Tests.Scenes.PipeTests(DarkJungle).MonoPipeConnectedToNet"
                                methodname="MonoPipeConnectedToNet"
                                classname="Tests.Scenes.PipeTests" runstate="Runnable"
                                seed="487170426" result="Passed" start-time="2023-08-08 03:21:27Z"
                                end-time="2023-08-08 03:21:27Z" duration="0.003780" asserts="0">
                                <properties />
                            </test-case>
                        </test-suite>
                        <test-suite type="TestFixture" id="2324"
                            name="PipeTests(Fallstation Centcom)"
                            fullname="Tests.Scenes.PipeTests(Fallstation Centcom)"
                            classname="Tests.Scenes.PipeTests" runstate="Runnable" testcasecount="1"
                            result="Passed" start-time="2023-08-08 03:21:27Z"
                            end-time="2023-08-08 03:21:28Z" duration="1.362184" total="1" passed="1"
                            failed="0" inconclusive="0" skipped="0" asserts="0">
                            <properties>
                                <property name="Category" value="Scenes" />
                            </properties>
                            <test-case id="2325" name="MonoPipeConnectedToNet"
                                fullname="Tests.Scenes.PipeTests(Fallstation Centcom).MonoPipeConnectedToNet"
                                methodname="MonoPipeConnectedToNet"
                                classname="Tests.Scenes.PipeTests" runstate="Runnable"
                                seed="1325216341" result="Passed" start-time="2023-08-08 03:21:28Z"
                                end-time="2023-08-08 03:21:28Z" duration="0.001489" asserts="0">
                                <properties />
                            </test-case>
                        </test-suite>
                        <test-suite type="TestFixture" id="2326"
                            name="PipeTests(Fallstation Syndicate)"
                            fullname="Tests.Scenes.PipeTests(Fallstation Syndicate)"
                            classname="Tests.Scenes.PipeTests" runstate="Runnable" testcasecount="1"
                            result="Passed" start-time="2023-08-08 03:21:28Z"
                            end-time="2023-08-08 03:21:29Z" duration="1.182099" total="1" passed="1"
                            failed="0" inconclusive="0" skipped="0" asserts="0">
                            <properties>
                                <property name="Category" value="Scenes" />
                            </properties>
                            <test-case id="2327" name="MonoPipeConnectedToNet"
                                fullname="Tests.Scenes.PipeTests(Fallstation Syndicate).MonoPipeConnectedToNet"
                                methodname="MonoPipeConnectedToNet"
                                classname="Tests.Scenes.PipeTests" runstate="Runnable"
                                seed="744593728" result="Passed" start-time="2023-08-08 03:21:29Z"
                                end-time="2023-08-08 03:21:29Z" duration="0.000925" asserts="0">
                                <properties />
                            </test-case>
                        </test-suite>
                        <test-suite type="TestFixture" id="2382" name="PipeTests(FallStation)"
                            fullname="Tests.Scenes.PipeTests(FallStation)"
                            classname="Tests.Scenes.PipeTests" runstate="Runnable" testcasecount="1"
                            result="Passed" start-time="2023-08-08 03:21:29Z"
                            end-time="2023-08-08 03:21:36Z" duration="7.019111" total="1" passed="1"
                            failed="0" inconclusive="0" skipped="0" asserts="0">
                            <properties>
                                <property name="Category" value="Scenes" />
                            </properties>
                            <test-case id="2383" name="MonoPipeConnectedToNet"
                                fullname="Tests.Scenes.PipeTests(FallStation).MonoPipeConnectedToNet"
                                methodname="MonoPipeConnectedToNet"
                                classname="Tests.Scenes.PipeTests" runstate="Runnable"
                                seed="1730045989" result="Passed" start-time="2023-08-08 03:21:36Z"
                                end-time="2023-08-08 03:21:36Z" duration="0.617074" asserts="0">
                                <properties />
                            </test-case>
                        </test-suite>
                        <test-suite type="TestFixture" id="2328" name="PipeTests(LavaLand)"
                            fullname="Tests.Scenes.PipeTests(LavaLand)"
                            classname="Tests.Scenes.PipeTests" runstate="Runnable" testcasecount="1"
                            result="Passed" start-time="2023-08-08 03:21:36Z"
                            end-time="2023-08-08 03:21:40Z" duration="3.397458" total="1" passed="1"
                            failed="0" inconclusive="0" skipped="0" asserts="0">
                            <properties>
                                <property name="Category" value="Scenes" />
                            </properties>
                            <test-case id="2329" name="MonoPipeConnectedToNet"
                                fullname="Tests.Scenes.PipeTests(LavaLand).MonoPipeConnectedToNet"
                                methodname="MonoPipeConnectedToNet"
                                classname="Tests.Scenes.PipeTests" runstate="Runnable"
                                seed="574151061" result="Passed" start-time="2023-08-08 03:21:40Z"
                                end-time="2023-08-08 03:21:40Z" duration="0.027660" asserts="0">
                                <properties />
                            </test-case>
                        </test-suite>
                        <test-suite type="TestFixture" id="2330"
                            name="PipeTests(Ministation Syndicate)"
                            fullname="Tests.Scenes.PipeTests(Ministation Syndicate)"
                            classname="Tests.Scenes.PipeTests" runstate="Runnable" testcasecount="1"
                            result="Passed" start-time="2023-08-08 03:21:40Z"
                            end-time="2023-08-08 03:21:41Z" duration="1.330627" total="1" passed="1"
                            failed="0" inconclusive="0" skipped="0" asserts="0">
                            <properties>
                                <property name="Category" value="Scenes" />
                            </properties>
                            <test-case id="2331" name="MonoPipeConnectedToNet"
                                fullname="Tests.Scenes.PipeTests(Ministation Syndicate).MonoPipeConnectedToNet"
                                methodname="MonoPipeConnectedToNet"
                                classname="Tests.Scenes.PipeTests" runstate="Runnable"
                                seed="337801004" result="Passed" start-time="2023-08-08 03:21:41Z"
                                end-time="2023-08-08 03:21:41Z" duration="0.000833" asserts="0">
                                <properties />
                            </test-case>
                        </test-suite>
                        <test-suite type="TestFixture" id="2384" name="PipeTests(MiniStation)"
                            fullname="Tests.Scenes.PipeTests(MiniStation)"
                            classname="Tests.Scenes.PipeTests" runstate="Runnable" testcasecount="1"
                            result="Passed" start-time="2023-08-08 03:21:41Z"
                            end-time="2023-08-08 03:21:49Z" duration="7.776861" total="1" passed="1"
                            failed="0" inconclusive="0" skipped="0" asserts="0">
                            <properties>
                                <property name="Category" value="Scenes" />
                            </properties>
                            <test-case id="2385" name="MonoPipeConnectedToNet"
                                fullname="Tests.Scenes.PipeTests(MiniStation).MonoPipeConnectedToNet"
                                methodname="MonoPipeConnectedToNet"
                                classname="Tests.Scenes.PipeTests" runstate="Runnable"
                                seed="2112866567" result="Passed" start-time="2023-08-08 03:21:48Z"
                                end-time="2023-08-08 03:21:49Z" duration="0.898259" asserts="0">
                                <properties />
                            </test-case>
                        </test-suite>
                        <test-suite type="TestFixture" id="2386" name="PipeTests(OutpostStation)"
                            fullname="Tests.Scenes.PipeTests(OutpostStation)"
                            classname="Tests.Scenes.PipeTests" runstate="Runnable" testcasecount="1"
                            result="Passed" start-time="2023-08-08 03:21:49Z"
                            end-time="2023-08-08 03:21:58Z" duration="8.845228" total="1" passed="1"
                            failed="0" inconclusive="0" skipped="0" asserts="0">
                            <properties>
                                <property name="Category" value="Scenes" />
                            </properties>
                            <test-case id="2387" name="MonoPipeConnectedToNet"
                                fullname="Tests.Scenes.PipeTests(OutpostStation).MonoPipeConnectedToNet"
                                methodname="MonoPipeConnectedToNet"
                                classname="Tests.Scenes.PipeTests" runstate="Runnable"
                                seed="1699755517" result="Passed" start-time="2023-08-08 03:21:55Z"
                                end-time="2023-08-08 03:21:58Z" duration="2.495317" asserts="0">
                                <properties />
                            </test-case>
                        </test-suite>
                        <test-suite type="TestFixture" id="2376" name="PipeTests(Palace)"
                            fullname="Tests.Scenes.PipeTests(Palace)"
                            classname="Tests.Scenes.PipeTests" runstate="Runnable" testcasecount="1"
                            result="Passed" start-time="2023-08-08 03:21:58Z"
                            end-time="2023-08-08 03:22:00Z" duration="1.988773" total="1" passed="1"
                            failed="0" inconclusive="0" skipped="0" asserts="0">
                            <properties>
                                <property name="Category" value="Scenes" />
                            </properties>
                            <test-case id="2377" name="MonoPipeConnectedToNet"
                                fullname="Tests.Scenes.PipeTests(Palace).MonoPipeConnectedToNet"
                                methodname="MonoPipeConnectedToNet"
                                classname="Tests.Scenes.PipeTests" runstate="Runnable"
                                seed="1472666628" result="Passed" start-time="2023-08-08 03:22:00Z"
                                end-time="2023-08-08 03:22:00Z" duration="0.000911" asserts="0">
                                <properties />
                            </test-case>
                        </test-suite>
                        <test-suite type="TestFixture" id="2388" name="PipeTests(PogStation)"
                            fullname="Tests.Scenes.PipeTests(PogStation)"
                            classname="Tests.Scenes.PipeTests" runstate="Runnable" testcasecount="1"
                            result="Passed" start-time="2023-08-08 03:22:00Z"
                            end-time="2023-08-08 03:22:12Z" duration="12.844778" total="1"
                            passed="1" failed="0" inconclusive="0" skipped="0" asserts="0">
                            <properties>
                                <property name="Category" value="Scenes" />
                            </properties>
                            <test-case id="2389" name="MonoPipeConnectedToNet"
                                fullname="Tests.Scenes.PipeTests(PogStation).MonoPipeConnectedToNet"
                                methodname="MonoPipeConnectedToNet"
                                classname="Tests.Scenes.PipeTests" runstate="Runnable"
                                seed="386999579" result="Passed" start-time="2023-08-08 03:22:09Z"
                                end-time="2023-08-08 03:22:12Z" duration="3.510425" asserts="0">
                                <properties />
                            </test-case>
                        </test-suite>
                        <test-suite type="TestFixture" id="2378" name="PipeTests(Relicta)"
                            fullname="Tests.Scenes.PipeTests(Relicta)"
                            classname="Tests.Scenes.PipeTests" runstate="Runnable" testcasecount="1"
                            result="Passed" start-time="2023-08-08 03:22:12Z"
                            end-time="2023-08-08 03:22:15Z" duration="2.327801" total="1" passed="1"
                            failed="0" inconclusive="0" skipped="0" asserts="0">
                            <properties>
                                <property name="Category" value="Scenes" />
                            </properties>
                            <test-case id="2379" name="MonoPipeConnectedToNet"
                                fullname="Tests.Scenes.PipeTests(Relicta).MonoPipeConnectedToNet"
                                methodname="MonoPipeConnectedToNet"
                                classname="Tests.Scenes.PipeTests" runstate="Runnable"
                                seed="1659525879" result="Passed" start-time="2023-08-08 03:22:15Z"
                                end-time="2023-08-08 03:22:15Z" duration="0.002203" asserts="0">
                                <properties />
                            </test-case>
                        </test-suite>
                        <test-suite type="TestFixture" id="2364" name="PipeTests(Ruin01)"
                            fullname="Tests.Scenes.PipeTests(Ruin01)"
                            classname="Tests.Scenes.PipeTests" runstate="Runnable" testcasecount="1"
                            result="Passed" start-time="2023-08-08 03:22:15Z"
                            end-time="2023-08-08 03:22:16Z" duration="1.108883" total="1" passed="1"
                            failed="0" inconclusive="0" skipped="0" asserts="0">
                            <properties>
                                <property name="Category" value="Scenes" />
                            </properties>
                            <test-case id="2365" name="MonoPipeConnectedToNet"
                                fullname="Tests.Scenes.PipeTests(Ruin01).MonoPipeConnectedToNet"
                                methodname="MonoPipeConnectedToNet"
                                classname="Tests.Scenes.PipeTests" runstate="Runnable"
                                seed="529608670" result="Passed" start-time="2023-08-08 03:22:16Z"
                                end-time="2023-08-08 03:22:16Z" duration="0.000476" asserts="0">
                                <properties />
                            </test-case>
                        </test-suite>
                        <test-suite type="TestFixture" id="2366" name="PipeTests(Ruin02)"
                            fullname="Tests.Scenes.PipeTests(Ruin02)"
                            classname="Tests.Scenes.PipeTests" runstate="Runnable" testcasecount="1"
                            result="Passed" start-time="2023-08-08 03:22:16Z"
                            end-time="2023-08-08 03:22:17Z" duration="1.365068" total="1" passed="1"
                            failed="0" inconclusive="0" skipped="0" asserts="0">
                            <properties>
                                <property name="Category" value="Scenes" />
                            </properties>
                            <test-case id="2367" name="MonoPipeConnectedToNet"
                                fullname="Tests.Scenes.PipeTests(Ruin02).MonoPipeConnectedToNet"
                                methodname="MonoPipeConnectedToNet"
                                classname="Tests.Scenes.PipeTests" runstate="Runnable"
                                seed="1665968358" result="Passed" start-time="2023-08-08 03:22:17Z"
                                end-time="2023-08-08 03:22:17Z" duration="0.000621" asserts="0">
                                <properties />
                            </test-case>
                        </test-suite>
                        <test-suite type="TestFixture" id="2396" name="PipeTests(SpaceScene)"
                            fullname="Tests.Scenes.PipeTests(SpaceScene)"
                            classname="Tests.Scenes.PipeTests" runstate="Runnable" testcasecount="1"
                            result="Passed" start-time="2023-08-08 03:22:17Z"
                            end-time="2023-08-08 03:22:18Z" duration="0.996355" total="1" passed="1"
                            failed="0" inconclusive="0" skipped="0" asserts="0">
                            <properties>
                                <property name="Category" value="Scenes" />
                            </properties>
                            <test-case id="2397" name="MonoPipeConnectedToNet"
                                fullname="Tests.Scenes.PipeTests(SpaceScene).MonoPipeConnectedToNet"
                                methodname="MonoPipeConnectedToNet"
                                classname="Tests.Scenes.PipeTests" runstate="Runnable"
                                seed="1069946163" result="Passed" start-time="2023-08-08 03:22:18Z"
                                end-time="2023-08-08 03:22:18Z" duration="0.000310" asserts="0">
                                <properties />
                            </test-case>
                        </test-suite>
                        <test-suite type="TestFixture" id="2390" name="PipeTests(SquareStation)"
                            fullname="Tests.Scenes.PipeTests(SquareStation)"
                            classname="Tests.Scenes.PipeTests" runstate="Runnable" testcasecount="1"
                            result="Passed" start-time="2023-08-08 03:22:18Z"
                            end-time="2023-08-08 03:22:27Z" duration="9.077381" total="1" passed="1"
                            failed="0" inconclusive="0" skipped="0" asserts="0">
                            <properties>
                                <property name="Category" value="Scenes" />
                            </properties>
                            <test-case id="2391" name="MonoPipeConnectedToNet"
                                fullname="Tests.Scenes.PipeTests(SquareStation).MonoPipeConnectedToNet"
                                methodname="MonoPipeConnectedToNet"
                                classname="Tests.Scenes.PipeTests" runstate="Runnable"
                                seed="709203831" result="Passed" start-time="2023-08-08 03:22:26Z"
                                end-time="2023-08-08 03:22:27Z" duration="1.066547" asserts="0">
                                <properties />
                            </test-case>
                        </test-suite>
                        <test-suite type="TestFixture" id="2332" name="PipeTests(SyndicateOutpost)"
                            fullname="Tests.Scenes.PipeTests(SyndicateOutpost)"
                            classname="Tests.Scenes.PipeTests" runstate="Runnable" testcasecount="1"
                            result="Passed" start-time="2023-08-08 03:22:27Z"
                            end-time="2023-08-08 03:22:30Z" duration="2.163681" total="1" passed="1"
                            failed="0" inconclusive="0" skipped="0" asserts="0">
                            <properties>
                                <property name="Category" value="Scenes" />
                            </properties>
                            <test-case id="2333" name="MonoPipeConnectedToNet"
                                fullname="Tests.Scenes.PipeTests(SyndicateOutpost).MonoPipeConnectedToNet"
                                methodname="MonoPipeConnectedToNet"
                                classname="Tests.Scenes.PipeTests" runstate="Runnable"
                                seed="832308396" result="Passed" start-time="2023-08-08 03:22:30Z"
                                end-time="2023-08-08 03:22:30Z" duration="0.001638" asserts="0">
                                <properties />
                            </test-case>
                        </test-suite>
                        <test-suite type="TestFixture" id="2334" name="PipeTests(SyndicatePog)"
                            fullname="Tests.Scenes.PipeTests(SyndicatePog)"
                            classname="Tests.Scenes.PipeTests" runstate="Runnable" testcasecount="1"
                            result="Passed" start-time="2023-08-08 03:22:30Z"
                            end-time="2023-08-08 03:22:31Z" duration="1.146481" total="1" passed="1"
                            failed="0" inconclusive="0" skipped="0" asserts="0">
                            <properties>
                                <property name="Category" value="Scenes" />
                            </properties>
                            <test-case id="2335" name="MonoPipeConnectedToNet"
                                fullname="Tests.Scenes.PipeTests(SyndicatePog).MonoPipeConnectedToNet"
                                methodname="MonoPipeConnectedToNet"
                                classname="Tests.Scenes.PipeTests" runstate="Runnable"
                                seed="1623020240" result="Passed" start-time="2023-08-08 03:22:31Z"
                                end-time="2023-08-08 03:22:31Z" duration="0.000864" asserts="0">
                                <properties />
                            </test-case>
                        </test-suite>
                        <test-suite type="TestFixture" id="2392" name="PipeTests(TestStation)"
                            fullname="Tests.Scenes.PipeTests(TestStation)"
                            classname="Tests.Scenes.PipeTests" runstate="Runnable" testcasecount="1"
                            result="Passed" start-time="2023-08-08 03:22:31Z"
                            end-time="2023-08-08 03:22:35Z" duration="4.525975" total="1" passed="1"
                            failed="0" inconclusive="0" skipped="0" asserts="0">
                            <properties>
                                <property name="Category" value="Scenes" />
                            </properties>
                            <test-case id="2393" name="MonoPipeConnectedToNet"
                                fullname="Tests.Scenes.PipeTests(TestStation).MonoPipeConnectedToNet"
                                methodname="MonoPipeConnectedToNet"
                                classname="Tests.Scenes.PipeTests" runstate="Runnable"
                                seed="749263145" result="Passed" start-time="2023-08-08 03:22:35Z"
                                end-time="2023-08-08 03:22:35Z" duration="0.019896" asserts="0">
                                <properties />
                            </test-case>
                        </test-suite>
                        <test-suite type="TestFixture" id="2394" name="PipeTests(UnRealStation)"
                            fullname="Tests.Scenes.PipeTests(UnRealStation)"
                            classname="Tests.Scenes.PipeTests" runstate="Runnable" testcasecount="1"
                            result="Passed" start-time="2023-08-08 03:22:35Z"
                            end-time="2023-08-08 03:22:40Z" duration="4.331720" total="1" passed="1"
                            failed="0" inconclusive="0" skipped="0" asserts="0">
                            <properties>
                                <property name="Category" value="Scenes" />
                            </properties>
                            <test-case id="2395" name="MonoPipeConnectedToNet"
                                fullname="Tests.Scenes.PipeTests(UnRealStation).MonoPipeConnectedToNet"
                                methodname="MonoPipeConnectedToNet"
                                classname="Tests.Scenes.PipeTests" runstate="Runnable"
                                seed="163185288" result="Passed" start-time="2023-08-08 03:22:39Z"
                                end-time="2023-08-08 03:22:40Z" duration="0.485524" asserts="0">
                                <properties />
                            </test-case>
                        </test-suite>
                        <test-suite type="TestFixture" id="2336" name="PipeTests(WizardAsteroid)"
                            fullname="Tests.Scenes.PipeTests(WizardAsteroid)"
                            classname="Tests.Scenes.PipeTests" runstate="Runnable" testcasecount="1"
                            result="Passed" start-time="2023-08-08 03:22:40Z"
                            end-time="2023-08-08 03:22:41Z" duration="1.445850" total="1" passed="1"
                            failed="0" inconclusive="0" skipped="0" asserts="0">
                            <properties>
                                <property name="Category" value="Scenes" />
                            </properties>
                            <test-case id="2337" name="MonoPipeConnectedToNet"
                                fullname="Tests.Scenes.PipeTests(WizardAsteroid).MonoPipeConnectedToNet"
                                methodname="MonoPipeConnectedToNet"
                                classname="Tests.Scenes.PipeTests" runstate="Runnable"
                                seed="115303499" result="Passed" start-time="2023-08-08 03:22:41Z"
                                end-time="2023-08-08 03:22:41Z" duration="0.000529" asserts="0">
                                <properties />
                            </test-case>
                        </test-suite>
                        <test-suite type="TestFixture" id="2338" name="PipeTests(WizardShip)"
                            fullname="Tests.Scenes.PipeTests(WizardShip)"
                            classname="Tests.Scenes.PipeTests" runstate="Runnable" testcasecount="1"
                            result="Passed" start-time="2023-08-08 03:22:41Z"
                            end-time="2023-08-08 03:22:42Z" duration="1.105909" total="1" passed="1"
                            failed="0" inconclusive="0" skipped="0" asserts="0">
                            <properties>
                                <property name="Category" value="Scenes" />
                            </properties>
                            <test-case id="2339" name="MonoPipeConnectedToNet"
                                fullname="Tests.Scenes.PipeTests(WizardShip).MonoPipeConnectedToNet"
                                methodname="MonoPipeConnectedToNet"
                                classname="Tests.Scenes.PipeTests" runstate="Runnable"
                                seed="113761716" result="Passed" start-time="2023-08-08 03:22:42Z"
                                end-time="2023-08-08 03:22:42Z" duration="0.000610" asserts="0">
                                <properties />
                            </test-case>
                        </test-suite>
                    </test-suite>
                    <test-suite type="ParameterizedFixture" id="2633"
                        name="PowerAndLightsSceneTests"
                        fullname="Tests.Scenes.PowerAndLightsSceneTests" runstate="Runnable"
                        testcasecount="195" result="Passed" start-time="2023-08-08 03:22:42Z"
                        end-time="2023-08-08 03:24:32Z" duration="109.921671" total="195"
                        passed="195" failed="0" inconclusive="0" skipped="0" asserts="0">
                        <properties />
                        <test-suite type="TestFixture" id="2399"
                            name="PowerAndLightsSceneTests(AncientStation)"
                            fullname="Tests.Scenes.PowerAndLightsSceneTests(AncientStation)"
                            classname="Tests.Scenes.PowerAndLightsSceneTests" runstate="Runnable"
                            testcasecount="5" result="Passed" start-time="2023-08-08 03:22:42Z"
                            end-time="2023-08-08 03:22:45Z" duration="2.583574" total="5" passed="5"
                            failed="0" inconclusive="0" skipped="0" asserts="0">
                            <properties>
                                <property name="Category" value="Scenes" />
                            </properties>
                            <test-case id="2400" name="APCPoweredDevicesHaveRelatedAPC"
                                fullname="Tests.Scenes.PowerAndLightsSceneTests(AncientStation).APCPoweredDevicesHaveRelatedAPC"
                                methodname="APCPoweredDevicesHaveRelatedAPC"
                                classname="Tests.Scenes.PowerAndLightsSceneTests"
                                runstate="Runnable" seed="247906828" result="Passed"
                                start-time="2023-08-08 03:22:45Z" end-time="2023-08-08 03:22:45Z"
                                duration="0.017208" asserts="0">
                                <properties />
                            </test-case>
                            <test-case id="2401" name="APCsConnectedDevicesContainsValidReferences"
                                fullname="Tests.Scenes.PowerAndLightsSceneTests(AncientStation).APCsConnectedDevicesContainsValidReferences"
                                methodname="APCsConnectedDevicesContainsValidReferences"
                                classname="Tests.Scenes.PowerAndLightsSceneTests"
                                runstate="Runnable" seed="429678337" result="Passed"
                                start-time="2023-08-08 03:22:45Z" end-time="2023-08-08 03:22:45Z"
                                duration="0.021499" asserts="0">
                                <properties />
                            </test-case>
                            <test-case id="2403" name="LightSourcesDoNotHaveMissingSwitch"
                                fullname="Tests.Scenes.PowerAndLightsSceneTests(AncientStation).LightSourcesDoNotHaveMissingSwitch"
                                methodname="LightSourcesDoNotHaveMissingSwitch"
                                classname="Tests.Scenes.PowerAndLightsSceneTests"
                                runstate="Runnable" seed="758921696" result="Passed"
                                start-time="2023-08-08 03:22:45Z" end-time="2023-08-08 03:22:45Z"
                                duration="0.004746" asserts="0">
                                <properties />
                            </test-case>
                            <test-case id="2404" name="LightSwitchesHaveLightSources"
                                fullname="Tests.Scenes.PowerAndLightsSceneTests(AncientStation).LightSwitchesHaveLightSources"
                                methodname="LightSwitchesHaveLightSources"
                                classname="Tests.Scenes.PowerAndLightsSceneTests"
                                runstate="Runnable" seed="1416224433" result="Passed"
                                start-time="2023-08-08 03:22:45Z" end-time="2023-08-08 03:22:45Z"
                                duration="0.002721" asserts="0">
                                <properties />
                            </test-case>
                            <test-case id="2402" name="StatusDisplaysDoNotHaveNullDoors"
                                fullname="Tests.Scenes.PowerAndLightsSceneTests(AncientStation).StatusDisplaysDoNotHaveNullDoors"
                                methodname="StatusDisplaysDoNotHaveNullDoors"
                                classname="Tests.Scenes.PowerAndLightsSceneTests"
                                runstate="Runnable" seed="1616703109" result="Passed"
                                start-time="2023-08-08 03:22:45Z" end-time="2023-08-08 03:22:45Z"
                                duration="0.002468" asserts="0">
                                <properties />
                            </test-case>
                        </test-suite>
                        <test-suite type="TestFixture" id="2543"
                            name="PowerAndLightsSceneTests(AncientTemple)"
                            fullname="Tests.Scenes.PowerAndLightsSceneTests(AncientTemple)"
                            classname="Tests.Scenes.PowerAndLightsSceneTests" runstate="Runnable"
                            testcasecount="5" result="Passed" start-time="2023-08-08 03:22:45Z"
                            end-time="2023-08-08 03:22:46Z" duration="1.449641" total="5" passed="5"
                            failed="0" inconclusive="0" skipped="0" asserts="0">
                            <properties>
                                <property name="Category" value="Scenes" />
                            </properties>
                            <test-case id="2544" name="APCPoweredDevicesHaveRelatedAPC"
                                fullname="Tests.Scenes.PowerAndLightsSceneTests(AncientTemple).APCPoweredDevicesHaveRelatedAPC"
                                methodname="APCPoweredDevicesHaveRelatedAPC"
                                classname="Tests.Scenes.PowerAndLightsSceneTests"
                                runstate="Runnable" seed="1426876977" result="Passed"
                                start-time="2023-08-08 03:22:46Z" end-time="2023-08-08 03:22:46Z"
                                duration="0.001742" asserts="0">
                                <properties />
                            </test-case>
                            <test-case id="2545" name="APCsConnectedDevicesContainsValidReferences"
                                fullname="Tests.Scenes.PowerAndLightsSceneTests(AncientTemple).APCsConnectedDevicesContainsValidReferences"
                                methodname="APCsConnectedDevicesContainsValidReferences"
                                classname="Tests.Scenes.PowerAndLightsSceneTests"
                                runstate="Runnable" seed="1158527434" result="Passed"
                                start-time="2023-08-08 03:22:46Z" end-time="2023-08-08 03:22:46Z"
                                duration="0.002068" asserts="0">
                                <properties />
                            </test-case>
                            <test-case id="2547" name="LightSourcesDoNotHaveMissingSwitch"
                                fullname="Tests.Scenes.PowerAndLightsSceneTests(AncientTemple).LightSourcesDoNotHaveMissingSwitch"
                                methodname="LightSourcesDoNotHaveMissingSwitch"
                                classname="Tests.Scenes.PowerAndLightsSceneTests"
                                runstate="Runnable" seed="518073437" result="Passed"
                                start-time="2023-08-08 03:22:46Z" end-time="2023-08-08 03:22:46Z"
                                duration="0.000501" asserts="0">
                                <properties />
                            </test-case>
                            <test-case id="2548" name="LightSwitchesHaveLightSources"
                                fullname="Tests.Scenes.PowerAndLightsSceneTests(AncientTemple).LightSwitchesHaveLightSources"
                                methodname="LightSwitchesHaveLightSources"
                                classname="Tests.Scenes.PowerAndLightsSceneTests"
                                runstate="Runnable" seed="1116495649" result="Passed"
                                start-time="2023-08-08 03:22:46Z" end-time="2023-08-08 03:22:46Z"
                                duration="0.000464" asserts="0">
                                <properties />
                            </test-case>
                            <test-case id="2546" name="StatusDisplaysDoNotHaveNullDoors"
                                fullname="Tests.Scenes.PowerAndLightsSceneTests(AncientTemple).StatusDisplaysDoNotHaveNullDoors"
                                methodname="StatusDisplaysDoNotHaveNullDoors"
                                classname="Tests.Scenes.PowerAndLightsSceneTests"
                                runstate="Runnable" seed="2011164201" result="Passed"
                                start-time="2023-08-08 03:22:46Z" end-time="2023-08-08 03:22:46Z"
                                duration="0.000458" asserts="0">
                                <properties />
                            </test-case>
                        </test-suite>
                        <test-suite type="TestFixture" id="2459"
                            name="PowerAndLightsSceneTests(Asteroid01)"
                            fullname="Tests.Scenes.PowerAndLightsSceneTests(Asteroid01)"
                            classname="Tests.Scenes.PowerAndLightsSceneTests" runstate="Runnable"
                            testcasecount="5" result="Passed" start-time="2023-08-08 03:22:46Z"
                            end-time="2023-08-08 03:22:47Z" duration="1.289696" total="5" passed="5"
                            failed="0" inconclusive="0" skipped="0" asserts="0">
                            <properties>
                                <property name="Category" value="Scenes" />
                            </properties>
                            <test-case id="2460" name="APCPoweredDevicesHaveRelatedAPC"
                                fullname="Tests.Scenes.PowerAndLightsSceneTests(Asteroid01).APCPoweredDevicesHaveRelatedAPC"
                                methodname="APCPoweredDevicesHaveRelatedAPC"
                                classname="Tests.Scenes.PowerAndLightsSceneTests"
                                runstate="Runnable" seed="1848199905" result="Passed"
                                start-time="2023-08-08 03:22:47Z" end-time="2023-08-08 03:22:47Z"
                                duration="0.000349" asserts="0">
                                <properties />
                            </test-case>
                            <test-case id="2461" name="APCsConnectedDevicesContainsValidReferences"
                                fullname="Tests.Scenes.PowerAndLightsSceneTests(Asteroid01).APCsConnectedDevicesContainsValidReferences"
                                methodname="APCsConnectedDevicesContainsValidReferences"
                                classname="Tests.Scenes.PowerAndLightsSceneTests"
                                runstate="Runnable" seed="674016113" result="Passed"
                                start-time="2023-08-08 03:22:47Z" end-time="2023-08-08 03:22:47Z"
                                duration="0.000233" asserts="0">
                                <properties />
                            </test-case>
                            <test-case id="2463" name="LightSourcesDoNotHaveMissingSwitch"
                                fullname="Tests.Scenes.PowerAndLightsSceneTests(Asteroid01).LightSourcesDoNotHaveMissingSwitch"
                                methodname="LightSourcesDoNotHaveMissingSwitch"
                                classname="Tests.Scenes.PowerAndLightsSceneTests"
                                runstate="Runnable" seed="1434899106" result="Passed"
                                start-time="2023-08-08 03:22:47Z" end-time="2023-08-08 03:22:47Z"
                                duration="0.000195" asserts="0">
                                <properties />
                            </test-case>
                            <test-case id="2464" name="LightSwitchesHaveLightSources"
                                fullname="Tests.Scenes.PowerAndLightsSceneTests(Asteroid01).LightSwitchesHaveLightSources"
                                methodname="LightSwitchesHaveLightSources"
                                classname="Tests.Scenes.PowerAndLightsSceneTests"
                                runstate="Runnable" seed="1125713084" result="Passed"
                                start-time="2023-08-08 03:22:47Z" end-time="2023-08-08 03:22:47Z"
                                duration="0.000189" asserts="0">
                                <properties />
                            </test-case>
                            <test-case id="2462" name="StatusDisplaysDoNotHaveNullDoors"
                                fullname="Tests.Scenes.PowerAndLightsSceneTests(Asteroid01).StatusDisplaysDoNotHaveNullDoors"
                                methodname="StatusDisplaysDoNotHaveNullDoors"
                                classname="Tests.Scenes.PowerAndLightsSceneTests"
                                runstate="Runnable" seed="819453918" result="Passed"
                                start-time="2023-08-08 03:22:47Z" end-time="2023-08-08 03:22:47Z"
                                duration="0.000183" asserts="0">
                                <properties />
                            </test-case>
                        </test-suite>
                        <test-suite type="TestFixture" id="2465"
                            name="PowerAndLightsSceneTests(Asteroid02)"
                            fullname="Tests.Scenes.PowerAndLightsSceneTests(Asteroid02)"
                            classname="Tests.Scenes.PowerAndLightsSceneTests" runstate="Runnable"
                            testcasecount="5" result="Passed" start-time="2023-08-08 03:22:47Z"
                            end-time="2023-08-08 03:22:48Z" duration="0.948370" total="5" passed="5"
                            failed="0" inconclusive="0" skipped="0" asserts="0">
                            <properties>
                                <property name="Category" value="Scenes" />
                            </properties>
                            <test-case id="2466" name="APCPoweredDevicesHaveRelatedAPC"
                                fullname="Tests.Scenes.PowerAndLightsSceneTests(Asteroid02).APCPoweredDevicesHaveRelatedAPC"
                                methodname="APCPoweredDevicesHaveRelatedAPC"
                                classname="Tests.Scenes.PowerAndLightsSceneTests"
                                runstate="Runnable" seed="1183969825" result="Passed"
                                start-time="2023-08-08 03:22:48Z" end-time="2023-08-08 03:22:48Z"
                                duration="0.000339" asserts="0">
                                <properties />
                            </test-case>
                            <test-case id="2467" name="APCsConnectedDevicesContainsValidReferences"
                                fullname="Tests.Scenes.PowerAndLightsSceneTests(Asteroid02).APCsConnectedDevicesContainsValidReferences"
                                methodname="APCsConnectedDevicesContainsValidReferences"
                                classname="Tests.Scenes.PowerAndLightsSceneTests"
                                runstate="Runnable" seed="2097347083" result="Passed"
                                start-time="2023-08-08 03:22:48Z" end-time="2023-08-08 03:22:48Z"
                                duration="0.000242" asserts="0">
                                <properties />
                            </test-case>
                            <test-case id="2469" name="LightSourcesDoNotHaveMissingSwitch"
                                fullname="Tests.Scenes.PowerAndLightsSceneTests(Asteroid02).LightSourcesDoNotHaveMissingSwitch"
                                methodname="LightSourcesDoNotHaveMissingSwitch"
                                classname="Tests.Scenes.PowerAndLightsSceneTests"
                                runstate="Runnable" seed="1420852357" result="Passed"
                                start-time="2023-08-08 03:22:48Z" end-time="2023-08-08 03:22:48Z"
                                duration="0.000199" asserts="0">
                                <properties />
                            </test-case>
                            <test-case id="2470" name="LightSwitchesHaveLightSources"
                                fullname="Tests.Scenes.PowerAndLightsSceneTests(Asteroid02).LightSwitchesHaveLightSources"
                                methodname="LightSwitchesHaveLightSources"
                                classname="Tests.Scenes.PowerAndLightsSceneTests"
                                runstate="Runnable" seed="309614315" result="Passed"
                                start-time="2023-08-08 03:22:48Z" end-time="2023-08-08 03:22:48Z"
                                duration="0.000183" asserts="0">
                                <properties />
                            </test-case>
                            <test-case id="2468" name="StatusDisplaysDoNotHaveNullDoors"
                                fullname="Tests.Scenes.PowerAndLightsSceneTests(Asteroid02).StatusDisplaysDoNotHaveNullDoors"
                                methodname="StatusDisplaysDoNotHaveNullDoors"
                                classname="Tests.Scenes.PowerAndLightsSceneTests"
                                runstate="Runnable" seed="79903080" result="Passed"
                                start-time="2023-08-08 03:22:48Z" end-time="2023-08-08 03:22:48Z"
                                duration="0.000179" asserts="0">
                                <properties />
                            </test-case>
                        </test-suite>
                        <test-suite type="TestFixture" id="2471"
                            name="PowerAndLightsSceneTests(Asteroid03)"
                            fullname="Tests.Scenes.PowerAndLightsSceneTests(Asteroid03)"
                            classname="Tests.Scenes.PowerAndLightsSceneTests" runstate="Runnable"
                            testcasecount="5" result="Passed" start-time="2023-08-08 03:22:48Z"
                            end-time="2023-08-08 03:22:49Z" duration="1.010544" total="5" passed="5"
                            failed="0" inconclusive="0" skipped="0" asserts="0">
                            <properties>
                                <property name="Category" value="Scenes" />
                            </properties>
                            <test-case id="2472" name="APCPoweredDevicesHaveRelatedAPC"
                                fullname="Tests.Scenes.PowerAndLightsSceneTests(Asteroid03).APCPoweredDevicesHaveRelatedAPC"
                                methodname="APCPoweredDevicesHaveRelatedAPC"
                                classname="Tests.Scenes.PowerAndLightsSceneTests"
                                runstate="Runnable" seed="1323090707" result="Passed"
                                start-time="2023-08-08 03:22:49Z" end-time="2023-08-08 03:22:49Z"
                                duration="0.000373" asserts="0">
                                <properties />
                            </test-case>
                            <test-case id="2473" name="APCsConnectedDevicesContainsValidReferences"
                                fullname="Tests.Scenes.PowerAndLightsSceneTests(Asteroid03).APCsConnectedDevicesContainsValidReferences"
                                methodname="APCsConnectedDevicesContainsValidReferences"
                                classname="Tests.Scenes.PowerAndLightsSceneTests"
                                runstate="Runnable" seed="1509062917" result="Passed"
                                start-time="2023-08-08 03:22:49Z" end-time="2023-08-08 03:22:49Z"
                                duration="0.000257" asserts="0">
                                <properties />
                            </test-case>
                            <test-case id="2475" name="LightSourcesDoNotHaveMissingSwitch"
                                fullname="Tests.Scenes.PowerAndLightsSceneTests(Asteroid03).LightSourcesDoNotHaveMissingSwitch"
                                methodname="LightSourcesDoNotHaveMissingSwitch"
                                classname="Tests.Scenes.PowerAndLightsSceneTests"
                                runstate="Runnable" seed="1183462568" result="Passed"
                                start-time="2023-08-08 03:22:49Z" end-time="2023-08-08 03:22:49Z"
                                duration="0.000210" asserts="0">
                                <properties />
                            </test-case>
                            <test-case id="2476" name="LightSwitchesHaveLightSources"
                                fullname="Tests.Scenes.PowerAndLightsSceneTests(Asteroid03).LightSwitchesHaveLightSources"
                                methodname="LightSwitchesHaveLightSources"
                                classname="Tests.Scenes.PowerAndLightsSceneTests"
                                runstate="Runnable" seed="261400692" result="Passed"
                                start-time="2023-08-08 03:22:49Z" end-time="2023-08-08 03:22:49Z"
                                duration="0.000197" asserts="0">
                                <properties />
                            </test-case>
                            <test-case id="2474" name="StatusDisplaysDoNotHaveNullDoors"
                                fullname="Tests.Scenes.PowerAndLightsSceneTests(Asteroid03).StatusDisplaysDoNotHaveNullDoors"
                                methodname="StatusDisplaysDoNotHaveNullDoors"
                                classname="Tests.Scenes.PowerAndLightsSceneTests"
                                runstate="Runnable" seed="1146867219" result="Passed"
                                start-time="2023-08-08 03:22:49Z" end-time="2023-08-08 03:22:49Z"
                                duration="0.000190" asserts="0">
                                <properties />
                            </test-case>
                        </test-suite>
                        <test-suite type="TestFixture" id="2477"
                            name="PowerAndLightsSceneTests(Asteroid04)"
                            fullname="Tests.Scenes.PowerAndLightsSceneTests(Asteroid04)"
                            classname="Tests.Scenes.PowerAndLightsSceneTests" runstate="Runnable"
                            testcasecount="5" result="Passed" start-time="2023-08-08 03:22:49Z"
                            end-time="2023-08-08 03:22:50Z" duration="1.067094" total="5" passed="5"
                            failed="0" inconclusive="0" skipped="0" asserts="0">
                            <properties>
                                <property name="Category" value="Scenes" />
                            </properties>
                            <test-case id="2478" name="APCPoweredDevicesHaveRelatedAPC"
                                fullname="Tests.Scenes.PowerAndLightsSceneTests(Asteroid04).APCPoweredDevicesHaveRelatedAPC"
                                methodname="APCPoweredDevicesHaveRelatedAPC"
                                classname="Tests.Scenes.PowerAndLightsSceneTests"
                                runstate="Runnable" seed="955591462" result="Passed"
                                start-time="2023-08-08 03:22:50Z" end-time="2023-08-08 03:22:50Z"
                                duration="0.000366" asserts="0">
                                <properties />
                            </test-case>
                            <test-case id="2479" name="APCsConnectedDevicesContainsValidReferences"
                                fullname="Tests.Scenes.PowerAndLightsSceneTests(Asteroid04).APCsConnectedDevicesContainsValidReferences"
                                methodname="APCsConnectedDevicesContainsValidReferences"
                                classname="Tests.Scenes.PowerAndLightsSceneTests"
                                runstate="Runnable" seed="712125103" result="Passed"
                                start-time="2023-08-08 03:22:50Z" end-time="2023-08-08 03:22:50Z"
                                duration="0.000249" asserts="0">
                                <properties />
                            </test-case>
                            <test-case id="2481" name="LightSourcesDoNotHaveMissingSwitch"
                                fullname="Tests.Scenes.PowerAndLightsSceneTests(Asteroid04).LightSourcesDoNotHaveMissingSwitch"
                                methodname="LightSourcesDoNotHaveMissingSwitch"
                                classname="Tests.Scenes.PowerAndLightsSceneTests"
                                runstate="Runnable" seed="437447408" result="Passed"
                                start-time="2023-08-08 03:22:50Z" end-time="2023-08-08 03:22:50Z"
                                duration="0.000211" asserts="0">
                                <properties />
                            </test-case>
                            <test-case id="2482" name="LightSwitchesHaveLightSources"
                                fullname="Tests.Scenes.PowerAndLightsSceneTests(Asteroid04).LightSwitchesHaveLightSources"
                                methodname="LightSwitchesHaveLightSources"
                                classname="Tests.Scenes.PowerAndLightsSceneTests"
                                runstate="Runnable" seed="997985247" result="Passed"
                                start-time="2023-08-08 03:22:50Z" end-time="2023-08-08 03:22:50Z"
                                duration="0.000200" asserts="0">
                                <properties />
                            </test-case>
                            <test-case id="2480" name="StatusDisplaysDoNotHaveNullDoors"
                                fullname="Tests.Scenes.PowerAndLightsSceneTests(Asteroid04).StatusDisplaysDoNotHaveNullDoors"
                                methodname="StatusDisplaysDoNotHaveNullDoors"
                                classname="Tests.Scenes.PowerAndLightsSceneTests"
                                runstate="Runnable" seed="897767335" result="Passed"
                                start-time="2023-08-08 03:22:50Z" end-time="2023-08-08 03:22:50Z"
                                duration="0.000224" asserts="0">
                                <properties />
                            </test-case>
                        </test-suite>
                        <test-suite type="TestFixture" id="2483"
                            name="PowerAndLightsSceneTests(Asteroid05)"
                            fullname="Tests.Scenes.PowerAndLightsSceneTests(Asteroid05)"
                            classname="Tests.Scenes.PowerAndLightsSceneTests" runstate="Runnable"
                            testcasecount="5" result="Passed" start-time="2023-08-08 03:22:50Z"
                            end-time="2023-08-08 03:22:51Z" duration="0.980163" total="5" passed="5"
                            failed="0" inconclusive="0" skipped="0" asserts="0">
                            <properties>
                                <property name="Category" value="Scenes" />
                            </properties>
                            <test-case id="2484" name="APCPoweredDevicesHaveRelatedAPC"
                                fullname="Tests.Scenes.PowerAndLightsSceneTests(Asteroid05).APCPoweredDevicesHaveRelatedAPC"
                                methodname="APCPoweredDevicesHaveRelatedAPC"
                                classname="Tests.Scenes.PowerAndLightsSceneTests"
                                runstate="Runnable" seed="7636190" result="Passed"
                                start-time="2023-08-08 03:22:51Z" end-time="2023-08-08 03:22:51Z"
                                duration="0.000329" asserts="0">
                                <properties />
                            </test-case>
                            <test-case id="2485" name="APCsConnectedDevicesContainsValidReferences"
                                fullname="Tests.Scenes.PowerAndLightsSceneTests(Asteroid05).APCsConnectedDevicesContainsValidReferences"
                                methodname="APCsConnectedDevicesContainsValidReferences"
                                classname="Tests.Scenes.PowerAndLightsSceneTests"
                                runstate="Runnable" seed="2013305269" result="Passed"
                                start-time="2023-08-08 03:22:51Z" end-time="2023-08-08 03:22:51Z"
                                duration="0.000223" asserts="0">
                                <properties />
                            </test-case>
                            <test-case id="2487" name="LightSourcesDoNotHaveMissingSwitch"
                                fullname="Tests.Scenes.PowerAndLightsSceneTests(Asteroid05).LightSourcesDoNotHaveMissingSwitch"
                                methodname="LightSourcesDoNotHaveMissingSwitch"
                                classname="Tests.Scenes.PowerAndLightsSceneTests"
                                runstate="Runnable" seed="157572825" result="Passed"
                                start-time="2023-08-08 03:22:51Z" end-time="2023-08-08 03:22:51Z"
                                duration="0.000190" asserts="0">
                                <properties />
                            </test-case>
                            <test-case id="2488" name="LightSwitchesHaveLightSources"
                                fullname="Tests.Scenes.PowerAndLightsSceneTests(Asteroid05).LightSwitchesHaveLightSources"
                                methodname="LightSwitchesHaveLightSources"
                                classname="Tests.Scenes.PowerAndLightsSceneTests"
                                runstate="Runnable" seed="1588966670" result="Passed"
                                start-time="2023-08-08 03:22:51Z" end-time="2023-08-08 03:22:51Z"
                                duration="0.000179" asserts="0">
                                <properties />
                            </test-case>
                            <test-case id="2486" name="StatusDisplaysDoNotHaveNullDoors"
                                fullname="Tests.Scenes.PowerAndLightsSceneTests(Asteroid05).StatusDisplaysDoNotHaveNullDoors"
                                methodname="StatusDisplaysDoNotHaveNullDoors"
                                classname="Tests.Scenes.PowerAndLightsSceneTests"
                                runstate="Runnable" seed="421299621" result="Passed"
                                start-time="2023-08-08 03:22:51Z" end-time="2023-08-08 03:22:51Z"
                                duration="0.000167" asserts="0">
                                <properties />
                            </test-case>
                        </test-suite>
                        <test-suite type="TestFixture" id="2489"
                            name="PowerAndLightsSceneTests(Asteroid06)"
                            fullname="Tests.Scenes.PowerAndLightsSceneTests(Asteroid06)"
                            classname="Tests.Scenes.PowerAndLightsSceneTests" runstate="Runnable"
                            testcasecount="5" result="Passed" start-time="2023-08-08 03:22:51Z"
                            end-time="2023-08-08 03:22:53Z" duration="1.251771" total="5" passed="5"
                            failed="0" inconclusive="0" skipped="0" asserts="0">
                            <properties>
                                <property name="Category" value="Scenes" />
                            </properties>
                            <test-case id="2490" name="APCPoweredDevicesHaveRelatedAPC"
                                fullname="Tests.Scenes.PowerAndLightsSceneTests(Asteroid06).APCPoweredDevicesHaveRelatedAPC"
                                methodname="APCPoweredDevicesHaveRelatedAPC"
                                classname="Tests.Scenes.PowerAndLightsSceneTests"
                                runstate="Runnable" seed="950314577" result="Passed"
                                start-time="2023-08-08 03:22:53Z" end-time="2023-08-08 03:22:53Z"
                                duration="0.000336" asserts="0">
                                <properties />
                            </test-case>
                            <test-case id="2491" name="APCsConnectedDevicesContainsValidReferences"
                                fullname="Tests.Scenes.PowerAndLightsSceneTests(Asteroid06).APCsConnectedDevicesContainsValidReferences"
                                methodname="APCsConnectedDevicesContainsValidReferences"
                                classname="Tests.Scenes.PowerAndLightsSceneTests"
                                runstate="Runnable" seed="2060437761" result="Passed"
                                start-time="2023-08-08 03:22:53Z" end-time="2023-08-08 03:22:53Z"
                                duration="0.000233" asserts="0">
                                <properties />
                            </test-case>
                            <test-case id="2493" name="LightSourcesDoNotHaveMissingSwitch"
                                fullname="Tests.Scenes.PowerAndLightsSceneTests(Asteroid06).LightSourcesDoNotHaveMissingSwitch"
                                methodname="LightSourcesDoNotHaveMissingSwitch"
                                classname="Tests.Scenes.PowerAndLightsSceneTests"
                                runstate="Runnable" seed="1114286977" result="Passed"
                                start-time="2023-08-08 03:22:53Z" end-time="2023-08-08 03:22:53Z"
                                duration="0.000191" asserts="0">
                                <properties />
                            </test-case>
                            <test-case id="2494" name="LightSwitchesHaveLightSources"
                                fullname="Tests.Scenes.PowerAndLightsSceneTests(Asteroid06).LightSwitchesHaveLightSources"
                                methodname="LightSwitchesHaveLightSources"
                                classname="Tests.Scenes.PowerAndLightsSceneTests"
                                runstate="Runnable" seed="1806933381" result="Passed"
                                start-time="2023-08-08 03:22:53Z" end-time="2023-08-08 03:22:53Z"
                                duration="0.000177" asserts="0">
                                <properties />
                            </test-case>
                            <test-case id="2492" name="StatusDisplaysDoNotHaveNullDoors"
                                fullname="Tests.Scenes.PowerAndLightsSceneTests(Asteroid06).StatusDisplaysDoNotHaveNullDoors"
                                methodname="StatusDisplaysDoNotHaveNullDoors"
                                classname="Tests.Scenes.PowerAndLightsSceneTests"
                                runstate="Runnable" seed="1152288779" result="Passed"
                                start-time="2023-08-08 03:22:53Z" end-time="2023-08-08 03:22:53Z"
                                duration="0.000175" asserts="0">
                                <properties />
                            </test-case>
                        </test-suite>
                        <test-suite type="TestFixture" id="2495"
                            name="PowerAndLightsSceneTests(Asteroid07)"
                            fullname="Tests.Scenes.PowerAndLightsSceneTests(Asteroid07)"
                            classname="Tests.Scenes.PowerAndLightsSceneTests" runstate="Runnable"
                            testcasecount="5" result="Passed" start-time="2023-08-08 03:22:53Z"
                            end-time="2023-08-08 03:22:54Z" duration="0.950237" total="5" passed="5"
                            failed="0" inconclusive="0" skipped="0" asserts="0">
                            <properties>
                                <property name="Category" value="Scenes" />
                            </properties>
                            <test-case id="2496" name="APCPoweredDevicesHaveRelatedAPC"
                                fullname="Tests.Scenes.PowerAndLightsSceneTests(Asteroid07).APCPoweredDevicesHaveRelatedAPC"
                                methodname="APCPoweredDevicesHaveRelatedAPC"
                                classname="Tests.Scenes.PowerAndLightsSceneTests"
                                runstate="Runnable" seed="1490044286" result="Passed"
                                start-time="2023-08-08 03:22:54Z" end-time="2023-08-08 03:22:54Z"
                                duration="0.000340" asserts="0">
                                <properties />
                            </test-case>
                            <test-case id="2497" name="APCsConnectedDevicesContainsValidReferences"
                                fullname="Tests.Scenes.PowerAndLightsSceneTests(Asteroid07).APCsConnectedDevicesContainsValidReferences"
                                methodname="APCsConnectedDevicesContainsValidReferences"
                                classname="Tests.Scenes.PowerAndLightsSceneTests"
                                runstate="Runnable" seed="1518621086" result="Passed"
                                start-time="2023-08-08 03:22:54Z" end-time="2023-08-08 03:22:54Z"
                                duration="0.000236" asserts="0">
                                <properties />
                            </test-case>
                            <test-case id="2499" name="LightSourcesDoNotHaveMissingSwitch"
                                fullname="Tests.Scenes.PowerAndLightsSceneTests(Asteroid07).LightSourcesDoNotHaveMissingSwitch"
                                methodname="LightSourcesDoNotHaveMissingSwitch"
                                classname="Tests.Scenes.PowerAndLightsSceneTests"
                                runstate="Runnable" seed="453308919" result="Passed"
                                start-time="2023-08-08 03:22:54Z" end-time="2023-08-08 03:22:54Z"
                                duration="0.000204" asserts="0">
                                <properties />
                            </test-case>
                            <test-case id="2500" name="LightSwitchesHaveLightSources"
                                fullname="Tests.Scenes.PowerAndLightsSceneTests(Asteroid07).LightSwitchesHaveLightSources"
                                methodname="LightSwitchesHaveLightSources"
                                classname="Tests.Scenes.PowerAndLightsSceneTests"
                                runstate="Runnable" seed="829829660" result="Passed"
                                start-time="2023-08-08 03:22:54Z" end-time="2023-08-08 03:22:54Z"
                                duration="0.000189" asserts="0">
                                <properties />
                            </test-case>
                            <test-case id="2498" name="StatusDisplaysDoNotHaveNullDoors"
                                fullname="Tests.Scenes.PowerAndLightsSceneTests(Asteroid07).StatusDisplaysDoNotHaveNullDoors"
                                methodname="StatusDisplaysDoNotHaveNullDoors"
                                classname="Tests.Scenes.PowerAndLightsSceneTests"
                                runstate="Runnable" seed="1212832941" result="Passed"
                                start-time="2023-08-08 03:22:54Z" end-time="2023-08-08 03:22:54Z"
                                duration="0.000186" asserts="0">
                                <properties />
                            </test-case>
                        </test-suite>
                        <test-suite type="TestFixture" id="2501"
                            name="PowerAndLightsSceneTests(Asteroid08)"
                            fullname="Tests.Scenes.PowerAndLightsSceneTests(Asteroid08)"
                            classname="Tests.Scenes.PowerAndLightsSceneTests" runstate="Runnable"
                            testcasecount="5" result="Passed" start-time="2023-08-08 03:22:54Z"
                            end-time="2023-08-08 03:22:55Z" duration="0.964722" total="5" passed="5"
                            failed="0" inconclusive="0" skipped="0" asserts="0">
                            <properties>
                                <property name="Category" value="Scenes" />
                            </properties>
                            <test-case id="2502" name="APCPoweredDevicesHaveRelatedAPC"
                                fullname="Tests.Scenes.PowerAndLightsSceneTests(Asteroid08).APCPoweredDevicesHaveRelatedAPC"
                                methodname="APCPoweredDevicesHaveRelatedAPC"
                                classname="Tests.Scenes.PowerAndLightsSceneTests"
                                runstate="Runnable" seed="1426695487" result="Passed"
                                start-time="2023-08-08 03:22:55Z" end-time="2023-08-08 03:22:55Z"
                                duration="0.000342" asserts="0">
                                <properties />
                            </test-case>
                            <test-case id="2503" name="APCsConnectedDevicesContainsValidReferences"
                                fullname="Tests.Scenes.PowerAndLightsSceneTests(Asteroid08).APCsConnectedDevicesContainsValidReferences"
                                methodname="APCsConnectedDevicesContainsValidReferences"
                                classname="Tests.Scenes.PowerAndLightsSceneTests"
                                runstate="Runnable" seed="950244017" result="Passed"
                                start-time="2023-08-08 03:22:55Z" end-time="2023-08-08 03:22:55Z"
                                duration="0.000233" asserts="0">
                                <properties />
                            </test-case>
                            <test-case id="2505" name="LightSourcesDoNotHaveMissingSwitch"
                                fullname="Tests.Scenes.PowerAndLightsSceneTests(Asteroid08).LightSourcesDoNotHaveMissingSwitch"
                                methodname="LightSourcesDoNotHaveMissingSwitch"
                                classname="Tests.Scenes.PowerAndLightsSceneTests"
                                runstate="Runnable" seed="235161928" result="Passed"
                                start-time="2023-08-08 03:22:55Z" end-time="2023-08-08 03:22:55Z"
                                duration="0.000191" asserts="0">
                                <properties />
                            </test-case>
                            <test-case id="2506" name="LightSwitchesHaveLightSources"
                                fullname="Tests.Scenes.PowerAndLightsSceneTests(Asteroid08).LightSwitchesHaveLightSources"
                                methodname="LightSwitchesHaveLightSources"
                                classname="Tests.Scenes.PowerAndLightsSceneTests"
                                runstate="Runnable" seed="119040962" result="Passed"
                                start-time="2023-08-08 03:22:55Z" end-time="2023-08-08 03:22:55Z"
                                duration="0.000185" asserts="0">
                                <properties />
                            </test-case>
                            <test-case id="2504" name="StatusDisplaysDoNotHaveNullDoors"
                                fullname="Tests.Scenes.PowerAndLightsSceneTests(Asteroid08).StatusDisplaysDoNotHaveNullDoors"
                                methodname="StatusDisplaysDoNotHaveNullDoors"
                                classname="Tests.Scenes.PowerAndLightsSceneTests"
                                runstate="Runnable" seed="815640304" result="Passed"
                                start-time="2023-08-08 03:22:55Z" end-time="2023-08-08 03:22:55Z"
                                duration="0.000182" asserts="0">
                                <properties />
                            </test-case>
                        </test-suite>
                        <test-suite type="TestFixture" id="2507"
                            name="PowerAndLightsSceneTests(Asteroid09)"
                            fullname="Tests.Scenes.PowerAndLightsSceneTests(Asteroid09)"
                            classname="Tests.Scenes.PowerAndLightsSceneTests" runstate="Runnable"
                            testcasecount="5" result="Passed" start-time="2023-08-08 03:22:55Z"
                            end-time="2023-08-08 03:22:56Z" duration="0.967789" total="5" passed="5"
                            failed="0" inconclusive="0" skipped="0" asserts="0">
                            <properties>
                                <property name="Category" value="Scenes" />
                            </properties>
                            <test-case id="2508" name="APCPoweredDevicesHaveRelatedAPC"
                                fullname="Tests.Scenes.PowerAndLightsSceneTests(Asteroid09).APCPoweredDevicesHaveRelatedAPC"
                                methodname="APCPoweredDevicesHaveRelatedAPC"
                                classname="Tests.Scenes.PowerAndLightsSceneTests"
                                runstate="Runnable" seed="914665912" result="Passed"
                                start-time="2023-08-08 03:22:56Z" end-time="2023-08-08 03:22:56Z"
                                duration="0.000318" asserts="0">
                                <properties />
                            </test-case>
                            <test-case id="2509" name="APCsConnectedDevicesContainsValidReferences"
                                fullname="Tests.Scenes.PowerAndLightsSceneTests(Asteroid09).APCsConnectedDevicesContainsValidReferences"
                                methodname="APCsConnectedDevicesContainsValidReferences"
                                classname="Tests.Scenes.PowerAndLightsSceneTests"
                                runstate="Runnable" seed="2009471158" result="Passed"
                                start-time="2023-08-08 03:22:56Z" end-time="2023-08-08 03:22:56Z"
                                duration="0.000219" asserts="0">
                                <properties />
                            </test-case>
                            <test-case id="2511" name="LightSourcesDoNotHaveMissingSwitch"
                                fullname="Tests.Scenes.PowerAndLightsSceneTests(Asteroid09).LightSourcesDoNotHaveMissingSwitch"
                                methodname="LightSourcesDoNotHaveMissingSwitch"
                                classname="Tests.Scenes.PowerAndLightsSceneTests"
                                runstate="Runnable" seed="505693634" result="Passed"
                                start-time="2023-08-08 03:22:56Z" end-time="2023-08-08 03:22:56Z"
                                duration="0.000185" asserts="0">
                                <properties />
                            </test-case>
                            <test-case id="2512" name="LightSwitchesHaveLightSources"
                                fullname="Tests.Scenes.PowerAndLightsSceneTests(Asteroid09).LightSwitchesHaveLightSources"
                                methodname="LightSwitchesHaveLightSources"
                                classname="Tests.Scenes.PowerAndLightsSceneTests"
                                runstate="Runnable" seed="978687737" result="Passed"
                                start-time="2023-08-08 03:22:56Z" end-time="2023-08-08 03:22:56Z"
                                duration="0.000171" asserts="0">
                                <properties />
                            </test-case>
                            <test-case id="2510" name="StatusDisplaysDoNotHaveNullDoors"
                                fullname="Tests.Scenes.PowerAndLightsSceneTests(Asteroid09).StatusDisplaysDoNotHaveNullDoors"
                                methodname="StatusDisplaysDoNotHaveNullDoors"
                                classname="Tests.Scenes.PowerAndLightsSceneTests"
                                runstate="Runnable" seed="1779326842" result="Passed"
                                start-time="2023-08-08 03:22:56Z" end-time="2023-08-08 03:22:56Z"
                                duration="0.000171" asserts="0">
                                <properties />
                            </test-case>
                        </test-suite>
                        <test-suite type="TestFixture" id="2513"
                            name="PowerAndLightsSceneTests(Asteroid10)"
                            fullname="Tests.Scenes.PowerAndLightsSceneTests(Asteroid10)"
                            classname="Tests.Scenes.PowerAndLightsSceneTests" runstate="Runnable"
                            testcasecount="5" result="Passed" start-time="2023-08-08 03:22:56Z"
                            end-time="2023-08-08 03:22:57Z" duration="1.256339" total="5" passed="5"
                            failed="0" inconclusive="0" skipped="0" asserts="0">
                            <properties>
                                <property name="Category" value="Scenes" />
                            </properties>
                            <test-case id="2514" name="APCPoweredDevicesHaveRelatedAPC"
                                fullname="Tests.Scenes.PowerAndLightsSceneTests(Asteroid10).APCPoweredDevicesHaveRelatedAPC"
                                methodname="APCPoweredDevicesHaveRelatedAPC"
                                classname="Tests.Scenes.PowerAndLightsSceneTests"
                                runstate="Runnable" seed="1654046301" result="Passed"
                                start-time="2023-08-08 03:22:57Z" end-time="2023-08-08 03:22:57Z"
                                duration="0.000334" asserts="0">
                                <properties />
                            </test-case>
                            <test-case id="2515" name="APCsConnectedDevicesContainsValidReferences"
                                fullname="Tests.Scenes.PowerAndLightsSceneTests(Asteroid10).APCsConnectedDevicesContainsValidReferences"
                                methodname="APCsConnectedDevicesContainsValidReferences"
                                classname="Tests.Scenes.PowerAndLightsSceneTests"
                                runstate="Runnable" seed="1496880468" result="Passed"
                                start-time="2023-08-08 03:22:57Z" end-time="2023-08-08 03:22:57Z"
                                duration="0.000230" asserts="0">
                                <properties />
                            </test-case>
                            <test-case id="2517" name="LightSourcesDoNotHaveMissingSwitch"
                                fullname="Tests.Scenes.PowerAndLightsSceneTests(Asteroid10).LightSourcesDoNotHaveMissingSwitch"
                                methodname="LightSourcesDoNotHaveMissingSwitch"
                                classname="Tests.Scenes.PowerAndLightsSceneTests"
                                runstate="Runnable" seed="1663820649" result="Passed"
                                start-time="2023-08-08 03:22:57Z" end-time="2023-08-08 03:22:57Z"
                                duration="0.000197" asserts="0">
                                <properties />
                            </test-case>
                            <test-case id="2518" name="LightSwitchesHaveLightSources"
                                fullname="Tests.Scenes.PowerAndLightsSceneTests(Asteroid10).LightSwitchesHaveLightSources"
                                methodname="LightSwitchesHaveLightSources"
                                classname="Tests.Scenes.PowerAndLightsSceneTests"
                                runstate="Runnable" seed="467866296" result="Passed"
                                start-time="2023-08-08 03:22:57Z" end-time="2023-08-08 03:22:57Z"
                                duration="0.000189" asserts="0">
                                <properties />
                            </test-case>
                            <test-case id="2516" name="StatusDisplaysDoNotHaveNullDoors"
                                fullname="Tests.Scenes.PowerAndLightsSceneTests(Asteroid10).StatusDisplaysDoNotHaveNullDoors"
                                methodname="StatusDisplaysDoNotHaveNullDoors"
                                classname="Tests.Scenes.PowerAndLightsSceneTests"
                                runstate="Runnable" seed="1884042123" result="Passed"
                                start-time="2023-08-08 03:22:57Z" end-time="2023-08-08 03:22:57Z"
                                duration="0.000209" asserts="0">
                                <properties />
                            </test-case>
                        </test-suite>
                        <test-suite type="TestFixture" id="2519"
                            name="PowerAndLightsSceneTests(Asteroid11)"
                            fullname="Tests.Scenes.PowerAndLightsSceneTests(Asteroid11)"
                            classname="Tests.Scenes.PowerAndLightsSceneTests" runstate="Runnable"
                            testcasecount="5" result="Passed" start-time="2023-08-08 03:22:57Z"
                            end-time="2023-08-08 03:22:58Z" duration="0.953211" total="5" passed="5"
                            failed="0" inconclusive="0" skipped="0" asserts="0">
                            <properties>
                                <property name="Category" value="Scenes" />
                            </properties>
                            <test-case id="2520" name="APCPoweredDevicesHaveRelatedAPC"
                                fullname="Tests.Scenes.PowerAndLightsSceneTests(Asteroid11).APCPoweredDevicesHaveRelatedAPC"
                                methodname="APCPoweredDevicesHaveRelatedAPC"
                                classname="Tests.Scenes.PowerAndLightsSceneTests"
                                runstate="Runnable" seed="1322872682" result="Passed"
                                start-time="2023-08-08 03:22:58Z" end-time="2023-08-08 03:22:58Z"
                                duration="0.000334" asserts="0">
                                <properties />
                            </test-case>
                            <test-case id="2521" name="APCsConnectedDevicesContainsValidReferences"
                                fullname="Tests.Scenes.PowerAndLightsSceneTests(Asteroid11).APCsConnectedDevicesContainsValidReferences"
                                methodname="APCsConnectedDevicesContainsValidReferences"
                                classname="Tests.Scenes.PowerAndLightsSceneTests"
                                runstate="Runnable" seed="301689294" result="Passed"
                                start-time="2023-08-08 03:22:58Z" end-time="2023-08-08 03:22:58Z"
                                duration="0.000230" asserts="0">
                                <properties />
                            </test-case>
                            <test-case id="2523" name="LightSourcesDoNotHaveMissingSwitch"
                                fullname="Tests.Scenes.PowerAndLightsSceneTests(Asteroid11).LightSourcesDoNotHaveMissingSwitch"
                                methodname="LightSourcesDoNotHaveMissingSwitch"
                                classname="Tests.Scenes.PowerAndLightsSceneTests"
                                runstate="Runnable" seed="1570463506" result="Passed"
                                start-time="2023-08-08 03:22:58Z" end-time="2023-08-08 03:22:58Z"
                                duration="0.000199" asserts="0">
                                <properties />
                            </test-case>
                            <test-case id="2524" name="LightSwitchesHaveLightSources"
                                fullname="Tests.Scenes.PowerAndLightsSceneTests(Asteroid11).LightSwitchesHaveLightSources"
                                methodname="LightSwitchesHaveLightSources"
                                classname="Tests.Scenes.PowerAndLightsSceneTests"
                                runstate="Runnable" seed="838848834" result="Passed"
                                start-time="2023-08-08 03:22:58Z" end-time="2023-08-08 03:22:58Z"
                                duration="0.000188" asserts="0">
                                <properties />
                            </test-case>
                            <test-case id="2522" name="StatusDisplaysDoNotHaveNullDoors"
                                fullname="Tests.Scenes.PowerAndLightsSceneTests(Asteroid11).StatusDisplaysDoNotHaveNullDoors"
                                methodname="StatusDisplaysDoNotHaveNullDoors"
                                classname="Tests.Scenes.PowerAndLightsSceneTests"
                                runstate="Runnable" seed="1450204427" result="Passed"
                                start-time="2023-08-08 03:22:58Z" end-time="2023-08-08 03:22:58Z"
                                duration="0.000177" asserts="0">
                                <properties />
                            </test-case>
                        </test-suite>
                        <test-suite type="TestFixture" id="2525"
                            name="PowerAndLightsSceneTests(Asteroid12)"
                            fullname="Tests.Scenes.PowerAndLightsSceneTests(Asteroid12)"
                            classname="Tests.Scenes.PowerAndLightsSceneTests" runstate="Runnable"
                            testcasecount="5" result="Passed" start-time="2023-08-08 03:22:58Z"
                            end-time="2023-08-08 03:22:59Z" duration="0.986188" total="5" passed="5"
                            failed="0" inconclusive="0" skipped="0" asserts="0">
                            <properties>
                                <property name="Category" value="Scenes" />
                            </properties>
                            <test-case id="2526" name="APCPoweredDevicesHaveRelatedAPC"
                                fullname="Tests.Scenes.PowerAndLightsSceneTests(Asteroid12).APCPoweredDevicesHaveRelatedAPC"
                                methodname="APCPoweredDevicesHaveRelatedAPC"
                                classname="Tests.Scenes.PowerAndLightsSceneTests"
                                runstate="Runnable" seed="1938983018" result="Passed"
                                start-time="2023-08-08 03:22:59Z" end-time="2023-08-08 03:22:59Z"
                                duration="0.000319" asserts="0">
                                <properties />
                            </test-case>
                            <test-case id="2527" name="APCsConnectedDevicesContainsValidReferences"
                                fullname="Tests.Scenes.PowerAndLightsSceneTests(Asteroid12).APCsConnectedDevicesContainsValidReferences"
                                methodname="APCsConnectedDevicesContainsValidReferences"
                                classname="Tests.Scenes.PowerAndLightsSceneTests"
                                runstate="Runnable" seed="416529353" result="Passed"
                                start-time="2023-08-08 03:22:59Z" end-time="2023-08-08 03:22:59Z"
                                duration="0.000218" asserts="0">
                                <properties />
                            </test-case>
                            <test-case id="2529" name="LightSourcesDoNotHaveMissingSwitch"
                                fullname="Tests.Scenes.PowerAndLightsSceneTests(Asteroid12).LightSourcesDoNotHaveMissingSwitch"
                                methodname="LightSourcesDoNotHaveMissingSwitch"
                                classname="Tests.Scenes.PowerAndLightsSceneTests"
                                runstate="Runnable" seed="129557866" result="Passed"
                                start-time="2023-08-08 03:22:59Z" end-time="2023-08-08 03:22:59Z"
                                duration="0.000190" asserts="0">
                                <properties />
                            </test-case>
                            <test-case id="2530" name="LightSwitchesHaveLightSources"
                                fullname="Tests.Scenes.PowerAndLightsSceneTests(Asteroid12).LightSwitchesHaveLightSources"
                                methodname="LightSwitchesHaveLightSources"
                                classname="Tests.Scenes.PowerAndLightsSceneTests"
                                runstate="Runnable" seed="667631173" result="Passed"
                                start-time="2023-08-08 03:22:59Z" end-time="2023-08-08 03:22:59Z"
                                duration="0.000178" asserts="0">
                                <properties />
                            </test-case>
                            <test-case id="2528" name="StatusDisplaysDoNotHaveNullDoors"
                                fullname="Tests.Scenes.PowerAndLightsSceneTests(Asteroid12).StatusDisplaysDoNotHaveNullDoors"
                                methodname="StatusDisplaysDoNotHaveNullDoors"
                                classname="Tests.Scenes.PowerAndLightsSceneTests"
                                runstate="Runnable" seed="1281525356" result="Passed"
                                start-time="2023-08-08 03:22:59Z" end-time="2023-08-08 03:22:59Z"
                                duration="0.000179" asserts="0">
                                <properties />
                            </test-case>
                        </test-suite>
                        <test-suite type="TestFixture" id="2549"
                            name="PowerAndLightsSceneTests(Backrooms)"
                            fullname="Tests.Scenes.PowerAndLightsSceneTests(Backrooms)"
                            classname="Tests.Scenes.PowerAndLightsSceneTests" runstate="Runnable"
                            testcasecount="5" result="Passed" start-time="2023-08-08 03:22:59Z"
                            end-time="2023-08-08 03:23:01Z" duration="2.506229" total="5" passed="5"
                            failed="0" inconclusive="0" skipped="0" asserts="0">
                            <properties>
                                <property name="Category" value="Scenes" />
                            </properties>
                            <test-case id="2550" name="APCPoweredDevicesHaveRelatedAPC"
                                fullname="Tests.Scenes.PowerAndLightsSceneTests(Backrooms).APCPoweredDevicesHaveRelatedAPC"
                                methodname="APCPoweredDevicesHaveRelatedAPC"
                                classname="Tests.Scenes.PowerAndLightsSceneTests"
                                runstate="Runnable" seed="737866868" result="Passed"
                                start-time="2023-08-08 03:23:01Z" end-time="2023-08-08 03:23:01Z"
                                duration="0.001151" asserts="0">
                                <properties />
                            </test-case>
                            <test-case id="2551" name="APCsConnectedDevicesContainsValidReferences"
                                fullname="Tests.Scenes.PowerAndLightsSceneTests(Backrooms).APCsConnectedDevicesContainsValidReferences"
                                methodname="APCsConnectedDevicesContainsValidReferences"
                                classname="Tests.Scenes.PowerAndLightsSceneTests"
                                runstate="Runnable" seed="583315856" result="Passed"
                                start-time="2023-08-08 03:23:01Z" end-time="2023-08-08 03:23:01Z"
                                duration="0.000901" asserts="0">
                                <properties />
                            </test-case>
                            <test-case id="2553" name="LightSourcesDoNotHaveMissingSwitch"
                                fullname="Tests.Scenes.PowerAndLightsSceneTests(Backrooms).LightSourcesDoNotHaveMissingSwitch"
                                methodname="LightSourcesDoNotHaveMissingSwitch"
                                classname="Tests.Scenes.PowerAndLightsSceneTests"
                                runstate="Runnable" seed="862752335" result="Passed"
                                start-time="2023-08-08 03:23:01Z" end-time="2023-08-08 03:23:01Z"
                                duration="0.000523" asserts="0">
                                <properties />
                            </test-case>
                            <test-case id="2554" name="LightSwitchesHaveLightSources"
                                fullname="Tests.Scenes.PowerAndLightsSceneTests(Backrooms).LightSwitchesHaveLightSources"
                                methodname="LightSwitchesHaveLightSources"
                                classname="Tests.Scenes.PowerAndLightsSceneTests"
                                runstate="Runnable" seed="1939105735" result="Passed"
                                start-time="2023-08-08 03:23:01Z" end-time="2023-08-08 03:23:01Z"
                                duration="0.000525" asserts="0">
                                <properties />
                            </test-case>
                            <test-case id="2552" name="StatusDisplaysDoNotHaveNullDoors"
                                fullname="Tests.Scenes.PowerAndLightsSceneTests(Backrooms).StatusDisplaysDoNotHaveNullDoors"
                                methodname="StatusDisplaysDoNotHaveNullDoors"
                                classname="Tests.Scenes.PowerAndLightsSceneTests"
                                runstate="Runnable" seed="1052617088" result="Passed"
                                start-time="2023-08-08 03:23:01Z" end-time="2023-08-08 03:23:01Z"
                                duration="0.000498" asserts="0">
                                <properties />
                            </test-case>
                        </test-suite>
                        <test-suite type="TestFixture" id="2579"
                            name="PowerAndLightsSceneTests(BoxStationV1)"
                            fullname="Tests.Scenes.PowerAndLightsSceneTests(BoxStationV1)"
                            classname="Tests.Scenes.PowerAndLightsSceneTests" runstate="Runnable"
                            testcasecount="5" result="Passed" start-time="2023-08-08 03:23:01Z"
                            end-time="2023-08-08 03:23:11Z" duration="9.934438" total="5" passed="5"
                            failed="0" inconclusive="0" skipped="0" asserts="0">
                            <properties>
                                <property name="Category" value="Scenes" />
                            </properties>
                            <test-case id="2580" name="APCPoweredDevicesHaveRelatedAPC"
                                fullname="Tests.Scenes.PowerAndLightsSceneTests(BoxStationV1).APCPoweredDevicesHaveRelatedAPC"
                                methodname="APCPoweredDevicesHaveRelatedAPC"
                                classname="Tests.Scenes.PowerAndLightsSceneTests"
                                runstate="Runnable" seed="1766462350" result="Passed"
                                start-time="2023-08-08 03:23:11Z" end-time="2023-08-08 03:23:11Z"
                                duration="0.126364" asserts="0">
                                <properties />
                            </test-case>
                            <test-case id="2581" name="APCsConnectedDevicesContainsValidReferences"
                                fullname="Tests.Scenes.PowerAndLightsSceneTests(BoxStationV1).APCsConnectedDevicesContainsValidReferences"
                                methodname="APCsConnectedDevicesContainsValidReferences"
                                classname="Tests.Scenes.PowerAndLightsSceneTests"
                                runstate="Runnable" seed="56470131" result="Passed"
                                start-time="2023-08-08 03:23:11Z" end-time="2023-08-08 03:23:11Z"
                                duration="0.197304" asserts="0">
                                <properties />
                            </test-case>
                            <test-case id="2583" name="LightSourcesDoNotHaveMissingSwitch"
                                fullname="Tests.Scenes.PowerAndLightsSceneTests(BoxStationV1).LightSourcesDoNotHaveMissingSwitch"
                                methodname="LightSourcesDoNotHaveMissingSwitch"
                                classname="Tests.Scenes.PowerAndLightsSceneTests"
                                runstate="Runnable" seed="2019611877" result="Passed"
                                start-time="2023-08-08 03:23:11Z" end-time="2023-08-08 03:23:11Z"
                                duration="0.022016" asserts="0">
                                <properties />
                            </test-case>
                            <test-case id="2584" name="LightSwitchesHaveLightSources"
                                fullname="Tests.Scenes.PowerAndLightsSceneTests(BoxStationV1).LightSwitchesHaveLightSources"
                                methodname="LightSwitchesHaveLightSources"
                                classname="Tests.Scenes.PowerAndLightsSceneTests"
                                runstate="Runnable" seed="210397450" result="Passed"
                                start-time="2023-08-08 03:23:11Z" end-time="2023-08-08 03:23:11Z"
                                duration="0.018179" asserts="0">
                                <properties />
                            </test-case>
                            <test-case id="2582" name="StatusDisplaysDoNotHaveNullDoors"
                                fullname="Tests.Scenes.PowerAndLightsSceneTests(BoxStationV1).StatusDisplaysDoNotHaveNullDoors"
                                methodname="StatusDisplaysDoNotHaveNullDoors"
                                classname="Tests.Scenes.PowerAndLightsSceneTests"
                                runstate="Runnable" seed="1101363682" result="Passed"
                                start-time="2023-08-08 03:23:11Z" end-time="2023-08-08 03:23:11Z"
                                duration="0.016035" asserts="0">
                                <properties />
                            </test-case>
                        </test-suite>
                        <test-suite type="TestFixture" id="2555"
                            name="PowerAndLightsSceneTests(Caverna)"
                            fullname="Tests.Scenes.PowerAndLightsSceneTests(Caverna)"
                            classname="Tests.Scenes.PowerAndLightsSceneTests" runstate="Runnable"
                            testcasecount="5" result="Passed" start-time="2023-08-08 03:23:11Z"
                            end-time="2023-08-08 03:23:14Z" duration="2.413906" total="5" passed="5"
                            failed="0" inconclusive="0" skipped="0" asserts="0">
                            <properties>
                                <property name="Category" value="Scenes" />
                            </properties>
                            <test-case id="2556" name="APCPoweredDevicesHaveRelatedAPC"
                                fullname="Tests.Scenes.PowerAndLightsSceneTests(Caverna).APCPoweredDevicesHaveRelatedAPC"
                                methodname="APCPoweredDevicesHaveRelatedAPC"
                                classname="Tests.Scenes.PowerAndLightsSceneTests"
                                runstate="Runnable" seed="2026621012" result="Passed"
                                start-time="2023-08-08 03:23:14Z" end-time="2023-08-08 03:23:14Z"
                                duration="0.000577" asserts="0">
                                <properties />
                            </test-case>
                            <test-case id="2557" name="APCsConnectedDevicesContainsValidReferences"
                                fullname="Tests.Scenes.PowerAndLightsSceneTests(Caverna).APCsConnectedDevicesContainsValidReferences"
                                methodname="APCsConnectedDevicesContainsValidReferences"
                                classname="Tests.Scenes.PowerAndLightsSceneTests"
                                runstate="Runnable" seed="972578516" result="Passed"
                                start-time="2023-08-08 03:23:14Z" end-time="2023-08-08 03:23:14Z"
                                duration="0.000423" asserts="0">
                                <properties />
                            </test-case>
                            <test-case id="2559" name="LightSourcesDoNotHaveMissingSwitch"
                                fullname="Tests.Scenes.PowerAndLightsSceneTests(Caverna).LightSourcesDoNotHaveMissingSwitch"
                                methodname="LightSourcesDoNotHaveMissingSwitch"
                                classname="Tests.Scenes.PowerAndLightsSceneTests"
                                runstate="Runnable" seed="1116426645" result="Passed"
                                start-time="2023-08-08 03:23:14Z" end-time="2023-08-08 03:23:14Z"
                                duration="0.000318" asserts="0">
                                <properties />
                            </test-case>
                            <test-case id="2560" name="LightSwitchesHaveLightSources"
                                fullname="Tests.Scenes.PowerAndLightsSceneTests(Caverna).LightSwitchesHaveLightSources"
                                methodname="LightSwitchesHaveLightSources"
                                classname="Tests.Scenes.PowerAndLightsSceneTests"
                                runstate="Runnable" seed="710005096" result="Passed"
                                start-time="2023-08-08 03:23:14Z" end-time="2023-08-08 03:23:14Z"
                                duration="0.000296" asserts="0">
                                <properties />
                            </test-case>
                            <test-case id="2558" name="StatusDisplaysDoNotHaveNullDoors"
                                fullname="Tests.Scenes.PowerAndLightsSceneTests(Caverna).StatusDisplaysDoNotHaveNullDoors"
                                methodname="StatusDisplaysDoNotHaveNullDoors"
                                classname="Tests.Scenes.PowerAndLightsSceneTests"
                                runstate="Runnable" seed="292020876" result="Passed"
                                start-time="2023-08-08 03:23:14Z" end-time="2023-08-08 03:23:14Z"
                                duration="0.000279" asserts="0">
                                <properties />
                            </test-case>
                        </test-suite>
                        <test-suite type="TestFixture" id="2405"
                            name="PowerAndLightsSceneTests(CentCom)"
                            fullname="Tests.Scenes.PowerAndLightsSceneTests(CentCom)"
                            classname="Tests.Scenes.PowerAndLightsSceneTests" runstate="Runnable"
                            testcasecount="5" result="Passed" start-time="2023-08-08 03:23:14Z"
                            end-time="2023-08-08 03:23:16Z" duration="1.937311" total="5" passed="5"
                            failed="0" inconclusive="0" skipped="0" asserts="0">
                            <properties>
                                <property name="Category" value="Scenes" />
                            </properties>
                            <test-case id="2406" name="APCPoweredDevicesHaveRelatedAPC"
                                fullname="Tests.Scenes.PowerAndLightsSceneTests(CentCom).APCPoweredDevicesHaveRelatedAPC"
                                methodname="APCPoweredDevicesHaveRelatedAPC"
                                classname="Tests.Scenes.PowerAndLightsSceneTests"
                                runstate="Runnable" seed="873730659" result="Passed"
                                start-time="2023-08-08 03:23:16Z" end-time="2023-08-08 03:23:16Z"
                                duration="0.002561" asserts="0">
                                <properties />
                            </test-case>
                            <test-case id="2407" name="APCsConnectedDevicesContainsValidReferences"
                                fullname="Tests.Scenes.PowerAndLightsSceneTests(CentCom).APCsConnectedDevicesContainsValidReferences"
                                methodname="APCsConnectedDevicesContainsValidReferences"
                                classname="Tests.Scenes.PowerAndLightsSceneTests"
                                runstate="Runnable" seed="1659766393" result="Passed"
                                start-time="2023-08-08 03:23:16Z" end-time="2023-08-08 03:23:16Z"
                                duration="0.001893" asserts="0">
                                <properties />
                            </test-case>
                            <test-case id="2409" name="LightSourcesDoNotHaveMissingSwitch"
                                fullname="Tests.Scenes.PowerAndLightsSceneTests(CentCom).LightSourcesDoNotHaveMissingSwitch"
                                methodname="LightSourcesDoNotHaveMissingSwitch"
                                classname="Tests.Scenes.PowerAndLightsSceneTests"
                                runstate="Runnable" seed="322374633" result="Passed"
                                start-time="2023-08-08 03:23:16Z" end-time="2023-08-08 03:23:16Z"
                                duration="0.001296" asserts="0">
                                <properties />
                            </test-case>
                            <test-case id="2410" name="LightSwitchesHaveLightSources"
                                fullname="Tests.Scenes.PowerAndLightsSceneTests(CentCom).LightSwitchesHaveLightSources"
                                methodname="LightSwitchesHaveLightSources"
                                classname="Tests.Scenes.PowerAndLightsSceneTests"
                                runstate="Runnable" seed="857787406" result="Passed"
                                start-time="2023-08-08 03:23:16Z" end-time="2023-08-08 03:23:16Z"
                                duration="0.001233" asserts="0">
                                <properties />
                            </test-case>
                            <test-case id="2408" name="StatusDisplaysDoNotHaveNullDoors"
                                fullname="Tests.Scenes.PowerAndLightsSceneTests(CentCom).StatusDisplaysDoNotHaveNullDoors"
                                methodname="StatusDisplaysDoNotHaveNullDoors"
                                classname="Tests.Scenes.PowerAndLightsSceneTests"
                                runstate="Runnable" seed="175574696" result="Passed"
                                start-time="2023-08-08 03:23:16Z" end-time="2023-08-08 03:23:16Z"
                                duration="0.001250" asserts="0">
                                <properties />
                            </test-case>
                        </test-suite>
                        <test-suite type="TestFixture" id="2561"
                            name="PowerAndLightsSceneTests(DarkJungle)"
                            fullname="Tests.Scenes.PowerAndLightsSceneTests(DarkJungle)"
                            classname="Tests.Scenes.PowerAndLightsSceneTests" runstate="Runnable"
                            testcasecount="5" result="Passed" start-time="2023-08-08 03:23:16Z"
                            end-time="2023-08-08 03:23:18Z" duration="2.732209" total="5" passed="5"
                            failed="0" inconclusive="0" skipped="0" asserts="0">
                            <properties>
                                <property name="Category" value="Scenes" />
                            </properties>
                            <test-case id="2562" name="APCPoweredDevicesHaveRelatedAPC"
                                fullname="Tests.Scenes.PowerAndLightsSceneTests(DarkJungle).APCPoweredDevicesHaveRelatedAPC"
                                methodname="APCPoweredDevicesHaveRelatedAPC"
                                classname="Tests.Scenes.PowerAndLightsSceneTests"
                                runstate="Runnable" seed="1089609190" result="Passed"
                                start-time="2023-08-08 03:23:18Z" end-time="2023-08-08 03:23:18Z"
                                duration="0.003832" asserts="0">
                                <properties />
                            </test-case>
                            <test-case id="2563" name="APCsConnectedDevicesContainsValidReferences"
                                fullname="Tests.Scenes.PowerAndLightsSceneTests(DarkJungle).APCsConnectedDevicesContainsValidReferences"
                                methodname="APCsConnectedDevicesContainsValidReferences"
                                classname="Tests.Scenes.PowerAndLightsSceneTests"
                                runstate="Runnable" seed="1589698030" result="Passed"
                                start-time="2023-08-08 03:23:18Z" end-time="2023-08-08 03:23:18Z"
                                duration="0.003236" asserts="0">
                                <properties />
                            </test-case>
                            <test-case id="2565" name="LightSourcesDoNotHaveMissingSwitch"
                                fullname="Tests.Scenes.PowerAndLightsSceneTests(DarkJungle).LightSourcesDoNotHaveMissingSwitch"
                                methodname="LightSourcesDoNotHaveMissingSwitch"
                                classname="Tests.Scenes.PowerAndLightsSceneTests"
                                runstate="Runnable" seed="1934700617" result="Passed"
                                start-time="2023-08-08 03:23:18Z" end-time="2023-08-08 03:23:18Z"
                                duration="0.001956" asserts="0">
                                <properties />
                            </test-case>
                            <test-case id="2566" name="LightSwitchesHaveLightSources"
                                fullname="Tests.Scenes.PowerAndLightsSceneTests(DarkJungle).LightSwitchesHaveLightSources"
                                methodname="LightSwitchesHaveLightSources"
                                classname="Tests.Scenes.PowerAndLightsSceneTests"
                                runstate="Runnable" seed="1560974308" result="Passed"
                                start-time="2023-08-08 03:23:18Z" end-time="2023-08-08 03:23:18Z"
                                duration="0.002011" asserts="0">
                                <properties />
                            </test-case>
                            <test-case id="2564" name="StatusDisplaysDoNotHaveNullDoors"
                                fullname="Tests.Scenes.PowerAndLightsSceneTests(DarkJungle).StatusDisplaysDoNotHaveNullDoors"
                                methodname="StatusDisplaysDoNotHaveNullDoors"
                                classname="Tests.Scenes.PowerAndLightsSceneTests"
                                runstate="Runnable" seed="1040516205" result="Passed"
                                start-time="2023-08-08 03:23:18Z" end-time="2023-08-08 03:23:18Z"
                                duration="0.001861" asserts="0">
                                <properties />
                            </test-case>
                        </test-suite>
                        <test-suite type="TestFixture" id="2411"
                            name="PowerAndLightsSceneTests(Fallstation Centcom)"
                            fullname="Tests.Scenes.PowerAndLightsSceneTests(Fallstation Centcom)"
                            classname="Tests.Scenes.PowerAndLightsSceneTests" runstate="Runnable"
                            testcasecount="5" result="Passed" start-time="2023-08-08 03:23:18Z"
                            end-time="2023-08-08 03:23:20Z" duration="1.671375" total="5" passed="5"
                            failed="0" inconclusive="0" skipped="0" asserts="0">
                            <properties>
                                <property name="Category" value="Scenes" />
                            </properties>
                            <test-case id="2412" name="APCPoweredDevicesHaveRelatedAPC"
                                fullname="Tests.Scenes.PowerAndLightsSceneTests(Fallstation Centcom).APCPoweredDevicesHaveRelatedAPC"
                                methodname="APCPoweredDevicesHaveRelatedAPC"
                                classname="Tests.Scenes.PowerAndLightsSceneTests"
                                runstate="Runnable" seed="72211725" result="Passed"
                                start-time="2023-08-08 03:23:20Z" end-time="2023-08-08 03:23:20Z"
                                duration="0.001509" asserts="0">
                                <properties />
                            </test-case>
                            <test-case id="2413" name="APCsConnectedDevicesContainsValidReferences"
                                fullname="Tests.Scenes.PowerAndLightsSceneTests(Fallstation Centcom).APCsConnectedDevicesContainsValidReferences"
                                methodname="APCsConnectedDevicesContainsValidReferences"
                                classname="Tests.Scenes.PowerAndLightsSceneTests"
                                runstate="Runnable" seed="1168979229" result="Passed"
                                start-time="2023-08-08 03:23:20Z" end-time="2023-08-08 03:23:20Z"
                                duration="0.001147" asserts="0">
                                <properties />
                            </test-case>
                            <test-case id="2415" name="LightSourcesDoNotHaveMissingSwitch"
                                fullname="Tests.Scenes.PowerAndLightsSceneTests(Fallstation Centcom).LightSourcesDoNotHaveMissingSwitch"
                                methodname="LightSourcesDoNotHaveMissingSwitch"
                                classname="Tests.Scenes.PowerAndLightsSceneTests"
                                runstate="Runnable" seed="385443720" result="Passed"
                                start-time="2023-08-08 03:23:20Z" end-time="2023-08-08 03:23:20Z"
                                duration="0.000940" asserts="0">
                                <properties />
                            </test-case>
                            <test-case id="2416" name="LightSwitchesHaveLightSources"
                                fullname="Tests.Scenes.PowerAndLightsSceneTests(Fallstation Centcom).LightSwitchesHaveLightSources"
                                methodname="LightSwitchesHaveLightSources"
                                classname="Tests.Scenes.PowerAndLightsSceneTests"
                                runstate="Runnable" seed="1139629467" result="Passed"
                                start-time="2023-08-08 03:23:20Z" end-time="2023-08-08 03:23:20Z"
                                duration="0.000878" asserts="0">
                                <properties />
                            </test-case>
                            <test-case id="2414" name="StatusDisplaysDoNotHaveNullDoors"
                                fullname="Tests.Scenes.PowerAndLightsSceneTests(Fallstation Centcom).StatusDisplaysDoNotHaveNullDoors"
                                methodname="StatusDisplaysDoNotHaveNullDoors"
                                classname="Tests.Scenes.PowerAndLightsSceneTests"
                                runstate="Runnable" seed="571632185" result="Passed"
                                start-time="2023-08-08 03:23:20Z" end-time="2023-08-08 03:23:20Z"
                                duration="0.000744" asserts="0">
                                <properties />
                            </test-case>
                        </test-suite>
                        <test-suite type="TestFixture" id="2417"
                            name="PowerAndLightsSceneTests(Fallstation Syndicate)"
                            fullname="Tests.Scenes.PowerAndLightsSceneTests(Fallstation Syndicate)"
                            classname="Tests.Scenes.PowerAndLightsSceneTests" runstate="Runnable"
                            testcasecount="5" result="Passed" start-time="2023-08-08 03:23:20Z"
                            end-time="2023-08-08 03:23:21Z" duration="1.497346" total="5" passed="5"
                            failed="0" inconclusive="0" skipped="0" asserts="0">
                            <properties>
                                <property name="Category" value="Scenes" />
                            </properties>
                            <test-case id="2418" name="APCPoweredDevicesHaveRelatedAPC"
                                fullname="Tests.Scenes.PowerAndLightsSceneTests(Fallstation Syndicate).APCPoweredDevicesHaveRelatedAPC"
                                methodname="APCPoweredDevicesHaveRelatedAPC"
                                classname="Tests.Scenes.PowerAndLightsSceneTests"
                                runstate="Runnable" seed="191552631" result="Passed"
                                start-time="2023-08-08 03:23:21Z" end-time="2023-08-08 03:23:21Z"
                                duration="0.000912" asserts="0">
                                <properties />
                            </test-case>
                            <test-case id="2419" name="APCsConnectedDevicesContainsValidReferences"
                                fullname="Tests.Scenes.PowerAndLightsSceneTests(Fallstation Syndicate).APCsConnectedDevicesContainsValidReferences"
                                methodname="APCsConnectedDevicesContainsValidReferences"
                                classname="Tests.Scenes.PowerAndLightsSceneTests"
                                runstate="Runnable" seed="1554841326" result="Passed"
                                start-time="2023-08-08 03:23:21Z" end-time="2023-08-08 03:23:21Z"
                                duration="0.000644" asserts="0">
                                <properties />
                            </test-case>
                            <test-case id="2421" name="LightSourcesDoNotHaveMissingSwitch"
                                fullname="Tests.Scenes.PowerAndLightsSceneTests(Fallstation Syndicate).LightSourcesDoNotHaveMissingSwitch"
                                methodname="LightSourcesDoNotHaveMissingSwitch"
                                classname="Tests.Scenes.PowerAndLightsSceneTests"
                                runstate="Runnable" seed="898875035" result="Passed"
                                start-time="2023-08-08 03:23:21Z" end-time="2023-08-08 03:23:21Z"
                                duration="0.000506" asserts="0">
                                <properties />
                            </test-case>
                            <test-case id="2422" name="LightSwitchesHaveLightSources"
                                fullname="Tests.Scenes.PowerAndLightsSceneTests(Fallstation Syndicate).LightSwitchesHaveLightSources"
                                methodname="LightSwitchesHaveLightSources"
                                classname="Tests.Scenes.PowerAndLightsSceneTests"
                                runstate="Runnable" seed="860225295" result="Passed"
                                start-time="2023-08-08 03:23:21Z" end-time="2023-08-08 03:23:21Z"
                                duration="0.000501" asserts="0">
                                <properties />
                            </test-case>
                            <test-case id="2420" name="StatusDisplaysDoNotHaveNullDoors"
                                fullname="Tests.Scenes.PowerAndLightsSceneTests(Fallstation Syndicate).StatusDisplaysDoNotHaveNullDoors"
                                methodname="StatusDisplaysDoNotHaveNullDoors"
                                classname="Tests.Scenes.PowerAndLightsSceneTests"
                                runstate="Runnable" seed="1059137771" result="Passed"
                                start-time="2023-08-08 03:23:21Z" end-time="2023-08-08 03:23:21Z"
                                duration="0.000459" asserts="0">
                                <properties />
                            </test-case>
                        </test-suite>
                        <test-suite type="TestFixture" id="2585"
                            name="PowerAndLightsSceneTests(FallStation)"
                            fullname="Tests.Scenes.PowerAndLightsSceneTests(FallStation)"
                            classname="Tests.Scenes.PowerAndLightsSceneTests" runstate="Runnable"
                            testcasecount="5" result="Passed" start-time="2023-08-08 03:23:21Z"
                            end-time="2023-08-08 03:23:28Z" duration="6.798928" total="5" passed="5"
                            failed="0" inconclusive="0" skipped="0" asserts="0">
                            <properties>
                                <property name="Category" value="Scenes" />
                            </properties>
                            <test-case id="2586" name="APCPoweredDevicesHaveRelatedAPC"
                                fullname="Tests.Scenes.PowerAndLightsSceneTests(FallStation).APCPoweredDevicesHaveRelatedAPC"
                                methodname="APCPoweredDevicesHaveRelatedAPC"
                                classname="Tests.Scenes.PowerAndLightsSceneTests"
                                runstate="Runnable" seed="468341890" result="Passed"
                                start-time="2023-08-08 03:23:28Z" end-time="2023-08-08 03:23:28Z"
                                duration="0.057649" asserts="0">
                                <properties />
                            </test-case>
                            <test-case id="2587" name="APCsConnectedDevicesContainsValidReferences"
                                fullname="Tests.Scenes.PowerAndLightsSceneTests(FallStation).APCsConnectedDevicesContainsValidReferences"
                                methodname="APCsConnectedDevicesContainsValidReferences"
                                classname="Tests.Scenes.PowerAndLightsSceneTests"
                                runstate="Runnable" seed="1184501969" result="Passed"
                                start-time="2023-08-08 03:23:28Z" end-time="2023-08-08 03:23:28Z"
                                duration="0.087700" asserts="0">
                                <properties />
                            </test-case>
                            <test-case id="2589" name="LightSourcesDoNotHaveMissingSwitch"
                                fullname="Tests.Scenes.PowerAndLightsSceneTests(FallStation).LightSourcesDoNotHaveMissingSwitch"
                                methodname="LightSourcesDoNotHaveMissingSwitch"
                                classname="Tests.Scenes.PowerAndLightsSceneTests"
                                runstate="Runnable" seed="445783309" result="Passed"
                                start-time="2023-08-08 03:23:28Z" end-time="2023-08-08 03:23:28Z"
                                duration="0.011795" asserts="0">
                                <properties />
                            </test-case>
                            <test-case id="2590" name="LightSwitchesHaveLightSources"
                                fullname="Tests.Scenes.PowerAndLightsSceneTests(FallStation).LightSwitchesHaveLightSources"
                                methodname="LightSwitchesHaveLightSources"
                                classname="Tests.Scenes.PowerAndLightsSceneTests"
                                runstate="Runnable" seed="1443259204" result="Passed"
                                start-time="2023-08-08 03:23:28Z" end-time="2023-08-08 03:23:28Z"
                                duration="0.007773" asserts="0">
                                <properties />
                            </test-case>
                            <test-case id="2588" name="StatusDisplaysDoNotHaveNullDoors"
                                fullname="Tests.Scenes.PowerAndLightsSceneTests(FallStation).StatusDisplaysDoNotHaveNullDoors"
                                methodname="StatusDisplaysDoNotHaveNullDoors"
                                classname="Tests.Scenes.PowerAndLightsSceneTests"
                                runstate="Runnable" seed="2082179516" result="Passed"
                                start-time="2023-08-08 03:23:28Z" end-time="2023-08-08 03:23:28Z"
                                duration="0.004593" asserts="0">
                                <properties />
                            </test-case>
                        </test-suite>
                        <test-suite type="TestFixture" id="2423"
                            name="PowerAndLightsSceneTests(LavaLand)"
                            fullname="Tests.Scenes.PowerAndLightsSceneTests(LavaLand)"
                            classname="Tests.Scenes.PowerAndLightsSceneTests" runstate="Runnable"
                            testcasecount="5" result="Passed" start-time="2023-08-08 03:23:28Z"
                            end-time="2023-08-08 03:23:32Z" duration="3.752439" total="5" passed="5"
                            failed="0" inconclusive="0" skipped="0" asserts="0">
                            <properties>
                                <property name="Category" value="Scenes" />
                            </properties>
                            <test-case id="2424" name="APCPoweredDevicesHaveRelatedAPC"
                                fullname="Tests.Scenes.PowerAndLightsSceneTests(LavaLand).APCPoweredDevicesHaveRelatedAPC"
                                methodname="APCPoweredDevicesHaveRelatedAPC"
                                classname="Tests.Scenes.PowerAndLightsSceneTests"
                                runstate="Runnable" seed="1820666579" result="Passed"
                                start-time="2023-08-08 03:23:32Z" end-time="2023-08-08 03:23:32Z"
                                duration="0.006952" asserts="0">
                                <properties />
                            </test-case>
                            <test-case id="2425" name="APCsConnectedDevicesContainsValidReferences"
                                fullname="Tests.Scenes.PowerAndLightsSceneTests(LavaLand).APCsConnectedDevicesContainsValidReferences"
                                methodname="APCsConnectedDevicesContainsValidReferences"
                                classname="Tests.Scenes.PowerAndLightsSceneTests"
                                runstate="Runnable" seed="1368213215" result="Passed"
                                start-time="2023-08-08 03:23:32Z" end-time="2023-08-08 03:23:32Z"
                                duration="0.009960" asserts="0">
                                <properties />
                            </test-case>
                            <test-case id="2427" name="LightSourcesDoNotHaveMissingSwitch"
                                fullname="Tests.Scenes.PowerAndLightsSceneTests(LavaLand).LightSourcesDoNotHaveMissingSwitch"
                                methodname="LightSourcesDoNotHaveMissingSwitch"
                                classname="Tests.Scenes.PowerAndLightsSceneTests"
                                runstate="Runnable" seed="892590041" result="Passed"
                                start-time="2023-08-08 03:23:32Z" end-time="2023-08-08 03:23:32Z"
                                duration="0.001007" asserts="0">
                                <properties />
                            </test-case>
                            <test-case id="2428" name="LightSwitchesHaveLightSources"
                                fullname="Tests.Scenes.PowerAndLightsSceneTests(LavaLand).LightSwitchesHaveLightSources"
                                methodname="LightSwitchesHaveLightSources"
                                classname="Tests.Scenes.PowerAndLightsSceneTests"
                                runstate="Runnable" seed="1710959376" result="Passed"
                                start-time="2023-08-08 03:23:32Z" end-time="2023-08-08 03:23:32Z"
                                duration="0.000935" asserts="0">
                                <properties />
                            </test-case>
                            <test-case id="2426" name="StatusDisplaysDoNotHaveNullDoors"
                                fullname="Tests.Scenes.PowerAndLightsSceneTests(LavaLand).StatusDisplaysDoNotHaveNullDoors"
                                methodname="StatusDisplaysDoNotHaveNullDoors"
                                classname="Tests.Scenes.PowerAndLightsSceneTests"
                                runstate="Runnable" seed="1646944441" result="Passed"
                                start-time="2023-08-08 03:23:32Z" end-time="2023-08-08 03:23:32Z"
                                duration="0.000942" asserts="0">
                                <properties />
                            </test-case>
                        </test-suite>
                        <test-suite type="TestFixture" id="2429"
                            name="PowerAndLightsSceneTests(Ministation Syndicate)"
                            fullname="Tests.Scenes.PowerAndLightsSceneTests(Ministation Syndicate)"
                            classname="Tests.Scenes.PowerAndLightsSceneTests" runstate="Runnable"
                            testcasecount="5" result="Passed" start-time="2023-08-08 03:23:32Z"
                            end-time="2023-08-08 03:23:34Z" duration="1.634136" total="5" passed="5"
                            failed="0" inconclusive="0" skipped="0" asserts="0">
                            <properties>
                                <property name="Category" value="Scenes" />
                            </properties>
                            <test-case id="2430" name="APCPoweredDevicesHaveRelatedAPC"
                                fullname="Tests.Scenes.PowerAndLightsSceneTests(Ministation Syndicate).APCPoweredDevicesHaveRelatedAPC"
                                methodname="APCPoweredDevicesHaveRelatedAPC"
                                classname="Tests.Scenes.PowerAndLightsSceneTests"
                                runstate="Runnable" seed="1855893082" result="Passed"
                                start-time="2023-08-08 03:23:34Z" end-time="2023-08-08 03:23:34Z"
                                duration="0.000887" asserts="0">
                                <properties />
                            </test-case>
                            <test-case id="2431" name="APCsConnectedDevicesContainsValidReferences"
                                fullname="Tests.Scenes.PowerAndLightsSceneTests(Ministation Syndicate).APCsConnectedDevicesContainsValidReferences"
                                methodname="APCsConnectedDevicesContainsValidReferences"
                                classname="Tests.Scenes.PowerAndLightsSceneTests"
                                runstate="Runnable" seed="1976014828" result="Passed"
                                start-time="2023-08-08 03:23:34Z" end-time="2023-08-08 03:23:34Z"
                                duration="0.000653" asserts="0">
                                <properties />
                            </test-case>
                            <test-case id="2433" name="LightSourcesDoNotHaveMissingSwitch"
                                fullname="Tests.Scenes.PowerAndLightsSceneTests(Ministation Syndicate).LightSourcesDoNotHaveMissingSwitch"
                                methodname="LightSourcesDoNotHaveMissingSwitch"
                                classname="Tests.Scenes.PowerAndLightsSceneTests"
                                runstate="Runnable" seed="1274054267" result="Passed"
                                start-time="2023-08-08 03:23:34Z" end-time="2023-08-08 03:23:34Z"
                                duration="0.000953" asserts="0">
                                <properties />
                            </test-case>
                            <test-case id="2434" name="LightSwitchesHaveLightSources"
                                fullname="Tests.Scenes.PowerAndLightsSceneTests(Ministation Syndicate).LightSwitchesHaveLightSources"
                                methodname="LightSwitchesHaveLightSources"
                                classname="Tests.Scenes.PowerAndLightsSceneTests"
                                runstate="Runnable" seed="769715747" result="Passed"
                                start-time="2023-08-08 03:23:34Z" end-time="2023-08-08 03:23:34Z"
                                duration="0.000690" asserts="0">
                                <properties />
                            </test-case>
                            <test-case id="2432" name="StatusDisplaysDoNotHaveNullDoors"
                                fullname="Tests.Scenes.PowerAndLightsSceneTests(Ministation Syndicate).StatusDisplaysDoNotHaveNullDoors"
                                methodname="StatusDisplaysDoNotHaveNullDoors"
                                classname="Tests.Scenes.PowerAndLightsSceneTests"
                                runstate="Runnable" seed="1721000305" result="Passed"
                                start-time="2023-08-08 03:23:34Z" end-time="2023-08-08 03:23:34Z"
                                duration="0.000453" asserts="0">
                                <properties />
                            </test-case>
                        </test-suite>
                        <test-suite type="TestFixture" id="2591"
                            name="PowerAndLightsSceneTests(MiniStation)"
                            fullname="Tests.Scenes.PowerAndLightsSceneTests(MiniStation)"
                            classname="Tests.Scenes.PowerAndLightsSceneTests" runstate="Runnable"
                            testcasecount="5" result="Passed" start-time="2023-08-08 03:23:34Z"
                            end-time="2023-08-08 03:23:41Z" duration="7.328307" total="5" passed="5"
                            failed="0" inconclusive="0" skipped="0" asserts="0">
                            <properties>
                                <property name="Category" value="Scenes" />
                            </properties>
                            <test-case id="2592" name="APCPoweredDevicesHaveRelatedAPC"
                                fullname="Tests.Scenes.PowerAndLightsSceneTests(MiniStation).APCPoweredDevicesHaveRelatedAPC"
                                methodname="APCPoweredDevicesHaveRelatedAPC"
                                classname="Tests.Scenes.PowerAndLightsSceneTests"
                                runstate="Runnable" seed="139060663" result="Passed"
                                start-time="2023-08-08 03:23:41Z" end-time="2023-08-08 03:23:41Z"
                                duration="0.070573" asserts="0">
                                <properties />
                            </test-case>
                            <test-case id="2593" name="APCsConnectedDevicesContainsValidReferences"
                                fullname="Tests.Scenes.PowerAndLightsSceneTests(MiniStation).APCsConnectedDevicesContainsValidReferences"
                                methodname="APCsConnectedDevicesContainsValidReferences"
                                classname="Tests.Scenes.PowerAndLightsSceneTests"
                                runstate="Runnable" seed="49770804" result="Passed"
                                start-time="2023-08-08 03:23:41Z" end-time="2023-08-08 03:23:41Z"
                                duration="0.107507" asserts="0">
                                <properties />
                            </test-case>
                            <test-case id="2595" name="LightSourcesDoNotHaveMissingSwitch"
                                fullname="Tests.Scenes.PowerAndLightsSceneTests(MiniStation).LightSourcesDoNotHaveMissingSwitch"
                                methodname="LightSourcesDoNotHaveMissingSwitch"
                                classname="Tests.Scenes.PowerAndLightsSceneTests"
                                runstate="Runnable" seed="1913001705" result="Passed"
                                start-time="2023-08-08 03:23:41Z" end-time="2023-08-08 03:23:41Z"
                                duration="0.014135" asserts="0">
                                <properties />
                            </test-case>
                            <test-case id="2596" name="LightSwitchesHaveLightSources"
                                fullname="Tests.Scenes.PowerAndLightsSceneTests(MiniStation).LightSwitchesHaveLightSources"
                                methodname="LightSwitchesHaveLightSources"
                                classname="Tests.Scenes.PowerAndLightsSceneTests"
                                runstate="Runnable" seed="161479519" result="Passed"
                                start-time="2023-08-08 03:23:41Z" end-time="2023-08-08 03:23:41Z"
                                duration="0.009564" asserts="0">
                                <properties />
                            </test-case>
                            <test-case id="2594" name="StatusDisplaysDoNotHaveNullDoors"
                                fullname="Tests.Scenes.PowerAndLightsSceneTests(MiniStation).StatusDisplaysDoNotHaveNullDoors"
                                methodname="StatusDisplaysDoNotHaveNullDoors"
                                classname="Tests.Scenes.PowerAndLightsSceneTests"
                                runstate="Runnable" seed="717490058" result="Passed"
                                start-time="2023-08-08 03:23:41Z" end-time="2023-08-08 03:23:41Z"
                                duration="0.005595" asserts="0">
                                <properties />
                            </test-case>
                        </test-suite>
                        <test-suite type="TestFixture" id="2597"
                            name="PowerAndLightsSceneTests(OutpostStation)"
                            fullname="Tests.Scenes.PowerAndLightsSceneTests(OutpostStation)"
                            classname="Tests.Scenes.PowerAndLightsSceneTests" runstate="Runnable"
                            testcasecount="5" result="Passed" start-time="2023-08-08 03:23:41Z"
                            end-time="2023-08-08 03:23:48Z" duration="7.034812" total="5" passed="5"
                            failed="0" inconclusive="0" skipped="0" asserts="0">
                            <properties>
                                <property name="Category" value="Scenes" />
                            </properties>
                            <test-case id="2598" name="APCPoweredDevicesHaveRelatedAPC"
                                fullname="Tests.Scenes.PowerAndLightsSceneTests(OutpostStation).APCPoweredDevicesHaveRelatedAPC"
                                methodname="APCPoweredDevicesHaveRelatedAPC"
                                classname="Tests.Scenes.PowerAndLightsSceneTests"
                                runstate="Runnable" seed="736353389" result="Passed"
                                start-time="2023-08-08 03:23:48Z" end-time="2023-08-08 03:23:48Z"
                                duration="0.110229" asserts="0">
                                <properties />
                            </test-case>
                            <test-case id="2599" name="APCsConnectedDevicesContainsValidReferences"
                                fullname="Tests.Scenes.PowerAndLightsSceneTests(OutpostStation).APCsConnectedDevicesContainsValidReferences"
                                methodname="APCsConnectedDevicesContainsValidReferences"
                                classname="Tests.Scenes.PowerAndLightsSceneTests"
                                runstate="Runnable" seed="1449176856" result="Passed"
                                start-time="2023-08-08 03:23:48Z" end-time="2023-08-08 03:23:48Z"
                                duration="0.173240" asserts="0">
                                <properties />
                            </test-case>
                            <test-case id="2601" name="LightSourcesDoNotHaveMissingSwitch"
                                fullname="Tests.Scenes.PowerAndLightsSceneTests(OutpostStation).LightSourcesDoNotHaveMissingSwitch"
                                methodname="LightSourcesDoNotHaveMissingSwitch"
                                classname="Tests.Scenes.PowerAndLightsSceneTests"
                                runstate="Runnable" seed="1444933429" result="Passed"
                                start-time="2023-08-08 03:23:48Z" end-time="2023-08-08 03:23:48Z"
                                duration="0.025418" asserts="0">
                                <properties />
                            </test-case>
                            <test-case id="2602" name="LightSwitchesHaveLightSources"
                                fullname="Tests.Scenes.PowerAndLightsSceneTests(OutpostStation).LightSwitchesHaveLightSources"
                                methodname="LightSwitchesHaveLightSources"
                                classname="Tests.Scenes.PowerAndLightsSceneTests"
                                runstate="Runnable" seed="445653447" result="Passed"
                                start-time="2023-08-08 03:23:48Z" end-time="2023-08-08 03:23:48Z"
                                duration="0.017735" asserts="0">
                                <properties />
                            </test-case>
                            <test-case id="2600" name="StatusDisplaysDoNotHaveNullDoors"
                                fullname="Tests.Scenes.PowerAndLightsSceneTests(OutpostStation).StatusDisplaysDoNotHaveNullDoors"
                                methodname="StatusDisplaysDoNotHaveNullDoors"
                                classname="Tests.Scenes.PowerAndLightsSceneTests"
                                runstate="Runnable" seed="1997402342" result="Passed"
                                start-time="2023-08-08 03:23:48Z" end-time="2023-08-08 03:23:48Z"
                                duration="0.013971" asserts="0">
                                <properties />
                            </test-case>
                        </test-suite>
                        <test-suite type="TestFixture" id="2567"
                            name="PowerAndLightsSceneTests(Palace)"
                            fullname="Tests.Scenes.PowerAndLightsSceneTests(Palace)"
                            classname="Tests.Scenes.PowerAndLightsSceneTests" runstate="Runnable"
                            testcasecount="5" result="Passed" start-time="2023-08-08 03:23:48Z"
                            end-time="2023-08-08 03:23:50Z" duration="2.264142" total="5" passed="5"
                            failed="0" inconclusive="0" skipped="0" asserts="0">
                            <properties>
                                <property name="Category" value="Scenes" />
                            </properties>
                            <test-case id="2568" name="APCPoweredDevicesHaveRelatedAPC"
                                fullname="Tests.Scenes.PowerAndLightsSceneTests(Palace).APCPoweredDevicesHaveRelatedAPC"
                                methodname="APCPoweredDevicesHaveRelatedAPC"
                                classname="Tests.Scenes.PowerAndLightsSceneTests"
                                runstate="Runnable" seed="782863689" result="Passed"
                                start-time="2023-08-08 03:23:50Z" end-time="2023-08-08 03:23:50Z"
                                duration="0.001247" asserts="0">
                                <properties />
                            </test-case>
                            <test-case id="2569" name="APCsConnectedDevicesContainsValidReferences"
                                fullname="Tests.Scenes.PowerAndLightsSceneTests(Palace).APCsConnectedDevicesContainsValidReferences"
                                methodname="APCsConnectedDevicesContainsValidReferences"
                                classname="Tests.Scenes.PowerAndLightsSceneTests"
                                runstate="Runnable" seed="1532367704" result="Passed"
                                start-time="2023-08-08 03:23:50Z" end-time="2023-08-08 03:23:50Z"
                                duration="0.000643" asserts="0">
                                <properties />
                            </test-case>
                            <test-case id="2571" name="LightSourcesDoNotHaveMissingSwitch"
                                fullname="Tests.Scenes.PowerAndLightsSceneTests(Palace).LightSourcesDoNotHaveMissingSwitch"
                                methodname="LightSourcesDoNotHaveMissingSwitch"
                                classname="Tests.Scenes.PowerAndLightsSceneTests"
                                runstate="Runnable" seed="515600679" result="Passed"
                                start-time="2023-08-08 03:23:50Z" end-time="2023-08-08 03:23:50Z"
                                duration="0.000480" asserts="0">
                                <properties />
                            </test-case>
                            <test-case id="2572" name="LightSwitchesHaveLightSources"
                                fullname="Tests.Scenes.PowerAndLightsSceneTests(Palace).LightSwitchesHaveLightSources"
                                methodname="LightSwitchesHaveLightSources"
                                classname="Tests.Scenes.PowerAndLightsSceneTests"
                                runstate="Runnable" seed="1662903928" result="Passed"
                                start-time="2023-08-08 03:23:50Z" end-time="2023-08-08 03:23:50Z"
                                duration="0.000472" asserts="0">
                                <properties />
                            </test-case>
                            <test-case id="2570" name="StatusDisplaysDoNotHaveNullDoors"
                                fullname="Tests.Scenes.PowerAndLightsSceneTests(Palace).StatusDisplaysDoNotHaveNullDoors"
                                methodname="StatusDisplaysDoNotHaveNullDoors"
                                classname="Tests.Scenes.PowerAndLightsSceneTests"
                                runstate="Runnable" seed="214682655" result="Passed"
                                start-time="2023-08-08 03:23:50Z" end-time="2023-08-08 03:23:50Z"
                                duration="0.000460" asserts="0">
                                <properties />
                            </test-case>
                        </test-suite>
                        <test-suite type="TestFixture" id="2603"
                            name="PowerAndLightsSceneTests(PogStation)"
                            fullname="Tests.Scenes.PowerAndLightsSceneTests(PogStation)"
                            classname="Tests.Scenes.PowerAndLightsSceneTests" runstate="Runnable"
                            testcasecount="5" result="Passed" start-time="2023-08-08 03:23:50Z"
                            end-time="2023-08-08 03:24:00Z" duration="9.843249" total="5" passed="5"
                            failed="0" inconclusive="0" skipped="0" asserts="0">
                            <properties>
                                <property name="Category" value="Scenes" />
                            </properties>
                            <test-case id="2604" name="APCPoweredDevicesHaveRelatedAPC"
                                fullname="Tests.Scenes.PowerAndLightsSceneTests(PogStation).APCPoweredDevicesHaveRelatedAPC"
                                methodname="APCPoweredDevicesHaveRelatedAPC"
                                classname="Tests.Scenes.PowerAndLightsSceneTests"
                                runstate="Runnable" seed="1043901643" result="Passed"
                                start-time="2023-08-08 03:24:00Z" end-time="2023-08-08 03:24:00Z"
                                duration="0.112945" asserts="0">
                                <properties />
                            </test-case>
                            <test-case id="2605" name="APCsConnectedDevicesContainsValidReferences"
                                fullname="Tests.Scenes.PowerAndLightsSceneTests(PogStation).APCsConnectedDevicesContainsValidReferences"
                                methodname="APCsConnectedDevicesContainsValidReferences"
                                classname="Tests.Scenes.PowerAndLightsSceneTests"
                                runstate="Runnable" seed="1996698154" result="Passed"
                                start-time="2023-08-08 03:24:00Z" end-time="2023-08-08 03:24:00Z"
                                duration="0.173597" asserts="0">
                                <properties />
                            </test-case>
                            <test-case id="2607" name="LightSourcesDoNotHaveMissingSwitch"
                                fullname="Tests.Scenes.PowerAndLightsSceneTests(PogStation).LightSourcesDoNotHaveMissingSwitch"
                                methodname="LightSourcesDoNotHaveMissingSwitch"
                                classname="Tests.Scenes.PowerAndLightsSceneTests"
                                runstate="Runnable" seed="1860785836" result="Passed"
                                start-time="2023-08-08 03:24:00Z" end-time="2023-08-08 03:24:00Z"
                                duration="0.022493" asserts="0">
                                <properties />
                            </test-case>
                            <test-case id="2608" name="LightSwitchesHaveLightSources"
                                fullname="Tests.Scenes.PowerAndLightsSceneTests(PogStation).LightSwitchesHaveLightSources"
                                methodname="LightSwitchesHaveLightSources"
                                classname="Tests.Scenes.PowerAndLightsSceneTests"
                                runstate="Runnable" seed="73310099" result="Passed"
                                start-time="2023-08-08 03:24:00Z" end-time="2023-08-08 03:24:00Z"
                                duration="0.016475" asserts="0">
                                <properties />
                            </test-case>
                            <test-case id="2606" name="StatusDisplaysDoNotHaveNullDoors"
                                fullname="Tests.Scenes.PowerAndLightsSceneTests(PogStation).StatusDisplaysDoNotHaveNullDoors"
                                methodname="StatusDisplaysDoNotHaveNullDoors"
                                classname="Tests.Scenes.PowerAndLightsSceneTests"
                                runstate="Runnable" seed="338687624" result="Passed"
                                start-time="2023-08-08 03:24:00Z" end-time="2023-08-08 03:24:00Z"
                                duration="0.013589" asserts="0">
                                <properties />
                            </test-case>
                        </test-suite>
                        <test-suite type="TestFixture" id="2573"
                            name="PowerAndLightsSceneTests(Relicta)"
                            fullname="Tests.Scenes.PowerAndLightsSceneTests(Relicta)"
                            classname="Tests.Scenes.PowerAndLightsSceneTests" runstate="Runnable"
                            testcasecount="5" result="Passed" start-time="2023-08-08 03:24:00Z"
                            end-time="2023-08-08 03:24:03Z" duration="2.736633" total="5" passed="5"
                            failed="0" inconclusive="0" skipped="0" asserts="0">
                            <properties>
                                <property name="Category" value="Scenes" />
                            </properties>
                            <test-case id="2574" name="APCPoweredDevicesHaveRelatedAPC"
                                fullname="Tests.Scenes.PowerAndLightsSceneTests(Relicta).APCPoweredDevicesHaveRelatedAPC"
                                methodname="APCPoweredDevicesHaveRelatedAPC"
                                classname="Tests.Scenes.PowerAndLightsSceneTests"
                                runstate="Runnable" seed="361506875" result="Passed"
                                start-time="2023-08-08 03:24:03Z" end-time="2023-08-08 03:24:03Z"
                                duration="0.012010" asserts="0">
                                <properties />
                            </test-case>
                            <test-case id="2575" name="APCsConnectedDevicesContainsValidReferences"
                                fullname="Tests.Scenes.PowerAndLightsSceneTests(Relicta).APCsConnectedDevicesContainsValidReferences"
                                methodname="APCsConnectedDevicesContainsValidReferences"
                                classname="Tests.Scenes.PowerAndLightsSceneTests"
                                runstate="Runnable" seed="761112078" result="Passed"
                                start-time="2023-08-08 03:24:03Z" end-time="2023-08-08 03:24:03Z"
                                duration="0.017779" asserts="0">
                                <properties />
                            </test-case>
                            <test-case id="2577" name="LightSourcesDoNotHaveMissingSwitch"
                                fullname="Tests.Scenes.PowerAndLightsSceneTests(Relicta).LightSourcesDoNotHaveMissingSwitch"
                                methodname="LightSourcesDoNotHaveMissingSwitch"
                                classname="Tests.Scenes.PowerAndLightsSceneTests"
                                runstate="Runnable" seed="1078254814" result="Passed"
                                start-time="2023-08-08 03:24:03Z" end-time="2023-08-08 03:24:03Z"
                                duration="0.001601" asserts="0">
                                <properties />
                            </test-case>
                            <test-case id="2578" name="LightSwitchesHaveLightSources"
                                fullname="Tests.Scenes.PowerAndLightsSceneTests(Relicta).LightSwitchesHaveLightSources"
                                methodname="LightSwitchesHaveLightSources"
                                classname="Tests.Scenes.PowerAndLightsSceneTests"
                                runstate="Runnable" seed="731709474" result="Passed"
                                start-time="2023-08-08 03:24:03Z" end-time="2023-08-08 03:24:03Z"
                                duration="0.001125" asserts="0">
                                <properties />
                            </test-case>
                            <test-case id="2576" name="StatusDisplaysDoNotHaveNullDoors"
                                fullname="Tests.Scenes.PowerAndLightsSceneTests(Relicta).StatusDisplaysDoNotHaveNullDoors"
                                methodname="StatusDisplaysDoNotHaveNullDoors"
                                classname="Tests.Scenes.PowerAndLightsSceneTests"
                                runstate="Runnable" seed="1466788913" result="Passed"
                                start-time="2023-08-08 03:24:03Z" end-time="2023-08-08 03:24:03Z"
                                duration="0.001022" asserts="0">
                                <properties />
                            </test-case>
                        </test-suite>
                        <test-suite type="TestFixture" id="2531"
                            name="PowerAndLightsSceneTests(Ruin01)"
                            fullname="Tests.Scenes.PowerAndLightsSceneTests(Ruin01)"
                            classname="Tests.Scenes.PowerAndLightsSceneTests" runstate="Runnable"
                            testcasecount="5" result="Passed" start-time="2023-08-08 03:24:03Z"
                            end-time="2023-08-08 03:24:04Z" duration="1.406062" total="5" passed="5"
                            failed="0" inconclusive="0" skipped="0" asserts="0">
                            <properties>
                                <property name="Category" value="Scenes" />
                            </properties>
                            <test-case id="2532" name="APCPoweredDevicesHaveRelatedAPC"
                                fullname="Tests.Scenes.PowerAndLightsSceneTests(Ruin01).APCPoweredDevicesHaveRelatedAPC"
                                methodname="APCPoweredDevicesHaveRelatedAPC"
                                classname="Tests.Scenes.PowerAndLightsSceneTests"
                                runstate="Runnable" seed="236481694" result="Passed"
                                start-time="2023-08-08 03:24:04Z" end-time="2023-08-08 03:24:04Z"
                                duration="0.001327" asserts="0">
                                <properties />
                            </test-case>
                            <test-case id="2533" name="APCsConnectedDevicesContainsValidReferences"
                                fullname="Tests.Scenes.PowerAndLightsSceneTests(Ruin01).APCsConnectedDevicesContainsValidReferences"
                                methodname="APCsConnectedDevicesContainsValidReferences"
                                classname="Tests.Scenes.PowerAndLightsSceneTests"
                                runstate="Runnable" seed="1124658363" result="Passed"
                                start-time="2023-08-08 03:24:04Z" end-time="2023-08-08 03:24:04Z"
                                duration="0.001783" asserts="0">
                                <properties />
                            </test-case>
                            <test-case id="2535" name="LightSourcesDoNotHaveMissingSwitch"
                                fullname="Tests.Scenes.PowerAndLightsSceneTests(Ruin01).LightSourcesDoNotHaveMissingSwitch"
                                methodname="LightSourcesDoNotHaveMissingSwitch"
                                classname="Tests.Scenes.PowerAndLightsSceneTests"
                                runstate="Runnable" seed="1718122646" result="Passed"
                                start-time="2023-08-08 03:24:04Z" end-time="2023-08-08 03:24:04Z"
                                duration="0.000379" asserts="0">
                                <properties />
                            </test-case>
                            <test-case id="2536" name="LightSwitchesHaveLightSources"
                                fullname="Tests.Scenes.PowerAndLightsSceneTests(Ruin01).LightSwitchesHaveLightSources"
                                methodname="LightSwitchesHaveLightSources"
                                classname="Tests.Scenes.PowerAndLightsSceneTests"
                                runstate="Runnable" seed="862992388" result="Passed"
                                start-time="2023-08-08 03:24:04Z" end-time="2023-08-08 03:24:04Z"
                                duration="0.000364" asserts="0">
                                <properties />
                            </test-case>
                            <test-case id="2534" name="StatusDisplaysDoNotHaveNullDoors"
                                fullname="Tests.Scenes.PowerAndLightsSceneTests(Ruin01).StatusDisplaysDoNotHaveNullDoors"
                                methodname="StatusDisplaysDoNotHaveNullDoors"
                                classname="Tests.Scenes.PowerAndLightsSceneTests"
                                runstate="Runnable" seed="1485958086" result="Passed"
                                start-time="2023-08-08 03:24:04Z" end-time="2023-08-08 03:24:04Z"
                                duration="0.000271" asserts="0">
                                <properties />
                            </test-case>
                        </test-suite>
                        <test-suite type="TestFixture" id="2537"
                            name="PowerAndLightsSceneTests(Ruin02)"
                            fullname="Tests.Scenes.PowerAndLightsSceneTests(Ruin02)"
                            classname="Tests.Scenes.PowerAndLightsSceneTests" runstate="Runnable"
                            testcasecount="5" result="Passed" start-time="2023-08-08 03:24:04Z"
                            end-time="2023-08-08 03:24:06Z" duration="1.655814" total="5" passed="5"
                            failed="0" inconclusive="0" skipped="0" asserts="0">
                            <properties>
                                <property name="Category" value="Scenes" />
                            </properties>
                            <test-case id="2538" name="APCPoweredDevicesHaveRelatedAPC"
                                fullname="Tests.Scenes.PowerAndLightsSceneTests(Ruin02).APCPoweredDevicesHaveRelatedAPC"
                                methodname="APCPoweredDevicesHaveRelatedAPC"
                                classname="Tests.Scenes.PowerAndLightsSceneTests"
                                runstate="Runnable" seed="1290179525" result="Passed"
                                start-time="2023-08-08 03:24:06Z" end-time="2023-08-08 03:24:06Z"
                                duration="0.001443" asserts="0">
                                <properties />
                            </test-case>
                            <test-case id="2539" name="APCsConnectedDevicesContainsValidReferences"
                                fullname="Tests.Scenes.PowerAndLightsSceneTests(Ruin02).APCsConnectedDevicesContainsValidReferences"
                                methodname="APCsConnectedDevicesContainsValidReferences"
                                classname="Tests.Scenes.PowerAndLightsSceneTests"
                                runstate="Runnable" seed="1246943382" result="Passed"
                                start-time="2023-08-08 03:24:06Z" end-time="2023-08-08 03:24:06Z"
                                duration="0.001840" asserts="0">
                                <properties />
                            </test-case>
                            <test-case id="2541" name="LightSourcesDoNotHaveMissingSwitch"
                                fullname="Tests.Scenes.PowerAndLightsSceneTests(Ruin02).LightSourcesDoNotHaveMissingSwitch"
                                methodname="LightSourcesDoNotHaveMissingSwitch"
                                classname="Tests.Scenes.PowerAndLightsSceneTests"
                                runstate="Runnable" seed="1052218927" result="Passed"
                                start-time="2023-08-08 03:24:06Z" end-time="2023-08-08 03:24:06Z"
                                duration="0.000496" asserts="0">
                                <properties />
                            </test-case>
                            <test-case id="2542" name="LightSwitchesHaveLightSources"
                                fullname="Tests.Scenes.PowerAndLightsSceneTests(Ruin02).LightSwitchesHaveLightSources"
                                methodname="LightSwitchesHaveLightSources"
                                classname="Tests.Scenes.PowerAndLightsSceneTests"
                                runstate="Runnable" seed="1992213169" result="Passed"
                                start-time="2023-08-08 03:24:06Z" end-time="2023-08-08 03:24:06Z"
                                duration="0.000428" asserts="0">
                                <properties />
                            </test-case>
                            <test-case id="2540" name="StatusDisplaysDoNotHaveNullDoors"
                                fullname="Tests.Scenes.PowerAndLightsSceneTests(Ruin02).StatusDisplaysDoNotHaveNullDoors"
                                methodname="StatusDisplaysDoNotHaveNullDoors"
                                classname="Tests.Scenes.PowerAndLightsSceneTests"
                                runstate="Runnable" seed="1145544094" result="Passed"
                                start-time="2023-08-08 03:24:06Z" end-time="2023-08-08 03:24:06Z"
                                duration="0.000327" asserts="0">
                                <properties />
                            </test-case>
                        </test-suite>
                        <test-suite type="TestFixture" id="2627"
                            name="PowerAndLightsSceneTests(SpaceScene)"
                            fullname="Tests.Scenes.PowerAndLightsSceneTests(SpaceScene)"
                            classname="Tests.Scenes.PowerAndLightsSceneTests" runstate="Runnable"
                            testcasecount="5" result="Passed" start-time="2023-08-08 03:24:06Z"
                            end-time="2023-08-08 03:24:07Z" duration="1.299684" total="5" passed="5"
                            failed="0" inconclusive="0" skipped="0" asserts="0">
                            <properties>
                                <property name="Category" value="Scenes" />
                            </properties>
                            <test-case id="2628" name="APCPoweredDevicesHaveRelatedAPC"
                                fullname="Tests.Scenes.PowerAndLightsSceneTests(SpaceScene).APCPoweredDevicesHaveRelatedAPC"
                                methodname="APCPoweredDevicesHaveRelatedAPC"
                                classname="Tests.Scenes.PowerAndLightsSceneTests"
                                runstate="Runnable" seed="868299577" result="Passed"
                                start-time="2023-08-08 03:24:07Z" end-time="2023-08-08 03:24:07Z"
                                duration="0.000348" asserts="0">
                                <properties />
                            </test-case>
                            <test-case id="2629" name="APCsConnectedDevicesContainsValidReferences"
                                fullname="Tests.Scenes.PowerAndLightsSceneTests(SpaceScene).APCsConnectedDevicesContainsValidReferences"
                                methodname="APCsConnectedDevicesContainsValidReferences"
                                classname="Tests.Scenes.PowerAndLightsSceneTests"
                                runstate="Runnable" seed="524731779" result="Passed"
                                start-time="2023-08-08 03:24:07Z" end-time="2023-08-08 03:24:07Z"
                                duration="0.000221" asserts="0">
                                <properties />
                            </test-case>
                            <test-case id="2631" name="LightSourcesDoNotHaveMissingSwitch"
                                fullname="Tests.Scenes.PowerAndLightsSceneTests(SpaceScene).LightSourcesDoNotHaveMissingSwitch"
                                methodname="LightSourcesDoNotHaveMissingSwitch"
                                classname="Tests.Scenes.PowerAndLightsSceneTests"
                                runstate="Runnable" seed="2123123733" result="Passed"
                                start-time="2023-08-08 03:24:07Z" end-time="2023-08-08 03:24:07Z"
                                duration="0.000188" asserts="0">
                                <properties />
                            </test-case>
                            <test-case id="2632" name="LightSwitchesHaveLightSources"
                                fullname="Tests.Scenes.PowerAndLightsSceneTests(SpaceScene).LightSwitchesHaveLightSources"
                                methodname="LightSwitchesHaveLightSources"
                                classname="Tests.Scenes.PowerAndLightsSceneTests"
                                runstate="Runnable" seed="314557647" result="Passed"
                                start-time="2023-08-08 03:24:07Z" end-time="2023-08-08 03:24:07Z"
                                duration="0.000181" asserts="0">
                                <properties />
                            </test-case>
                            <test-case id="2630" name="StatusDisplaysDoNotHaveNullDoors"
                                fullname="Tests.Scenes.PowerAndLightsSceneTests(SpaceScene).StatusDisplaysDoNotHaveNullDoors"
                                methodname="StatusDisplaysDoNotHaveNullDoors"
                                classname="Tests.Scenes.PowerAndLightsSceneTests"
                                runstate="Runnable" seed="1629994345" result="Passed"
                                start-time="2023-08-08 03:24:07Z" end-time="2023-08-08 03:24:07Z"
                                duration="0.000173" asserts="0">
                                <properties />
                            </test-case>
                        </test-suite>
                        <test-suite type="TestFixture" id="2609"
                            name="PowerAndLightsSceneTests(SquareStation)"
                            fullname="Tests.Scenes.PowerAndLightsSceneTests(SquareStation)"
                            classname="Tests.Scenes.PowerAndLightsSceneTests" runstate="Runnable"
                            testcasecount="5" result="Passed" start-time="2023-08-08 03:24:07Z"
                            end-time="2023-08-08 03:24:16Z" duration="8.553015" total="5" passed="5"
                            failed="0" inconclusive="0" skipped="0" asserts="0">
                            <properties>
                                <property name="Category" value="Scenes" />
                            </properties>
                            <test-case id="2610" name="APCPoweredDevicesHaveRelatedAPC"
                                fullname="Tests.Scenes.PowerAndLightsSceneTests(SquareStation).APCPoweredDevicesHaveRelatedAPC"
                                methodname="APCPoweredDevicesHaveRelatedAPC"
                                classname="Tests.Scenes.PowerAndLightsSceneTests"
                                runstate="Runnable" seed="426268843" result="Passed"
                                start-time="2023-08-08 03:24:16Z" end-time="2023-08-08 03:24:16Z"
                                duration="0.074668" asserts="0">
                                <properties />
                            </test-case>
                            <test-case id="2611" name="APCsConnectedDevicesContainsValidReferences"
                                fullname="Tests.Scenes.PowerAndLightsSceneTests(SquareStation).APCsConnectedDevicesContainsValidReferences"
                                methodname="APCsConnectedDevicesContainsValidReferences"
                                classname="Tests.Scenes.PowerAndLightsSceneTests"
                                runstate="Runnable" seed="1036527243" result="Passed"
                                start-time="2023-08-08 03:24:16Z" end-time="2023-08-08 03:24:16Z"
                                duration="0.115944" asserts="0">
                                <properties />
                            </test-case>
                            <test-case id="2613" name="LightSourcesDoNotHaveMissingSwitch"
                                fullname="Tests.Scenes.PowerAndLightsSceneTests(SquareStation).LightSourcesDoNotHaveMissingSwitch"
                                methodname="LightSourcesDoNotHaveMissingSwitch"
                                classname="Tests.Scenes.PowerAndLightsSceneTests"
                                runstate="Runnable" seed="1751417928" result="Passed"
                                start-time="2023-08-08 03:24:16Z" end-time="2023-08-08 03:24:16Z"
                                duration="0.011936" asserts="0">
                                <properties />
                            </test-case>
                            <test-case id="2614" name="LightSwitchesHaveLightSources"
                                fullname="Tests.Scenes.PowerAndLightsSceneTests(SquareStation).LightSwitchesHaveLightSources"
                                methodname="LightSwitchesHaveLightSources"
                                classname="Tests.Scenes.PowerAndLightsSceneTests"
                                runstate="Runnable" seed="905983329" result="Passed"
                                start-time="2023-08-08 03:24:16Z" end-time="2023-08-08 03:24:16Z"
                                duration="0.010524" asserts="0">
                                <properties />
                            </test-case>
                            <test-case id="2612" name="StatusDisplaysDoNotHaveNullDoors"
                                fullname="Tests.Scenes.PowerAndLightsSceneTests(SquareStation).StatusDisplaysDoNotHaveNullDoors"
                                methodname="StatusDisplaysDoNotHaveNullDoors"
                                classname="Tests.Scenes.PowerAndLightsSceneTests"
                                runstate="Runnable" seed="2006935953" result="Passed"
                                start-time="2023-08-08 03:24:16Z" end-time="2023-08-08 03:24:16Z"
                                duration="0.009371" asserts="0">
                                <properties />
                            </test-case>
                        </test-suite>
                        <test-suite type="TestFixture" id="2435"
                            name="PowerAndLightsSceneTests(SyndicateOutpost)"
                            fullname="Tests.Scenes.PowerAndLightsSceneTests(SyndicateOutpost)"
                            classname="Tests.Scenes.PowerAndLightsSceneTests" runstate="Runnable"
                            testcasecount="5" result="Passed" start-time="2023-08-08 03:24:16Z"
                            end-time="2023-08-08 03:24:18Z" duration="2.454336" total="5" passed="5"
                            failed="0" inconclusive="0" skipped="0" asserts="0">
                            <properties>
                                <property name="Category" value="Scenes" />
                            </properties>
                            <test-case id="2436" name="APCPoweredDevicesHaveRelatedAPC"
                                fullname="Tests.Scenes.PowerAndLightsSceneTests(SyndicateOutpost).APCPoweredDevicesHaveRelatedAPC"
                                methodname="APCPoweredDevicesHaveRelatedAPC"
                                classname="Tests.Scenes.PowerAndLightsSceneTests"
                                runstate="Runnable" seed="169228405" result="Passed"
                                start-time="2023-08-08 03:24:18Z" end-time="2023-08-08 03:24:18Z"
                                duration="0.006213" asserts="0">
                                <properties />
                            </test-case>
                            <test-case id="2437" name="APCsConnectedDevicesContainsValidReferences"
                                fullname="Tests.Scenes.PowerAndLightsSceneTests(SyndicateOutpost).APCsConnectedDevicesContainsValidReferences"
                                methodname="APCsConnectedDevicesContainsValidReferences"
                                classname="Tests.Scenes.PowerAndLightsSceneTests"
                                runstate="Runnable" seed="484196977" result="Passed"
                                start-time="2023-08-08 03:24:18Z" end-time="2023-08-08 03:24:18Z"
                                duration="0.009135" asserts="0">
                                <properties />
                            </test-case>
                            <test-case id="2439" name="LightSourcesDoNotHaveMissingSwitch"
                                fullname="Tests.Scenes.PowerAndLightsSceneTests(SyndicateOutpost).LightSourcesDoNotHaveMissingSwitch"
                                methodname="LightSourcesDoNotHaveMissingSwitch"
                                classname="Tests.Scenes.PowerAndLightsSceneTests"
                                runstate="Runnable" seed="285861701" result="Passed"
                                start-time="2023-08-08 03:24:18Z" end-time="2023-08-08 03:24:18Z"
                                duration="0.002518" asserts="0">
                                <properties />
                            </test-case>
                            <test-case id="2440" name="LightSwitchesHaveLightSources"
                                fullname="Tests.Scenes.PowerAndLightsSceneTests(SyndicateOutpost).LightSwitchesHaveLightSources"
                                methodname="LightSwitchesHaveLightSources"
                                classname="Tests.Scenes.PowerAndLightsSceneTests"
                                runstate="Runnable" seed="1208593036" result="Passed"
                                start-time="2023-08-08 03:24:18Z" end-time="2023-08-08 03:24:18Z"
                                duration="0.001251" asserts="0">
                                <properties />
                            </test-case>
                            <test-case id="2438" name="StatusDisplaysDoNotHaveNullDoors"
                                fullname="Tests.Scenes.PowerAndLightsSceneTests(SyndicateOutpost).StatusDisplaysDoNotHaveNullDoors"
                                methodname="StatusDisplaysDoNotHaveNullDoors"
                                classname="Tests.Scenes.PowerAndLightsSceneTests"
                                runstate="Runnable" seed="592536519" result="Passed"
                                start-time="2023-08-08 03:24:18Z" end-time="2023-08-08 03:24:18Z"
                                duration="0.000784" asserts="0">
                                <properties />
                            </test-case>
                        </test-suite>
                        <test-suite type="TestFixture" id="2441"
                            name="PowerAndLightsSceneTests(SyndicatePog)"
                            fullname="Tests.Scenes.PowerAndLightsSceneTests(SyndicatePog)"
                            classname="Tests.Scenes.PowerAndLightsSceneTests" runstate="Runnable"
                            testcasecount="5" result="Passed" start-time="2023-08-08 03:24:18Z"
                            end-time="2023-08-08 03:24:20Z" duration="1.434985" total="5" passed="5"
                            failed="0" inconclusive="0" skipped="0" asserts="0">
                            <properties>
                                <property name="Category" value="Scenes" />
                            </properties>
                            <test-case id="2442" name="APCPoweredDevicesHaveRelatedAPC"
                                fullname="Tests.Scenes.PowerAndLightsSceneTests(SyndicatePog).APCPoweredDevicesHaveRelatedAPC"
                                methodname="APCPoweredDevicesHaveRelatedAPC"
                                classname="Tests.Scenes.PowerAndLightsSceneTests"
                                runstate="Runnable" seed="1418762922" result="Passed"
                                start-time="2023-08-08 03:24:20Z" end-time="2023-08-08 03:24:20Z"
                                duration="0.000792" asserts="0">
                                <properties />
                            </test-case>
                            <test-case id="2443" name="APCsConnectedDevicesContainsValidReferences"
                                fullname="Tests.Scenes.PowerAndLightsSceneTests(SyndicatePog).APCsConnectedDevicesContainsValidReferences"
                                methodname="APCsConnectedDevicesContainsValidReferences"
                                classname="Tests.Scenes.PowerAndLightsSceneTests"
                                runstate="Runnable" seed="1259309552" result="Passed"
                                start-time="2023-08-08 03:24:20Z" end-time="2023-08-08 03:24:20Z"
                                duration="0.000567" asserts="0">
                                <properties />
                            </test-case>
                            <test-case id="2445" name="LightSourcesDoNotHaveMissingSwitch"
                                fullname="Tests.Scenes.PowerAndLightsSceneTests(SyndicatePog).LightSourcesDoNotHaveMissingSwitch"
                                methodname="LightSourcesDoNotHaveMissingSwitch"
                                classname="Tests.Scenes.PowerAndLightsSceneTests"
                                runstate="Runnable" seed="664630146" result="Passed"
                                start-time="2023-08-08 03:24:20Z" end-time="2023-08-08 03:24:20Z"
                                duration="0.001002" asserts="0">
                                <properties />
                            </test-case>
                            <test-case id="2446" name="LightSwitchesHaveLightSources"
                                fullname="Tests.Scenes.PowerAndLightsSceneTests(SyndicatePog).LightSwitchesHaveLightSources"
                                methodname="LightSwitchesHaveLightSources"
                                classname="Tests.Scenes.PowerAndLightsSceneTests"
                                runstate="Runnable" seed="658311714" result="Passed"
                                start-time="2023-08-08 03:24:20Z" end-time="2023-08-08 03:24:20Z"
                                duration="0.000617" asserts="0">
                                <properties />
                            </test-case>
                            <test-case id="2444" name="StatusDisplaysDoNotHaveNullDoors"
                                fullname="Tests.Scenes.PowerAndLightsSceneTests(SyndicatePog).StatusDisplaysDoNotHaveNullDoors"
                                methodname="StatusDisplaysDoNotHaveNullDoors"
                                classname="Tests.Scenes.PowerAndLightsSceneTests"
                                runstate="Runnable" seed="1078530342" result="Passed"
                                start-time="2023-08-08 03:24:20Z" end-time="2023-08-08 03:24:20Z"
                                duration="0.000420" asserts="0">
                                <properties />
                            </test-case>
                        </test-suite>
                        <test-suite type="TestFixture" id="2615"
                            name="PowerAndLightsSceneTests(TestStation)"
                            fullname="Tests.Scenes.PowerAndLightsSceneTests(TestStation)"
                            classname="Tests.Scenes.PowerAndLightsSceneTests" runstate="Runnable"
                            testcasecount="5" result="Passed" start-time="2023-08-08 03:24:20Z"
                            end-time="2023-08-08 03:24:24Z" duration="4.811955" total="5" passed="5"
                            failed="0" inconclusive="0" skipped="0" asserts="0">
                            <properties>
                                <property name="Category" value="Scenes" />
                            </properties>
                            <test-case id="2616" name="APCPoweredDevicesHaveRelatedAPC"
                                fullname="Tests.Scenes.PowerAndLightsSceneTests(TestStation).APCPoweredDevicesHaveRelatedAPC"
                                methodname="APCPoweredDevicesHaveRelatedAPC"
                                classname="Tests.Scenes.PowerAndLightsSceneTests"
                                runstate="Runnable" seed="1048243338" result="Passed"
                                start-time="2023-08-08 03:24:24Z" end-time="2023-08-08 03:24:24Z"
                                duration="0.004559" asserts="0">
                                <properties />
                            </test-case>
                            <test-case id="2617" name="APCsConnectedDevicesContainsValidReferences"
                                fullname="Tests.Scenes.PowerAndLightsSceneTests(TestStation).APCsConnectedDevicesContainsValidReferences"
                                methodname="APCsConnectedDevicesContainsValidReferences"
                                classname="Tests.Scenes.PowerAndLightsSceneTests"
                                runstate="Runnable" seed="1822917268" result="Passed"
                                start-time="2023-08-08 03:24:24Z" end-time="2023-08-08 03:24:24Z"
                                duration="0.004223" asserts="0">
                                <properties />
                            </test-case>
                            <test-case id="2619" name="LightSourcesDoNotHaveMissingSwitch"
                                fullname="Tests.Scenes.PowerAndLightsSceneTests(TestStation).LightSourcesDoNotHaveMissingSwitch"
                                methodname="LightSourcesDoNotHaveMissingSwitch"
                                classname="Tests.Scenes.PowerAndLightsSceneTests"
                                runstate="Runnable" seed="1213342449" result="Passed"
                                start-time="2023-08-08 03:24:24Z" end-time="2023-08-08 03:24:24Z"
                                duration="0.002009" asserts="0">
                                <properties />
                            </test-case>
                            <test-case id="2620" name="LightSwitchesHaveLightSources"
                                fullname="Tests.Scenes.PowerAndLightsSceneTests(TestStation).LightSwitchesHaveLightSources"
                                methodname="LightSwitchesHaveLightSources"
                                classname="Tests.Scenes.PowerAndLightsSceneTests"
                                runstate="Runnable" seed="657430525" result="Passed"
                                start-time="2023-08-08 03:24:24Z" end-time="2023-08-08 03:24:24Z"
                                duration="0.001850" asserts="0">
                                <properties />
                            </test-case>
                            <test-case id="2618" name="StatusDisplaysDoNotHaveNullDoors"
                                fullname="Tests.Scenes.PowerAndLightsSceneTests(TestStation).StatusDisplaysDoNotHaveNullDoors"
                                methodname="StatusDisplaysDoNotHaveNullDoors"
                                classname="Tests.Scenes.PowerAndLightsSceneTests"
                                runstate="Runnable" seed="1853561997" result="Passed"
                                start-time="2023-08-08 03:24:24Z" end-time="2023-08-08 03:24:24Z"
                                duration="0.001731" asserts="0">
                                <properties />
                            </test-case>
                        </test-suite>
                        <test-suite type="TestFixture" id="2621"
                            name="PowerAndLightsSceneTests(UnRealStation)"
                            fullname="Tests.Scenes.PowerAndLightsSceneTests(UnRealStation)"
                            classname="Tests.Scenes.PowerAndLightsSceneTests" runstate="Runnable"
                            testcasecount="5" result="Passed" start-time="2023-08-08 03:24:24Z"
                            end-time="2023-08-08 03:24:29Z" duration="4.329933" total="5" passed="5"
                            failed="0" inconclusive="0" skipped="0" asserts="0">
                            <properties>
                                <property name="Category" value="Scenes" />
                            </properties>
                            <test-case id="2622" name="APCPoweredDevicesHaveRelatedAPC"
                                fullname="Tests.Scenes.PowerAndLightsSceneTests(UnRealStation).APCPoweredDevicesHaveRelatedAPC"
                                methodname="APCPoweredDevicesHaveRelatedAPC"
                                classname="Tests.Scenes.PowerAndLightsSceneTests"
                                runstate="Runnable" seed="1101942302" result="Passed"
                                start-time="2023-08-08 03:24:29Z" end-time="2023-08-08 03:24:29Z"
                                duration="0.047410" asserts="0">
                                <properties />
                            </test-case>
                            <test-case id="2623" name="APCsConnectedDevicesContainsValidReferences"
                                fullname="Tests.Scenes.PowerAndLightsSceneTests(UnRealStation).APCsConnectedDevicesContainsValidReferences"
                                methodname="APCsConnectedDevicesContainsValidReferences"
                                classname="Tests.Scenes.PowerAndLightsSceneTests"
                                runstate="Runnable" seed="1006196448" result="Passed"
                                start-time="2023-08-08 03:24:29Z" end-time="2023-08-08 03:24:29Z"
                                duration="0.072984" asserts="0">
                                <properties />
                            </test-case>
                            <test-case id="2625" name="LightSourcesDoNotHaveMissingSwitch"
                                fullname="Tests.Scenes.PowerAndLightsSceneTests(UnRealStation).LightSourcesDoNotHaveMissingSwitch"
                                methodname="LightSourcesDoNotHaveMissingSwitch"
                                classname="Tests.Scenes.PowerAndLightsSceneTests"
                                runstate="Runnable" seed="222433119" result="Passed"
                                start-time="2023-08-08 03:24:29Z" end-time="2023-08-08 03:24:29Z"
                                duration="0.010568" asserts="0">
                                <properties />
                            </test-case>
                            <test-case id="2626" name="LightSwitchesHaveLightSources"
                                fullname="Tests.Scenes.PowerAndLightsSceneTests(UnRealStation).LightSwitchesHaveLightSources"
                                methodname="LightSwitchesHaveLightSources"
                                classname="Tests.Scenes.PowerAndLightsSceneTests"
                                runstate="Runnable" seed="438920082" result="Passed"
                                start-time="2023-08-08 03:24:29Z" end-time="2023-08-08 03:24:29Z"
                                duration="0.007353" asserts="0">
                                <properties />
                            </test-case>
                            <test-case id="2624" name="StatusDisplaysDoNotHaveNullDoors"
                                fullname="Tests.Scenes.PowerAndLightsSceneTests(UnRealStation).StatusDisplaysDoNotHaveNullDoors"
                                methodname="StatusDisplaysDoNotHaveNullDoors"
                                classname="Tests.Scenes.PowerAndLightsSceneTests"
                                runstate="Runnable" seed="1727385149" result="Passed"
                                start-time="2023-08-08 03:24:29Z" end-time="2023-08-08 03:24:29Z"
                                duration="0.004925" asserts="0">
                                <properties />
                            </test-case>
                        </test-suite>
                        <test-suite type="TestFixture" id="2447"
                            name="PowerAndLightsSceneTests(WizardAsteroid)"
                            fullname="Tests.Scenes.PowerAndLightsSceneTests(WizardAsteroid)"
                            classname="Tests.Scenes.PowerAndLightsSceneTests" runstate="Runnable"
                            testcasecount="5" result="Passed" start-time="2023-08-08 03:24:29Z"
                            end-time="2023-08-08 03:24:31Z" duration="1.815385" total="5" passed="5"
                            failed="0" inconclusive="0" skipped="0" asserts="0">
                            <properties>
                                <property name="Category" value="Scenes" />
                            </properties>
                            <test-case id="2448" name="APCPoweredDevicesHaveRelatedAPC"
                                fullname="Tests.Scenes.PowerAndLightsSceneTests(WizardAsteroid).APCPoweredDevicesHaveRelatedAPC"
                                methodname="APCPoweredDevicesHaveRelatedAPC"
                                classname="Tests.Scenes.PowerAndLightsSceneTests"
                                runstate="Runnable" seed="55362084" result="Passed"
                                start-time="2023-08-08 03:24:31Z" end-time="2023-08-08 03:24:31Z"
                                duration="0.000492" asserts="0">
                                <properties />
                            </test-case>
                            <test-case id="2449" name="APCsConnectedDevicesContainsValidReferences"
                                fullname="Tests.Scenes.PowerAndLightsSceneTests(WizardAsteroid).APCsConnectedDevicesContainsValidReferences"
                                methodname="APCsConnectedDevicesContainsValidReferences"
                                classname="Tests.Scenes.PowerAndLightsSceneTests"
                                runstate="Runnable" seed="892725741" result="Passed"
                                start-time="2023-08-08 03:24:31Z" end-time="2023-08-08 03:24:31Z"
                                duration="0.000346" asserts="0">
                                <properties />
                            </test-case>
                            <test-case id="2451" name="LightSourcesDoNotHaveMissingSwitch"
                                fullname="Tests.Scenes.PowerAndLightsSceneTests(WizardAsteroid).LightSourcesDoNotHaveMissingSwitch"
                                methodname="LightSourcesDoNotHaveMissingSwitch"
                                classname="Tests.Scenes.PowerAndLightsSceneTests"
                                runstate="Runnable" seed="1375548976" result="Passed"
                                start-time="2023-08-08 03:24:31Z" end-time="2023-08-08 03:24:31Z"
                                duration="0.000289" asserts="0">
                                <properties />
                            </test-case>
                            <test-case id="2452" name="LightSwitchesHaveLightSources"
                                fullname="Tests.Scenes.PowerAndLightsSceneTests(WizardAsteroid).LightSwitchesHaveLightSources"
                                methodname="LightSwitchesHaveLightSources"
                                classname="Tests.Scenes.PowerAndLightsSceneTests"
                                runstate="Runnable" seed="1918320774" result="Passed"
                                start-time="2023-08-08 03:24:31Z" end-time="2023-08-08 03:24:31Z"
                                duration="0.000263" asserts="0">
                                <properties />
                            </test-case>
                            <test-case id="2450" name="StatusDisplaysDoNotHaveNullDoors"
                                fullname="Tests.Scenes.PowerAndLightsSceneTests(WizardAsteroid).StatusDisplaysDoNotHaveNullDoors"
                                methodname="StatusDisplaysDoNotHaveNullDoors"
                                classname="Tests.Scenes.PowerAndLightsSceneTests"
                                runstate="Runnable" seed="1301496965" result="Passed"
                                start-time="2023-08-08 03:24:31Z" end-time="2023-08-08 03:24:31Z"
                                duration="0.000294" asserts="0">
                                <properties />
                            </test-case>
                        </test-suite>
                        <test-suite type="TestFixture" id="2453"
                            name="PowerAndLightsSceneTests(WizardShip)"
                            fullname="Tests.Scenes.PowerAndLightsSceneTests(WizardShip)"
                            classname="Tests.Scenes.PowerAndLightsSceneTests" runstate="Runnable"
                            testcasecount="5" result="Passed" start-time="2023-08-08 03:24:31Z"
                            end-time="2023-08-08 03:24:32Z" duration="1.389823" total="5" passed="5"
                            failed="0" inconclusive="0" skipped="0" asserts="0">
                            <properties>
                                <property name="Category" value="Scenes" />
                            </properties>
                            <test-case id="2454" name="APCPoweredDevicesHaveRelatedAPC"
                                fullname="Tests.Scenes.PowerAndLightsSceneTests(WizardShip).APCPoweredDevicesHaveRelatedAPC"
                                methodname="APCPoweredDevicesHaveRelatedAPC"
                                classname="Tests.Scenes.PowerAndLightsSceneTests"
                                runstate="Runnable" seed="2004921048" result="Passed"
                                start-time="2023-08-08 03:24:32Z" end-time="2023-08-08 03:24:32Z"
                                duration="0.000642" asserts="0">
                                <properties />
                            </test-case>
                            <test-case id="2455" name="APCsConnectedDevicesContainsValidReferences"
                                fullname="Tests.Scenes.PowerAndLightsSceneTests(WizardShip).APCsConnectedDevicesContainsValidReferences"
                                methodname="APCsConnectedDevicesContainsValidReferences"
                                classname="Tests.Scenes.PowerAndLightsSceneTests"
                                runstate="Runnable" seed="2122769927" result="Passed"
                                start-time="2023-08-08 03:24:32Z" end-time="2023-08-08 03:24:32Z"
                                duration="0.000456" asserts="0">
                                <properties />
                            </test-case>
                            <test-case id="2457" name="LightSourcesDoNotHaveMissingSwitch"
                                fullname="Tests.Scenes.PowerAndLightsSceneTests(WizardShip).LightSourcesDoNotHaveMissingSwitch"
                                methodname="LightSourcesDoNotHaveMissingSwitch"
                                classname="Tests.Scenes.PowerAndLightsSceneTests"
                                runstate="Runnable" seed="1120161025" result="Passed"
                                start-time="2023-08-08 03:24:32Z" end-time="2023-08-08 03:24:32Z"
                                duration="0.000370" asserts="0">
                                <properties />
                            </test-case>
                            <test-case id="2458" name="LightSwitchesHaveLightSources"
                                fullname="Tests.Scenes.PowerAndLightsSceneTests(WizardShip).LightSwitchesHaveLightSources"
                                methodname="LightSwitchesHaveLightSources"
                                classname="Tests.Scenes.PowerAndLightsSceneTests"
                                runstate="Runnable" seed="2028543023" result="Passed"
                                start-time="2023-08-08 03:24:32Z" end-time="2023-08-08 03:24:32Z"
                                duration="0.000348" asserts="0">
                                <properties />
                            </test-case>
                            <test-case id="2456" name="StatusDisplaysDoNotHaveNullDoors"
                                fullname="Tests.Scenes.PowerAndLightsSceneTests(WizardShip).StatusDisplaysDoNotHaveNullDoors"
                                methodname="StatusDisplaysDoNotHaveNullDoors"
                                classname="Tests.Scenes.PowerAndLightsSceneTests"
                                runstate="Runnable" seed="1325490437" result="Passed"
                                start-time="2023-08-08 03:24:32Z" end-time="2023-08-08 03:24:32Z"
                                duration="0.000330" asserts="0">
                                <properties />
                            </test-case>
                        </test-suite>
                    </test-suite>
                </test-suite>
                <test-suite type="TestFixture" id="1947" name="SpriteTests"
                    fullname="Tests.SpriteTests" classname="Tests.SpriteTests" runstate="Runnable"
                    testcasecount="1" result="Passed" start-time="2023-08-08 03:24:32Z"
                    end-time="2023-08-08 03:25:00Z" duration="28.348333" total="1" passed="1"
                    failed="0" inconclusive="0" skipped="0" asserts="0">
                    <properties />
                    <test-case id="1948" name="SpriteRenderersDoNotHaveANullSpriteHandlerSpritesSet"
                        fullname="Tests.SpriteTests.SpriteRenderersDoNotHaveANullSpriteHandlerSpritesSet"
                        methodname="SpriteRenderersDoNotHaveANullSpriteHandlerSpritesSet"
                        classname="Tests.SpriteTests" runstate="Runnable" seed="1276888810"
                        result="Passed" start-time="2023-08-08 03:24:32Z"
                        end-time="2023-08-08 03:25:00Z" duration="28.330916" asserts="0">
                        <properties />
                    </test-case>
                </test-suite>
                <test-suite type="TestSuite" id="2725" name="StatusAndEffectsFramework"
                    fullname="Tests.StatusAndEffectsFramework" runstate="Runnable" testcasecount="6"
                    result="Passed" start-time="2023-08-08 03:25:00Z"
                    end-time="2023-08-08 03:25:00Z" duration="0.116004" total="6" passed="6"
                    failed="0" inconclusive="0" skipped="0" asserts="0">
                    <properties />
                    <test-suite type="TestFixture" id="1961" name="StatusEffectManagerTest"
                        fullname="Tests.StatusAndEffectsFramework.StatusEffectManagerTest"
                        classname="Tests.StatusAndEffectsFramework.StatusEffectManagerTest"
                        runstate="Runnable" testcasecount="6" result="Passed"
                        start-time="2023-08-08 03:25:00Z" end-time="2023-08-08 03:25:00Z"
                        duration="0.025421" total="6" passed="6" failed="0" inconclusive="0"
                        skipped="0" asserts="0">
                        <properties />
                        <test-case id="1962" name="WhenAddingAnewStatusToManagerStatusIsAdded"
                            fullname="Tests.StatusAndEffectsFramework.StatusEffectManagerTest.WhenAddingAnewStatusToManagerStatusIsAdded"
                            methodname="WhenAddingAnewStatusToManagerStatusIsAdded"
                            classname="Tests.StatusAndEffectsFramework.StatusEffectManagerTest"
                            runstate="Runnable" seed="630615312" result="Passed"
                            start-time="2023-08-08 03:25:00Z" end-time="2023-08-08 03:25:00Z"
                            duration="0.009307" asserts="0">
                            <properties />
                        </test-case>
                        <test-case id="1965" name="WhenAddingDifferentStatusesBothAreAdded"
                            fullname="Tests.StatusAndEffectsFramework.StatusEffectManagerTest.WhenAddingDifferentStatusesBothAreAdded"
                            methodname="WhenAddingDifferentStatusesBothAreAdded"
                            classname="Tests.StatusAndEffectsFramework.StatusEffectManagerTest"
                            runstate="Runnable" seed="2140197682" result="Passed"
                            start-time="2023-08-08 03:25:00Z" end-time="2023-08-08 03:25:00Z"
                            duration="0.001889" asserts="0">
                            <properties />
                        </test-case>
                        <test-case id="1964"
                            name="WhenAddingExistingStatusFromDifferentSourcesOnlyFirstIsAdded"
                            fullname="Tests.StatusAndEffectsFramework.StatusEffectManagerTest.WhenAddingExistingStatusFromDifferentSourcesOnlyFirstIsAdded"
                            methodname="WhenAddingExistingStatusFromDifferentSourcesOnlyFirstIsAdded"
                            classname="Tests.StatusAndEffectsFramework.StatusEffectManagerTest"
                            runstate="Runnable" seed="518206176" result="Passed"
                            start-time="2023-08-08 03:25:00Z" end-time="2023-08-08 03:25:00Z"
                            duration="0.001860" asserts="0">
                            <properties />
                        </test-case>
                        <test-case id="1963"
                            name="WhenAddingExistingStatusToManagerNewStatusIsNotAdded"
                            fullname="Tests.StatusAndEffectsFramework.StatusEffectManagerTest.WhenAddingExistingStatusToManagerNewStatusIsNotAdded"
                            methodname="WhenAddingExistingStatusToManagerNewStatusIsNotAdded"
                            classname="Tests.StatusAndEffectsFramework.StatusEffectManagerTest"
                            runstate="Runnable" seed="345070773" result="Passed"
                            start-time="2023-08-08 03:25:00Z" end-time="2023-08-08 03:25:00Z"
                            duration="0.001141" asserts="0">
                            <properties />
                        </test-case>
                        <test-case id="1966" name="WhenAddingImmediateStatusEffectIsImmediate"
                            fullname="Tests.StatusAndEffectsFramework.StatusEffectManagerTest.WhenAddingImmediateStatusEffectIsImmediate"
                            methodname="WhenAddingImmediateStatusEffectIsImmediate"
                            classname="Tests.StatusAndEffectsFramework.StatusEffectManagerTest"
                            runstate="Runnable" seed="1676686355" result="Passed"
                            start-time="2023-08-08 03:25:00Z" end-time="2023-08-08 03:25:00Z"
                            duration="0.001980" asserts="0">
                            <properties />
                        </test-case>
                        <test-case id="1967"
                            name="WhenAddingStackableToAlreadyExistingEffectStackIsIncremented"
                            fullname="Tests.StatusAndEffectsFramework.StatusEffectManagerTest.WhenAddingStackableToAlreadyExistingEffectStackIsIncremented"
                            methodname="WhenAddingStackableToAlreadyExistingEffectStackIsIncremented"
                            classname="Tests.StatusAndEffectsFramework.StatusEffectManagerTest"
                            runstate="Runnable" seed="576342665" result="Passed"
                            start-time="2023-08-08 03:25:00Z" end-time="2023-08-08 03:25:00Z"
                            duration="0.005079" asserts="0">
                            <properties />
                        </test-case>
                    </test-suite>
                </test-suite>
                <test-suite type="TestFixture" id="1949" name="SubsceneTests"
                    fullname="Tests.SubsceneTests" classname="Tests.SubsceneTests"
                    runstate="Runnable" testcasecount="3" result="Passed"
                    start-time="2023-08-08 03:25:00Z" end-time="2023-08-08 03:25:01Z"
                    duration="0.638345" total="3" passed="3" failed="0" inconclusive="0" skipped="0"
                    asserts="0">
                    <properties />
                    <test-case id="1952" name="CheckAsteroidsInBuildSettings"
                        fullname="Tests.SubsceneTests.CheckAsteroidsInBuildSettings"
                        methodname="CheckAsteroidsInBuildSettings" classname="Tests.SubsceneTests"
                        runstate="Runnable" seed="1702901701" result="Passed"
                        start-time="2023-08-08 03:25:00Z" end-time="2023-08-08 03:25:01Z"
                        duration="0.509715" asserts="0">
                        <properties />
                    </test-case>
                    <test-case id="1951" name="CheckAwayWorldsInBuildSettings"
                        fullname="Tests.SubsceneTests.CheckAwayWorldsInBuildSettings"
                        methodname="CheckAwayWorldsInBuildSettings" classname="Tests.SubsceneTests"
                        runstate="Runnable" seed="927783218" result="Passed"
                        start-time="2023-08-08 03:25:01Z" end-time="2023-08-08 03:25:01Z"
                        duration="0.058339" asserts="0">
                        <properties />
                    </test-case>
                    <test-case id="1950" name="CheckMainStationsInBuildSettings"
                        fullname="Tests.SubsceneTests.CheckMainStationsInBuildSettings"
                        methodname="CheckMainStationsInBuildSettings"
                        classname="Tests.SubsceneTests" runstate="Runnable" seed="152639806"
                        result="Passed" start-time="2023-08-08 03:25:01Z"
                        end-time="2023-08-08 03:25:01Z" duration="0.061175" asserts="0">
                        <properties />
                    </test-case>
                </test-suite>
                <test-suite type="TestFixture" id="1953" name="TestReportTests"
                    fullname="Tests.TestReportTests" classname="Tests.TestReportTests"
                    runstate="Runnable" testcasecount="7" result="Passed"
                    start-time="2023-08-08 03:25:01Z" end-time="2023-08-08 03:25:03Z"
                    duration="2.082095" total="7" passed="7" failed="0" inconclusive="0" skipped="0"
                    asserts="0">
                    <properties />
                    <test-case id="1955" name="CanAddLineAfterFailingAndCleaning"
                        fullname="Tests.TestReportTests.CanAddLineAfterFailingAndCleaning"
                        methodname="CanAddLineAfterFailingAndCleaning"
                        classname="Tests.TestReportTests" runstate="Runnable" seed="1443807484"
                        result="Passed" start-time="2023-08-08 03:25:03Z"
                        end-time="2023-08-08 03:25:03Z" duration="0.010276" asserts="0">
                        <properties />
                    </test-case>
                    <test-case id="1954" name="CannotAddLineAfterMarkingDirty"
                        fullname="Tests.TestReportTests.CannotAddLineAfterMarkingDirty"
                        methodname="CannotAddLineAfterMarkingDirty"
                        classname="Tests.TestReportTests" runstate="Runnable" seed="463539877"
                        result="Passed" start-time="2023-08-08 03:25:03Z"
                        end-time="2023-08-08 03:25:03Z" duration="0.000914" asserts="0">
                        <properties />
                    </test-case>
                    <test-case id="1956" name="ThrowsAfterFail"
                        fullname="Tests.TestReportTests.ThrowsAfterFail"
                        methodname="ThrowsAfterFail" classname="Tests.TestReportTests"
                        runstate="Runnable" seed="1669631153" result="Passed"
                        start-time="2023-08-08 03:25:03Z" end-time="2023-08-08 03:25:03Z"
                        duration="0.000956" asserts="0">
                        <properties />
                    </test-case>
                    <test-case id="1957" name="ThrowsAfterFailIf"
                        fullname="Tests.TestReportTests.ThrowsAfterFailIf"
                        methodname="ThrowsAfterFailIf" classname="Tests.TestReportTests"
                        runstate="Runnable" seed="824321520" result="Passed"
                        start-time="2023-08-08 03:25:03Z" end-time="2023-08-08 03:25:03Z"
                        duration="0.000731" asserts="0">
                        <properties />
                    </test-case>
                    <test-case id="1959" name="ThrowsAfterFailIfConstrained"
                        fullname="Tests.TestReportTests.ThrowsAfterFailIfConstrained"
                        methodname="ThrowsAfterFailIfConstrained" classname="Tests.TestReportTests"
                        runstate="Runnable" seed="1652145558" result="Passed"
                        start-time="2023-08-08 03:25:03Z" end-time="2023-08-08 03:25:03Z"
                        duration="0.000971" asserts="0">
                        <properties />
                    </test-case>
                    <test-case id="1958" name="ThrowsAfterFailIfNot"
                        fullname="Tests.TestReportTests.ThrowsAfterFailIfNot"
                        methodname="ThrowsAfterFailIfNot" classname="Tests.TestReportTests"
                        runstate="Runnable" seed="1630200681" result="Passed"
                        start-time="2023-08-08 03:25:03Z" end-time="2023-08-08 03:25:03Z"
                        duration="0.000875" asserts="0">
                        <properties />
                    </test-case>
                    <test-case id="1960" name="ThrowsAfterFailIfNotConstrained"
                        fullname="Tests.TestReportTests.ThrowsAfterFailIfNotConstrained"
                        methodname="ThrowsAfterFailIfNotConstrained"
                        classname="Tests.TestReportTests" runstate="Runnable" seed="237227930"
                        result="Passed" start-time="2023-08-08 03:25:03Z"
                        end-time="2023-08-08 03:25:03Z" duration="0.000855" asserts="0">
                        <properties />
                    </test-case>
                </test-suite>
            </test-suite>
        </test-suite>
    </test-suite>
</test-run>